2016-08-25T13:33:00 - [Info] - CyPhyElaborate 2.0 started.
2016-08-25T13:33:01 - [Info] - CyPhyFormulaEvaluator 1.0 started
2016-08-25T13:33:01 - [Info] - CyPhyFormulaEvaluator 1.0 finished
2016-08-25T13:33:01 - [Info] - ConnectorUnroller started
2016-08-25T13:33:01 - [Warning] - Non-name match: Port <a href="mga:id-0065-00002b3a">v</a> in Connector <a href="mga:id-0065-00002b39">v</a> and Port <a href="mga:id-0065-0000537b">i</a> in Connector <a href="mga:id-0065-0000537a">voltage_bus</a>
2016-08-25T13:33:01 - [Warning] - Non-name match: Port <a href="mga:id-0065-00002d5a">i</a> in Connector <a href="mga:id-0065-00002d59">solarFlux</a> and Port <a href="mga:id-0065-00001bf9">SolarFlux</a> in Connector <a href="mga:id-0065-00001bf8">SolarInput</a>
2016-08-25T13:33:01 - [Warning] - Non-name match: Port <a href="mga:id-0065-00002d5a">i</a> in Connector <a href="mga:id-0065-00002d59">solarFlux</a> and Port <a href="mga:id-0065-00002963">SolarFlux</a> in Connector <a href="mga:id-0065-00002962">SolarInput</a>
2016-08-25T13:33:01 - [Warning] - Non-name match: Port <a href="mga:id-0065-00002d5f">v</a> in Connector <a href="mga:id-0065-00002d5e">TorqueOut</a> and Port <a href="mga:id-0065-00002ec0">torqueReq</a> in Connector <a href="mga:id-0065-00002ebf">torqueReq</a>
2016-08-25T13:33:01 - [Warning] - Non-name match: Port <a href="mga:id-0065-00002ebe">y</a> in Connector <a href="mga:id-0065-00002ebd">targetAttitude</a> and Port <a href="mga:id-0065-00005373">i</a> in Connector <a href="mga:id-0065-00005372">angle_setpoint</a>
2016-08-25T13:33:01 - [Warning] - Non-name match: Port <a href="mga:id-0065-00003adb">v</a> in Connector <a href="mga:id-0065-00003ada">angle</a> and Port <a href="mga:id-0065-00005375">i</a> in Connector <a href="mga:id-0065-00005374">angle_actual</a>
2016-08-25T13:33:01 - [Warning] - Non-name match: Port <a href="mga:id-0065-00002ebe">y</a> in Connector <a href="mga:id-0065-00002ebd">targetAttitude</a> and Port <a href="mga:id-0065-00002d63">targetAngle</a> in Connector <a href="mga:id-0065-00002d62">AttitudeSetpoint</a>
2016-08-25T13:33:01 - [Info] - ConnectorUnroller finished
2016-08-25T13:33:01 - [Info] - CyPhyElaborate 2.0 finished.
2016-08-25T14:33:56 - [Warning] - Non-name match: Port <a href="mga:id-0065-00002d5a">i</a> in Connector <a href="mga:id-0065-00002d59">solarFlux</a> and Port <a href="mga:id-0065-00001bf9">SolarFlux</a> in Connector <a href="mga:id-0065-00001bf8">SolarInput</a>
2016-08-25T14:33:56 - [Warning] - Non-name match: Port <a href="mga:id-0065-00002ebe">y</a> in Connector <a href="mga:id-0065-00002ebd">targetAttitude</a> and Port <a href="mga:id-0065-00005373">i</a> in Connector <a href="mga:id-0065-00005372">angle_setpoint</a>
2016-08-25T14:33:56 - [Warning] - Non-name match: Port <a href="mga:id-0065-00003adb">v</a> in Connector <a href="mga:id-0065-00003ada">angle</a> and Port <a href="mga:id-0065-00005375">i</a> in Connector <a href="mga:id-0065-00005374">angle_actual</a>
2016-08-25T14:33:56 - [Warning] - Non-name match: Port <a href="mga:id-0065-00002d5f">v</a> in Connector <a href="mga:id-0065-00002d5e">TorqueOut</a> and Port <a href="mga:id-0065-00002ec0">torqueReq</a> in Connector <a href="mga:id-0065-00002ebf">torqueReq</a>
2016-08-25T14:33:56 - [Warning] - Non-name match: Port <a href="mga:id-0065-00002d5a">i</a> in Connector <a href="mga:id-0065-00002d59">solarFlux</a> and Port <a href="mga:id-0065-00002963">SolarFlux</a> in Connector <a href="mga:id-0065-00002962">SolarInput</a>
2016-08-25T14:33:56 - [Warning] - Non-name match: Port <a href="mga:id-0065-00002ebe">y</a> in Connector <a href="mga:id-0065-00002ebd">targetAttitude</a> and Port <a href="mga:id-0065-00002d63">targetAngle</a> in Connector <a href="mga:id-0065-00002d62">AttitudeSetpoint</a>
2016-08-25T14:33:56 - [Warning] - NO MATCH found for Port <a href="mga:id-0065-00007da2">v</a> of Connector <a href="mga:id-0065-00000017">Batteries_Mount</a> with any Port within Connector <a href="mga:id-0065-0000001d">Mount_1_On_Shelf</a>
2016-08-25T14:33:56 - [Warning] - NO MATCH found for Port <a href="mga:id-0065-00007d9f">v</a> of Connector <a href="mga:id-0065-0000001a">Computers_Mount</a> with any Port within Connector <a href="mga:id-0065-0000001d">Mount_1_On_Shelf</a>
2016-08-25T14:33:56 - [Warning] - Non-name match: Port <a href="mga:id-0065-00002b3a">v</a> in Connector <a href="mga:id-0065-00002b39">v</a> and Port <a href="mga:id-0065-0000537b">i</a> in Connector <a href="mga:id-0065-0000537a">voltage_bus</a>
2016-08-25T14:56:49 - [Warning] - NO MATCH found for Port <a href="mga:id-0065-00007d9f">v</a> of Connector <a href="mga:id-0065-0000001a">Computers_Mount</a> with any Port within Connector <a href="mga:id-0065-0000001d">Mount_1_On_Shelf</a>
2016-08-25T14:56:49 - [Warning] - Non-name match: Port <a href="mga:id-0065-00002b3a">v</a> in Connector <a href="mga:id-0065-00002b39">v</a> and Port <a href="mga:id-0065-0000537b">i</a> in Connector <a href="mga:id-0065-0000537a">voltage_bus</a>
2016-08-25T14:56:49 - [Warning] - Non-name match: Port <a href="mga:id-0065-00002d5a">i</a> in Connector <a href="mga:id-0065-00002d59">solarFlux</a> and Port <a href="mga:id-0065-00001bf9">SolarFlux</a> in Connector <a href="mga:id-0065-00001bf8">SolarInput</a>
2016-08-25T14:56:49 - [Warning] - Non-name match: Port <a href="mga:id-0065-00002d5a">i</a> in Connector <a href="mga:id-0065-00002d59">solarFlux</a> and Port <a href="mga:id-0065-00002963">SolarFlux</a> in Connector <a href="mga:id-0065-00002962">SolarInput</a>
2016-08-25T14:56:49 - [Warning] - Non-name match: Port <a href="mga:id-0065-00003adb">v</a> in Connector <a href="mga:id-0065-00003ada">angle</a> and Port <a href="mga:id-0065-00005375">i</a> in Connector <a href="mga:id-0065-00005374">angle_actual</a>
2016-08-25T14:56:49 - [Warning] - Non-name match: Port <a href="mga:id-0065-00002d5f">v</a> in Connector <a href="mga:id-0065-00002d5e">TorqueOut</a> and Port <a href="mga:id-0065-00002ec0">torqueReq</a> in Connector <a href="mga:id-0065-00002ebf">torqueReq</a>
2016-08-25T14:56:49 - [Warning] - Non-name match: Port <a href="mga:id-0065-00002ebe">y</a> in Connector <a href="mga:id-0065-00002ebd">targetAttitude</a> and Port <a href="mga:id-0065-00005373">i</a> in Connector <a href="mga:id-0065-00005372">angle_setpoint</a>
2016-08-25T14:56:49 - [Warning] - Non-name match: Port <a href="mga:id-0065-00002ebe">y</a> in Connector <a href="mga:id-0065-00002ebd">targetAttitude</a> and Port <a href="mga:id-0065-00002d63">targetAngle</a> in Connector <a href="mga:id-0065-00002d62">AttitudeSetpoint</a>
2016-08-25T14:56:49 - [Warning] - NO MATCH found for Port <a href="mga:id-0065-00007da2">v</a> of Connector <a href="mga:id-0065-00000017">Batteries_Mount</a> with any Port within Connector <a href="mga:id-0065-0000001d">Mount_1_On_Shelf</a>
2016-08-25T15:00:00 - [Warning] - NO MATCH found for Port <a href="mga:id-0065-00007da2">v</a> of Connector <a href="mga:id-0065-00000017">Batteries_Mount</a> with any Port within Connector <a href="mga:id-0065-0000001d">Mount_1_On_Shelf</a>
2016-08-25T15:00:00 - [Warning] - Non-name match: Port <a href="mga:id-0065-00002d5a">i</a> in Connector <a href="mga:id-0065-00002d59">solarFlux</a> and Port <a href="mga:id-0065-00001bf9">SolarFlux</a> in Connector <a href="mga:id-0065-00001bf8">SolarInput</a>
2016-08-25T15:00:00 - [Warning] - NO MATCH found for Port <a href="mga:id-0065-00007d9f">v</a> of Connector <a href="mga:id-0065-0000001a">Computers_Mount</a> with any Port within Connector <a href="mga:id-0065-0000001d">Mount_1_On_Shelf</a>
2016-08-25T15:00:00 - [Warning] - Non-name match: Port <a href="mga:id-0065-00002b3a">v</a> in Connector <a href="mga:id-0065-00002b39">v</a> and Port <a href="mga:id-0065-0000537b">i</a> in Connector <a href="mga:id-0065-0000537a">voltage_bus</a>
2016-08-25T15:00:00 - [Warning] - Non-name match: Port <a href="mga:id-0065-00002d5a">i</a> in Connector <a href="mga:id-0065-00002d59">solarFlux</a> and Port <a href="mga:id-0065-00002963">SolarFlux</a> in Connector <a href="mga:id-0065-00002962">SolarInput</a>
2016-08-25T15:00:00 - [Warning] - Non-name match: Port <a href="mga:id-0065-00002d5f">v</a> in Connector <a href="mga:id-0065-00002d5e">TorqueOut</a> and Port <a href="mga:id-0065-00002ec0">torqueReq</a> in Connector <a href="mga:id-0065-00002ebf">torqueReq</a>
2016-08-25T15:00:00 - [Warning] - Non-name match: Port <a href="mga:id-0065-00002ebe">y</a> in Connector <a href="mga:id-0065-00002ebd">targetAttitude</a> and Port <a href="mga:id-0065-00002d63">targetAngle</a> in Connector <a href="mga:id-0065-00002d62">AttitudeSetpoint</a>
2016-08-25T15:00:00 - [Warning] - Non-name match: Port <a href="mga:id-0065-00002ebe">y</a> in Connector <a href="mga:id-0065-00002ebd">targetAttitude</a> and Port <a href="mga:id-0065-00005373">i</a> in Connector <a href="mga:id-0065-00005372">angle_setpoint</a>
2016-08-25T15:00:00 - [Warning] - Non-name match: Port <a href="mga:id-0065-00003adb">v</a> in Connector <a href="mga:id-0065-00003ada">angle</a> and Port <a href="mga:id-0065-00005375">i</a> in Connector <a href="mga:id-0065-00005374">angle_actual</a>
2016-08-25T15:02:24 - [Warning] - NO MATCH found for Port <a href="mga:id-0065-00007da2">v</a> of Connector <a href="mga:id-0065-00000017">Batteries_Mount</a> with any Port within Connector <a href="mga:id-0065-0000001d">Mount_1_On_Shelf</a>
2016-08-25T15:02:24 - [Warning] - NO MATCH found for Port <a href="mga:id-0065-00007d9f">v</a> of Connector <a href="mga:id-0065-0000001a">Computers_Mount</a> with any Port within Connector <a href="mga:id-0065-0000001d">Mount_1_On_Shelf</a>
2016-08-25T15:02:24 - [Warning] - Non-name match: Port <a href="mga:id-0065-00002b3a">v</a> in Connector <a href="mga:id-0065-00002b39">v</a> and Port <a href="mga:id-0065-0000537b">i</a> in Connector <a href="mga:id-0065-0000537a">voltage_bus</a>
2016-08-25T15:02:24 - [Warning] - Non-name match: Port <a href="mga:id-0065-00002d5a">i</a> in Connector <a href="mga:id-0065-00002d59">solarFlux</a> and Port <a href="mga:id-0065-00001bf9">SolarFlux</a> in Connector <a href="mga:id-0065-00001bf8">SolarInput</a>
2016-08-25T15:02:24 - [Warning] - Non-name match: Port <a href="mga:id-0065-00002d5a">i</a> in Connector <a href="mga:id-0065-00002d59">solarFlux</a> and Port <a href="mga:id-0065-00002963">SolarFlux</a> in Connector <a href="mga:id-0065-00002962">SolarInput</a>
2016-08-25T15:02:24 - [Warning] - Non-name match: Port <a href="mga:id-0065-00002d5f">v</a> in Connector <a href="mga:id-0065-00002d5e">TorqueOut</a> and Port <a href="mga:id-0065-00002ec0">torqueReq</a> in Connector <a href="mga:id-0065-00002ebf">torqueReq</a>
2016-08-25T15:02:24 - [Warning] - Non-name match: Port <a href="mga:id-0065-00003adb">v</a> in Connector <a href="mga:id-0065-00003ada">angle</a> and Port <a href="mga:id-0065-00005375">i</a> in Connector <a href="mga:id-0065-00005374">angle_actual</a>
2016-08-25T15:02:24 - [Warning] - Non-name match: Port <a href="mga:id-0065-00002ebe">y</a> in Connector <a href="mga:id-0065-00002ebd">targetAttitude</a> and Port <a href="mga:id-0065-00005373">i</a> in Connector <a href="mga:id-0065-00005372">angle_setpoint</a>
2016-08-25T15:02:24 - [Warning] - Non-name match: Port <a href="mga:id-0065-00002ebe">y</a> in Connector <a href="mga:id-0065-00002ebd">targetAttitude</a> and Port <a href="mga:id-0065-00002d63">targetAngle</a> in Connector <a href="mga:id-0065-00002d62">AttitudeSetpoint</a>
2016-08-25T15:46:08 - [Warning] - NO MATCH found for Port <a href="mga:id-0065-00007d9f">v</a> of Connector <a href="mga:id-0065-0000001a">Computers_Mount</a> with any Port within Connector <a href="mga:id-0065-0000001d">Mount_1_On_Shelf</a>
2016-08-25T15:46:08 - [Warning] - NO MATCH found for Port <a href="mga:id-0065-00007da2">v</a> of Connector <a href="mga:id-0065-00000017">Batteries_Mount</a> with any Port within Connector <a href="mga:id-0065-0000001d">Mount_1_On_Shelf</a>
2016-08-25T15:46:08 - [Warning] - Non-name match: Port <a href="mga:id-0065-00002d5a">i</a> in Connector <a href="mga:id-0065-00002d59">solarFlux</a> and Port <a href="mga:id-0065-00001f6d">SolarFlux</a> in Connector <a href="mga:id-0065-00001f6c">SolarInput</a>
2016-08-25T15:46:08 - [Warning] - Non-name match: Port <a href="mga:id-0065-00002ebe">y</a> in Connector <a href="mga:id-0065-00002ebd">targetAttitude</a> and Port <a href="mga:id-0065-000082df">i</a> in Connector <a href="mga:id-0065-000082de">angle_setpoint</a>
2016-08-25T15:46:08 - [Warning] - Non-name match: Port <a href="mga:id-0065-00002ebe">y</a> in Connector <a href="mga:id-0065-00002ebd">targetAttitude</a> and Port <a href="mga:id-0065-00002d63">targetAngle</a> in Connector <a href="mga:id-0065-00002d62">AttitudeSetpoint</a>
2016-08-25T15:46:08 - [Warning] - Non-name match: Port <a href="mga:id-0065-00003adb">v</a> in Connector <a href="mga:id-0065-00003ada">angle</a> and Port <a href="mga:id-0065-000082dd">i</a> in Connector <a href="mga:id-0065-000082dc">angle_actual</a>
2016-08-25T15:46:08 - [Warning] - Non-name match: Port <a href="mga:id-0065-00002d5f">v</a> in Connector <a href="mga:id-0065-00002d5e">TorqueOut</a> and Port <a href="mga:id-0065-00002ec0">torqueReq</a> in Connector <a href="mga:id-0065-00002ebf">torqueReq</a>
2016-08-25T15:46:08 - [Warning] - Non-name match: Port <a href="mga:id-0065-00002d5a">i</a> in Connector <a href="mga:id-0065-00002d59">solarFlux</a> and Port <a href="mga:id-0065-00002b23">SolarFlux</a> in Connector <a href="mga:id-0065-00002b22">SolarInput</a>
2016-08-25T15:46:08 - [Warning] - Non-name match: Port <a href="mga:id-0065-00002b42">v</a> in Connector <a href="mga:id-0065-00002b41">v</a> and Port <a href="mga:id-0065-000082e3">i</a> in Connector <a href="mga:id-0065-000082e2">voltage_bus</a>
2016-08-25T15:46:12 - [Warning] - Non-name match: Port <a href="mga:id-0065-00002d5a">i</a> in Connector <a href="mga:id-0065-00002d59">solarFlux</a> and Port <a href="mga:id-0065-00002b17">SolarFlux</a> in Connector <a href="mga:id-0065-00002b16">SolarInput</a>
2016-08-25T15:46:12 - [Warning] - Non-name match: Port <a href="mga:id-0065-00002b2e">v</a> in Connector <a href="mga:id-0065-00002b2d">v</a> and Port <a href="mga:id-0065-0000843e">i</a> in Connector <a href="mga:id-0065-0000843d">voltage_bus</a>
2016-08-25T15:46:12 - [Warning] - Non-name match: Port <a href="mga:id-0065-00002d5a">i</a> in Connector <a href="mga:id-0065-00002d59">solarFlux</a> and Port <a href="mga:id-0065-00001f64">SolarFlux</a> in Connector <a href="mga:id-0065-00001f63">SolarInput</a>
2016-08-25T15:46:12 - [Warning] - Non-name match: Port <a href="mga:id-0065-00002ebe">y</a> in Connector <a href="mga:id-0065-00002ebd">targetAttitude</a> and Port <a href="mga:id-0065-0000843a">i</a> in Connector <a href="mga:id-0065-00008439">angle_setpoint</a>
2016-08-25T15:46:12 - [Warning] - Non-name match: Port <a href="mga:id-0065-00002ebe">y</a> in Connector <a href="mga:id-0065-00002ebd">targetAttitude</a> and Port <a href="mga:id-0065-00002d63">targetAngle</a> in Connector <a href="mga:id-0065-00002d62">AttitudeSetpoint</a>
2016-08-25T15:46:12 - [Warning] - Non-name match: Port <a href="mga:id-0065-00003adb">v</a> in Connector <a href="mga:id-0065-00003ada">angle</a> and Port <a href="mga:id-0065-00008438">i</a> in Connector <a href="mga:id-0065-00008437">angle_actual</a>
2016-08-25T15:46:12 - [Warning] - Non-name match: Port <a href="mga:id-0065-00002d5f">v</a> in Connector <a href="mga:id-0065-00002d5e">TorqueOut</a> and Port <a href="mga:id-0065-00002ec0">torqueReq</a> in Connector <a href="mga:id-0065-00002ebf">torqueReq</a>
2016-08-25T15:46:12 - [Warning] - NO MATCH found for Port <a href="mga:id-0065-00007d9f">v</a> of Connector <a href="mga:id-0065-0000001a">Computers_Mount</a> with any Port within Connector <a href="mga:id-0065-0000001d">Mount_1_On_Shelf</a>
2016-08-25T15:46:12 - [Warning] - NO MATCH found for Port <a href="mga:id-0065-00007da2">v</a> of Connector <a href="mga:id-0065-00000017">Batteries_Mount</a> with any Port within Connector <a href="mga:id-0065-0000001d">Mount_1_On_Shelf</a>
2016-08-25T15:46:16 - [Warning] - Non-name match: Port <a href="mga:id-0065-00002d5a">i</a> in Connector <a href="mga:id-0065-00002d59">solarFlux</a> and Port <a href="mga:id-0065-00002963">SolarFlux</a> in Connector <a href="mga:id-0065-00002962">SolarInput</a>
2016-08-25T15:46:16 - [Warning] - Non-name match: Port <a href="mga:id-0065-00002b3a">v</a> in Connector <a href="mga:id-0065-00002b39">v</a> and Port <a href="mga:id-0065-000085a0">i</a> in Connector <a href="mga:id-0065-0000859f">voltage_bus</a>
2016-08-25T15:46:16 - [Warning] - Non-name match: Port <a href="mga:id-0065-00002d5a">i</a> in Connector <a href="mga:id-0065-00002d59">solarFlux</a> and Port <a href="mga:id-0065-00001bf9">SolarFlux</a> in Connector <a href="mga:id-0065-00001bf8">SolarInput</a>
2016-08-25T15:46:16 - [Warning] - Non-name match: Port <a href="mga:id-0065-00002ebe">y</a> in Connector <a href="mga:id-0065-00002ebd">targetAttitude</a> and Port <a href="mga:id-0065-0000859c">i</a> in Connector <a href="mga:id-0065-0000859b">angle_setpoint</a>
2016-08-25T15:46:16 - [Warning] - Non-name match: Port <a href="mga:id-0065-00002ebe">y</a> in Connector <a href="mga:id-0065-00002ebd">targetAttitude</a> and Port <a href="mga:id-0065-00002d63">targetAngle</a> in Connector <a href="mga:id-0065-00002d62">AttitudeSetpoint</a>
2016-08-25T15:46:16 - [Warning] - Non-name match: Port <a href="mga:id-0065-00003adb">v</a> in Connector <a href="mga:id-0065-00003ada">angle</a> and Port <a href="mga:id-0065-0000859a">i</a> in Connector <a href="mga:id-0065-00008599">angle_actual</a>
2016-08-25T15:46:16 - [Warning] - Non-name match: Port <a href="mga:id-0065-00002d5f">v</a> in Connector <a href="mga:id-0065-00002d5e">TorqueOut</a> and Port <a href="mga:id-0065-00002ec0">torqueReq</a> in Connector <a href="mga:id-0065-00002ebf">torqueReq</a>
2016-08-25T15:46:16 - [Warning] - NO MATCH found for Port <a href="mga:id-0065-00007da2">v</a> of Connector <a href="mga:id-0065-00000017">Batteries_Mount</a> with any Port within Connector <a href="mga:id-0065-0000001d">Mount_1_On_Shelf</a>
2016-08-25T15:46:16 - [Warning] - NO MATCH found for Port <a href="mga:id-0065-00007d9f">v</a> of Connector <a href="mga:id-0065-0000001a">Computers_Mount</a> with any Port within Connector <a href="mga:id-0065-0000001d">Mount_1_On_Shelf</a>
2016-08-25T15:49:51 - [Warning] - Non-name match: Port <a href="mga:id-0065-00002ebe">y</a> in Connector <a href="mga:id-0065-00002ebd">targetAttitude</a> and Port <a href="mga:id-0065-000086fb">i</a> in Connector <a href="mga:id-0065-000086fa">angle_setpoint</a>
2016-08-25T15:49:51 - [Warning] - Non-name match: Port <a href="mga:id-0065-00002d5a">i</a> in Connector <a href="mga:id-0065-00002d59">solarFlux</a> and Port <a href="mga:id-0065-00002b17">SolarFlux</a> in Connector <a href="mga:id-0065-00002b16">SolarInput</a>
2016-08-25T15:49:51 - [Warning] - Non-name match: Port <a href="mga:id-0065-00002b2e">v</a> in Connector <a href="mga:id-0065-00002b2d">v</a> and Port <a href="mga:id-0065-000086ff">i</a> in Connector <a href="mga:id-0065-000086fe">voltage_bus</a>
2016-08-25T15:49:51 - [Warning] - Non-name match: Port <a href="mga:id-0065-00002d5a">i</a> in Connector <a href="mga:id-0065-00002d59">solarFlux</a> and Port <a href="mga:id-0065-00001f64">SolarFlux</a> in Connector <a href="mga:id-0065-00001f63">SolarInput</a>
2016-08-25T15:49:51 - [Warning] - Non-name match: Port <a href="mga:id-0065-00002ebe">y</a> in Connector <a href="mga:id-0065-00002ebd">targetAttitude</a> and Port <a href="mga:id-0065-000086fb">i</a> in Connector <a href="mga:id-0065-000086fa">angle_setpoint</a>
2016-08-25T15:49:51 - [Warning] - Non-name match: Port <a href="mga:id-0065-00002ebe">y</a> in Connector <a href="mga:id-0065-00002ebd">targetAttitude</a> and Port <a href="mga:id-0065-00002d63">targetAngle</a> in Connector <a href="mga:id-0065-00002d62">AttitudeSetpoint</a>
2016-08-25T15:49:51 - [Warning] - Non-name match: Port <a href="mga:id-0065-00003adb">v</a> in Connector <a href="mga:id-0065-00003ada">angle</a> and Port <a href="mga:id-0065-000086f9">i</a> in Connector <a href="mga:id-0065-000086f8">angle_actual</a>
2016-08-25T15:49:51 - [Warning] - Non-name match: Port <a href="mga:id-0065-00002d5f">v</a> in Connector <a href="mga:id-0065-00002d5e">TorqueOut</a> and Port <a href="mga:id-0065-00002ec0">torqueReq</a> in Connector <a href="mga:id-0065-00002ebf">torqueReq</a>
2016-08-25T15:49:51 - [Warning] - NO MATCH found for Port <a href="mga:id-0065-00007da2">v</a> of Connector <a href="mga:id-0065-00000017">Batteries_Mount</a> with any Port within Connector <a href="mga:id-0065-0000001d">Mount_1_On_Shelf</a>
2016-08-25T15:49:51 - [Warning] - NO MATCH found for Port <a href="mga:id-0065-00007d9f">v</a> of Connector <a href="mga:id-0065-0000001a">Computers_Mount</a> with any Port within Connector <a href="mga:id-0065-0000001d">Mount_1_On_Shelf</a>
2016-08-25T15:49:55 - [Warning] - Non-name match: Port <a href="mga:id-0065-00002d5a">i</a> in Connector <a href="mga:id-0065-00002d59">solarFlux</a> and Port <a href="mga:id-0065-00001bf9">SolarFlux</a> in Connector <a href="mga:id-0065-00001bf8">SolarInput</a>
2016-08-25T15:49:55 - [Warning] - Non-name match: Port <a href="mga:id-0065-00002ebe">y</a> in Connector <a href="mga:id-0065-00002ebd">targetAttitude</a> and Port <a href="mga:id-0065-0000885d">i</a> in Connector <a href="mga:id-0065-0000885c">angle_setpoint</a>
2016-08-25T15:49:55 - [Warning] - Non-name match: Port <a href="mga:id-0065-00002ebe">y</a> in Connector <a href="mga:id-0065-00002ebd">targetAttitude</a> and Port <a href="mga:id-0065-00002d63">targetAngle</a> in Connector <a href="mga:id-0065-00002d62">AttitudeSetpoint</a>
2016-08-25T15:49:55 - [Warning] - Non-name match: Port <a href="mga:id-0065-00003adb">v</a> in Connector <a href="mga:id-0065-00003ada">angle</a> and Port <a href="mga:id-0065-0000885b">i</a> in Connector <a href="mga:id-0065-0000885a">angle_actual</a>
2016-08-25T15:49:55 - [Warning] - Non-name match: Port <a href="mga:id-0065-00002d5f">v</a> in Connector <a href="mga:id-0065-00002d5e">TorqueOut</a> and Port <a href="mga:id-0065-00002ec0">torqueReq</a> in Connector <a href="mga:id-0065-00002ebf">torqueReq</a>
2016-08-25T15:49:55 - [Warning] - NO MATCH found for Port <a href="mga:id-0065-00007d9f">v</a> of Connector <a href="mga:id-0065-0000001a">Computers_Mount</a> with any Port within Connector <a href="mga:id-0065-0000001d">Mount_1_On_Shelf</a>
2016-08-25T15:49:55 - [Warning] - NO MATCH found for Port <a href="mga:id-0065-00007da2">v</a> of Connector <a href="mga:id-0065-00000017">Batteries_Mount</a> with any Port within Connector <a href="mga:id-0065-0000001d">Mount_1_On_Shelf</a>
2016-08-25T15:49:55 - [Warning] - Non-name match: Port <a href="mga:id-0065-00002ebe">y</a> in Connector <a href="mga:id-0065-00002ebd">targetAttitude</a> and Port <a href="mga:id-0065-0000885d">i</a> in Connector <a href="mga:id-0065-0000885c">angle_setpoint</a>
2016-08-25T15:49:55 - [Warning] - Non-name match: Port <a href="mga:id-0065-00002d5a">i</a> in Connector <a href="mga:id-0065-00002d59">solarFlux</a> and Port <a href="mga:id-0065-00002963">SolarFlux</a> in Connector <a href="mga:id-0065-00002962">SolarInput</a>
2016-08-25T15:49:55 - [Warning] - Non-name match: Port <a href="mga:id-0065-00002b3a">v</a> in Connector <a href="mga:id-0065-00002b39">v</a> and Port <a href="mga:id-0065-00008861">i</a> in Connector <a href="mga:id-0065-00008860">voltage_bus</a>
2016-08-25T15:49:59 - [Warning] - Non-name match: Port <a href="mga:id-0065-00002d5f">v</a> in Connector <a href="mga:id-0065-00002d5e">TorqueOut</a> and Port <a href="mga:id-0065-00002ec0">torqueReq</a> in Connector <a href="mga:id-0065-00002ebf">torqueReq</a>
2016-08-25T15:49:59 - [Warning] - NO MATCH found for Port <a href="mga:id-0065-00007da2">v</a> of Connector <a href="mga:id-0065-00000017">Batteries_Mount</a> with any Port within Connector <a href="mga:id-0065-0000001d">Mount_1_On_Shelf</a>
2016-08-25T15:49:59 - [Warning] - NO MATCH found for Port <a href="mga:id-0065-00007d9f">v</a> of Connector <a href="mga:id-0065-0000001a">Computers_Mount</a> with any Port within Connector <a href="mga:id-0065-0000001d">Mount_1_On_Shelf</a>
2016-08-25T15:49:59 - [Warning] - Non-name match: Port <a href="mga:id-0065-00002d5a">i</a> in Connector <a href="mga:id-0065-00002d59">solarFlux</a> and Port <a href="mga:id-0065-00002b23">SolarFlux</a> in Connector <a href="mga:id-0065-00002b22">SolarInput</a>
2016-08-25T15:49:59 - [Warning] - Non-name match: Port <a href="mga:id-0065-00002b42">v</a> in Connector <a href="mga:id-0065-00002b41">v</a> and Port <a href="mga:id-0065-000089bc">i</a> in Connector <a href="mga:id-0065-000089bb">voltage_bus</a>
2016-08-25T15:49:59 - [Warning] - Non-name match: Port <a href="mga:id-0065-00002d5a">i</a> in Connector <a href="mga:id-0065-00002d59">solarFlux</a> and Port <a href="mga:id-0065-00001f6d">SolarFlux</a> in Connector <a href="mga:id-0065-00001f6c">SolarInput</a>
2016-08-25T15:49:59 - [Warning] - Non-name match: Port <a href="mga:id-0065-00002ebe">y</a> in Connector <a href="mga:id-0065-00002ebd">targetAttitude</a> and Port <a href="mga:id-0065-000089b8">i</a> in Connector <a href="mga:id-0065-000089b7">angle_setpoint</a>
2016-08-25T15:49:59 - [Warning] - Non-name match: Port <a href="mga:id-0065-00002ebe">y</a> in Connector <a href="mga:id-0065-00002ebd">targetAttitude</a> and Port <a href="mga:id-0065-00002d63">targetAngle</a> in Connector <a href="mga:id-0065-00002d62">AttitudeSetpoint</a>
2016-08-25T15:49:59 - [Warning] - Non-name match: Port <a href="mga:id-0065-00003adb">v</a> in Connector <a href="mga:id-0065-00003ada">angle</a> and Port <a href="mga:id-0065-000089b6">i</a> in Connector <a href="mga:id-0065-000089b5">angle_actual</a>
2016-08-25T15:49:59 - [Warning] - Non-name match: Port <a href="mga:id-0065-00002ebe">y</a> in Connector <a href="mga:id-0065-00002ebd">targetAttitude</a> and Port <a href="mga:id-0065-000089b8">i</a> in Connector <a href="mga:id-0065-000089b7">angle_setpoint</a>
2016-08-25T15:53:19 - [Warning] - Non-name match: Port <a href="mga:id-0065-00002d5a">i</a> in Connector <a href="mga:id-0065-00002d59">solarFlux</a> and Port <a href="mga:id-0065-00002b17">SolarFlux</a> in Connector <a href="mga:id-0065-00002b16">SolarInput</a>
2016-08-25T15:53:19 - [Warning] - Non-name match: Port <a href="mga:id-0065-00003adb">v</a> in Connector <a href="mga:id-0065-00003ada">angle</a> and Port <a href="mga:id-0065-000086f9">i</a> in Connector <a href="mga:id-0065-000086f8">angle_actual</a>
2016-08-25T15:53:19 - [Warning] - Non-name match: Port <a href="mga:id-0065-00002d5f">v</a> in Connector <a href="mga:id-0065-00002d5e">TorqueOut</a> and Port <a href="mga:id-0065-00002ec0">torqueReq</a> in Connector <a href="mga:id-0065-00002ebf">torqueReq</a>
2016-08-25T15:53:19 - [Warning] - Non-name match: Port <a href="mga:id-0065-00002ebe">y</a> in Connector <a href="mga:id-0065-00002ebd">targetAttitude</a> and Port <a href="mga:id-0065-000086fb">i</a> in Connector <a href="mga:id-0065-000086fa">angle_setpoint</a>
2016-08-25T15:53:19 - [Warning] - Non-name match: Port <a href="mga:id-0065-00002b2e">v</a> in Connector <a href="mga:id-0065-00002b2d">v</a> and Port <a href="mga:id-0065-000086ff">i</a> in Connector <a href="mga:id-0065-000086fe">voltage_bus</a>
2016-08-25T15:53:19 - [Warning] - Non-name match: Port <a href="mga:id-0065-00002d5a">i</a> in Connector <a href="mga:id-0065-00002d59">solarFlux</a> and Port <a href="mga:id-0065-00001f64">SolarFlux</a> in Connector <a href="mga:id-0065-00001f63">SolarInput</a>
2016-08-25T15:53:19 - [Warning] - Non-name match: Port <a href="mga:id-0065-00002ebe">y</a> in Connector <a href="mga:id-0065-00002ebd">targetAttitude</a> and Port <a href="mga:id-0065-00002d63">targetAngle</a> in Connector <a href="mga:id-0065-00002d62">AttitudeSetpoint</a>
2016-08-25T15:53:19 - [Warning] - NO MATCH found for Port <a href="mga:id-0065-00007da2">v</a> of Connector <a href="mga:id-0065-00000017">Batteries_Mount</a> with any Port within Connector <a href="mga:id-0065-0000001d">Mount_1_On_Shelf</a>
2016-08-25T15:53:19 - [Warning] - NO MATCH found for Port <a href="mga:id-0065-00007d9f">v</a> of Connector <a href="mga:id-0065-0000001a">Computers_Mount</a> with any Port within Connector <a href="mga:id-0065-0000001d">Mount_1_On_Shelf</a>
2016-08-25T15:53:25 - [Warning] - Non-name match: Port <a href="mga:id-0065-00002ebe">y</a> in Connector <a href="mga:id-0065-00002ebd">targetAttitude</a> and Port <a href="mga:id-0065-0000885d">i</a> in Connector <a href="mga:id-0065-0000885c">angle_setpoint</a>
2016-08-25T15:53:25 - [Warning] - Non-name match: Port <a href="mga:id-0065-00002d5f">v</a> in Connector <a href="mga:id-0065-00002d5e">TorqueOut</a> and Port <a href="mga:id-0065-00002ec0">torqueReq</a> in Connector <a href="mga:id-0065-00002ebf">torqueReq</a>
2016-08-25T15:53:25 - [Warning] - Non-name match: Port <a href="mga:id-0065-00002d5a">i</a> in Connector <a href="mga:id-0065-00002d59">solarFlux</a> and Port <a href="mga:id-0065-00002963">SolarFlux</a> in Connector <a href="mga:id-0065-00002962">SolarInput</a>
2016-08-25T15:53:25 - [Warning] - Non-name match: Port <a href="mga:id-0065-00003adb">v</a> in Connector <a href="mga:id-0065-00003ada">angle</a> and Port <a href="mga:id-0065-0000885b">i</a> in Connector <a href="mga:id-0065-0000885a">angle_actual</a>
2016-08-25T15:53:25 - [Warning] - Non-name match: Port <a href="mga:id-0065-00002ebe">y</a> in Connector <a href="mga:id-0065-00002ebd">targetAttitude</a> and Port <a href="mga:id-0065-0000885d">i</a> in Connector <a href="mga:id-0065-0000885c">angle_setpoint</a>
2016-08-25T15:53:25 - [Warning] - Non-name match: Port <a href="mga:id-0065-00002ebe">y</a> in Connector <a href="mga:id-0065-00002ebd">targetAttitude</a> and Port <a href="mga:id-0065-00002d63">targetAngle</a> in Connector <a href="mga:id-0065-00002d62">AttitudeSetpoint</a>
2016-08-25T15:53:25 - [Warning] - Non-name match: Port <a href="mga:id-0065-00002d5a">i</a> in Connector <a href="mga:id-0065-00002d59">solarFlux</a> and Port <a href="mga:id-0065-00001bf9">SolarFlux</a> in Connector <a href="mga:id-0065-00001bf8">SolarInput</a>
2016-08-25T15:53:25 - [Warning] - Non-name match: Port <a href="mga:id-0065-00002b3a">v</a> in Connector <a href="mga:id-0065-00002b39">v</a> and Port <a href="mga:id-0065-00008861">i</a> in Connector <a href="mga:id-0065-00008860">voltage_bus</a>
2016-08-25T15:53:25 - [Warning] - NO MATCH found for Port <a href="mga:id-0065-00007da2">v</a> of Connector <a href="mga:id-0065-00000017">Batteries_Mount</a> with any Port within Connector <a href="mga:id-0065-0000001d">Mount_1_On_Shelf</a>
2016-08-25T15:53:25 - [Warning] - NO MATCH found for Port <a href="mga:id-0065-00007d9f">v</a> of Connector <a href="mga:id-0065-0000001a">Computers_Mount</a> with any Port within Connector <a href="mga:id-0065-0000001d">Mount_1_On_Shelf</a>
2016-08-25T15:53:30 - [Warning] - NO MATCH found for Port <a href="mga:id-0065-00007da2">v</a> of Connector <a href="mga:id-0065-00000017">Batteries_Mount</a> with any Port within Connector <a href="mga:id-0065-0000001d">Mount_1_On_Shelf</a>
2016-08-25T15:53:30 - [Warning] - NO MATCH found for Port <a href="mga:id-0065-00007d9f">v</a> of Connector <a href="mga:id-0065-0000001a">Computers_Mount</a> with any Port within Connector <a href="mga:id-0065-0000001d">Mount_1_On_Shelf</a>
2016-08-25T15:53:30 - [Warning] - Non-name match: Port <a href="mga:id-0065-00002d5a">i</a> in Connector <a href="mga:id-0065-00002d59">solarFlux</a> and Port <a href="mga:id-0065-00001f6d">SolarFlux</a> in Connector <a href="mga:id-0065-00001f6c">SolarInput</a>
2016-08-25T15:53:30 - [Warning] - Non-name match: Port <a href="mga:id-0065-00002d5f">v</a> in Connector <a href="mga:id-0065-00002d5e">TorqueOut</a> and Port <a href="mga:id-0065-00002ec0">torqueReq</a> in Connector <a href="mga:id-0065-00002ebf">torqueReq</a>
2016-08-25T15:53:30 - [Warning] - Non-name match: Port <a href="mga:id-0065-00002ebe">y</a> in Connector <a href="mga:id-0065-00002ebd">targetAttitude</a> and Port <a href="mga:id-0065-00002d63">targetAngle</a> in Connector <a href="mga:id-0065-00002d62">AttitudeSetpoint</a>
2016-08-25T15:53:30 - [Warning] - Non-name match: Port <a href="mga:id-0065-00002b42">v</a> in Connector <a href="mga:id-0065-00002b41">v</a> and Port <a href="mga:id-0065-000089bc">i</a> in Connector <a href="mga:id-0065-000089bb">voltage_bus</a>
2016-08-25T15:53:30 - [Warning] - Non-name match: Port <a href="mga:id-0065-00002d5a">i</a> in Connector <a href="mga:id-0065-00002d59">solarFlux</a> and Port <a href="mga:id-0065-00002b23">SolarFlux</a> in Connector <a href="mga:id-0065-00002b22">SolarInput</a>
2016-08-25T15:53:30 - [Warning] - Non-name match: Port <a href="mga:id-0065-00002ebe">y</a> in Connector <a href="mga:id-0065-00002ebd">targetAttitude</a> and Port <a href="mga:id-0065-000089b8">i</a> in Connector <a href="mga:id-0065-000089b7">angle_setpoint</a>
2016-08-25T15:53:30 - [Warning] - Non-name match: Port <a href="mga:id-0065-00002ebe">y</a> in Connector <a href="mga:id-0065-00002ebd">targetAttitude</a> and Port <a href="mga:id-0065-000089b8">i</a> in Connector <a href="mga:id-0065-000089b7">angle_setpoint</a>
2016-08-25T15:53:30 - [Warning] - Non-name match: Port <a href="mga:id-0065-00003adb">v</a> in Connector <a href="mga:id-0065-00003ada">angle</a> and Port <a href="mga:id-0065-000089b6">i</a> in Connector <a href="mga:id-0065-000089b5">angle_actual</a>
2016-08-25T15:56:20 - [Warning] - Non-name match: Port <a href="mga:id-0065-00002d5f">v</a> in Connector <a href="mga:id-0065-00002d5e">TorqueOut</a> and Port <a href="mga:id-0065-00002ec0">torqueReq</a> in Connector <a href="mga:id-0065-00002ebf">torqueReq</a>
2016-08-25T15:56:20 - [Warning] - NO MATCH found for Port <a href="mga:id-0065-00007d9f">v</a> of Connector <a href="mga:id-0065-0000001a">Computers_Mount</a> with any Port within Connector <a href="mga:id-0065-0000001d">Mount_1_On_Shelf</a>
2016-08-25T15:56:20 - [Warning] - NO MATCH found for Port <a href="mga:id-0065-00007da2">v</a> of Connector <a href="mga:id-0065-00000017">Batteries_Mount</a> with any Port within Connector <a href="mga:id-0065-0000001d">Mount_1_On_Shelf</a>
2016-08-25T15:56:20 - [Warning] - Non-name match: Port <a href="mga:id-0065-00002ebe">y</a> in Connector <a href="mga:id-0065-00002ebd">targetAttitude</a> and Port <a href="mga:id-0065-00008f0c">i</a> in Connector <a href="mga:id-0065-00008f0b">angle_setpoint</a>
2016-08-25T15:56:20 - [Warning] - Non-name match: Port <a href="mga:id-0065-00002d5a">i</a> in Connector <a href="mga:id-0065-00002d59">solarFlux</a> and Port <a href="mga:id-0065-00002b23">SolarFlux</a> in Connector <a href="mga:id-0065-00002b22">SolarInput</a>
2016-08-25T15:56:20 - [Warning] - Non-name match: Port <a href="mga:id-0065-00002b42">v</a> in Connector <a href="mga:id-0065-00002b41">v</a> and Port <a href="mga:id-0065-00008f0a">i</a> in Connector <a href="mga:id-0065-00008f09">voltage_bus</a>
2016-08-25T15:56:20 - [Warning] - Non-name match: Port <a href="mga:id-0065-00002d5a">i</a> in Connector <a href="mga:id-0065-00002d59">solarFlux</a> and Port <a href="mga:id-0065-00001f6d">SolarFlux</a> in Connector <a href="mga:id-0065-00001f6c">SolarInput</a>
2016-08-25T15:56:20 - [Warning] - Non-name match: Port <a href="mga:id-0065-00002ebe">y</a> in Connector <a href="mga:id-0065-00002ebd">targetAttitude</a> and Port <a href="mga:id-0065-00002d63">targetAngle</a> in Connector <a href="mga:id-0065-00002d62">AttitudeSetpoint</a>
2016-08-25T15:56:20 - [Warning] - Non-name match: Port <a href="mga:id-0065-00003adb">v</a> in Connector <a href="mga:id-0065-00003ada">angle</a> and Port <a href="mga:id-0065-00008f06">i</a> in Connector <a href="mga:id-0065-00008f05">angle_actual</a>
2016-08-25T15:56:27 - [Warning] - Non-name match: Port <a href="mga:id-0065-00002d5a">i</a> in Connector <a href="mga:id-0065-00002d59">solarFlux</a> and Port <a href="mga:id-0065-00002963">SolarFlux</a> in Connector <a href="mga:id-0065-00002962">SolarInput</a>
2016-08-25T15:56:27 - [Warning] - Non-name match: Port <a href="mga:id-0065-00002b3a">v</a> in Connector <a href="mga:id-0065-00002b39">v</a> and Port <a href="mga:id-0065-00009065">i</a> in Connector <a href="mga:id-0065-00009064">voltage_bus</a>
2016-08-25T15:56:27 - [Warning] - Non-name match: Port <a href="mga:id-0065-00002d5a">i</a> in Connector <a href="mga:id-0065-00002d59">solarFlux</a> and Port <a href="mga:id-0065-00001bf9">SolarFlux</a> in Connector <a href="mga:id-0065-00001bf8">SolarInput</a>
2016-08-25T15:56:27 - [Warning] - Non-name match: Port <a href="mga:id-0065-00002ebe">y</a> in Connector <a href="mga:id-0065-00002ebd">targetAttitude</a> and Port <a href="mga:id-0065-00002d63">targetAngle</a> in Connector <a href="mga:id-0065-00002d62">AttitudeSetpoint</a>
2016-08-25T15:56:27 - [Warning] - Non-name match: Port <a href="mga:id-0065-00003adb">v</a> in Connector <a href="mga:id-0065-00003ada">angle</a> and Port <a href="mga:id-0065-00009061">i</a> in Connector <a href="mga:id-0065-00009060">angle_actual</a>
2016-08-25T15:56:27 - [Warning] - Non-name match: Port <a href="mga:id-0065-00002d5f">v</a> in Connector <a href="mga:id-0065-00002d5e">TorqueOut</a> and Port <a href="mga:id-0065-00002ec0">torqueReq</a> in Connector <a href="mga:id-0065-00002ebf">torqueReq</a>
2016-08-25T15:56:27 - [Warning] - NO MATCH found for Port <a href="mga:id-0065-00007d9f">v</a> of Connector <a href="mga:id-0065-0000001a">Computers_Mount</a> with any Port within Connector <a href="mga:id-0065-0000001d">Mount_1_On_Shelf</a>
2016-08-25T15:56:27 - [Warning] - NO MATCH found for Port <a href="mga:id-0065-00007da2">v</a> of Connector <a href="mga:id-0065-00000017">Batteries_Mount</a> with any Port within Connector <a href="mga:id-0065-0000001d">Mount_1_On_Shelf</a>
2016-08-25T15:56:27 - [Warning] - Non-name match: Port <a href="mga:id-0065-00002ebe">y</a> in Connector <a href="mga:id-0065-00002ebd">targetAttitude</a> and Port <a href="mga:id-0065-00009067">i</a> in Connector <a href="mga:id-0065-00009066">angle_setpoint</a>
2016-08-25T15:56:35 - [Warning] - NO MATCH found for Port <a href="mga:id-0065-00007da2">v</a> of Connector <a href="mga:id-0065-00000017">Batteries_Mount</a> with any Port within Connector <a href="mga:id-0065-0000001d">Mount_1_On_Shelf</a>
2016-08-25T15:56:35 - [Warning] - NO MATCH found for Port <a href="mga:id-0065-00007d9f">v</a> of Connector <a href="mga:id-0065-0000001a">Computers_Mount</a> with any Port within Connector <a href="mga:id-0065-0000001d">Mount_1_On_Shelf</a>
2016-08-25T15:56:35 - [Warning] - Non-name match: Port <a href="mga:id-0065-00002d5f">v</a> in Connector <a href="mga:id-0065-00002d5e">TorqueOut</a> and Port <a href="mga:id-0065-00002ec0">torqueReq</a> in Connector <a href="mga:id-0065-00002ebf">torqueReq</a>
2016-08-25T15:56:35 - [Warning] - Non-name match: Port <a href="mga:id-0065-00002d5a">i</a> in Connector <a href="mga:id-0065-00002d59">solarFlux</a> and Port <a href="mga:id-0065-00002b17">SolarFlux</a> in Connector <a href="mga:id-0065-00002b16">SolarInput</a>
2016-08-25T15:56:35 - [Warning] - Non-name match: Port <a href="mga:id-0065-00002b2e">v</a> in Connector <a href="mga:id-0065-00002b2d">v</a> and Port <a href="mga:id-0065-000091c0">i</a> in Connector <a href="mga:id-0065-000091bf">voltage_bus</a>
2016-08-25T15:56:35 - [Warning] - Non-name match: Port <a href="mga:id-0065-00002d5a">i</a> in Connector <a href="mga:id-0065-00002d59">solarFlux</a> and Port <a href="mga:id-0065-00001f64">SolarFlux</a> in Connector <a href="mga:id-0065-00001f63">SolarInput</a>
2016-08-25T15:56:35 - [Warning] - Non-name match: Port <a href="mga:id-0065-00002ebe">y</a> in Connector <a href="mga:id-0065-00002ebd">targetAttitude</a> and Port <a href="mga:id-0065-00002d63">targetAngle</a> in Connector <a href="mga:id-0065-00002d62">AttitudeSetpoint</a>
2016-08-25T15:56:35 - [Warning] - Non-name match: Port <a href="mga:id-0065-00003adb">v</a> in Connector <a href="mga:id-0065-00003ada">angle</a> and Port <a href="mga:id-0065-000091bc">i</a> in Connector <a href="mga:id-0065-000091bb">angle_actual</a>
2016-08-25T15:56:35 - [Warning] - Non-name match: Port <a href="mga:id-0065-00002ebe">y</a> in Connector <a href="mga:id-0065-00002ebd">targetAttitude</a> and Port <a href="mga:id-0065-000091c2">i</a> in Connector <a href="mga:id-0065-000091c1">angle_setpoint</a>
2016-08-25T16:38:09 - [Warning] - NO MATCH found for Port <a href="mga:id-0065-00007da2">v</a> of Connector <a href="mga:id-0065-00000017">Batteries_Mount</a> with any Port within Connector <a href="mga:id-0065-0000001d">Mount_1_On_Shelf</a>
2016-08-25T16:38:09 - [Warning] - NO MATCH found for Port <a href="mga:id-0065-00007d9f">v</a> of Connector <a href="mga:id-0065-0000001a">Computers_Mount</a> with any Port within Connector <a href="mga:id-0065-0000001d">Mount_1_On_Shelf</a>
2016-08-25T16:38:09 - [Warning] - Non-name match: Port <a href="mga:id-0065-00002d5a">i</a> in Connector <a href="mga:id-0065-00002d59">solarFlux</a> and Port <a href="mga:id-0065-00001f6d">SolarFlux</a> in Connector <a href="mga:id-0065-00001f6c">SolarInput</a>
2016-08-25T16:38:09 - [Warning] - Non-name match: Port <a href="mga:id-0065-00002d5f">v</a> in Connector <a href="mga:id-0065-00002d5e">TorqueOut</a> and Port <a href="mga:id-0065-00002ec0">torqueReq</a> in Connector <a href="mga:id-0065-00002ebf">torqueReq</a>
2016-08-25T16:38:09 - [Warning] - Non-name match: Port <a href="mga:id-0065-00003adb">v</a> in Connector <a href="mga:id-0065-00003ada">angle</a> and Port <a href="mga:id-0065-00008f06">i</a> in Connector <a href="mga:id-0065-00008f05">angle_actual</a>
2016-08-25T16:38:09 - [Warning] - Non-name match: Port <a href="mga:id-0065-00002ebe">y</a> in Connector <a href="mga:id-0065-00002ebd">targetAttitude</a> and Port <a href="mga:id-0065-00002d63">targetAngle</a> in Connector <a href="mga:id-0065-00002d62">AttitudeSetpoint</a>
2016-08-25T16:38:09 - [Warning] - Non-name match: Port <a href="mga:id-0065-00002b42">v</a> in Connector <a href="mga:id-0065-00002b41">v</a> and Port <a href="mga:id-0065-00008f0a">i</a> in Connector <a href="mga:id-0065-00008f09">voltage_bus</a>
2016-08-25T16:38:09 - [Warning] - Non-name match: Port <a href="mga:id-0065-00002d5a">i</a> in Connector <a href="mga:id-0065-00002d59">solarFlux</a> and Port <a href="mga:id-0065-00002b23">SolarFlux</a> in Connector <a href="mga:id-0065-00002b22">SolarInput</a>
2016-08-25T16:38:09 - [Warning] - Non-name match: Port <a href="mga:id-0065-00002ebe">y</a> in Connector <a href="mga:id-0065-00002ebd">targetAttitude</a> and Port <a href="mga:id-0065-00008f0c">i</a> in Connector <a href="mga:id-0065-00008f0b">angle_setpoint</a>
2016-08-25T16:38:19 - [Warning] - NO MATCH found for Port <a href="mga:id-0065-00007d9f">v</a> of Connector <a href="mga:id-0065-0000001a">Computers_Mount</a> with any Port within Connector <a href="mga:id-0065-0000001d">Mount_1_On_Shelf</a>
2016-08-25T16:38:19 - [Warning] - NO MATCH found for Port <a href="mga:id-0065-00007da2">v</a> of Connector <a href="mga:id-0065-00000017">Batteries_Mount</a> with any Port within Connector <a href="mga:id-0065-0000001d">Mount_1_On_Shelf</a>
2016-08-25T16:38:19 - [Warning] - Non-name match: Port <a href="mga:id-0065-00002d5f">v</a> in Connector <a href="mga:id-0065-00002d5e">TorqueOut</a> and Port <a href="mga:id-0065-00002ec0">torqueReq</a> in Connector <a href="mga:id-0065-00002ebf">torqueReq</a>
2016-08-25T16:38:19 - [Warning] - Non-name match: Port <a href="mga:id-0065-00003adb">v</a> in Connector <a href="mga:id-0065-00003ada">angle</a> and Port <a href="mga:id-0065-00009061">i</a> in Connector <a href="mga:id-0065-00009060">angle_actual</a>
2016-08-25T16:38:19 - [Warning] - Non-name match: Port <a href="mga:id-0065-00002ebe">y</a> in Connector <a href="mga:id-0065-00002ebd">targetAttitude</a> and Port <a href="mga:id-0065-00002d63">targetAngle</a> in Connector <a href="mga:id-0065-00002d62">AttitudeSetpoint</a>
2016-08-25T16:38:19 - [Warning] - Non-name match: Port <a href="mga:id-0065-00002b3a">v</a> in Connector <a href="mga:id-0065-00002b39">v</a> and Port <a href="mga:id-0065-00009065">i</a> in Connector <a href="mga:id-0065-00009064">voltage_bus</a>
2016-08-25T16:38:19 - [Warning] - Non-name match: Port <a href="mga:id-0065-00002d5a">i</a> in Connector <a href="mga:id-0065-00002d59">solarFlux</a> and Port <a href="mga:id-0065-00001bf9">SolarFlux</a> in Connector <a href="mga:id-0065-00001bf8">SolarInput</a>
2016-08-25T16:38:19 - [Warning] - Non-name match: Port <a href="mga:id-0065-00002d5a">i</a> in Connector <a href="mga:id-0065-00002d59">solarFlux</a> and Port <a href="mga:id-0065-00002963">SolarFlux</a> in Connector <a href="mga:id-0065-00002962">SolarInput</a>
2016-08-25T16:38:19 - [Warning] - Non-name match: Port <a href="mga:id-0065-00002ebe">y</a> in Connector <a href="mga:id-0065-00002ebd">targetAttitude</a> and Port <a href="mga:id-0065-00009067">i</a> in Connector <a href="mga:id-0065-00009066">angle_setpoint</a>
2016-08-25T16:38:30 - [Warning] - Non-name match: Port <a href="mga:id-0065-00003adb">v</a> in Connector <a href="mga:id-0065-00003ada">angle</a> and Port <a href="mga:id-0065-000091bc">i</a> in Connector <a href="mga:id-0065-000091bb">angle_actual</a>
2016-08-25T16:38:30 - [Warning] - Non-name match: Port <a href="mga:id-0065-00002d5f">v</a> in Connector <a href="mga:id-0065-00002d5e">TorqueOut</a> and Port <a href="mga:id-0065-00002ec0">torqueReq</a> in Connector <a href="mga:id-0065-00002ebf">torqueReq</a>
2016-08-25T16:38:30 - [Warning] - Non-name match: Port <a href="mga:id-0065-00002ebe">y</a> in Connector <a href="mga:id-0065-00002ebd">targetAttitude</a> and Port <a href="mga:id-0065-00002d63">targetAngle</a> in Connector <a href="mga:id-0065-00002d62">AttitudeSetpoint</a>
2016-08-25T16:38:30 - [Warning] - Non-name match: Port <a href="mga:id-0065-00002d5a">i</a> in Connector <a href="mga:id-0065-00002d59">solarFlux</a> and Port <a href="mga:id-0065-00001f64">SolarFlux</a> in Connector <a href="mga:id-0065-00001f63">SolarInput</a>
2016-08-25T16:38:30 - [Warning] - Non-name match: Port <a href="mga:id-0065-00002b2e">v</a> in Connector <a href="mga:id-0065-00002b2d">v</a> and Port <a href="mga:id-0065-000091c0">i</a> in Connector <a href="mga:id-0065-000091bf">voltage_bus</a>
2016-08-25T16:38:30 - [Warning] - Non-name match: Port <a href="mga:id-0065-00002d5a">i</a> in Connector <a href="mga:id-0065-00002d59">solarFlux</a> and Port <a href="mga:id-0065-00002b17">SolarFlux</a> in Connector <a href="mga:id-0065-00002b16">SolarInput</a>
2016-08-25T16:38:30 - [Warning] - Non-name match: Port <a href="mga:id-0065-00002ebe">y</a> in Connector <a href="mga:id-0065-00002ebd">targetAttitude</a> and Port <a href="mga:id-0065-000091c2">i</a> in Connector <a href="mga:id-0065-000091c1">angle_setpoint</a>
2016-08-25T16:38:30 - [Warning] - NO MATCH found for Port <a href="mga:id-0065-00007da2">v</a> of Connector <a href="mga:id-0065-00000017">Batteries_Mount</a> with any Port within Connector <a href="mga:id-0065-0000001d">Mount_1_On_Shelf</a>
2016-08-25T16:38:30 - [Warning] - NO MATCH found for Port <a href="mga:id-0065-00007d9f">v</a> of Connector <a href="mga:id-0065-0000001a">Computers_Mount</a> with any Port within Connector <a href="mga:id-0065-0000001d">Mount_1_On_Shelf</a>
