2016-08-26T09:21:11 - [Info] - Running CyPhy2Modelica 2.0
2016-08-26T09:21:11 - [Debug] - === HEADER ===================================================
Date/Time:       8/26/2016 9:21:11 AM
Windows Version: Microsoft Windows NT 6.2.9200.0
x64 bit OS:      True
GME version:     16.3.23.2581
META version:    14.13.68
META install:    C:\Program Files (x86)\META\
CyPhyML version: 14.13-t8
CyPhyML GUID:    {9088E798-8A24-4B44-B98E-D5C7C1792C2F}
Python Dll:      UNKNOWN
Python Exe:      UNKNOWN
Python27 VE exe: C:\Program Files (x86)\META\bin\Python27\Scripts\python.exe
PROE ISIS Ext. : C:\Program Files\META\Proe ISIS Extensions\bin\CADCreoParametricCreateAssembly.exe
PROE ISIS ver. : CADCreoParametricCreateAssembly 1.5.4.0
Username:        ted
Currently opened paradigm information
  MetaName    : CyPhyML
  MetaVersion : 14.13-t8

2016-08-26T09:21:11 - [Debug] - Components not used in this design will not be generated in the Modelica Package. Use verbose console to enable this option.
2016-08-26T09:21:11 - [Debug] - Configuration : OK
2016-08-26T09:21:11 - [Info] - PowerAnalysis [TestBench]
2016-08-26T09:21:11 - [Debug] - Found originalDesignName SpacecraftNominalConfig
2016-08-26T09:21:11 - [Debug] - Elaborating model...
2016-08-26T09:21:12 - [Debug] - Elaboration is done.
2016-08-26T09:21:12 - [Debug] - Elaborator : OK
2016-08-26T09:21:12 - [Debug] - Checking rules...
2016-08-26T09:21:12 - [Warning] - ModelicaConnector should have at least 1 connection! This ModelicaConnector will not be generated. Batteries_Mount__v.
2016-08-26T09:21:12 - [Warning] - Involved Objects : 
2016-08-26T09:21:12 - [Warning] - [ <a href="mga:id-0065-00000092">v</a> ]
2016-08-26T09:21:12 - [Warning] - ModelicaConnector should have at least 1 connection! This ModelicaConnector will not be generated. Computers_Mount__v.
2016-08-26T09:21:12 - [Warning] - Involved Objects : 
2016-08-26T09:21:12 - [Warning] - [ <a href="mga:id-0065-00000009">v</a> ]
2016-08-26T09:21:12 - [Warning] - Errors: 0, Warnings: 2, Successes : 761
2016-08-26T09:21:12 - [Debug] - Model check : OK
2016-08-26T09:21:12 - [Debug] - Modelica model was not found for component: RootFolder/Testing/DynamicsSim/PowerAnalysis/DC_Spacecraft/Antenna
2016-08-26T09:21:12 - [Debug] - <b>DC_Spacecraft</b>
2016-08-26T09:21:12 - [Debug] - <b>- Shelf1</b>
2016-08-26T09:21:12 - [Debug] - <b>- Cargo_Module</b>
2016-08-26T09:21:12 - [Debug] - <b>- Battery</b>
2016-08-26T09:21:12 - [Debug] - <b>- Solar_Panels_3B</b>
2016-08-26T09:21:12 - [Debug] - - Antenna
2016-08-26T09:21:12 - [Debug] - <b>- Shelf2</b>
2016-08-26T09:21:12 - [Debug] - <b>- Base_Module_Frame</b>
2016-08-26T09:21:12 - [Debug] - <b>- Solar_Panels_3A</b>
2016-08-26T09:21:12 - [Debug] - <b>- attitudeScenario</b>
2016-08-26T09:21:12 - [Debug] - <b>- Gyroscope_Momentum_Control</b>
2016-08-26T09:21:12 - [Debug] - <b>- Computer</b>
2016-08-26T09:21:12 - [Debug] - <b>- Shelf3</b>
2016-08-26T09:21:12 - [Debug] - Solver settings being used:
2016-08-26T09:21:12 - [Debug] - - [Dymola] Solver: dassl
2016-08-26T09:21:12 - [Debug] - - [OpenModelica] Solver: dassl
2016-08-26T09:21:12 - [Debug] - - Tool selection for JobManager: OpenModelica__latest_
2016-08-26T09:21:12 - [Debug] - - Start time: 0
2016-08-26T09:21:12 - [Debug] - - Stop time: 10000
2016-08-26T09:21:12 - [Warning] - Component 'Antenna' inside 'DC_Spacecraft' does not contain any dynamic models, it will not be generated.
2016-08-26T09:21:12 - [Debug] - Trying to get svn info for D:\Work\SatExample\CyPhy_Model\ModelicaLib.
2016-08-26T09:21:12 - [Debug] - svn command line tools not installed
2016-08-26T09:21:12 - [Debug] - Modelica translation : OK
2016-08-26T09:21:12 - [Debug] - Copied library from D:\Work\SatExample\CyPhy_Model\ModelicaLib\TbLib.mo to D:\Work\SatExample\CyPhy_Model\results\kj1cofei\Libraries\TbLib.mo
2016-08-26T09:21:12 - [Debug] - Script generation : OK
2016-08-26T09:21:13 - [Debug] - ======================================================
2016-08-26T09:21:13 - [Debug] - Start time: 8/26/2016 9:21:01 AM
2016-08-26T09:21:13 - [Debug] - Configuration = 00:00:09.6702003
2016-08-26T09:21:13 - [Debug] - Elaborator = 00:00:10.1559334
2016-08-26T09:21:13 - [Debug] - Model check = 00:00:10.6411802
2016-08-26T09:21:13 - [Debug] - Modelica translation = 00:00:10.8261364
2016-08-26T09:21:13 - [Debug] - Script generation = 00:00:10.8886405
2016-08-26T09:21:13 - [Debug] - ======================================================
2016-08-26T09:21:13 - [Info] - CyPhy2Modelica 2.0 finished successfully.
2016-08-26T09:21:13 - [Info] - Generated files are here: <a href="file:///D:\Work\SatExample\CyPhy_Model\results\kj1cofei" target="_blank">D:\Work\SatExample\CyPhy_Model\results\kj1cofei</a>
2016-08-26T09:21:13 - [Debug] - [SUCCESS: True, Labels: OpenModelica__latest_ && py_modelica14.13]
2016-08-26T09:22:23 - [Info] - Running CyPhy2Modelica 2.0
2016-08-26T09:22:23 - [Debug] - === HEADER ===================================================
Date/Time:       8/26/2016 9:22:23 AM
Windows Version: Microsoft Windows NT 6.2.9200.0
x64 bit OS:      True
GME version:     16.3.23.2581
META version:    14.13.68
META install:    C:\Program Files (x86)\META\
CyPhyML version: 14.13-t8
CyPhyML GUID:    {9088E798-8A24-4B44-B98E-D5C7C1792C2F}
Python Dll:      UNKNOWN
Python Exe:      UNKNOWN
Python27 VE exe: C:\Program Files (x86)\META\bin\Python27\Scripts\python.exe
PROE ISIS Ext. : C:\Program Files\META\Proe ISIS Extensions\bin\CADCreoParametricCreateAssembly.exe
PROE ISIS ver. : CADCreoParametricCreateAssembly 1.5.4.0
Username:        ted
Currently opened paradigm information
  MetaName    : CyPhyML
  MetaVersion : 14.13-t8

2016-08-26T09:22:23 - [Debug] - Components not used in this design will not be generated in the Modelica Package. Use verbose console to enable this option.
2016-08-26T09:22:23 - [Debug] - Configuration : OK
2016-08-26T09:22:23 - [Info] - DC__Spacecraft_cfg1 [TestBench]
2016-08-26T09:22:23 - [Debug] - Found originalDesignName DC__Spacecraft_cfg1
2016-08-26T09:22:23 - [Debug] - Elaborating model...
2016-08-26T09:22:24 - [Debug] - Elaboration is done.
2016-08-26T09:22:24 - [Debug] - Elaborator : OK
2016-08-26T09:22:24 - [Debug] - Checking rules...
2016-08-26T09:22:24 - [Warning] - ModelicaConnector should have at least 1 connection! This ModelicaConnector will not be generated. Batteries_Mount__v.
2016-08-26T09:22:24 - [Warning] - Involved Objects : 
2016-08-26T09:22:24 - [Warning] - [ <a href="mga:id-0065-00000092">v</a> ]
2016-08-26T09:22:24 - [Warning] - ModelicaConnector should have at least 1 connection! This ModelicaConnector will not be generated. Computers_Mount__v.
2016-08-26T09:22:24 - [Warning] - Involved Objects : 
2016-08-26T09:22:24 - [Warning] - [ <a href="mga:id-0065-00000009">v</a> ]
2016-08-26T09:22:24 - [Warning] - Errors: 0, Warnings: 2, Successes : 764
2016-08-26T09:22:24 - [Debug] - Model check : OK
2016-08-26T09:22:24 - [Debug] - Modelica model was not found for component: RootFolder/Testing/DynamicsSim/PowerAnalysis_DesignSpace TemporaryFolder/DC__Spacecraft_cfg1/DC_Spacecraft/Antenna
2016-08-26T09:22:24 - [Debug] - <b>DC_Spacecraft</b>
2016-08-26T09:22:24 - [Debug] - <b>- Shelf1</b>
2016-08-26T09:22:24 - [Debug] - <b>- Shelf3</b>
2016-08-26T09:22:24 - [Debug] - <b>- NewDC__Solar_Panels_3A__Solar_Panels_4A</b>
2016-08-26T09:22:24 - [Debug] - <b>- Cargo_Module</b>
2016-08-26T09:22:24 - [Debug] - <b>- NewDC__Solar_Panels_3B__Solar_Panels_4B</b>
2016-08-26T09:22:24 - [Debug] - - Antenna
2016-08-26T09:22:24 - [Debug] - <b>- Gyroscope_Momentum_Control</b>
2016-08-26T09:22:24 - [Debug] - <b>- Battery</b>
2016-08-26T09:22:24 - [Debug] - <b>- attitudeScenario</b>
2016-08-26T09:22:24 - [Debug] - <b>- Base_Module_Frame</b>
2016-08-26T09:22:24 - [Debug] - <b>- Computer</b>
2016-08-26T09:22:24 - [Debug] - <b>- Shelf2</b>
2016-08-26T09:22:24 - [Debug] - Solver settings being used:
2016-08-26T09:22:24 - [Debug] - - [Dymola] Solver: dassl
2016-08-26T09:22:24 - [Debug] - - [OpenModelica] Solver: dassl
2016-08-26T09:22:24 - [Debug] - - Tool selection for JobManager: OpenModelica__latest_
2016-08-26T09:22:24 - [Debug] - - Start time: 0
2016-08-26T09:22:24 - [Debug] - - Stop time: 10000
2016-08-26T09:22:24 - [Warning] - Component 'Antenna' inside 'DC_Spacecraft' does not contain any dynamic models, it will not be generated.
2016-08-26T09:22:24 - [Debug] - Trying to get svn info for D:\Work\SatExample\CyPhy_Model\ModelicaLib.
2016-08-26T09:22:24 - [Debug] - svn command line tools not installed
2016-08-26T09:22:24 - [Debug] - Modelica translation : OK
2016-08-26T09:22:24 - [Debug] - Copied library from D:\Work\SatExample\CyPhy_Model\ModelicaLib\TbLib.mo to D:\Work\SatExample\CyPhy_Model\results\osgoalpv\TestBench_RotationalElectricalDynamics\Libraries\TbLib.mo
2016-08-26T09:22:24 - [Debug] - Script generation : OK
2016-08-26T09:22:25 - [Debug] - ======================================================
2016-08-26T09:22:25 - [Debug] - Start time: 8/26/2016 9:22:23 AM
2016-08-26T09:22:25 - [Debug] - Configuration = 00:00:00.0531618
2016-08-26T09:22:25 - [Debug] - Elaborator = 00:00:00.4853494
2016-08-26T09:22:25 - [Debug] - Model check = 00:00:00.9339628
2016-08-26T09:22:25 - [Debug] - Modelica translation = 00:00:01.0392561
2016-08-26T09:22:25 - [Debug] - Script generation = 00:00:01.0548944
2016-08-26T09:22:25 - [Debug] - ======================================================
2016-08-26T09:22:25 - [Info] - CyPhy2Modelica 2.0 finished successfully.
2016-08-26T09:22:25 - [Info] - Generated files are here: <a href="file:///D:\Work\SatExample\CyPhy_Model\results\osgoalpv\TestBench_RotationalElectricalDynamics" target="_blank">D:\Work\SatExample\CyPhy_Model\results\osgoalpv\TestBench_RotationalElectricalDynamics</a>
2016-08-26T09:22:25 - [Debug] - [SUCCESS: True, Labels: OpenModelica__latest_ && py_modelica14.13]
2016-08-26T09:22:31 - [Info] - Running CyPhy2Modelica 2.0
2016-08-26T09:22:31 - [Debug] - === HEADER ===================================================
Date/Time:       8/26/2016 9:22:31 AM
Windows Version: Microsoft Windows NT 6.2.9200.0
x64 bit OS:      True
GME version:     16.3.23.2581
META version:    14.13.68
META install:    C:\Program Files (x86)\META\
CyPhyML version: 14.13-t8
CyPhyML GUID:    {9088E798-8A24-4B44-B98E-D5C7C1792C2F}
Python Dll:      UNKNOWN
Python Exe:      UNKNOWN
Python27 VE exe: C:\Program Files (x86)\META\bin\Python27\Scripts\python.exe
PROE ISIS Ext. : C:\Program Files\META\Proe ISIS Extensions\bin\CADCreoParametricCreateAssembly.exe
PROE ISIS ver. : CADCreoParametricCreateAssembly 1.5.4.0
Username:        ted
Currently opened paradigm information
  MetaName    : CyPhyML
  MetaVersion : 14.13-t8

2016-08-26T09:22:31 - [Debug] - Components not used in this design will not be generated in the Modelica Package. Use verbose console to enable this option.
2016-08-26T09:22:31 - [Debug] - Configuration : OK
2016-08-26T09:22:31 - [Info] - DC__Spacecraft_cfg2 [TestBench]
2016-08-26T09:22:31 - [Debug] - Found originalDesignName DC__Spacecraft_cfg2
2016-08-26T09:22:31 - [Debug] - Elaborating model...
2016-08-26T09:22:31 - [Debug] - Elaboration is done.
2016-08-26T09:22:31 - [Debug] - Elaborator : OK
2016-08-26T09:22:31 - [Debug] - Checking rules...
2016-08-26T09:22:31 - [Warning] - ModelicaConnector should have at least 1 connection! This ModelicaConnector will not be generated. Computers_Mount__v.
2016-08-26T09:22:31 - [Warning] - Involved Objects : 
2016-08-26T09:22:31 - [Warning] - [ <a href="mga:id-0065-00000009">v</a> ]
2016-08-26T09:22:32 - [Warning] - ModelicaConnector should have at least 1 connection! This ModelicaConnector will not be generated. Batteries_Mount__v.
2016-08-26T09:22:32 - [Warning] - Involved Objects : 
2016-08-26T09:22:32 - [Warning] - [ <a href="mga:id-0065-00000092">v</a> ]
2016-08-26T09:22:32 - [Warning] - Errors: 0, Warnings: 2, Successes : 764
2016-08-26T09:22:32 - [Debug] - Model check : OK
2016-08-26T09:22:32 - [Debug] - Modelica model was not found for component: RootFolder/Testing/DynamicsSim/PowerAnalysis_DesignSpace TemporaryFolder/DC__Spacecraft_cfg2/DC_Spacecraft/Antenna
2016-08-26T09:22:32 - [Debug] - <b>DC_Spacecraft</b>
2016-08-26T09:22:32 - [Debug] - <b>- Cargo_Module</b>
2016-08-26T09:22:32 - [Debug] - <b>- NewDC__Solar_Panels_3A__Solar_Panels_3A</b>
2016-08-26T09:22:32 - [Debug] - <b>- NewDC__Solar_Panels_3B__Solar_Panels_3B</b>
2016-08-26T09:22:32 - [Debug] - - Antenna
2016-08-26T09:22:32 - [Debug] - <b>- Computer</b>
2016-08-26T09:22:32 - [Debug] - <b>- Shelf2</b>
2016-08-26T09:22:32 - [Debug] - <b>- attitudeScenario</b>
2016-08-26T09:22:32 - [Debug] - <b>- Gyroscope_Momentum_Control</b>
2016-08-26T09:22:32 - [Debug] - <b>- Battery</b>
2016-08-26T09:22:32 - [Debug] - <b>- Base_Module_Frame</b>
2016-08-26T09:22:32 - [Debug] - <b>- Shelf3</b>
2016-08-26T09:22:32 - [Debug] - <b>- Shelf1</b>
2016-08-26T09:22:32 - [Debug] - Solver settings being used:
2016-08-26T09:22:32 - [Debug] - - [Dymola] Solver: dassl
2016-08-26T09:22:32 - [Debug] - - [OpenModelica] Solver: dassl
2016-08-26T09:22:32 - [Debug] - - Tool selection for JobManager: OpenModelica__latest_
2016-08-26T09:22:32 - [Debug] - - Start time: 0
2016-08-26T09:22:32 - [Debug] - - Stop time: 10000
2016-08-26T09:22:32 - [Warning] - Component 'Antenna' inside 'DC_Spacecraft' does not contain any dynamic models, it will not be generated.
2016-08-26T09:22:32 - [Debug] - Trying to get svn info for D:\Work\SatExample\CyPhy_Model\ModelicaLib.
2016-08-26T09:22:32 - [Debug] - svn command line tools not installed
2016-08-26T09:22:32 - [Debug] - Modelica translation : OK
2016-08-26T09:22:32 - [Debug] - Copied library from D:\Work\SatExample\CyPhy_Model\ModelicaLib\TbLib.mo to D:\Work\SatExample\CyPhy_Model\results\b0tu4c4h\TestBench_RotationalElectricalDynamics\Libraries\TbLib.mo
2016-08-26T09:22:32 - [Debug] - Script generation : OK
2016-08-26T09:22:33 - [Debug] - ======================================================
2016-08-26T09:22:33 - [Debug] - Start time: 8/26/2016 9:22:31 AM
2016-08-26T09:22:33 - [Debug] - Configuration = 00:00:00.0538680
2016-08-26T09:22:33 - [Debug] - Elaborator = 00:00:00.4328247
2016-08-26T09:22:33 - [Debug] - Model check = 00:00:00.8339249
2016-08-26T09:22:33 - [Debug] - Modelica translation = 00:00:00.9503341
2016-08-26T09:22:33 - [Debug] - Script generation = 00:00:00.9558382
2016-08-26T09:22:33 - [Debug] - ======================================================
2016-08-26T09:22:33 - [Info] - CyPhy2Modelica 2.0 finished successfully.
2016-08-26T09:22:33 - [Info] - Generated files are here: <a href="file:///D:\Work\SatExample\CyPhy_Model\results\b0tu4c4h\TestBench_RotationalElectricalDynamics" target="_blank">D:\Work\SatExample\CyPhy_Model\results\b0tu4c4h\TestBench_RotationalElectricalDynamics</a>
2016-08-26T09:22:33 - [Debug] - [SUCCESS: True, Labels: OpenModelica__latest_ && py_modelica14.13]
2016-08-26T09:22:38 - [Info] - Running CyPhy2Modelica 2.0
2016-08-26T09:22:38 - [Debug] - === HEADER ===================================================
Date/Time:       8/26/2016 9:22:38 AM
Windows Version: Microsoft Windows NT 6.2.9200.0
x64 bit OS:      True
GME version:     16.3.23.2581
META version:    14.13.68
META install:    C:\Program Files (x86)\META\
CyPhyML version: 14.13-t8
CyPhyML GUID:    {9088E798-8A24-4B44-B98E-D5C7C1792C2F}
Python Dll:      UNKNOWN
Python Exe:      UNKNOWN
Python27 VE exe: C:\Program Files (x86)\META\bin\Python27\Scripts\python.exe
PROE ISIS Ext. : C:\Program Files\META\Proe ISIS Extensions\bin\CADCreoParametricCreateAssembly.exe
PROE ISIS ver. : CADCreoParametricCreateAssembly 1.5.4.0
Username:        ted
Currently opened paradigm information
  MetaName    : CyPhyML
  MetaVersion : 14.13-t8

2016-08-26T09:22:38 - [Debug] - Components not used in this design will not be generated in the Modelica Package. Use verbose console to enable this option.
2016-08-26T09:22:38 - [Debug] - Configuration : OK
2016-08-26T09:22:38 - [Info] - DC__Spacecraft_cfg3 [TestBench]
2016-08-26T09:22:38 - [Debug] - Found originalDesignName DC__Spacecraft_cfg3
2016-08-26T09:22:38 - [Debug] - Elaborating model...
2016-08-26T09:22:38 - [Debug] - Elaboration is done.
2016-08-26T09:22:38 - [Debug] - Elaborator : OK
2016-08-26T09:22:38 - [Debug] - Checking rules...
2016-08-26T09:22:39 - [Warning] - ModelicaConnector should have at least 1 connection! This ModelicaConnector will not be generated. Computers_Mount__v.
2016-08-26T09:22:39 - [Warning] - Involved Objects : 
2016-08-26T09:22:39 - [Warning] - [ <a href="mga:id-0065-00000009">v</a> ]
2016-08-26T09:22:39 - [Warning] - ModelicaConnector should have at least 1 connection! This ModelicaConnector will not be generated. Batteries_Mount__v.
2016-08-26T09:22:39 - [Warning] - Involved Objects : 
2016-08-26T09:22:39 - [Warning] - [ <a href="mga:id-0065-00000092">v</a> ]
2016-08-26T09:22:39 - [Warning] - Errors: 0, Warnings: 2, Successes : 772
2016-08-26T09:22:39 - [Debug] - Model check : OK
2016-08-26T09:22:39 - [Debug] - Modelica model was not found for component: RootFolder/Testing/DynamicsSim/PowerAnalysis_DesignSpace TemporaryFolder/DC__Spacecraft_cfg3/DC_Spacecraft/Antenna
2016-08-26T09:22:39 - [Debug] - <b>DC_Spacecraft</b>
2016-08-26T09:22:39 - [Debug] - <b>- Shelf1</b>
2016-08-26T09:22:39 - [Debug] - <b>- NewDC__Solar_Panels_3A__Solar_Panels_2A</b>
2016-08-26T09:22:39 - [Debug] - - Antenna
2016-08-26T09:22:39 - [Debug] - <b>- Cargo_Module</b>
2016-08-26T09:22:39 - [Debug] - <b>- NewDC__Solar_Panels_3B__Solar_Panels_2B</b>
2016-08-26T09:22:39 - [Debug] - <b>- Computer</b>
2016-08-26T09:22:39 - [Debug] - <b>- attitudeScenario</b>
2016-08-26T09:22:39 - [Debug] - <b>- Gyroscope_Momentum_Control</b>
2016-08-26T09:22:39 - [Debug] - <b>- Battery</b>
2016-08-26T09:22:39 - [Debug] - <b>- Shelf2</b>
2016-08-26T09:22:39 - [Debug] - <b>- Base_Module_Frame</b>
2016-08-26T09:22:39 - [Debug] - <b>- Shelf3</b>
2016-08-26T09:22:39 - [Debug] - Solver settings being used:
2016-08-26T09:22:39 - [Debug] - - [Dymola] Solver: dassl
2016-08-26T09:22:39 - [Debug] - - [OpenModelica] Solver: dassl
2016-08-26T09:22:39 - [Debug] - - Tool selection for JobManager: OpenModelica__latest_
2016-08-26T09:22:39 - [Debug] - - Start time: 0
2016-08-26T09:22:39 - [Debug] - - Stop time: 10000
2016-08-26T09:22:39 - [Warning] - Component 'Antenna' inside 'DC_Spacecraft' does not contain any dynamic models, it will not be generated.
2016-08-26T09:22:39 - [Debug] - Trying to get svn info for D:\Work\SatExample\CyPhy_Model\ModelicaLib.
2016-08-26T09:22:39 - [Debug] - svn command line tools not installed
2016-08-26T09:22:39 - [Debug] - Modelica translation : OK
2016-08-26T09:22:39 - [Debug] - Copied library from D:\Work\SatExample\CyPhy_Model\ModelicaLib\TbLib.mo to D:\Work\SatExample\CyPhy_Model\results\xbbitzf2\TestBench_RotationalElectricalDynamics\Libraries\TbLib.mo
2016-08-26T09:22:39 - [Debug] - Script generation : OK
2016-08-26T09:22:40 - [Debug] - ======================================================
2016-08-26T09:22:40 - [Debug] - Start time: 8/26/2016 9:22:38 AM
2016-08-26T09:22:40 - [Debug] - Configuration = 00:00:00.0529079
2016-08-26T09:22:40 - [Debug] - Elaborator = 00:00:00.4311348
2016-08-26T09:22:40 - [Debug] - Model check = 00:00:00.8540405
2016-08-26T09:22:40 - [Debug] - Modelica translation = 00:00:00.9538171
2016-08-26T09:22:40 - [Debug] - Script generation = 00:00:00.9695055
2016-08-26T09:22:40 - [Debug] - ======================================================
2016-08-26T09:22:40 - [Info] - CyPhy2Modelica 2.0 finished successfully.
2016-08-26T09:22:40 - [Info] - Generated files are here: <a href="file:///D:\Work\SatExample\CyPhy_Model\results\xbbitzf2\TestBench_RotationalElectricalDynamics" target="_blank">D:\Work\SatExample\CyPhy_Model\results\xbbitzf2\TestBench_RotationalElectricalDynamics</a>
2016-08-26T09:22:40 - [Debug] - [SUCCESS: True, Labels: OpenModelica__latest_ && py_modelica14.13]
2016-08-26T09:25:27 - [Info] - Running CyPhy2Modelica 2.0
2016-08-26T09:25:27 - [Debug] - === HEADER ===================================================
Date/Time:       8/26/2016 9:25:27 AM
Windows Version: Microsoft Windows NT 6.2.9200.0
x64 bit OS:      True
GME version:     16.3.23.2581
META version:    14.13.68
META install:    C:\Program Files (x86)\META\
CyPhyML version: 14.13-t8
CyPhyML GUID:    {9088E798-8A24-4B44-B98E-D5C7C1792C2F}
Python Dll:      UNKNOWN
Python Exe:      UNKNOWN
Python27 VE exe: C:\Program Files (x86)\META\bin\Python27\Scripts\python.exe
PROE ISIS Ext. : C:\Program Files\META\Proe ISIS Extensions\bin\CADCreoParametricCreateAssembly.exe
PROE ISIS ver. : CADCreoParametricCreateAssembly 1.5.4.0
Username:        ted
Currently opened paradigm information
  MetaName    : CyPhyML
  MetaVersion : 14.13-t8

2016-08-26T09:25:27 - [Debug] - Components not used in this design will not be generated in the Modelica Package. Use verbose console to enable this option.
2016-08-26T09:25:27 - [Debug] - Configuration : OK
2016-08-26T09:25:27 - [Info] - DC__Spacecraft_cfg1 [TestBench]
2016-08-26T09:25:27 - [Debug] - Found originalDesignName DC__Spacecraft_cfg1
2016-08-26T09:25:27 - [Debug] - Elaborating model...
2016-08-26T09:25:28 - [Debug] - Elaboration is done.
2016-08-26T09:25:28 - [Debug] - Elaborator : OK
2016-08-26T09:25:28 - [Debug] - Checking rules...
2016-08-26T09:25:28 - [Warning] - ModelicaConnector should have at least 1 connection! This ModelicaConnector will not be generated. Batteries_Mount__v.
2016-08-26T09:25:28 - [Warning] - Involved Objects : 
2016-08-26T09:25:28 - [Warning] - [ <a href="mga:id-0065-00000092">v</a> ]
2016-08-26T09:25:28 - [Warning] - ModelicaConnector should have at least 1 connection! This ModelicaConnector will not be generated. Computers_Mount__v.
2016-08-26T09:25:28 - [Warning] - Involved Objects : 
2016-08-26T09:25:28 - [Warning] - [ <a href="mga:id-0065-00000009">v</a> ]
2016-08-26T09:25:28 - [Warning] - Errors: 0, Warnings: 2, Successes : 764
2016-08-26T09:25:28 - [Debug] - Model check : OK
2016-08-26T09:25:28 - [Debug] - Modelica model was not found for component: RootFolder/Testing/DynamicsSim/PowerAnalysis_DesignSpace TemporaryFolder/DC__Spacecraft_cfg1/DC_Spacecraft/Antenna
2016-08-26T09:25:28 - [Debug] - <b>DC_Spacecraft</b>
2016-08-26T09:25:28 - [Debug] - <b>- Shelf2</b>
2016-08-26T09:25:28 - [Debug] - <b>- Shelf3</b>
2016-08-26T09:25:28 - [Debug] - <b>- Base_Module_Frame</b>
2016-08-26T09:25:28 - [Debug] - <b>- NewDC__Solar_Panels_3A__Solar_Panels_4A</b>
2016-08-26T09:25:28 - [Debug] - - Antenna
2016-08-26T09:25:28 - [Debug] - <b>- Shelf1</b>
2016-08-26T09:25:28 - [Debug] - <b>- attitudeScenario</b>
2016-08-26T09:25:28 - [Debug] - <b>- Battery</b>
2016-08-26T09:25:28 - [Debug] - <b>- Gyroscope_Momentum_Control</b>
2016-08-26T09:25:28 - [Debug] - <b>- Computer</b>
2016-08-26T09:25:28 - [Debug] - <b>- Cargo_Module</b>
2016-08-26T09:25:28 - [Debug] - <b>- NewDC__Solar_Panels_3B__Solar_Panels_4B</b>
2016-08-26T09:25:28 - [Debug] - Solver settings being used:
2016-08-26T09:25:28 - [Debug] - - [Dymola] Solver: dassl
2016-08-26T09:25:28 - [Debug] - - [OpenModelica] Solver: dassl
2016-08-26T09:25:28 - [Debug] - - Tool selection for JobManager: OpenModelica__latest_
2016-08-26T09:25:28 - [Debug] - - Start time: 0
2016-08-26T09:25:28 - [Debug] - - Stop time: 10000
2016-08-26T09:25:28 - [Warning] - Component 'Antenna' inside 'DC_Spacecraft' does not contain any dynamic models, it will not be generated.
2016-08-26T09:25:28 - [Debug] - Trying to get svn info for D:\Work\SatExample\CyPhy_Model\ModelicaLib.
2016-08-26T09:25:28 - [Debug] - svn command line tools not installed
2016-08-26T09:25:28 - [Debug] - Modelica translation : OK
2016-08-26T09:25:28 - [Debug] - Copied library from D:\Work\SatExample\CyPhy_Model\ModelicaLib\TbLib.mo to D:\Work\SatExample\CyPhy_Model\results\rzk3vsrh\TestBench_RotationalElectricalDynamics\Libraries\TbLib.mo
2016-08-26T09:25:28 - [Debug] - Script generation : OK
2016-08-26T09:25:29 - [Debug] - ======================================================
2016-08-26T09:25:29 - [Debug] - Start time: 8/26/2016 9:25:27 AM
2016-08-26T09:25:29 - [Debug] - Configuration = 00:00:00.0841324
2016-08-26T09:25:29 - [Debug] - Elaborator = 00:00:00.5005586
2016-08-26T09:25:29 - [Debug] - Model check = 00:00:00.9681417
2016-08-26T09:25:29 - [Debug] - Modelica translation = 00:00:01.0527730
2016-08-26T09:25:29 - [Debug] - Script generation = 00:00:01.0683844
2016-08-26T09:25:29 - [Debug] - ======================================================
2016-08-26T09:25:29 - [Info] - CyPhy2Modelica 2.0 finished successfully.
2016-08-26T09:25:29 - [Info] - Generated files are here: <a href="file:///D:\Work\SatExample\CyPhy_Model\results\rzk3vsrh\TestBench_RotationalElectricalDynamics" target="_blank">D:\Work\SatExample\CyPhy_Model\results\rzk3vsrh\TestBench_RotationalElectricalDynamics</a>
2016-08-26T09:25:29 - [Debug] - [SUCCESS: True, Labels: OpenModelica__latest_ && py_modelica14.13]
2016-08-26T09:25:35 - [Info] - Running CyPhy2Modelica 2.0
2016-08-26T09:25:35 - [Debug] - === HEADER ===================================================
Date/Time:       8/26/2016 9:25:35 AM
Windows Version: Microsoft Windows NT 6.2.9200.0
x64 bit OS:      True
GME version:     16.3.23.2581
META version:    14.13.68
META install:    C:\Program Files (x86)\META\
CyPhyML version: 14.13-t8
CyPhyML GUID:    {9088E798-8A24-4B44-B98E-D5C7C1792C2F}
Python Dll:      UNKNOWN
Python Exe:      UNKNOWN
Python27 VE exe: C:\Program Files (x86)\META\bin\Python27\Scripts\python.exe
PROE ISIS Ext. : C:\Program Files\META\Proe ISIS Extensions\bin\CADCreoParametricCreateAssembly.exe
PROE ISIS ver. : CADCreoParametricCreateAssembly 1.5.4.0
Username:        ted
Currently opened paradigm information
  MetaName    : CyPhyML
  MetaVersion : 14.13-t8

2016-08-26T09:25:35 - [Debug] - Components not used in this design will not be generated in the Modelica Package. Use verbose console to enable this option.
2016-08-26T09:25:35 - [Debug] - Configuration : OK
2016-08-26T09:25:35 - [Info] - DC__Spacecraft_cfg2 [TestBench]
2016-08-26T09:25:35 - [Debug] - Found originalDesignName DC__Spacecraft_cfg2
2016-08-26T09:25:35 - [Debug] - Elaborating model...
2016-08-26T09:25:36 - [Debug] - Elaboration is done.
2016-08-26T09:25:36 - [Debug] - Elaborator : OK
2016-08-26T09:25:36 - [Debug] - Checking rules...
2016-08-26T09:25:36 - [Warning] - ModelicaConnector should have at least 1 connection! This ModelicaConnector will not be generated. Batteries_Mount__v.
2016-08-26T09:25:36 - [Warning] - Involved Objects : 
2016-08-26T09:25:36 - [Warning] - [ <a href="mga:id-0065-00000092">v</a> ]
2016-08-26T09:25:36 - [Warning] - ModelicaConnector should have at least 1 connection! This ModelicaConnector will not be generated. Computers_Mount__v.
2016-08-26T09:25:36 - [Warning] - Involved Objects : 
2016-08-26T09:25:36 - [Warning] - [ <a href="mga:id-0065-00000009">v</a> ]
2016-08-26T09:25:36 - [Warning] - Errors: 0, Warnings: 2, Successes : 764
2016-08-26T09:25:36 - [Debug] - Model check : OK
2016-08-26T09:25:36 - [Debug] - Modelica model was not found for component: RootFolder/Testing/DynamicsSim/PowerAnalysis_DesignSpace TemporaryFolder/DC__Spacecraft_cfg2/DC_Spacecraft/Antenna
2016-08-26T09:25:36 - [Debug] - <b>DC_Spacecraft</b>
2016-08-26T09:25:36 - [Debug] - <b>- Battery</b>
2016-08-26T09:25:36 - [Debug] - <b>- Gyroscope_Momentum_Control</b>
2016-08-26T09:25:36 - [Debug] - <b>- Shelf2</b>
2016-08-26T09:25:36 - [Debug] - <b>- NewDC__Solar_Panels_3A__Solar_Panels_3A</b>
2016-08-26T09:25:36 - [Debug] - <b>- NewDC__Solar_Panels_3B__Solar_Panels_3B</b>
2016-08-26T09:25:36 - [Debug] - <b>- attitudeScenario</b>
2016-08-26T09:25:36 - [Debug] - <b>- Base_Module_Frame</b>
2016-08-26T09:25:36 - [Debug] - <b>- Computer</b>
2016-08-26T09:25:36 - [Debug] - <b>- Shelf1</b>
2016-08-26T09:25:36 - [Debug] - - Antenna
2016-08-26T09:25:36 - [Debug] - <b>- Cargo_Module</b>
2016-08-26T09:25:36 - [Debug] - <b>- Shelf3</b>
2016-08-26T09:25:36 - [Debug] - Solver settings being used:
2016-08-26T09:25:36 - [Debug] - - [Dymola] Solver: dassl
2016-08-26T09:25:36 - [Debug] - - [OpenModelica] Solver: dassl
2016-08-26T09:25:36 - [Debug] - - Tool selection for JobManager: OpenModelica__latest_
2016-08-26T09:25:36 - [Debug] - - Start time: 0
2016-08-26T09:25:36 - [Debug] - - Stop time: 10000
2016-08-26T09:25:36 - [Warning] - Component 'Antenna' inside 'DC_Spacecraft' does not contain any dynamic models, it will not be generated.
2016-08-26T09:25:36 - [Debug] - Trying to get svn info for D:\Work\SatExample\CyPhy_Model\ModelicaLib.
2016-08-26T09:25:36 - [Debug] - svn command line tools not installed
2016-08-26T09:25:36 - [Debug] - Modelica translation : OK
2016-08-26T09:25:36 - [Debug] - Copied library from D:\Work\SatExample\CyPhy_Model\ModelicaLib\TbLib.mo to D:\Work\SatExample\CyPhy_Model\results\zsvgwmyu\TestBench_RotationalElectricalDynamics\Libraries\TbLib.mo
2016-08-26T09:25:36 - [Debug] - Script generation : OK
2016-08-26T09:25:37 - [Debug] - ======================================================
2016-08-26T09:25:37 - [Debug] - Start time: 8/26/2016 9:25:35 AM
2016-08-26T09:25:37 - [Debug] - Configuration = 00:00:00.0468591
2016-08-26T09:25:37 - [Debug] - Elaborator = 00:00:00.4323929
2016-08-26T09:25:37 - [Debug] - Model check = 00:00:00.8709191
2016-08-26T09:25:37 - [Debug] - Modelica translation = 00:00:00.9863643
2016-08-26T09:25:37 - [Debug] - Script generation = 00:00:00.9863643
2016-08-26T09:25:37 - [Debug] - ======================================================
2016-08-26T09:25:37 - [Info] - CyPhy2Modelica 2.0 finished successfully.
2016-08-26T09:25:37 - [Info] - Generated files are here: <a href="file:///D:\Work\SatExample\CyPhy_Model\results\zsvgwmyu\TestBench_RotationalElectricalDynamics" target="_blank">D:\Work\SatExample\CyPhy_Model\results\zsvgwmyu\TestBench_RotationalElectricalDynamics</a>
2016-08-26T09:25:37 - [Debug] - [SUCCESS: True, Labels: OpenModelica__latest_ && py_modelica14.13]
2016-08-26T09:25:44 - [Info] - Running CyPhy2Modelica 2.0
2016-08-26T09:25:44 - [Debug] - === HEADER ===================================================
Date/Time:       8/26/2016 9:25:44 AM
Windows Version: Microsoft Windows NT 6.2.9200.0
x64 bit OS:      True
GME version:     16.3.23.2581
META version:    14.13.68
META install:    C:\Program Files (x86)\META\
CyPhyML version: 14.13-t8
CyPhyML GUID:    {9088E798-8A24-4B44-B98E-D5C7C1792C2F}
Python Dll:      UNKNOWN
Python Exe:      UNKNOWN
Python27 VE exe: C:\Program Files (x86)\META\bin\Python27\Scripts\python.exe
PROE ISIS Ext. : C:\Program Files\META\Proe ISIS Extensions\bin\CADCreoParametricCreateAssembly.exe
PROE ISIS ver. : CADCreoParametricCreateAssembly 1.5.4.0
Username:        ted
Currently opened paradigm information
  MetaName    : CyPhyML
  MetaVersion : 14.13-t8

2016-08-26T09:25:44 - [Debug] - Components not used in this design will not be generated in the Modelica Package. Use verbose console to enable this option.
2016-08-26T09:25:44 - [Debug] - Configuration : OK
2016-08-26T09:25:44 - [Info] - DC__Spacecraft_cfg3 [TestBench]
2016-08-26T09:25:44 - [Debug] - Found originalDesignName DC__Spacecraft_cfg3
2016-08-26T09:25:44 - [Debug] - Elaborating model...
2016-08-26T09:25:44 - [Debug] - Elaboration is done.
2016-08-26T09:25:44 - [Debug] - Elaborator : OK
2016-08-26T09:25:44 - [Debug] - Checking rules...
2016-08-26T09:25:44 - [Warning] - ModelicaConnector should have at least 1 connection! This ModelicaConnector will not be generated. Batteries_Mount__v.
2016-08-26T09:25:44 - [Warning] - Involved Objects : 
2016-08-26T09:25:44 - [Warning] - [ <a href="mga:id-0065-00000092">v</a> ]
2016-08-26T09:25:44 - [Warning] - ModelicaConnector should have at least 1 connection! This ModelicaConnector will not be generated. Computers_Mount__v.
2016-08-26T09:25:44 - [Warning] - Involved Objects : 
2016-08-26T09:25:44 - [Warning] - [ <a href="mga:id-0065-00000009">v</a> ]
2016-08-26T09:25:45 - [Warning] - Errors: 0, Warnings: 2, Successes : 772
2016-08-26T09:25:45 - [Debug] - Model check : OK
2016-08-26T09:25:45 - [Debug] - Modelica model was not found for component: RootFolder/Testing/DynamicsSim/PowerAnalysis_DesignSpace TemporaryFolder/DC__Spacecraft_cfg3/DC_Spacecraft/Antenna
2016-08-26T09:25:45 - [Debug] - <b>DC_Spacecraft</b>
2016-08-26T09:25:45 - [Debug] - <b>- Cargo_Module</b>
2016-08-26T09:25:45 - [Debug] - <b>- Base_Module_Frame</b>
2016-08-26T09:25:45 - [Debug] - <b>- Shelf2</b>
2016-08-26T09:25:45 - [Debug] - <b>- Shelf3</b>
2016-08-26T09:25:45 - [Debug] - <b>- Battery</b>
2016-08-26T09:25:45 - [Debug] - <b>- Computer</b>
2016-08-26T09:25:45 - [Debug] - <b>- Gyroscope_Momentum_Control</b>
2016-08-26T09:25:45 - [Debug] - <b>- attitudeScenario</b>
2016-08-26T09:25:45 - [Debug] - <b>- NewDC__Solar_Panels_3B__Solar_Panels_2B</b>
2016-08-26T09:25:45 - [Debug] - - Antenna
2016-08-26T09:25:45 - [Debug] - <b>- NewDC__Solar_Panels_3A__Solar_Panels_2A</b>
2016-08-26T09:25:45 - [Debug] - <b>- Shelf1</b>
2016-08-26T09:25:45 - [Debug] - Solver settings being used:
2016-08-26T09:25:45 - [Debug] - - [Dymola] Solver: dassl
2016-08-26T09:25:45 - [Debug] - - [OpenModelica] Solver: dassl
2016-08-26T09:25:45 - [Debug] - - Tool selection for JobManager: OpenModelica__latest_
2016-08-26T09:25:45 - [Debug] - - Start time: 0
2016-08-26T09:25:45 - [Debug] - - Stop time: 10000
2016-08-26T09:25:45 - [Warning] - Component 'Antenna' inside 'DC_Spacecraft' does not contain any dynamic models, it will not be generated.
2016-08-26T09:25:45 - [Debug] - Trying to get svn info for D:\Work\SatExample\CyPhy_Model\ModelicaLib.
2016-08-26T09:25:45 - [Debug] - svn command line tools not installed
2016-08-26T09:25:45 - [Debug] - Modelica translation : OK
2016-08-26T09:25:45 - [Debug] - Copied library from D:\Work\SatExample\CyPhy_Model\ModelicaLib\TbLib.mo to D:\Work\SatExample\CyPhy_Model\results\vtuorzhp\TestBench_RotationalElectricalDynamics\Libraries\TbLib.mo
2016-08-26T09:25:45 - [Debug] - Script generation : OK
2016-08-26T09:25:46 - [Debug] - ======================================================
2016-08-26T09:25:46 - [Debug] - Start time: 8/26/2016 9:25:44 AM
2016-08-26T09:25:46 - [Debug] - Configuration = 00:00:00.0599177
2016-08-26T09:25:46 - [Debug] - Elaborator = 00:00:00.4700100
2016-08-26T09:25:46 - [Debug] - Model check = 00:00:00.9175639
2016-08-26T09:25:46 - [Debug] - Modelica translation = 00:00:01.0178051
2016-08-26T09:25:46 - [Debug] - Script generation = 00:00:01.0399418
2016-08-26T09:25:46 - [Debug] - ======================================================
2016-08-26T09:25:46 - [Info] - CyPhy2Modelica 2.0 finished successfully.
2016-08-26T09:25:46 - [Info] - Generated files are here: <a href="file:///D:\Work\SatExample\CyPhy_Model\results\vtuorzhp\TestBench_RotationalElectricalDynamics" target="_blank">D:\Work\SatExample\CyPhy_Model\results\vtuorzhp\TestBench_RotationalElectricalDynamics</a>
2016-08-26T09:25:46 - [Debug] - [SUCCESS: True, Labels: OpenModelica__latest_ && py_modelica14.13]
2016-08-26T09:58:41 - [Info] - Running CyPhy2Modelica 2.0
2016-08-26T09:58:42 - [Debug] - === HEADER ===================================================
Date/Time:       8/26/2016 9:58:42 AM
Windows Version: Microsoft Windows NT 6.2.9200.0
x64 bit OS:      True
GME version:     16.3.23.2581
META version:    14.13.68
META install:    C:\Program Files (x86)\META\
CyPhyML version: 14.13-t8
CyPhyML GUID:    {9088E798-8A24-4B44-B98E-D5C7C1792C2F}
Python Dll:      UNKNOWN
Python Exe:      UNKNOWN
Python27 VE exe: C:\Program Files (x86)\META\bin\Python27\Scripts\python.exe
PROE ISIS Ext. : C:\Program Files\META\Proe ISIS Extensions\bin\CADCreoParametricCreateAssembly.exe
PROE ISIS ver. : CADCreoParametricCreateAssembly 1.5.4.0
Username:        ted
Currently opened paradigm information
  MetaName    : CyPhyML
  MetaVersion : 14.13-t8

2016-08-26T09:58:42 - [Debug] - Components not used in this design will not be generated in the Modelica Package. Use verbose console to enable this option.
2016-08-26T09:58:42 - [Debug] - Configuration : OK
2016-08-26T09:58:42 - [Info] - DC__Spacecraft_cfg1 [TestBench]
2016-08-26T09:58:42 - [Debug] - Found originalDesignName DC__Spacecraft_cfg1
2016-08-26T09:58:42 - [Debug] - Elaborating model...
2016-08-26T09:58:42 - [Debug] - Elaboration is done.
2016-08-26T09:58:42 - [Debug] - Elaborator : OK
2016-08-26T09:58:42 - [Debug] - Checking rules...
2016-08-26T09:58:42 - [Warning] - ModelicaConnector should have at least 1 connection! This ModelicaConnector will not be generated. Computers_Mount__v.
2016-08-26T09:58:42 - [Warning] - Involved Objects : 
2016-08-26T09:58:42 - [Warning] - [ <a href="mga:id-0065-00000009">v</a> ]
2016-08-26T09:58:42 - [Warning] - ModelicaConnector should have at least 1 connection! This ModelicaConnector will not be generated. Batteries_Mount__v.
2016-08-26T09:58:42 - [Warning] - Involved Objects : 
2016-08-26T09:58:42 - [Warning] - [ <a href="mga:id-0065-00000092">v</a> ]
2016-08-26T09:58:42 - [Warning] - Errors: 0, Warnings: 2, Successes : 764
2016-08-26T09:58:42 - [Debug] - Model check : OK
2016-08-26T09:58:42 - [Debug] - Modelica model was not found for component: RootFolder/Testing/DynamicsSim/PowerAnalysis_DesignSpace TemporaryFolder/DC__Spacecraft_cfg1/DC_Spacecraft/Antenna
2016-08-26T09:58:42 - [Debug] - <b>DC_Spacecraft</b>
2016-08-26T09:58:42 - [Debug] - <b>- attitudeScenario</b>
2016-08-26T09:58:42 - [Debug] - <b>- Shelf1</b>
2016-08-26T09:58:42 - [Debug] - <b>- NewDC__Solar_Panels_3A__Solar_Panels_3A</b>
2016-08-26T09:58:42 - [Debug] - <b>- Base_Module_Frame</b>
2016-08-26T09:58:42 - [Debug] - - Antenna
2016-08-26T09:58:42 - [Debug] - <b>- Gyroscope_Momentum_Control</b>
2016-08-26T09:58:42 - [Debug] - <b>- Computer</b>
2016-08-26T09:58:42 - [Debug] - <b>- Battery</b>
2016-08-26T09:58:42 - [Debug] - <b>- Shelf2</b>
2016-08-26T09:58:42 - [Debug] - <b>- Shelf3</b>
2016-08-26T09:58:42 - [Debug] - <b>- NewDC__Solar_Panels_3B__Solar_Panels_3B</b>
2016-08-26T09:58:42 - [Debug] - <b>- Cargo_Module</b>
2016-08-26T09:58:42 - [Debug] - Solver settings being used:
2016-08-26T09:58:42 - [Debug] - - [Dymola] Solver: dassl
2016-08-26T09:58:42 - [Debug] - - [OpenModelica] Solver: dassl
2016-08-26T09:58:42 - [Debug] - - Tool selection for JobManager: OpenModelica__latest_
2016-08-26T09:58:42 - [Debug] - - Start time: 0
2016-08-26T09:58:42 - [Debug] - - Stop time: 10000
2016-08-26T09:58:42 - [Warning] - Component 'Antenna' inside 'DC_Spacecraft' does not contain any dynamic models, it will not be generated.
2016-08-26T09:58:42 - [Debug] - Trying to get svn info for D:\Work\SatExample\CyPhy_Model\ModelicaLib.
2016-08-26T09:58:42 - [Debug] - svn command line tools not installed
2016-08-26T09:58:42 - [Debug] - Modelica translation : OK
2016-08-26T09:58:42 - [Debug] - Copied library from D:\Work\SatExample\CyPhy_Model\ModelicaLib\TbLib.mo to D:\Work\SatExample\CyPhy_Model\results\b5ip4b3k\TestBench_RotationalElectricalDynamics\Libraries\TbLib.mo
2016-08-26T09:58:42 - [Debug] - Script generation : OK
2016-08-26T09:58:44 - [Debug] - ======================================================
2016-08-26T09:58:44 - [Debug] - Start time: 8/26/2016 9:58:41 AM
2016-08-26T09:58:44 - [Debug] - Configuration = 00:00:00.0842256
2016-08-26T09:58:44 - [Debug] - Elaborator = 00:00:00.5051982
2016-08-26T09:58:44 - [Debug] - Model check = 00:00:00.9375733
2016-08-26T09:58:44 - [Debug] - Modelica translation = 00:00:01.0378556
2016-08-26T09:58:44 - [Debug] - Script generation = 00:00:01.0756006
2016-08-26T09:58:44 - [Debug] - ======================================================
2016-08-26T09:58:44 - [Info] - CyPhy2Modelica 2.0 finished successfully.
2016-08-26T09:58:44 - [Info] - Generated files are here: <a href="file:///D:\Work\SatExample\CyPhy_Model\results\b5ip4b3k\TestBench_RotationalElectricalDynamics" target="_blank">D:\Work\SatExample\CyPhy_Model\results\b5ip4b3k\TestBench_RotationalElectricalDynamics</a>
2016-08-26T09:58:44 - [Debug] - [SUCCESS: True, Labels: OpenModelica__latest_ && py_modelica14.13]
2016-08-26T09:58:50 - [Info] - Running CyPhy2Modelica 2.0
2016-08-26T09:58:50 - [Debug] - === HEADER ===================================================
Date/Time:       8/26/2016 9:58:50 AM
Windows Version: Microsoft Windows NT 6.2.9200.0
x64 bit OS:      True
GME version:     16.3.23.2581
META version:    14.13.68
META install:    C:\Program Files (x86)\META\
CyPhyML version: 14.13-t8
CyPhyML GUID:    {9088E798-8A24-4B44-B98E-D5C7C1792C2F}
Python Dll:      UNKNOWN
Python Exe:      UNKNOWN
Python27 VE exe: C:\Program Files (x86)\META\bin\Python27\Scripts\python.exe
PROE ISIS Ext. : C:\Program Files\META\Proe ISIS Extensions\bin\CADCreoParametricCreateAssembly.exe
PROE ISIS ver. : CADCreoParametricCreateAssembly 1.5.4.0
Username:        ted
Currently opened paradigm information
  MetaName    : CyPhyML
  MetaVersion : 14.13-t8

2016-08-26T09:58:50 - [Debug] - Components not used in this design will not be generated in the Modelica Package. Use verbose console to enable this option.
2016-08-26T09:58:50 - [Debug] - Configuration : OK
2016-08-26T09:58:50 - [Info] - DC__Spacecraft_cfg2 [TestBench]
2016-08-26T09:58:50 - [Debug] - Found originalDesignName DC__Spacecraft_cfg2
2016-08-26T09:58:50 - [Debug] - Elaborating model...
2016-08-26T09:58:50 - [Debug] - Elaboration is done.
2016-08-26T09:58:50 - [Debug] - Elaborator : OK
2016-08-26T09:58:50 - [Debug] - Checking rules...
2016-08-26T09:58:50 - [Warning] - ModelicaConnector should have at least 1 connection! This ModelicaConnector will not be generated. Batteries_Mount__v.
2016-08-26T09:58:50 - [Warning] - Involved Objects : 
2016-08-26T09:58:50 - [Warning] - [ <a href="mga:id-0065-00000092">v</a> ]
2016-08-26T09:58:51 - [Warning] - ModelicaConnector should have at least 1 connection! This ModelicaConnector will not be generated. Computers_Mount__v.
2016-08-26T09:58:51 - [Warning] - Involved Objects : 
2016-08-26T09:58:51 - [Warning] - [ <a href="mga:id-0065-00000009">v</a> ]
2016-08-26T09:58:51 - [Warning] - Errors: 0, Warnings: 2, Successes : 764
2016-08-26T09:58:51 - [Debug] - Model check : OK
2016-08-26T09:58:51 - [Debug] - Modelica model was not found for component: RootFolder/Testing/DynamicsSim/PowerAnalysis_DesignSpace TemporaryFolder/DC__Spacecraft_cfg2/DC_Spacecraft/Antenna
2016-08-26T09:58:51 - [Debug] - <b>DC_Spacecraft</b>
2016-08-26T09:58:51 - [Debug] - <b>- Base_Module_Frame</b>
2016-08-26T09:58:51 - [Debug] - <b>- attitudeScenario</b>
2016-08-26T09:58:51 - [Debug] - <b>- Battery</b>
2016-08-26T09:58:51 - [Debug] - <b>- Computer</b>
2016-08-26T09:58:51 - [Debug] - <b>- Gyroscope_Momentum_Control</b>
2016-08-26T09:58:51 - [Debug] - <b>- Shelf1</b>
2016-08-26T09:58:51 - [Debug] - <b>- Cargo_Module</b>
2016-08-26T09:58:51 - [Debug] - <b>- NewDC__Solar_Panels_3A__Solar_Panels_4A</b>
2016-08-26T09:58:51 - [Debug] - - Antenna
2016-08-26T09:58:51 - [Debug] - <b>- Shelf3</b>
2016-08-26T09:58:51 - [Debug] - <b>- Shelf2</b>
2016-08-26T09:58:51 - [Debug] - <b>- NewDC__Solar_Panels_3B__Solar_Panels_4B</b>
2016-08-26T09:58:51 - [Debug] - Solver settings being used:
2016-08-26T09:58:51 - [Debug] - - [Dymola] Solver: dassl
2016-08-26T09:58:51 - [Debug] - - [OpenModelica] Solver: dassl
2016-08-26T09:58:51 - [Debug] - - Tool selection for JobManager: OpenModelica__latest_
2016-08-26T09:58:51 - [Debug] - - Start time: 0
2016-08-26T09:58:51 - [Debug] - - Stop time: 10000
2016-08-26T09:58:51 - [Warning] - Component 'Antenna' inside 'DC_Spacecraft' does not contain any dynamic models, it will not be generated.
2016-08-26T09:58:51 - [Debug] - Trying to get svn info for D:\Work\SatExample\CyPhy_Model\ModelicaLib.
2016-08-26T09:58:51 - [Debug] - svn command line tools not installed
2016-08-26T09:58:51 - [Debug] - Modelica translation : OK
2016-08-26T09:58:51 - [Debug] - Copied library from D:\Work\SatExample\CyPhy_Model\ModelicaLib\TbLib.mo to D:\Work\SatExample\CyPhy_Model\results\sshpowmz\TestBench_RotationalElectricalDynamics\Libraries\TbLib.mo
2016-08-26T09:58:51 - [Debug] - Script generation : OK
2016-08-26T09:58:52 - [Debug] - ======================================================
2016-08-26T09:58:52 - [Debug] - Start time: 8/26/2016 9:58:50 AM
2016-08-26T09:58:52 - [Debug] - Configuration = 00:00:00.0379187
2016-08-26T09:58:52 - [Debug] - Elaborator = 00:00:00.4233625
2016-08-26T09:58:52 - [Debug] - Model check = 00:00:00.8558107
2016-08-26T09:58:52 - [Debug] - Modelica translation = 00:00:00.9404748
2016-08-26T09:58:52 - [Debug] - Script generation = 00:00:00.9560992
2016-08-26T09:58:52 - [Debug] - ======================================================
2016-08-26T09:58:52 - [Info] - CyPhy2Modelica 2.0 finished successfully.
2016-08-26T09:58:52 - [Info] - Generated files are here: <a href="file:///D:\Work\SatExample\CyPhy_Model\results\sshpowmz\TestBench_RotationalElectricalDynamics" target="_blank">D:\Work\SatExample\CyPhy_Model\results\sshpowmz\TestBench_RotationalElectricalDynamics</a>
2016-08-26T09:58:52 - [Debug] - [SUCCESS: True, Labels: OpenModelica__latest_ && py_modelica14.13]
2016-08-26T09:58:58 - [Info] - Running CyPhy2Modelica 2.0
2016-08-26T09:58:58 - [Debug] - === HEADER ===================================================
Date/Time:       8/26/2016 9:58:58 AM
Windows Version: Microsoft Windows NT 6.2.9200.0
x64 bit OS:      True
GME version:     16.3.23.2581
META version:    14.13.68
META install:    C:\Program Files (x86)\META\
CyPhyML version: 14.13-t8
CyPhyML GUID:    {9088E798-8A24-4B44-B98E-D5C7C1792C2F}
Python Dll:      UNKNOWN
Python Exe:      UNKNOWN
Python27 VE exe: C:\Program Files (x86)\META\bin\Python27\Scripts\python.exe
PROE ISIS Ext. : C:\Program Files\META\Proe ISIS Extensions\bin\CADCreoParametricCreateAssembly.exe
PROE ISIS ver. : CADCreoParametricCreateAssembly 1.5.4.0
Username:        ted
Currently opened paradigm information
  MetaName    : CyPhyML
  MetaVersion : 14.13-t8

2016-08-26T09:58:58 - [Debug] - Components not used in this design will not be generated in the Modelica Package. Use verbose console to enable this option.
2016-08-26T09:58:58 - [Debug] - Configuration : OK
2016-08-26T09:58:58 - [Info] - DC__Spacecraft_cfg3 [TestBench]
2016-08-26T09:58:58 - [Debug] - Found originalDesignName DC__Spacecraft_cfg3
2016-08-26T09:58:58 - [Debug] - Elaborating model...
2016-08-26T09:58:59 - [Debug] - Elaboration is done.
2016-08-26T09:58:59 - [Debug] - Elaborator : OK
2016-08-26T09:58:59 - [Debug] - Checking rules...
2016-08-26T09:58:59 - [Warning] - ModelicaConnector should have at least 1 connection! This ModelicaConnector will not be generated. Computers_Mount__v.
2016-08-26T09:58:59 - [Warning] - Involved Objects : 
2016-08-26T09:58:59 - [Warning] - [ <a href="mga:id-0065-00000009">v</a> ]
2016-08-26T09:58:59 - [Warning] - ModelicaConnector should have at least 1 connection! This ModelicaConnector will not be generated. Batteries_Mount__v.
2016-08-26T09:58:59 - [Warning] - Involved Objects : 
2016-08-26T09:58:59 - [Warning] - [ <a href="mga:id-0065-00000092">v</a> ]
2016-08-26T09:58:59 - [Warning] - Errors: 0, Warnings: 2, Successes : 772
2016-08-26T09:58:59 - [Debug] - Model check : OK
2016-08-26T09:58:59 - [Debug] - Modelica model was not found for component: RootFolder/Testing/DynamicsSim/PowerAnalysis_DesignSpace TemporaryFolder/DC__Spacecraft_cfg3/DC_Spacecraft/Antenna
2016-08-26T09:58:59 - [Debug] - <b>DC_Spacecraft</b>
2016-08-26T09:58:59 - [Debug] - <b>- Shelf2</b>
2016-08-26T09:58:59 - [Debug] - <b>- Shelf3</b>
2016-08-26T09:58:59 - [Debug] - <b>- Base_Module_Frame</b>
2016-08-26T09:58:59 - [Debug] - - Antenna
2016-08-26T09:58:59 - [Debug] - <b>- Shelf1</b>
2016-08-26T09:58:59 - [Debug] - <b>- Cargo_Module</b>
2016-08-26T09:58:59 - [Debug] - <b>- NewDC__Solar_Panels_3B__Solar_Panels_2B</b>
2016-08-26T09:58:59 - [Debug] - <b>- Computer</b>
2016-08-26T09:58:59 - [Debug] - <b>- Gyroscope_Momentum_Control</b>
2016-08-26T09:58:59 - [Debug] - <b>- attitudeScenario</b>
2016-08-26T09:58:59 - [Debug] - <b>- Battery</b>
2016-08-26T09:58:59 - [Debug] - <b>- NewDC__Solar_Panels_3A__Solar_Panels_2A</b>
2016-08-26T09:58:59 - [Debug] - Solver settings being used:
2016-08-26T09:58:59 - [Debug] - - [Dymola] Solver: dassl
2016-08-26T09:58:59 - [Debug] - - [OpenModelica] Solver: dassl
2016-08-26T09:58:59 - [Debug] - - Tool selection for JobManager: OpenModelica__latest_
2016-08-26T09:58:59 - [Debug] - - Start time: 0
2016-08-26T09:58:59 - [Debug] - - Stop time: 10000
2016-08-26T09:58:59 - [Warning] - Component 'Antenna' inside 'DC_Spacecraft' does not contain any dynamic models, it will not be generated.
2016-08-26T09:58:59 - [Debug] - Trying to get svn info for D:\Work\SatExample\CyPhy_Model\ModelicaLib.
2016-08-26T09:58:59 - [Debug] - svn command line tools not installed
2016-08-26T09:58:59 - [Debug] - Modelica translation : OK
2016-08-26T09:58:59 - [Debug] - Copied library from D:\Work\SatExample\CyPhy_Model\ModelicaLib\TbLib.mo to D:\Work\SatExample\CyPhy_Model\results\mxbh3it2\TestBench_RotationalElectricalDynamics\Libraries\TbLib.mo
2016-08-26T09:58:59 - [Debug] - Script generation : OK
2016-08-26T09:59:00 - [Debug] - ======================================================
2016-08-26T09:59:00 - [Debug] - Start time: 8/26/2016 9:58:58 AM
2016-08-26T09:59:00 - [Debug] - Configuration = 00:00:00.0511533
2016-08-26T09:59:00 - [Debug] - Elaborator = 00:00:00.6371876
2016-08-26T09:59:00 - [Debug] - Model check = 00:00:01.1008953
2016-08-26T09:59:00 - [Debug] - Modelica translation = 00:00:01.2011460
2016-08-26T09:59:00 - [Debug] - Script generation = 00:00:01.2328867
2016-08-26T09:59:00 - [Debug] - ======================================================
2016-08-26T09:59:00 - [Info] - CyPhy2Modelica 2.0 finished successfully.
2016-08-26T09:59:00 - [Info] - Generated files are here: <a href="file:///D:\Work\SatExample\CyPhy_Model\results\mxbh3it2\TestBench_RotationalElectricalDynamics" target="_blank">D:\Work\SatExample\CyPhy_Model\results\mxbh3it2\TestBench_RotationalElectricalDynamics</a>
2016-08-26T09:59:00 - [Debug] - [SUCCESS: True, Labels: OpenModelica__latest_ && py_modelica14.13]
2016-08-26T13:13:02 - [Info] - Running CyPhy2Modelica 2.0
2016-08-26T13:13:02 - [Debug] - === HEADER ===================================================
Date/Time:       8/26/2016 1:13:02 PM
Windows Version: Microsoft Windows NT 6.2.9200.0
x64 bit OS:      True
GME version:     16.3.23.2581
META version:    14.13.68
META install:    C:\Program Files (x86)\META\
CyPhyML version: 14.13-t8
CyPhyML GUID:    {9088E798-8A24-4B44-B98E-D5C7C1792C2F}
Python Dll:      UNKNOWN
Python Exe:      UNKNOWN
Python27 VE exe: C:\Program Files (x86)\META\bin\Python27\Scripts\python.exe
PROE ISIS Ext. : C:\Program Files\META\Proe ISIS Extensions\bin\CADCreoParametricCreateAssembly.exe
PROE ISIS ver. : CADCreoParametricCreateAssembly 1.5.4.0
Username:        ted
Currently opened paradigm information
  MetaName    : CyPhyML
  MetaVersion : 14.13-t8

2016-08-26T13:13:02 - [Debug] - Components not used in this design will not be generated in the Modelica Package. Use verbose console to enable this option.
2016-08-26T13:13:02 - [Debug] - Configuration : OK
2016-08-26T13:13:02 - [Info] - DC__Spacecraft_cfg1 [TestBench]
2016-08-26T13:13:02 - [Debug] - Found originalDesignName DC__Spacecraft_cfg1
2016-08-26T13:13:02 - [Debug] - Elaborating model...
2016-08-26T13:13:03 - [Debug] - Elaboration is done.
2016-08-26T13:13:03 - [Debug] - Elaborator : OK
2016-08-26T13:13:03 - [Debug] - Checking rules...
2016-08-26T13:13:03 - [Warning] - ModelicaConnector should have at least 1 connection! This ModelicaConnector will not be generated. Computers_Mount__v.
2016-08-26T13:13:03 - [Warning] - Involved Objects : 
2016-08-26T13:13:03 - [Warning] - [ <a href="mga:id-0065-00000009">v</a> ]
2016-08-26T13:13:03 - [Warning] - ModelicaConnector should have at least 1 connection! This ModelicaConnector will not be generated. Batteries_Mount__v.
2016-08-26T13:13:03 - [Warning] - Involved Objects : 
2016-08-26T13:13:03 - [Warning] - [ <a href="mga:id-0065-00000092">v</a> ]
2016-08-26T13:13:03 - [Warning] - Errors: 0, Warnings: 2, Successes : 764
2016-08-26T13:13:03 - [Debug] - Model check : OK
2016-08-26T13:13:03 - [Debug] - Modelica model was not found for component: RootFolder/Testing/DynamicsSim/PowerAnalysis_DesignSpace TemporaryFolder/DC__Spacecraft_cfg1/DC_Spacecraft/Antenna
2016-08-26T13:13:03 - [Debug] - <b>DC_Spacecraft</b>
2016-08-26T13:13:03 - [Debug] - <b>- Base_Module_Frame</b>
2016-08-26T13:13:03 - [Debug] - <b>- Computer</b>
2016-08-26T13:13:03 - [Debug] - <b>- Shelf3</b>
2016-08-26T13:13:03 - [Debug] - - Antenna
2016-08-26T13:13:03 - [Debug] - <b>- NewDC__Solar_Panels_3B__Solar_Panels_4B</b>
2016-08-26T13:13:03 - [Debug] - <b>- NewDC__Solar_Panels_3A__Solar_Panels_4A</b>
2016-08-26T13:13:03 - [Debug] - <b>- Battery</b>
2016-08-26T13:13:03 - [Debug] - <b>- Shelf2</b>
2016-08-26T13:13:03 - [Debug] - <b>- Shelf1</b>
2016-08-26T13:13:03 - [Debug] - <b>- Cargo_Module</b>
2016-08-26T13:13:03 - [Debug] - <b>- attitudeScenario</b>
2016-08-26T13:13:03 - [Debug] - <b>- Gyroscope_Momentum_Control</b>
2016-08-26T13:13:03 - [Debug] - Solver settings being used:
2016-08-26T13:13:03 - [Debug] - - [Dymola] Solver: dassl
2016-08-26T13:13:03 - [Debug] - - [OpenModelica] Solver: dassl
2016-08-26T13:13:03 - [Debug] - - Tool selection for JobManager: OpenModelica__latest_
2016-08-26T13:13:03 - [Debug] - - Start time: 0
2016-08-26T13:13:03 - [Debug] - - Stop time: 10000
2016-08-26T13:13:03 - [Warning] - Component 'Antenna' inside 'DC_Spacecraft' does not contain any dynamic models, it will not be generated.
2016-08-26T13:13:03 - [Debug] - Trying to get svn info for D:\Work\SatExample\CyPhy_Model\ModelicaLib.
2016-08-26T13:13:03 - [Debug] - svn command line tools not installed
2016-08-26T13:13:03 - [Debug] - Modelica translation : OK
2016-08-26T13:13:03 - [Debug] - Copied library from D:\Work\SatExample\CyPhy_Model\ModelicaLib\TbLib.mo to D:\Work\SatExample\CyPhy_Model\results\jftwaujx\TestBench_Dynamics\Libraries\TbLib.mo
2016-08-26T13:13:03 - [Debug] - Script generation : OK
2016-08-26T13:13:04 - [Debug] - ======================================================
2016-08-26T13:13:04 - [Debug] - Start time: 8/26/2016 1:13:02 PM
2016-08-26T13:13:04 - [Debug] - Configuration = 00:00:00.0300208
2016-08-26T13:13:04 - [Debug] - Elaborator = 00:00:00.4853431
2016-08-26T13:13:04 - [Debug] - Model check = 00:00:01.0302281
2016-08-26T13:13:04 - [Debug] - Modelica translation = 00:00:01.1593192
2016-08-26T13:13:04 - [Debug] - Script generation = 00:00:01.1998465
2016-08-26T13:13:04 - [Debug] - ======================================================
2016-08-26T13:13:04 - [Info] - CyPhy2Modelica 2.0 finished successfully.
2016-08-26T13:13:04 - [Info] - Generated files are here: <a href="file:///D:\Work\SatExample\CyPhy_Model\results\jftwaujx\TestBench_Dynamics" target="_blank">D:\Work\SatExample\CyPhy_Model\results\jftwaujx\TestBench_Dynamics</a>
2016-08-26T13:13:04 - [Debug] - [SUCCESS: True, Labels: OpenModelica__latest_ && py_modelica14.13]
2016-08-26T13:13:11 - [Info] - Running CyPhy2Modelica 2.0
2016-08-26T13:13:11 - [Debug] - === HEADER ===================================================
Date/Time:       8/26/2016 1:13:11 PM
Windows Version: Microsoft Windows NT 6.2.9200.0
x64 bit OS:      True
GME version:     16.3.23.2581
META version:    14.13.68
META install:    C:\Program Files (x86)\META\
CyPhyML version: 14.13-t8
CyPhyML GUID:    {9088E798-8A24-4B44-B98E-D5C7C1792C2F}
Python Dll:      UNKNOWN
Python Exe:      UNKNOWN
Python27 VE exe: C:\Program Files (x86)\META\bin\Python27\Scripts\python.exe
PROE ISIS Ext. : C:\Program Files\META\Proe ISIS Extensions\bin\CADCreoParametricCreateAssembly.exe
PROE ISIS ver. : CADCreoParametricCreateAssembly 1.5.4.0
Username:        ted
Currently opened paradigm information
  MetaName    : CyPhyML
  MetaVersion : 14.13-t8

2016-08-26T13:13:11 - [Debug] - Components not used in this design will not be generated in the Modelica Package. Use verbose console to enable this option.
2016-08-26T13:13:11 - [Debug] - Configuration : OK
2016-08-26T13:13:11 - [Info] - DC__Spacecraft_cfg2 [TestBench]
2016-08-26T13:13:11 - [Debug] - Found originalDesignName DC__Spacecraft_cfg2
2016-08-26T13:13:11 - [Debug] - Elaborating model...
2016-08-26T13:13:11 - [Debug] - Elaboration is done.
2016-08-26T13:13:11 - [Debug] - Elaborator : OK
2016-08-26T13:13:11 - [Debug] - Checking rules...
2016-08-26T13:13:11 - [Warning] - ModelicaConnector should have at least 1 connection! This ModelicaConnector will not be generated. Computers_Mount__v.
2016-08-26T13:13:11 - [Warning] - Involved Objects : 
2016-08-26T13:13:11 - [Warning] - [ <a href="mga:id-0065-00000009">v</a> ]
2016-08-26T13:13:12 - [Warning] - ModelicaConnector should have at least 1 connection! This ModelicaConnector will not be generated. Batteries_Mount__v.
2016-08-26T13:13:12 - [Warning] - Involved Objects : 
2016-08-26T13:13:12 - [Warning] - [ <a href="mga:id-0065-00000092">v</a> ]
2016-08-26T13:13:12 - [Warning] - Errors: 0, Warnings: 2, Successes : 764
2016-08-26T13:13:12 - [Debug] - Model check : OK
2016-08-26T13:13:12 - [Debug] - Modelica model was not found for component: RootFolder/Testing/DynamicsSim/PowerAnalysis_DesignSpace TemporaryFolder/DC__Spacecraft_cfg2/DC_Spacecraft/Antenna
2016-08-26T13:13:12 - [Debug] - <b>DC_Spacecraft</b>
2016-08-26T13:13:12 - [Debug] - <b>- Computer</b>
2016-08-26T13:13:12 - [Debug] - <b>- Shelf3</b>
2016-08-26T13:13:12 - [Debug] - - Antenna
2016-08-26T13:13:12 - [Debug] - <b>- Gyroscope_Momentum_Control</b>
2016-08-26T13:13:12 - [Debug] - <b>- Shelf2</b>
2016-08-26T13:13:12 - [Debug] - <b>- Base_Module_Frame</b>
2016-08-26T13:13:12 - [Debug] - <b>- attitudeScenario</b>
2016-08-26T13:13:12 - [Debug] - <b>- Battery</b>
2016-08-26T13:13:12 - [Debug] - <b>- Shelf1</b>
2016-08-26T13:13:12 - [Debug] - <b>- NewDC__Solar_Panels_3B__Solar_Panels_3B</b>
2016-08-26T13:13:12 - [Debug] - <b>- NewDC__Solar_Panels_3A__Solar_Panels_3A</b>
2016-08-26T13:13:12 - [Debug] - <b>- Cargo_Module</b>
2016-08-26T13:13:12 - [Debug] - Solver settings being used:
2016-08-26T13:13:12 - [Debug] - - [Dymola] Solver: dassl
2016-08-26T13:13:12 - [Debug] - - [OpenModelica] Solver: dassl
2016-08-26T13:13:12 - [Debug] - - Tool selection for JobManager: OpenModelica__latest_
2016-08-26T13:13:12 - [Debug] - - Start time: 0
2016-08-26T13:13:12 - [Debug] - - Stop time: 10000
2016-08-26T13:13:12 - [Warning] - Component 'Antenna' inside 'DC_Spacecraft' does not contain any dynamic models, it will not be generated.
2016-08-26T13:13:12 - [Debug] - Trying to get svn info for D:\Work\SatExample\CyPhy_Model\ModelicaLib.
2016-08-26T13:13:12 - [Debug] - svn command line tools not installed
2016-08-26T13:13:12 - [Debug] - Modelica translation : OK
2016-08-26T13:13:12 - [Debug] - Copied library from D:\Work\SatExample\CyPhy_Model\ModelicaLib\TbLib.mo to D:\Work\SatExample\CyPhy_Model\results\aqmzjcle\TestBench_Dynamics\Libraries\TbLib.mo
2016-08-26T13:13:12 - [Debug] - Script generation : OK
2016-08-26T13:13:13 - [Debug] - ======================================================
2016-08-26T13:13:13 - [Debug] - Start time: 8/26/2016 1:13:11 PM
2016-08-26T13:13:13 - [Debug] - Configuration = 00:00:00.0196308
2016-08-26T13:13:13 - [Debug] - Elaborator = 00:00:00.4926950
2016-08-26T13:13:13 - [Debug] - Model check = 00:00:01.0079788
2016-08-26T13:13:13 - [Debug] - Modelica translation = 00:00:01.1571259
2016-08-26T13:13:13 - [Debug] - Script generation = 00:00:01.1768080
2016-08-26T13:13:13 - [Debug] - ======================================================
2016-08-26T13:13:13 - [Info] - CyPhy2Modelica 2.0 finished successfully.
2016-08-26T13:13:13 - [Info] - Generated files are here: <a href="file:///D:\Work\SatExample\CyPhy_Model\results\aqmzjcle\TestBench_Dynamics" target="_blank">D:\Work\SatExample\CyPhy_Model\results\aqmzjcle\TestBench_Dynamics</a>
2016-08-26T13:13:13 - [Debug] - [SUCCESS: True, Labels: OpenModelica__latest_ && py_modelica14.13]
2016-08-26T13:13:18 - [Info] - Running CyPhy2Modelica 2.0
2016-08-26T13:13:18 - [Debug] - === HEADER ===================================================
Date/Time:       8/26/2016 1:13:18 PM
Windows Version: Microsoft Windows NT 6.2.9200.0
x64 bit OS:      True
GME version:     16.3.23.2581
META version:    14.13.68
META install:    C:\Program Files (x86)\META\
CyPhyML version: 14.13-t8
CyPhyML GUID:    {9088E798-8A24-4B44-B98E-D5C7C1792C2F}
Python Dll:      UNKNOWN
Python Exe:      UNKNOWN
Python27 VE exe: C:\Program Files (x86)\META\bin\Python27\Scripts\python.exe
PROE ISIS Ext. : C:\Program Files\META\Proe ISIS Extensions\bin\CADCreoParametricCreateAssembly.exe
PROE ISIS ver. : CADCreoParametricCreateAssembly 1.5.4.0
Username:        ted
Currently opened paradigm information
  MetaName    : CyPhyML
  MetaVersion : 14.13-t8

2016-08-26T13:13:18 - [Debug] - Components not used in this design will not be generated in the Modelica Package. Use verbose console to enable this option.
2016-08-26T13:13:18 - [Debug] - Configuration : OK
2016-08-26T13:13:18 - [Info] - DC__Spacecraft_cfg3 [TestBench]
2016-08-26T13:13:18 - [Debug] - Found originalDesignName DC__Spacecraft_cfg3
2016-08-26T13:13:18 - [Debug] - Elaborating model...
2016-08-26T13:13:18 - [Debug] - Elaboration is done.
2016-08-26T13:13:18 - [Debug] - Elaborator : OK
2016-08-26T13:13:18 - [Debug] - Checking rules...
2016-08-26T13:13:19 - [Warning] - ModelicaConnector should have at least 1 connection! This ModelicaConnector will not be generated. Computers_Mount__v.
2016-08-26T13:13:19 - [Warning] - Involved Objects : 
2016-08-26T13:13:19 - [Warning] - [ <a href="mga:id-0065-00000009">v</a> ]
2016-08-26T13:13:19 - [Warning] - ModelicaConnector should have at least 1 connection! This ModelicaConnector will not be generated. Batteries_Mount__v.
2016-08-26T13:13:19 - [Warning] - Involved Objects : 
2016-08-26T13:13:19 - [Warning] - [ <a href="mga:id-0065-00000092">v</a> ]
2016-08-26T13:13:19 - [Warning] - Errors: 0, Warnings: 2, Successes : 772
2016-08-26T13:13:19 - [Debug] - Model check : OK
2016-08-26T13:13:19 - [Debug] - Modelica model was not found for component: RootFolder/Testing/DynamicsSim/PowerAnalysis_DesignSpace TemporaryFolder/DC__Spacecraft_cfg3/DC_Spacecraft/Antenna
2016-08-26T13:13:19 - [Debug] - <b>DC_Spacecraft</b>
2016-08-26T13:13:19 - [Debug] - <b>- Shelf1</b>
2016-08-26T13:13:19 - [Debug] - <b>- Shelf3</b>
2016-08-26T13:13:19 - [Debug] - <b>- attitudeScenario</b>
2016-08-26T13:13:19 - [Debug] - <b>- Gyroscope_Momentum_Control</b>
2016-08-26T13:13:19 - [Debug] - <b>- Base_Module_Frame</b>
2016-08-26T13:13:19 - [Debug] - <b>- Shelf2</b>
2016-08-26T13:13:19 - [Debug] - <b>- Computer</b>
2016-08-26T13:13:19 - [Debug] - <b>- Battery</b>
2016-08-26T13:13:19 - [Debug] - <b>- NewDC__Solar_Panels_3B__Solar_Panels_2B</b>
2016-08-26T13:13:19 - [Debug] - - Antenna
2016-08-26T13:13:19 - [Debug] - <b>- Cargo_Module</b>
2016-08-26T13:13:19 - [Debug] - <b>- NewDC__Solar_Panels_3A__Solar_Panels_2A</b>
2016-08-26T13:13:19 - [Debug] - Solver settings being used:
2016-08-26T13:13:19 - [Debug] - - [Dymola] Solver: dassl
2016-08-26T13:13:19 - [Debug] - - [OpenModelica] Solver: dassl
2016-08-26T13:13:19 - [Debug] - - Tool selection for JobManager: OpenModelica__latest_
2016-08-26T13:13:19 - [Debug] - - Start time: 0
2016-08-26T13:13:19 - [Debug] - - Stop time: 10000
2016-08-26T13:13:19 - [Warning] - Component 'Antenna' inside 'DC_Spacecraft' does not contain any dynamic models, it will not be generated.
2016-08-26T13:13:19 - [Debug] - Trying to get svn info for D:\Work\SatExample\CyPhy_Model\ModelicaLib.
2016-08-26T13:13:19 - [Debug] - svn command line tools not installed
2016-08-26T13:13:19 - [Debug] - Modelica translation : OK
2016-08-26T13:13:19 - [Debug] - Copied library from D:\Work\SatExample\CyPhy_Model\ModelicaLib\TbLib.mo to D:\Work\SatExample\CyPhy_Model\results\tlei2pv4\TestBench_Dynamics\Libraries\TbLib.mo
2016-08-26T13:13:19 - [Debug] - Script generation : OK
2016-08-26T13:13:20 - [Debug] - ======================================================
2016-08-26T13:13:20 - [Debug] - Start time: 8/26/2016 1:13:18 PM
2016-08-26T13:13:20 - [Debug] - Configuration = 00:00:00.0335250
2016-08-26T13:13:20 - [Debug] - Elaborator = 00:00:00.4493180
2016-08-26T13:13:20 - [Debug] - Model check = 00:00:00.9592031
2016-08-26T13:13:20 - [Debug] - Modelica translation = 00:00:01.0532569
2016-08-26T13:13:20 - [Debug] - Script generation = 00:00:01.0677662
2016-08-26T13:13:20 - [Debug] - ======================================================
2016-08-26T13:13:20 - [Info] - CyPhy2Modelica 2.0 finished successfully.
2016-08-26T13:13:20 - [Info] - Generated files are here: <a href="file:///D:\Work\SatExample\CyPhy_Model\results\tlei2pv4\TestBench_Dynamics" target="_blank">D:\Work\SatExample\CyPhy_Model\results\tlei2pv4\TestBench_Dynamics</a>
2016-08-26T13:13:20 - [Debug] - [SUCCESS: True, Labels: OpenModelica__latest_ && py_modelica14.13]
