2016-08-26T08:58:54 - [Info] - Running CyPhy2Modelica 2.0
2016-08-26T08:58:55 - [Debug] - === HEADER ===================================================
Date/Time:       8/26/2016 8:58:54 AM
Windows Version: Microsoft Windows NT 6.2.9200.0
x64 bit OS:      True
GME version:     16.3.23.2581
META version:    14.13.68
META install:    C:\Program Files (x86)\META\
CyPhyML version: 14.13-t8
CyPhyML GUID:    {9088E798-8A24-4B44-B98E-D5C7C1792C2F}
Python Dll:      UNKNOWN
Python Exe:      UNKNOWN
Python27 VE exe: C:\Program Files (x86)\META\bin\Python27\Scripts\python.exe
PROE ISIS Ext. : C:\Program Files\META\Proe ISIS Extensions\bin\CADCreoParametricCreateAssembly.exe
PROE ISIS ver. : CADCreoParametricCreateAssembly 1.5.4.0
Username:        ted
Currently opened paradigm information
  MetaName    : CyPhyML
  MetaVersion : 14.13-t8

2016-08-26T08:58:55 - [Debug] - Components not used in this design will not be generated in the Modelica Package. Use verbose console to enable this option.
2016-08-26T08:58:55 - [Debug] - Configuration : OK
2016-08-26T08:58:55 - [Info] - PowerAnalysis [TestBench]
2016-08-26T08:58:55 - [Debug] - Found originalDesignName SpacecraftNominalConfig
2016-08-26T08:58:55 - [Debug] - Elaborating model...
2016-08-26T08:58:55 - [Debug] - Elaboration is done.
2016-08-26T08:58:55 - [Debug] - Elaborator : OK
2016-08-26T08:58:55 - [Debug] - Checking rules...
2016-08-26T08:58:55 - [Warning] - ModelicaConnector should have at least 1 connection! This ModelicaConnector will not be generated. Computers_Mount__v.
2016-08-26T08:58:55 - [Warning] - Involved Objects : 
2016-08-26T08:58:55 - [Warning] - [ <a href="mga:id-0065-00000009">v</a> ]
2016-08-26T08:58:56 - [Warning] - ModelicaConnector should have at least 1 connection! This ModelicaConnector will not be generated. Batteries_Mount__v.
2016-08-26T08:58:56 - [Warning] - Involved Objects : 
2016-08-26T08:58:56 - [Warning] - [ <a href="mga:id-0065-00000092">v</a> ]
2016-08-26T08:58:56 - [Warning] - Errors: 0, Warnings: 2, Successes : 761
2016-08-26T08:58:56 - [Debug] - Model check : OK
2016-08-26T08:58:56 - [Debug] - Modelica model was not found for component: RootFolder/Testing/DynamicsSim/PowerAnalysis/DC_Spacecraft/Antenna
2016-08-26T08:58:56 - [Debug] - <b>DC_Spacecraft</b>
2016-08-26T08:58:56 - [Debug] - <b>- Gyroscope_Momentum_Control</b>
2016-08-26T08:58:56 - [Debug] - <b>- Shelf3</b>
2016-08-26T08:58:56 - [Debug] - <b>- Computer</b>
2016-08-26T08:58:56 - [Debug] - <b>- attitudeScenario</b>
2016-08-26T08:58:56 - [Debug] - <b>- Battery</b>
2016-08-26T08:58:56 - [Debug] - <b>- Cargo_Module</b>
2016-08-26T08:58:56 - [Debug] - <b>- Shelf2</b>
2016-08-26T08:58:56 - [Debug] - - Antenna
2016-08-26T08:58:56 - [Debug] - <b>- Solar_Panels_3A</b>
2016-08-26T08:58:56 - [Debug] - <b>- Shelf1</b>
2016-08-26T08:58:56 - [Debug] - <b>- Solar_Panels_3B</b>
2016-08-26T08:58:56 - [Debug] - <b>- Base_Module_Frame</b>
2016-08-26T08:58:56 - [Debug] - Solver settings being used:
2016-08-26T08:58:56 - [Debug] - - [Dymola] Solver: dassl
2016-08-26T08:58:56 - [Debug] - - [OpenModelica] Solver: dassl
2016-08-26T08:58:56 - [Debug] - - Tool selection for JobManager: OpenModelica__latest_
2016-08-26T08:58:56 - [Debug] - - Start time: 0
2016-08-26T08:58:56 - [Debug] - - Stop time: 10000
2016-08-26T08:58:56 - [Warning] - Component 'Antenna' inside 'DC_Spacecraft' does not contain any dynamic models, it will not be generated.
2016-08-26T08:58:56 - [Debug] - Trying to get svn info for D:\Work\SatExample\CyPhy_Model\ModelicaLib.
2016-08-26T08:58:56 - [Debug] - svn command line tools not installed
2016-08-26T08:58:56 - [Debug] - Modelica translation : OK
2016-08-26T08:58:56 - [Debug] - Copied library from D:\Work\SatExample\CyPhy_Model\ModelicaLib\TbLib.mo to D:\Work\SatExample\CyPhy_Model\results\smkfgcke\Libraries\TbLib.mo
2016-08-26T08:58:56 - [Debug] - Script generation : OK
2016-08-26T08:58:57 - [Debug] - ======================================================
2016-08-26T08:58:57 - [Debug] - Start time: 8/26/2016 8:58:40 AM
2016-08-26T08:58:57 - [Debug] - Configuration = 00:00:14.5275544
2016-08-26T08:58:57 - [Debug] - Elaborator = 00:00:15.0095716
2016-08-26T08:58:57 - [Debug] - Model check = 00:00:15.5397492
2016-08-26T08:58:57 - [Debug] - Modelica translation = 00:00:15.7090443
2016-08-26T08:58:57 - [Debug] - Script generation = 00:00:15.7559219
2016-08-26T08:58:57 - [Debug] - ======================================================
2016-08-26T08:58:57 - [Info] - CyPhy2Modelica 2.0 finished successfully.
2016-08-26T08:58:57 - [Info] - Generated files are here: <a href="file:///D:\Work\SatExample\CyPhy_Model\results\smkfgcke" target="_blank">D:\Work\SatExample\CyPhy_Model\results\smkfgcke</a>
2016-08-26T08:58:57 - [Debug] - [SUCCESS: True, Labels: OpenModelica__latest_ && py_modelica14.13]
2016-08-26T09:01:00 - [Info] - Running CyPhy2Modelica 2.0
2016-08-26T09:01:00 - [Debug] - === HEADER ===================================================
Date/Time:       8/26/2016 9:01:00 AM
Windows Version: Microsoft Windows NT 6.2.9200.0
x64 bit OS:      True
GME version:     16.3.23.2581
META version:    14.13.68
META install:    C:\Program Files (x86)\META\
CyPhyML version: 14.13-t8
CyPhyML GUID:    {9088E798-8A24-4B44-B98E-D5C7C1792C2F}
Python Dll:      UNKNOWN
Python Exe:      UNKNOWN
Python27 VE exe: C:\Program Files (x86)\META\bin\Python27\Scripts\python.exe
PROE ISIS Ext. : C:\Program Files\META\Proe ISIS Extensions\bin\CADCreoParametricCreateAssembly.exe
PROE ISIS ver. : CADCreoParametricCreateAssembly 1.5.4.0
Username:        ted
Currently opened paradigm information
  MetaName    : CyPhyML
  MetaVersion : 14.13-t8

2016-08-26T09:01:00 - [Debug] - Components not used in this design will not be generated in the Modelica Package. Use verbose console to enable this option.
2016-08-26T09:01:00 - [Debug] - Configuration : OK
2016-08-26T09:01:00 - [Info] - DC__Spacecraft_cfg1 [TestBench]
2016-08-26T09:01:00 - [Debug] - Found originalDesignName DC__Spacecraft_cfg1
2016-08-26T09:01:00 - [Debug] - Elaborating model...
2016-08-26T09:01:00 - [Debug] - Elaboration is done.
2016-08-26T09:01:00 - [Debug] - Elaborator : OK
2016-08-26T09:01:00 - [Debug] - Checking rules...
2016-08-26T09:01:00 - [Warning] - ModelicaConnector should have at least 1 connection! This ModelicaConnector will not be generated. Computers_Mount__v.
2016-08-26T09:01:00 - [Warning] - Involved Objects : 
2016-08-26T09:01:00 - [Warning] - [ <a href="mga:id-0065-00000967">Computers_Mount__v</a> ]
2016-08-26T09:01:00 - [Warning] - ModelicaConnector should have at least 1 connection! This ModelicaConnector will not be generated. Batteries_Mount__v.
2016-08-26T09:01:00 - [Warning] - Involved Objects : 
2016-08-26T09:01:00 - [Warning] - [ <a href="mga:id-0065-0000095d">Batteries_Mount__v</a> ]
2016-08-26T09:01:00 - [Warning] - ModelicaConnector should have at least 1 connection! This ModelicaConnector will not be generated. voltage_bus__i.
2016-08-26T09:01:00 - [Warning] - Involved Objects : 
2016-08-26T09:01:00 - [Warning] - [ <a href="mga:id-0065-00000466">i</a> ]
2016-08-26T09:01:00 - [Warning] - ModelicaConnector should have at least 1 connection! This ModelicaConnector will not be generated. current_gyro__i.
2016-08-26T09:01:00 - [Warning] - Involved Objects : 
2016-08-26T09:01:00 - [Warning] - [ <a href="mga:id-0065-0000045e">i</a> ]
2016-08-26T09:01:00 - [Warning] - ModelicaConnector should have at least 1 connection! This ModelicaConnector will not be generated. angle_setpoint__i.
2016-08-26T09:01:00 - [Warning] - Involved Objects : 
2016-08-26T09:01:00 - [Warning] - [ <a href="mga:id-0065-00000468">i</a> ]
2016-08-26T09:01:00 - [Warning] - ModelicaConnector should have at least 1 connection! This ModelicaConnector will not be generated. current_battery__i.
2016-08-26T09:01:00 - [Warning] - Involved Objects : 
2016-08-26T09:01:00 - [Warning] - [ <a href="mga:id-0065-00000460">i</a> ]
2016-08-26T09:01:00 - [Warning] - ModelicaConnector should have at least 1 connection! This ModelicaConnector will not be generated. angle_actual__i.
2016-08-26T09:01:00 - [Warning] - Involved Objects : 
2016-08-26T09:01:00 - [Warning] - [ <a href="mga:id-0065-00000462">i</a> ]
2016-08-26T09:01:00 - [Warning] - ModelicaConnector should have at least 1 connection! This ModelicaConnector will not be generated. current_solarCell__i.
2016-08-26T09:01:00 - [Warning] - Involved Objects : 
2016-08-26T09:01:00 - [Warning] - [ <a href="mga:id-0065-00000464">i</a> ]
2016-08-26T09:01:00 - [Warning] - Errors: 0, Warnings: 8, Successes : 758
2016-08-26T09:01:00 - [Debug] - Model check : OK
2016-08-26T09:01:00 - [Debug] - Modelica model was not found for component: RootFolder/Testing/DynamicsSim/PowerAnalysis_DesignSpace TemporaryFolder/DC__Spacecraft_cfg1/DC_Spacecraft/Antenna
2016-08-26T09:01:00 - [Debug] - <b>DC_Spacecraft</b>
2016-08-26T09:01:00 - [Debug] - <b>- Base_Module_Frame</b>
2016-08-26T09:01:00 - [Debug] - <b>- Shelf3</b>
2016-08-26T09:01:00 - [Debug] - <b>- Shelf2</b>
2016-08-26T09:01:00 - [Debug] - <b>- Cargo_Module</b>
2016-08-26T09:01:00 - [Debug] - <b>- Shelf1</b>
2016-08-26T09:01:00 - [Debug] - <b>- attitudeScenario</b>
2016-08-26T09:01:00 - [Debug] - <b>- Gyroscope_Momentum_Control</b>
2016-08-26T09:01:00 - [Debug] - <b>- Computer</b>
2016-08-26T09:01:00 - [Debug] - <b>- NewDC__Solar_Panels_3B__Solar_Panels_4B</b>
2016-08-26T09:01:00 - [Debug] - <b>- NewDC__Solar_Panels_3A__Solar_Panels_4A</b>
2016-08-26T09:01:00 - [Debug] - <b>- Battery</b>
2016-08-26T09:01:00 - [Debug] - - Antenna
2016-08-26T09:01:00 - [Debug] - Solver settings being used:
2016-08-26T09:01:00 - [Debug] - - [Dymola] Solver: dassl
2016-08-26T09:01:00 - [Debug] - - [OpenModelica] Solver: dassl
2016-08-26T09:01:00 - [Debug] - - Tool selection for JobManager: OpenModelica__latest_
2016-08-26T09:01:00 - [Debug] - - Start time: 0
2016-08-26T09:01:00 - [Debug] - - Stop time: 10000
2016-08-26T09:01:00 - [Warning] - Component 'Antenna' inside 'DC_Spacecraft' does not contain any dynamic models, it will not be generated.
2016-08-26T09:01:00 - [Debug] - Trying to get svn info for D:\Work\SatExample\CyPhy_Model\ModelicaLib.
2016-08-26T09:01:00 - [Debug] - svn command line tools not installed
2016-08-26T09:01:00 - [Debug] - Modelica translation : OK
2016-08-26T09:01:00 - [Debug] - Copied library from D:\Work\SatExample\CyPhy_Model\ModelicaLib\TbLib.mo to D:\Work\SatExample\CyPhy_Model\results\lqi13klj\TestBench_RotationalElectricalDynamics\Libraries\TbLib.mo
2016-08-26T09:01:00 - [Debug] - Script generation : OK
2016-08-26T09:01:01 - [Debug] - ======================================================
2016-08-26T09:01:01 - [Debug] - Start time: 8/26/2016 9:01:00 AM
2016-08-26T09:01:01 - [Debug] - Configuration = 00:00:00
2016-08-26T09:01:01 - [Debug] - Elaborator = 00:00:00.6791738
2016-08-26T09:01:01 - [Debug] - Model check = 00:00:00.8321438
2016-08-26T09:01:01 - [Debug] - Modelica translation = 00:00:00.9011902
2016-08-26T09:01:01 - [Debug] - Script generation = 00:00:00.9168185
2016-08-26T09:01:01 - [Debug] - ======================================================
2016-08-26T09:01:01 - [Info] - CyPhy2Modelica 2.0 finished successfully.
2016-08-26T09:01:01 - [Info] - Generated files are here: <a href="file:///D:\Work\SatExample\CyPhy_Model\results\lqi13klj\TestBench_RotationalElectricalDynamics" target="_blank">D:\Work\SatExample\CyPhy_Model\results\lqi13klj\TestBench_RotationalElectricalDynamics</a>
2016-08-26T09:01:01 - [Debug] - [SUCCESS: True, Labels: OpenModelica__latest_ && py_modelica14.13]
2016-08-26T09:01:09 - [Info] - Running CyPhy2Modelica 2.0
2016-08-26T09:01:09 - [Debug] - === HEADER ===================================================
Date/Time:       8/26/2016 9:01:09 AM
Windows Version: Microsoft Windows NT 6.2.9200.0
x64 bit OS:      True
GME version:     16.3.23.2581
META version:    14.13.68
META install:    C:\Program Files (x86)\META\
CyPhyML version: 14.13-t8
CyPhyML GUID:    {9088E798-8A24-4B44-B98E-D5C7C1792C2F}
Python Dll:      UNKNOWN
Python Exe:      UNKNOWN
Python27 VE exe: C:\Program Files (x86)\META\bin\Python27\Scripts\python.exe
PROE ISIS Ext. : C:\Program Files\META\Proe ISIS Extensions\bin\CADCreoParametricCreateAssembly.exe
PROE ISIS ver. : CADCreoParametricCreateAssembly 1.5.4.0
Username:        ted
Currently opened paradigm information
  MetaName    : CyPhyML
  MetaVersion : 14.13-t8

2016-08-26T09:01:09 - [Debug] - Components not used in this design will not be generated in the Modelica Package. Use verbose console to enable this option.
2016-08-26T09:01:09 - [Debug] - Configuration : OK
2016-08-26T09:01:09 - [Info] - DC__Spacecraft_cfg2 [TestBench]
2016-08-26T09:01:09 - [Debug] - Found originalDesignName DC__Spacecraft_cfg2
2016-08-26T09:01:09 - [Debug] - Elaborating model...
2016-08-26T09:01:09 - [Debug] - Elaboration is done.
2016-08-26T09:01:09 - [Debug] - Elaborator : OK
2016-08-26T09:01:09 - [Debug] - Checking rules...
2016-08-26T09:01:10 - [Warning] - ModelicaConnector should have at least 1 connection! This ModelicaConnector will not be generated. current_gyro__i.
2016-08-26T09:01:10 - [Warning] - Involved Objects : 
2016-08-26T09:01:10 - [Warning] - [ <a href="mga:id-0065-0000046b">i</a> ]
2016-08-26T09:01:10 - [Warning] - ModelicaConnector should have at least 1 connection! This ModelicaConnector will not be generated. voltage_bus__i.
2016-08-26T09:01:10 - [Warning] - Involved Objects : 
2016-08-26T09:01:10 - [Warning] - [ <a href="mga:id-0065-00000473">i</a> ]
2016-08-26T09:01:10 - [Warning] - ModelicaConnector should have at least 1 connection! This ModelicaConnector will not be generated. angle_actual__i.
2016-08-26T09:01:10 - [Warning] - Involved Objects : 
2016-08-26T09:01:10 - [Warning] - [ <a href="mga:id-0065-0000046f">i</a> ]
2016-08-26T09:01:10 - [Warning] - ModelicaConnector should have at least 1 connection! This ModelicaConnector will not be generated. angle_setpoint__i.
2016-08-26T09:01:10 - [Warning] - Involved Objects : 
2016-08-26T09:01:10 - [Warning] - [ <a href="mga:id-0065-00000475">i</a> ]
2016-08-26T09:01:10 - [Warning] - ModelicaConnector should have at least 1 connection! This ModelicaConnector will not be generated. current_battery__i.
2016-08-26T09:01:10 - [Warning] - Involved Objects : 
2016-08-26T09:01:10 - [Warning] - [ <a href="mga:id-0065-0000046d">i</a> ]
2016-08-26T09:01:10 - [Warning] - ModelicaConnector should have at least 1 connection! This ModelicaConnector will not be generated. current_solarCell__i.
2016-08-26T09:01:10 - [Warning] - Involved Objects : 
2016-08-26T09:01:10 - [Warning] - [ <a href="mga:id-0065-00000471">i</a> ]
2016-08-26T09:01:10 - [Warning] - ModelicaConnector should have at least 1 connection! This ModelicaConnector will not be generated. Batteries_Mount__v.
2016-08-26T09:01:10 - [Warning] - Involved Objects : 
2016-08-26T09:01:10 - [Warning] - [ <a href="mga:id-0065-0000095d">Batteries_Mount__v</a> ]
2016-08-26T09:01:10 - [Warning] - ModelicaConnector should have at least 1 connection! This ModelicaConnector will not be generated. Computers_Mount__v.
2016-08-26T09:01:10 - [Warning] - Involved Objects : 
2016-08-26T09:01:10 - [Warning] - [ <a href="mga:id-0065-00000967">Computers_Mount__v</a> ]
2016-08-26T09:01:10 - [Warning] - Errors: 0, Warnings: 8, Successes : 758
2016-08-26T09:01:10 - [Debug] - Model check : OK
2016-08-26T09:01:10 - [Debug] - Modelica model was not found for component: RootFolder/Testing/DynamicsSim/PowerAnalysis_DesignSpace TemporaryFolder/DC__Spacecraft_cfg2/DC_Spacecraft/Antenna
2016-08-26T09:01:10 - [Debug] - <b>DC_Spacecraft</b>
2016-08-26T09:01:10 - [Debug] - <b>- Shelf3</b>
2016-08-26T09:01:10 - [Debug] - <b>- Shelf2</b>
2016-08-26T09:01:10 - [Debug] - <b>- Shelf1</b>
2016-08-26T09:01:10 - [Debug] - <b>- Base_Module_Frame</b>
2016-08-26T09:01:10 - [Debug] - <b>- Cargo_Module</b>
2016-08-26T09:01:10 - [Debug] - - Antenna
2016-08-26T09:01:10 - [Debug] - <b>- NewDC__Solar_Panels_3B__Solar_Panels_3B</b>
2016-08-26T09:01:10 - [Debug] - <b>- Battery</b>
2016-08-26T09:01:10 - [Debug] - <b>- Computer</b>
2016-08-26T09:01:10 - [Debug] - <b>- NewDC__Solar_Panels_3A__Solar_Panels_3A</b>
2016-08-26T09:01:10 - [Debug] - <b>- attitudeScenario</b>
2016-08-26T09:01:10 - [Debug] - <b>- Gyroscope_Momentum_Control</b>
2016-08-26T09:01:10 - [Debug] - Solver settings being used:
2016-08-26T09:01:10 - [Debug] - - [Dymola] Solver: dassl
2016-08-26T09:01:10 - [Debug] - - [OpenModelica] Solver: dassl
2016-08-26T09:01:10 - [Debug] - - Tool selection for JobManager: OpenModelica__latest_
2016-08-26T09:01:10 - [Debug] - - Start time: 0
2016-08-26T09:01:10 - [Debug] - - Stop time: 10000
2016-08-26T09:01:10 - [Warning] - Component 'Antenna' inside 'DC_Spacecraft' does not contain any dynamic models, it will not be generated.
2016-08-26T09:01:10 - [Debug] - Trying to get svn info for D:\Work\SatExample\CyPhy_Model\ModelicaLib.
2016-08-26T09:01:10 - [Debug] - svn command line tools not installed
2016-08-26T09:01:10 - [Debug] - Modelica translation : OK
2016-08-26T09:01:10 - [Debug] - Copied library from D:\Work\SatExample\CyPhy_Model\ModelicaLib\TbLib.mo to D:\Work\SatExample\CyPhy_Model\results\eflfoyqn\TestBench_RotationalElectricalDynamics\Libraries\TbLib.mo
2016-08-26T09:01:10 - [Debug] - Script generation : OK
2016-08-26T09:01:10 - [Debug] - ======================================================
2016-08-26T09:01:10 - [Debug] - Start time: 8/26/2016 9:01:09 AM
2016-08-26T09:01:10 - [Debug] - Configuration = 00:00:00.0156252
2016-08-26T09:01:10 - [Debug] - Elaborator = 00:00:00.6862712
2016-08-26T09:01:10 - [Debug] - Model check = 00:00:00.8551940
2016-08-26T09:01:10 - [Debug] - Modelica translation = 00:00:00.9333328
2016-08-26T09:01:10 - [Debug] - Script generation = 00:00:00.9549860
2016-08-26T09:01:10 - [Debug] - ======================================================
2016-08-26T09:01:10 - [Info] - CyPhy2Modelica 2.0 finished successfully.
2016-08-26T09:01:10 - [Info] - Generated files are here: <a href="file:///D:\Work\SatExample\CyPhy_Model\results\eflfoyqn\TestBench_RotationalElectricalDynamics" target="_blank">D:\Work\SatExample\CyPhy_Model\results\eflfoyqn\TestBench_RotationalElectricalDynamics</a>
2016-08-26T09:01:10 - [Debug] - [SUCCESS: True, Labels: OpenModelica__latest_ && py_modelica14.13]
2016-08-26T09:01:14 - [Info] - Running CyPhy2Modelica 2.0
2016-08-26T09:01:14 - [Debug] - === HEADER ===================================================
Date/Time:       8/26/2016 9:01:14 AM
Windows Version: Microsoft Windows NT 6.2.9200.0
x64 bit OS:      True
GME version:     16.3.23.2581
META version:    14.13.68
META install:    C:\Program Files (x86)\META\
CyPhyML version: 14.13-t8
CyPhyML GUID:    {9088E798-8A24-4B44-B98E-D5C7C1792C2F}
Python Dll:      UNKNOWN
Python Exe:      UNKNOWN
Python27 VE exe: C:\Program Files (x86)\META\bin\Python27\Scripts\python.exe
PROE ISIS Ext. : C:\Program Files\META\Proe ISIS Extensions\bin\CADCreoParametricCreateAssembly.exe
PROE ISIS ver. : CADCreoParametricCreateAssembly 1.5.4.0
Username:        ted
Currently opened paradigm information
  MetaName    : CyPhyML
  MetaVersion : 14.13-t8

2016-08-26T09:01:14 - [Debug] - Components not used in this design will not be generated in the Modelica Package. Use verbose console to enable this option.
2016-08-26T09:01:14 - [Debug] - Configuration : OK
2016-08-26T09:01:15 - [Info] - DC__Spacecraft_cfg3 [TestBench]
2016-08-26T09:01:15 - [Debug] - Found originalDesignName DC__Spacecraft_cfg3
2016-08-26T09:01:15 - [Debug] - Elaborating model...
2016-08-26T09:01:15 - [Debug] - Elaboration is done.
2016-08-26T09:01:15 - [Debug] - Elaborator : OK
2016-08-26T09:01:15 - [Debug] - Checking rules...
2016-08-26T09:01:15 - [Warning] - ModelicaConnector should have at least 1 connection! This ModelicaConnector will not be generated. Batteries_Mount__v.
2016-08-26T09:01:15 - [Warning] - Involved Objects : 
2016-08-26T09:01:15 - [Warning] - [ <a href="mga:id-0065-0000095d">Batteries_Mount__v</a> ]
2016-08-26T09:01:15 - [Warning] - ModelicaConnector should have at least 1 connection! This ModelicaConnector will not be generated. voltage_bus__i.
2016-08-26T09:01:15 - [Warning] - Involved Objects : 
2016-08-26T09:01:15 - [Warning] - [ <a href="mga:id-0065-00000480">i</a> ]
2016-08-26T09:01:15 - [Warning] - ModelicaConnector should have at least 1 connection! This ModelicaConnector will not be generated. current_battery__i.
2016-08-26T09:01:15 - [Warning] - Involved Objects : 
2016-08-26T09:01:15 - [Warning] - [ <a href="mga:id-0065-0000047a">i</a> ]
2016-08-26T09:01:15 - [Warning] - ModelicaConnector should have at least 1 connection! This ModelicaConnector will not be generated. angle_actual__i.
2016-08-26T09:01:15 - [Warning] - Involved Objects : 
2016-08-26T09:01:15 - [Warning] - [ <a href="mga:id-0065-0000047c">i</a> ]
2016-08-26T09:01:15 - [Warning] - ModelicaConnector should have at least 1 connection! This ModelicaConnector will not be generated. current_gyro__i.
2016-08-26T09:01:15 - [Warning] - Involved Objects : 
2016-08-26T09:01:15 - [Warning] - [ <a href="mga:id-0065-00000478">i</a> ]
2016-08-26T09:01:15 - [Warning] - ModelicaConnector should have at least 1 connection! This ModelicaConnector will not be generated. angle_setpoint__i.
2016-08-26T09:01:15 - [Warning] - Involved Objects : 
2016-08-26T09:01:15 - [Warning] - [ <a href="mga:id-0065-00000482">i</a> ]
2016-08-26T09:01:15 - [Warning] - ModelicaConnector should have at least 1 connection! This ModelicaConnector will not be generated. current_solarCell__i.
2016-08-26T09:01:15 - [Warning] - Involved Objects : 
2016-08-26T09:01:15 - [Warning] - [ <a href="mga:id-0065-0000047e">i</a> ]
2016-08-26T09:01:15 - [Warning] - ModelicaConnector should have at least 1 connection! This ModelicaConnector will not be generated. Computers_Mount__v.
2016-08-26T09:01:15 - [Warning] - Involved Objects : 
2016-08-26T09:01:15 - [Warning] - [ <a href="mga:id-0065-00000967">Computers_Mount__v</a> ]
2016-08-26T09:01:15 - [Warning] - Errors: 0, Warnings: 8, Successes : 766
2016-08-26T09:01:15 - [Debug] - Model check : OK
2016-08-26T09:01:15 - [Debug] - Modelica model was not found for component: RootFolder/Testing/DynamicsSim/PowerAnalysis_DesignSpace TemporaryFolder/DC__Spacecraft_cfg3/DC_Spacecraft/Antenna
2016-08-26T09:01:15 - [Debug] - <b>DC_Spacecraft</b>
2016-08-26T09:01:15 - [Debug] - <b>- NewDC__Solar_Panels_3A__Solar_Panels_2A</b>
2016-08-26T09:01:15 - [Debug] - <b>- Shelf1</b>
2016-08-26T09:01:15 - [Debug] - <b>- Battery</b>
2016-08-26T09:01:15 - [Debug] - <b>- Cargo_Module</b>
2016-08-26T09:01:15 - [Debug] - <b>- NewDC__Solar_Panels_3B__Solar_Panels_2B</b>
2016-08-26T09:01:15 - [Debug] - <b>- Shelf2</b>
2016-08-26T09:01:15 - [Debug] - <b>- Computer</b>
2016-08-26T09:01:15 - [Debug] - <b>- Shelf3</b>
2016-08-26T09:01:15 - [Debug] - - Antenna
2016-08-26T09:01:15 - [Debug] - <b>- Base_Module_Frame</b>
2016-08-26T09:01:15 - [Debug] - <b>- attitudeScenario</b>
2016-08-26T09:01:15 - [Debug] - <b>- Gyroscope_Momentum_Control</b>
2016-08-26T09:01:15 - [Debug] - Solver settings being used:
2016-08-26T09:01:15 - [Debug] - - [Dymola] Solver: dassl
2016-08-26T09:01:15 - [Debug] - - [OpenModelica] Solver: dassl
2016-08-26T09:01:15 - [Debug] - - Tool selection for JobManager: OpenModelica__latest_
2016-08-26T09:01:15 - [Debug] - - Start time: 0
2016-08-26T09:01:15 - [Debug] - - Stop time: 10000
2016-08-26T09:01:15 - [Warning] - Component 'Antenna' inside 'DC_Spacecraft' does not contain any dynamic models, it will not be generated.
2016-08-26T09:01:15 - [Debug] - Trying to get svn info for D:\Work\SatExample\CyPhy_Model\ModelicaLib.
2016-08-26T09:01:15 - [Debug] - svn command line tools not installed
2016-08-26T09:01:15 - [Debug] - Modelica translation : OK
2016-08-26T09:01:15 - [Debug] - Copied library from D:\Work\SatExample\CyPhy_Model\ModelicaLib\TbLib.mo to D:\Work\SatExample\CyPhy_Model\results\hir41xnx\TestBench_RotationalElectricalDynamics\Libraries\TbLib.mo
2016-08-26T09:01:15 - [Debug] - Script generation : OK
2016-08-26T09:01:16 - [Debug] - ======================================================
2016-08-26T09:01:16 - [Debug] - Start time: 8/26/2016 9:01:14 AM
2016-08-26T09:01:16 - [Debug] - Configuration = 00:00:00
2016-08-26T09:01:16 - [Debug] - Elaborator = 00:00:00.6261585
2016-08-26T09:01:16 - [Debug] - Model check = 00:00:00.7798276
2016-08-26T09:01:16 - [Debug] - Modelica translation = 00:00:00.8640768
2016-08-26T09:01:16 - [Debug] - Script generation = 00:00:00.8797155
2016-08-26T09:01:16 - [Debug] - ======================================================
2016-08-26T09:01:16 - [Info] - CyPhy2Modelica 2.0 finished successfully.
2016-08-26T09:01:16 - [Info] - Generated files are here: <a href="file:///D:\Work\SatExample\CyPhy_Model\results\hir41xnx\TestBench_RotationalElectricalDynamics" target="_blank">D:\Work\SatExample\CyPhy_Model\results\hir41xnx\TestBench_RotationalElectricalDynamics</a>
2016-08-26T09:01:16 - [Debug] - [SUCCESS: True, Labels: OpenModelica__latest_ && py_modelica14.13]
2016-08-26T09:01:45 - [Info] - Running CyPhy2Modelica 2.0
2016-08-26T09:01:45 - [Debug] - === HEADER ===================================================
Date/Time:       8/26/2016 9:01:45 AM
Windows Version: Microsoft Windows NT 6.2.9200.0
x64 bit OS:      True
GME version:     16.3.23.2581
META version:    14.13.68
META install:    C:\Program Files (x86)\META\
CyPhyML version: 14.13-t8
CyPhyML GUID:    {9088E798-8A24-4B44-B98E-D5C7C1792C2F}
Python Dll:      UNKNOWN
Python Exe:      UNKNOWN
Python27 VE exe: C:\Program Files (x86)\META\bin\Python27\Scripts\python.exe
PROE ISIS Ext. : C:\Program Files\META\Proe ISIS Extensions\bin\CADCreoParametricCreateAssembly.exe
PROE ISIS ver. : CADCreoParametricCreateAssembly 1.5.4.0
Username:        ted
Currently opened paradigm information
  MetaName    : CyPhyML
  MetaVersion : 14.13-t8

2016-08-26T09:01:45 - [Debug] - Components not used in this design will not be generated in the Modelica Package. Use verbose console to enable this option.
2016-08-26T09:01:45 - [Debug] - Configuration : OK
2016-08-26T09:01:45 - [Info] - DC__Spacecraft_cfg1 [TestBench]
2016-08-26T09:01:45 - [Debug] - Found originalDesignName DC__Spacecraft_cfg1
2016-08-26T09:01:45 - [Debug] - Elaborating model...
2016-08-26T09:01:46 - [Debug] - Elaboration is done.
2016-08-26T09:01:46 - [Debug] - Elaborator : OK
2016-08-26T09:01:46 - [Debug] - Checking rules...
2016-08-26T09:01:46 - [Warning] - ModelicaConnector should have at least 1 connection! This ModelicaConnector will not be generated. Computers_Mount__v.
2016-08-26T09:01:46 - [Warning] - Involved Objects : 
2016-08-26T09:01:46 - [Warning] - [ <a href="mga:id-0065-00000967">Computers_Mount__v</a> ]
2016-08-26T09:01:46 - [Warning] - ModelicaConnector should have at least 1 connection! This ModelicaConnector will not be generated. Batteries_Mount__v.
2016-08-26T09:01:46 - [Warning] - Involved Objects : 
2016-08-26T09:01:46 - [Warning] - [ <a href="mga:id-0065-0000095d">Batteries_Mount__v</a> ]
2016-08-26T09:01:46 - [Warning] - ModelicaConnector should have at least 1 connection! This ModelicaConnector will not be generated. voltage_bus__i.
2016-08-26T09:01:46 - [Warning] - Involved Objects : 
2016-08-26T09:01:46 - [Warning] - [ <a href="mga:id-0065-00000466">i</a> ]
2016-08-26T09:01:46 - [Warning] - ModelicaConnector should have at least 1 connection! This ModelicaConnector will not be generated. current_solarCell__i.
2016-08-26T09:01:46 - [Warning] - Involved Objects : 
2016-08-26T09:01:46 - [Warning] - [ <a href="mga:id-0065-00000464">i</a> ]
2016-08-26T09:01:46 - [Warning] - ModelicaConnector should have at least 1 connection! This ModelicaConnector will not be generated. angle_actual__i.
2016-08-26T09:01:46 - [Warning] - Involved Objects : 
2016-08-26T09:01:46 - [Warning] - [ <a href="mga:id-0065-00000462">i</a> ]
2016-08-26T09:01:46 - [Warning] - ModelicaConnector should have at least 1 connection! This ModelicaConnector will not be generated. angle_setpoint__i.
2016-08-26T09:01:46 - [Warning] - Involved Objects : 
2016-08-26T09:01:46 - [Warning] - [ <a href="mga:id-0065-00000468">i</a> ]
2016-08-26T09:01:46 - [Warning] - ModelicaConnector should have at least 1 connection! This ModelicaConnector will not be generated. current_gyro__i.
2016-08-26T09:01:46 - [Warning] - Involved Objects : 
2016-08-26T09:01:46 - [Warning] - [ <a href="mga:id-0065-0000045e">i</a> ]
2016-08-26T09:01:46 - [Warning] - ModelicaConnector should have at least 1 connection! This ModelicaConnector will not be generated. current_battery__i.
2016-08-26T09:01:46 - [Warning] - Involved Objects : 
2016-08-26T09:01:46 - [Warning] - [ <a href="mga:id-0065-00000460">i</a> ]
2016-08-26T09:01:46 - [Warning] - Errors: 0, Warnings: 8, Successes : 758
2016-08-26T09:01:46 - [Debug] - Model check : OK
2016-08-26T09:01:46 - [Debug] - Modelica model was not found for component: RootFolder/Testing/DynamicsSim/PowerAnalysis_DesignSpace TemporaryFolder/DC__Spacecraft_cfg1/DC_Spacecraft/Antenna
2016-08-26T09:01:46 - [Debug] - <b>DC_Spacecraft</b>
2016-08-26T09:01:46 - [Debug] - <b>- Shelf3</b>
2016-08-26T09:01:46 - [Debug] - <b>- Shelf2</b>
2016-08-26T09:01:46 - [Debug] - <b>- Base_Module_Frame</b>
2016-08-26T09:01:46 - [Debug] - <b>- Computer</b>
2016-08-26T09:01:46 - [Debug] - - Antenna
2016-08-26T09:01:46 - [Debug] - <b>- Cargo_Module</b>
2016-08-26T09:01:46 - [Debug] - <b>- NewDC__Solar_Panels_3B__Solar_Panels_4B</b>
2016-08-26T09:01:46 - [Debug] - <b>- NewDC__Solar_Panels_3A__Solar_Panels_4A</b>
2016-08-26T09:01:46 - [Debug] - <b>- attitudeScenario</b>
2016-08-26T09:01:46 - [Debug] - <b>- Gyroscope_Momentum_Control</b>
2016-08-26T09:01:46 - [Debug] - <b>- Battery</b>
2016-08-26T09:01:46 - [Debug] - <b>- Shelf1</b>
2016-08-26T09:01:46 - [Debug] - Solver settings being used:
2016-08-26T09:01:46 - [Debug] - - [Dymola] Solver: dassl
2016-08-26T09:01:46 - [Debug] - - [OpenModelica] Solver: dassl
2016-08-26T09:01:46 - [Debug] - - Tool selection for JobManager: OpenModelica__latest_
2016-08-26T09:01:46 - [Debug] - - Start time: 0
2016-08-26T09:01:46 - [Debug] - - Stop time: 10000
2016-08-26T09:01:46 - [Warning] - Component 'Antenna' inside 'DC_Spacecraft' does not contain any dynamic models, it will not be generated.
2016-08-26T09:01:46 - [Debug] - Trying to get svn info for D:\Work\SatExample\CyPhy_Model\ModelicaLib.
2016-08-26T09:01:46 - [Debug] - svn command line tools not installed
2016-08-26T09:01:46 - [Debug] - Modelica translation : OK
2016-08-26T09:01:46 - [Debug] - Copied library from D:\Work\SatExample\CyPhy_Model\ModelicaLib\TbLib.mo to D:\Work\SatExample\CyPhy_Model\results\jlm0tcir\TestBench_RotationalElectricalDynamics\Libraries\TbLib.mo
2016-08-26T09:01:46 - [Debug] - Script generation : OK
2016-08-26T09:01:47 - [Debug] - ======================================================
2016-08-26T09:01:47 - [Debug] - Start time: 8/26/2016 9:01:45 AM
2016-08-26T09:01:47 - [Debug] - Configuration = 00:00:00.0377762
2016-08-26T09:01:47 - [Debug] - Elaborator = 00:00:00.3830457
2016-08-26T09:01:47 - [Debug] - Model check = 00:00:00.5458533
2016-08-26T09:01:47 - [Debug] - Modelica translation = 00:00:00.6148792
2016-08-26T09:01:47 - [Debug] - Script generation = 00:00:00.6461301
2016-08-26T09:01:47 - [Debug] - ======================================================
2016-08-26T09:01:47 - [Info] - CyPhy2Modelica 2.0 finished successfully.
2016-08-26T09:01:47 - [Info] - Generated files are here: <a href="file:///D:\Work\SatExample\CyPhy_Model\results\jlm0tcir\TestBench_RotationalElectricalDynamics" target="_blank">D:\Work\SatExample\CyPhy_Model\results\jlm0tcir\TestBench_RotationalElectricalDynamics</a>
2016-08-26T09:01:47 - [Debug] - [SUCCESS: True, Labels: OpenModelica__latest_ && py_modelica14.13]
2016-08-26T09:01:50 - [Info] - Running CyPhy2Modelica 2.0
2016-08-26T09:01:50 - [Debug] - === HEADER ===================================================
Date/Time:       8/26/2016 9:01:50 AM
Windows Version: Microsoft Windows NT 6.2.9200.0
x64 bit OS:      True
GME version:     16.3.23.2581
META version:    14.13.68
META install:    C:\Program Files (x86)\META\
CyPhyML version: 14.13-t8
CyPhyML GUID:    {9088E798-8A24-4B44-B98E-D5C7C1792C2F}
Python Dll:      UNKNOWN
Python Exe:      UNKNOWN
Python27 VE exe: C:\Program Files (x86)\META\bin\Python27\Scripts\python.exe
PROE ISIS Ext. : C:\Program Files\META\Proe ISIS Extensions\bin\CADCreoParametricCreateAssembly.exe
PROE ISIS ver. : CADCreoParametricCreateAssembly 1.5.4.0
Username:        ted
Currently opened paradigm information
  MetaName    : CyPhyML
  MetaVersion : 14.13-t8

2016-08-26T09:01:50 - [Debug] - Components not used in this design will not be generated in the Modelica Package. Use verbose console to enable this option.
2016-08-26T09:01:50 - [Debug] - Configuration : OK
2016-08-26T09:01:50 - [Info] - DC__Spacecraft_cfg2 [TestBench]
2016-08-26T09:01:50 - [Debug] - Found originalDesignName DC__Spacecraft_cfg2
2016-08-26T09:01:50 - [Debug] - Elaborating model...
2016-08-26T09:01:51 - [Debug] - Elaboration is done.
2016-08-26T09:01:51 - [Debug] - Elaborator : OK
2016-08-26T09:01:51 - [Debug] - Checking rules...
2016-08-26T09:01:51 - [Warning] - ModelicaConnector should have at least 1 connection! This ModelicaConnector will not be generated. Computers_Mount__v.
2016-08-26T09:01:51 - [Warning] - Involved Objects : 
2016-08-26T09:01:51 - [Warning] - [ <a href="mga:id-0065-00000967">Computers_Mount__v</a> ]
2016-08-26T09:01:51 - [Warning] - ModelicaConnector should have at least 1 connection! This ModelicaConnector will not be generated. Batteries_Mount__v.
2016-08-26T09:01:51 - [Warning] - Involved Objects : 
2016-08-26T09:01:51 - [Warning] - [ <a href="mga:id-0065-0000095d">Batteries_Mount__v</a> ]
2016-08-26T09:01:51 - [Warning] - ModelicaConnector should have at least 1 connection! This ModelicaConnector will not be generated. angle_setpoint__i.
2016-08-26T09:01:51 - [Warning] - Involved Objects : 
2016-08-26T09:01:51 - [Warning] - [ <a href="mga:id-0065-00000475">i</a> ]
2016-08-26T09:01:51 - [Warning] - ModelicaConnector should have at least 1 connection! This ModelicaConnector will not be generated. voltage_bus__i.
2016-08-26T09:01:51 - [Warning] - Involved Objects : 
2016-08-26T09:01:51 - [Warning] - [ <a href="mga:id-0065-00000473">i</a> ]
2016-08-26T09:01:51 - [Warning] - ModelicaConnector should have at least 1 connection! This ModelicaConnector will not be generated. current_gyro__i.
2016-08-26T09:01:51 - [Warning] - Involved Objects : 
2016-08-26T09:01:51 - [Warning] - [ <a href="mga:id-0065-0000046b">i</a> ]
2016-08-26T09:01:51 - [Warning] - ModelicaConnector should have at least 1 connection! This ModelicaConnector will not be generated. current_solarCell__i.
2016-08-26T09:01:51 - [Warning] - Involved Objects : 
2016-08-26T09:01:51 - [Warning] - [ <a href="mga:id-0065-00000471">i</a> ]
2016-08-26T09:01:51 - [Warning] - ModelicaConnector should have at least 1 connection! This ModelicaConnector will not be generated. current_battery__i.
2016-08-26T09:01:51 - [Warning] - Involved Objects : 
2016-08-26T09:01:51 - [Warning] - [ <a href="mga:id-0065-0000046d">i</a> ]
2016-08-26T09:01:51 - [Warning] - ModelicaConnector should have at least 1 connection! This ModelicaConnector will not be generated. angle_actual__i.
2016-08-26T09:01:51 - [Warning] - Involved Objects : 
2016-08-26T09:01:51 - [Warning] - [ <a href="mga:id-0065-0000046f">i</a> ]
2016-08-26T09:01:51 - [Warning] - Errors: 0, Warnings: 8, Successes : 758
2016-08-26T09:01:51 - [Debug] - Model check : OK
2016-08-26T09:01:51 - [Debug] - Modelica model was not found for component: RootFolder/Testing/DynamicsSim/PowerAnalysis_DesignSpace TemporaryFolder/DC__Spacecraft_cfg2/DC_Spacecraft/Antenna
2016-08-26T09:01:51 - [Debug] - <b>DC_Spacecraft</b>
2016-08-26T09:01:51 - [Debug] - <b>- Computer</b>
2016-08-26T09:01:51 - [Debug] - <b>- Battery</b>
2016-08-26T09:01:51 - [Debug] - <b>- NewDC__Solar_Panels_3A__Solar_Panels_3A</b>
2016-08-26T09:01:51 - [Debug] - <b>- attitudeScenario</b>
2016-08-26T09:01:51 - [Debug] - <b>- Gyroscope_Momentum_Control</b>
2016-08-26T09:01:51 - [Debug] - - Antenna
2016-08-26T09:01:51 - [Debug] - <b>- Cargo_Module</b>
2016-08-26T09:01:51 - [Debug] - <b>- Base_Module_Frame</b>
2016-08-26T09:01:51 - [Debug] - <b>- Shelf1</b>
2016-08-26T09:01:51 - [Debug] - <b>- Shelf2</b>
2016-08-26T09:01:51 - [Debug] - <b>- NewDC__Solar_Panels_3B__Solar_Panels_3B</b>
2016-08-26T09:01:51 - [Debug] - <b>- Shelf3</b>
2016-08-26T09:01:51 - [Debug] - Solver settings being used:
2016-08-26T09:01:51 - [Debug] - - [Dymola] Solver: dassl
2016-08-26T09:01:51 - [Debug] - - [OpenModelica] Solver: dassl
2016-08-26T09:01:51 - [Debug] - - Tool selection for JobManager: OpenModelica__latest_
2016-08-26T09:01:51 - [Debug] - - Start time: 0
2016-08-26T09:01:51 - [Debug] - - Stop time: 10000
2016-08-26T09:01:51 - [Warning] - Component 'Antenna' inside 'DC_Spacecraft' does not contain any dynamic models, it will not be generated.
2016-08-26T09:01:51 - [Debug] - Trying to get svn info for D:\Work\SatExample\CyPhy_Model\ModelicaLib.
2016-08-26T09:01:51 - [Debug] - svn command line tools not installed
2016-08-26T09:01:51 - [Debug] - Modelica translation : OK
2016-08-26T09:01:51 - [Debug] - Copied library from D:\Work\SatExample\CyPhy_Model\ModelicaLib\TbLib.mo to D:\Work\SatExample\CyPhy_Model\results\uxnjiu04\TestBench_RotationalElectricalDynamics\Libraries\TbLib.mo
2016-08-26T09:01:51 - [Debug] - Script generation : OK
2016-08-26T09:01:52 - [Debug] - ======================================================
2016-08-26T09:01:52 - [Debug] - Start time: 8/26/2016 9:01:50 AM
2016-08-26T09:01:52 - [Debug] - Configuration = 00:00:00.0529229
2016-08-26T09:01:52 - [Debug] - Elaborator = 00:00:00.3854650
2016-08-26T09:01:52 - [Debug] - Model check = 00:00:00.5795690
2016-08-26T09:01:52 - [Debug] - Modelica translation = 00:00:00.6656155
2016-08-26T09:01:52 - [Debug] - Script generation = 00:00:00.6786815
2016-08-26T09:01:52 - [Debug] - ======================================================
2016-08-26T09:01:52 - [Info] - CyPhy2Modelica 2.0 finished successfully.
2016-08-26T09:01:52 - [Info] - Generated files are here: <a href="file:///D:\Work\SatExample\CyPhy_Model\results\uxnjiu04\TestBench_RotationalElectricalDynamics" target="_blank">D:\Work\SatExample\CyPhy_Model\results\uxnjiu04\TestBench_RotationalElectricalDynamics</a>
2016-08-26T09:01:52 - [Debug] - [SUCCESS: True, Labels: OpenModelica__latest_ && py_modelica14.13]
2016-08-26T09:01:55 - [Info] - Running CyPhy2Modelica 2.0
2016-08-26T09:01:56 - [Debug] - === HEADER ===================================================
Date/Time:       8/26/2016 9:01:56 AM
Windows Version: Microsoft Windows NT 6.2.9200.0
x64 bit OS:      True
GME version:     16.3.23.2581
META version:    14.13.68
META install:    C:\Program Files (x86)\META\
CyPhyML version: 14.13-t8
CyPhyML GUID:    {9088E798-8A24-4B44-B98E-D5C7C1792C2F}
Python Dll:      UNKNOWN
Python Exe:      UNKNOWN
Python27 VE exe: C:\Program Files (x86)\META\bin\Python27\Scripts\python.exe
PROE ISIS Ext. : C:\Program Files\META\Proe ISIS Extensions\bin\CADCreoParametricCreateAssembly.exe
PROE ISIS ver. : CADCreoParametricCreateAssembly 1.5.4.0
Username:        ted
Currently opened paradigm information
  MetaName    : CyPhyML
  MetaVersion : 14.13-t8

2016-08-26T09:01:56 - [Debug] - Components not used in this design will not be generated in the Modelica Package. Use verbose console to enable this option.
2016-08-26T09:01:56 - [Debug] - Configuration : OK
2016-08-26T09:01:56 - [Info] - DC__Spacecraft_cfg3 [TestBench]
2016-08-26T09:01:56 - [Debug] - Found originalDesignName DC__Spacecraft_cfg3
2016-08-26T09:01:56 - [Debug] - Elaborating model...
2016-08-26T09:01:56 - [Debug] - Elaboration is done.
2016-08-26T09:01:56 - [Debug] - Elaborator : OK
2016-08-26T09:01:56 - [Debug] - Checking rules...
2016-08-26T09:01:56 - [Warning] - ModelicaConnector should have at least 1 connection! This ModelicaConnector will not be generated. Batteries_Mount__v.
2016-08-26T09:01:56 - [Warning] - Involved Objects : 
2016-08-26T09:01:56 - [Warning] - [ <a href="mga:id-0065-0000095d">Batteries_Mount__v</a> ]
2016-08-26T09:01:56 - [Warning] - ModelicaConnector should have at least 1 connection! This ModelicaConnector will not be generated. current_battery__i.
2016-08-26T09:01:56 - [Warning] - Involved Objects : 
2016-08-26T09:01:56 - [Warning] - [ <a href="mga:id-0065-0000047a">i</a> ]
2016-08-26T09:01:56 - [Warning] - ModelicaConnector should have at least 1 connection! This ModelicaConnector will not be generated. current_gyro__i.
2016-08-26T09:01:56 - [Warning] - Involved Objects : 
2016-08-26T09:01:56 - [Warning] - [ <a href="mga:id-0065-00000478">i</a> ]
2016-08-26T09:01:56 - [Warning] - ModelicaConnector should have at least 1 connection! This ModelicaConnector will not be generated. angle_setpoint__i.
2016-08-26T09:01:56 - [Warning] - Involved Objects : 
2016-08-26T09:01:56 - [Warning] - [ <a href="mga:id-0065-00000482">i</a> ]
2016-08-26T09:01:56 - [Warning] - ModelicaConnector should have at least 1 connection! This ModelicaConnector will not be generated. voltage_bus__i.
2016-08-26T09:01:56 - [Warning] - Involved Objects : 
2016-08-26T09:01:56 - [Warning] - [ <a href="mga:id-0065-00000480">i</a> ]
2016-08-26T09:01:56 - [Warning] - ModelicaConnector should have at least 1 connection! This ModelicaConnector will not be generated. current_solarCell__i.
2016-08-26T09:01:56 - [Warning] - Involved Objects : 
2016-08-26T09:01:56 - [Warning] - [ <a href="mga:id-0065-0000047e">i</a> ]
2016-08-26T09:01:56 - [Warning] - ModelicaConnector should have at least 1 connection! This ModelicaConnector will not be generated. angle_actual__i.
2016-08-26T09:01:56 - [Warning] - Involved Objects : 
2016-08-26T09:01:56 - [Warning] - [ <a href="mga:id-0065-0000047c">i</a> ]
2016-08-26T09:01:56 - [Warning] - ModelicaConnector should have at least 1 connection! This ModelicaConnector will not be generated. Computers_Mount__v.
2016-08-26T09:01:56 - [Warning] - Involved Objects : 
2016-08-26T09:01:56 - [Warning] - [ <a href="mga:id-0065-00000967">Computers_Mount__v</a> ]
2016-08-26T09:01:56 - [Warning] - Errors: 0, Warnings: 8, Successes : 766
2016-08-26T09:01:56 - [Debug] - Model check : OK
2016-08-26T09:01:56 - [Debug] - Modelica model was not found for component: RootFolder/Testing/DynamicsSim/PowerAnalysis_DesignSpace TemporaryFolder/DC__Spacecraft_cfg3/DC_Spacecraft/Antenna
2016-08-26T09:01:56 - [Debug] - <b>DC_Spacecraft</b>
2016-08-26T09:01:56 - [Debug] - <b>- Battery</b>
2016-08-26T09:01:56 - [Debug] - <b>- attitudeScenario</b>
2016-08-26T09:01:56 - [Debug] - <b>- Gyroscope_Momentum_Control</b>
2016-08-26T09:01:56 - [Debug] - <b>- NewDC__Solar_Panels_3A__Solar_Panels_2A</b>
2016-08-26T09:01:56 - [Debug] - <b>- Cargo_Module</b>
2016-08-26T09:01:56 - [Debug] - - Antenna
2016-08-26T09:01:56 - [Debug] - <b>- NewDC__Solar_Panels_3B__Solar_Panels_2B</b>
2016-08-26T09:01:56 - [Debug] - <b>- Shelf2</b>
2016-08-26T09:01:56 - [Debug] - <b>- Shelf1</b>
2016-08-26T09:01:56 - [Debug] - <b>- Computer</b>
2016-08-26T09:01:56 - [Debug] - <b>- Shelf3</b>
2016-08-26T09:01:56 - [Debug] - <b>- Base_Module_Frame</b>
2016-08-26T09:01:56 - [Debug] - Solver settings being used:
2016-08-26T09:01:56 - [Debug] - - [Dymola] Solver: dassl
2016-08-26T09:01:56 - [Debug] - - [OpenModelica] Solver: dassl
2016-08-26T09:01:56 - [Debug] - - Tool selection for JobManager: OpenModelica__latest_
2016-08-26T09:01:56 - [Debug] - - Start time: 0
2016-08-26T09:01:56 - [Debug] - - Stop time: 10000
2016-08-26T09:01:56 - [Warning] - Component 'Antenna' inside 'DC_Spacecraft' does not contain any dynamic models, it will not be generated.
2016-08-26T09:01:56 - [Debug] - Trying to get svn info for D:\Work\SatExample\CyPhy_Model\ModelicaLib.
2016-08-26T09:01:56 - [Debug] - svn command line tools not installed
2016-08-26T09:01:56 - [Debug] - Modelica translation : OK
2016-08-26T09:01:56 - [Debug] - Copied library from D:\Work\SatExample\CyPhy_Model\ModelicaLib\TbLib.mo to D:\Work\SatExample\CyPhy_Model\results\rtypyzi3\TestBench_RotationalElectricalDynamics\Libraries\TbLib.mo
2016-08-26T09:01:56 - [Debug] - Script generation : OK
2016-08-26T09:01:57 - [Debug] - ======================================================
2016-08-26T09:01:57 - [Debug] - Start time: 8/26/2016 9:01:55 AM
2016-08-26T09:01:57 - [Debug] - Configuration = 00:00:00.0475212
2016-08-26T09:01:57 - [Debug] - Elaborator = 00:00:00.3792552
2016-08-26T09:01:57 - [Debug] - Model check = 00:00:00.5508774
2016-08-26T09:01:57 - [Debug] - Modelica translation = 00:00:00.6251626
2016-08-26T09:01:57 - [Debug] - Script generation = 00:00:00.6407878
2016-08-26T09:01:57 - [Debug] - ======================================================
2016-08-26T09:01:57 - [Info] - CyPhy2Modelica 2.0 finished successfully.
2016-08-26T09:01:57 - [Info] - Generated files are here: <a href="file:///D:\Work\SatExample\CyPhy_Model\results\rtypyzi3\TestBench_RotationalElectricalDynamics" target="_blank">D:\Work\SatExample\CyPhy_Model\results\rtypyzi3\TestBench_RotationalElectricalDynamics</a>
2016-08-26T09:01:57 - [Debug] - [SUCCESS: True, Labels: OpenModelica__latest_ && py_modelica14.13]
