2016-08-26T09:21:12 - [Warning] - Non-name match: Port <a href="mga:id-0065-00000012">i</a> in Connector <a href="mga:id-0065-00000011">solarFlux</a> and Port <a href="mga:id-0065-00000066">SolarFlux</a> in Connector <a href="mga:id-0065-00000065">SolarInput</a>
2016-08-26T09:21:12 - [Warning] - Non-name match: Port <a href="mga:id-0065-00000014">v</a> in Connector <a href="mga:id-0065-00000013">TorqueOut</a> and Port <a href="mga:id-0065-000000ec">torqueReq</a> in Connector <a href="mga:id-0065-000000eb">torqueReq</a>
2016-08-26T09:21:12 - [Warning] - Non-name match: Port <a href="mga:id-0065-00000012">i</a> in Connector <a href="mga:id-0065-00000011">solarFlux</a> and Port <a href="mga:id-0065-000000ab">SolarFlux</a> in Connector <a href="mga:id-0065-000000aa">SolarInput</a>
2016-08-26T09:21:12 - [Warning] - NO MATCH found for Port <a href="mga:id-0065-00000009">v</a> of Connector <a href="mga:id-0065-00000006">Computers_Mount</a> with any Port within Connector <a href="mga:id-0065-00000034">Mount_1_On_Shelf</a>
2016-08-26T09:21:12 - [Warning] - NO MATCH found for Port <a href="mga:id-0065-00000092">v</a> of Connector <a href="mga:id-0065-0000008f">Batteries_Mount</a> with any Port within Connector <a href="mga:id-0065-00000034">Mount_1_On_Shelf</a>
2016-08-26T09:21:12 - [Warning] - Non-name match: Port <a href="mga:id-0065-0000006a">v</a> in Connector <a href="mga:id-0065-00000069">v</a> and Port <a href="mga:id-0065-0000039a">i</a> in Connector <a href="mga:id-0065-00000399">voltage_bus</a>
2016-08-26T09:21:12 - [Warning] - Non-name match: Port <a href="mga:id-0065-00000018">v</a> in Connector <a href="mga:id-0065-00000017">angle</a> and Port <a href="mga:id-0065-00000394">i</a> in Connector <a href="mga:id-0065-00000393">angle_actual</a>
2016-08-26T09:21:12 - [Warning] - Non-name match: Port <a href="mga:id-0065-000000de">y</a> in Connector <a href="mga:id-0065-000000dd">targetAttitude</a> and Port <a href="mga:id-0065-00000016">targetAngle</a> in Connector <a href="mga:id-0065-00000015">AttitudeSetpoint</a>
2016-08-26T09:21:12 - [Warning] - Non-name match: Port <a href="mga:id-0065-000000de">y</a> in Connector <a href="mga:id-0065-000000dd">targetAttitude</a> and Port <a href="mga:id-0065-00000392">i</a> in Connector <a href="mga:id-0065-00000391">angle_setpoint</a>
2016-08-26T09:22:24 - [Warning] - NO MATCH found for Port <a href="mga:id-0065-00000092">v</a> of Connector <a href="mga:id-0065-0000008f">Batteries_Mount</a> with any Port within Connector <a href="mga:id-0065-00000034">Mount_1_On_Shelf</a>
2016-08-26T09:22:24 - [Warning] - NO MATCH found for Port <a href="mga:id-0065-00000009">v</a> of Connector <a href="mga:id-0065-00000006">Computers_Mount</a> with any Port within Connector <a href="mga:id-0065-00000034">Mount_1_On_Shelf</a>
2016-08-26T09:22:24 - [Warning] - Non-name match: Port <a href="mga:id-0065-0000008c">v</a> in Connector <a href="mga:id-0065-0000008b">v</a> and Port <a href="mga:id-0065-00000466">i</a> in Connector <a href="mga:id-0065-00000465">voltage_bus</a>
2016-08-26T09:22:24 - [Warning] - Non-name match: Port <a href="mga:id-0065-00000018">v</a> in Connector <a href="mga:id-0065-00000017">angle</a> and Port <a href="mga:id-0065-00000462">i</a> in Connector <a href="mga:id-0065-00000461">angle_actual</a>
2016-08-26T09:22:24 - [Warning] - Non-name match: Port <a href="mga:id-0065-00000012">i</a> in Connector <a href="mga:id-0065-00000011">solarFlux</a> and Port <a href="mga:id-0065-000000c6">SolarFlux</a> in Connector <a href="mga:id-0065-000000c5">SolarInput</a>
2016-08-26T09:22:24 - [Warning] - Non-name match: Port <a href="mga:id-0065-00000012">i</a> in Connector <a href="mga:id-0065-00000011">solarFlux</a> and Port <a href="mga:id-0065-00000088">SolarFlux</a> in Connector <a href="mga:id-0065-00000087">SolarInput</a>
2016-08-26T09:22:24 - [Warning] - Non-name match: Port <a href="mga:id-0065-000000de">y</a> in Connector <a href="mga:id-0065-000000dd">targetAttitude</a> and Port <a href="mga:id-0065-00000016">targetAngle</a> in Connector <a href="mga:id-0065-00000015">AttitudeSetpoint</a>
2016-08-26T09:22:24 - [Warning] - Non-name match: Port <a href="mga:id-0065-00000014">v</a> in Connector <a href="mga:id-0065-00000013">TorqueOut</a> and Port <a href="mga:id-0065-000000ec">torqueReq</a> in Connector <a href="mga:id-0065-000000eb">torqueReq</a>
2016-08-26T09:22:24 - [Warning] - Non-name match: Port <a href="mga:id-0065-000000de">y</a> in Connector <a href="mga:id-0065-000000dd">targetAttitude</a> and Port <a href="mga:id-0065-00000468">i</a> in Connector <a href="mga:id-0065-00000467">angle_setpoint</a>
2016-08-26T09:22:31 - [Warning] - NO MATCH found for Port <a href="mga:id-0065-00000092">v</a> of Connector <a href="mga:id-0065-0000008f">Batteries_Mount</a> with any Port within Connector <a href="mga:id-0065-00000034">Mount_1_On_Shelf</a>
2016-08-26T09:22:31 - [Warning] - NO MATCH found for Port <a href="mga:id-0065-00000009">v</a> of Connector <a href="mga:id-0065-00000006">Computers_Mount</a> with any Port within Connector <a href="mga:id-0065-00000034">Mount_1_On_Shelf</a>
2016-08-26T09:22:31 - [Warning] - Non-name match: Port <a href="mga:id-0065-00000012">i</a> in Connector <a href="mga:id-0065-00000011">solarFlux</a> and Port <a href="mga:id-0065-000000ab">SolarFlux</a> in Connector <a href="mga:id-0065-000000aa">SolarInput</a>
2016-08-26T09:22:31 - [Warning] - Non-name match: Port <a href="mga:id-0065-00000018">v</a> in Connector <a href="mga:id-0065-00000017">angle</a> and Port <a href="mga:id-0065-0000046f">i</a> in Connector <a href="mga:id-0065-0000046e">angle_actual</a>
2016-08-26T09:22:31 - [Warning] - Non-name match: Port <a href="mga:id-0065-000000de">y</a> in Connector <a href="mga:id-0065-000000dd">targetAttitude</a> and Port <a href="mga:id-0065-00000475">i</a> in Connector <a href="mga:id-0065-00000474">angle_setpoint</a>
2016-08-26T09:22:31 - [Warning] - Non-name match: Port <a href="mga:id-0065-000000de">y</a> in Connector <a href="mga:id-0065-000000dd">targetAttitude</a> and Port <a href="mga:id-0065-00000016">targetAngle</a> in Connector <a href="mga:id-0065-00000015">AttitudeSetpoint</a>
2016-08-26T09:22:31 - [Warning] - Non-name match: Port <a href="mga:id-0065-00000012">i</a> in Connector <a href="mga:id-0065-00000011">solarFlux</a> and Port <a href="mga:id-0065-00000066">SolarFlux</a> in Connector <a href="mga:id-0065-00000065">SolarInput</a>
2016-08-26T09:22:31 - [Warning] - Non-name match: Port <a href="mga:id-0065-0000006a">v</a> in Connector <a href="mga:id-0065-00000069">v</a> and Port <a href="mga:id-0065-00000473">i</a> in Connector <a href="mga:id-0065-00000472">voltage_bus</a>
2016-08-26T09:22:31 - [Warning] - Non-name match: Port <a href="mga:id-0065-00000014">v</a> in Connector <a href="mga:id-0065-00000013">TorqueOut</a> and Port <a href="mga:id-0065-000000ec">torqueReq</a> in Connector <a href="mga:id-0065-000000eb">torqueReq</a>
2016-08-26T09:22:38 - [Warning] - Non-name match: Port <a href="mga:id-0065-000000de">y</a> in Connector <a href="mga:id-0065-000000dd">targetAttitude</a> and Port <a href="mga:id-0065-00000482">i</a> in Connector <a href="mga:id-0065-00000481">angle_setpoint</a>
2016-08-26T09:22:38 - [Warning] - Non-name match: Port <a href="mga:id-0065-00000012">i</a> in Connector <a href="mga:id-0065-00000011">solarFlux</a> and Port <a href="mga:id-0065-000000b2">SolarFlux</a> in Connector <a href="mga:id-0065-000000b1">SolarInput</a>
2016-08-26T09:22:38 - [Warning] - Non-name match: Port <a href="mga:id-0065-00000012">i</a> in Connector <a href="mga:id-0065-00000011">solarFlux</a> and Port <a href="mga:id-0065-00000077">SolarFlux</a> in Connector <a href="mga:id-0065-00000076">SolarInput</a>
2016-08-26T09:22:38 - [Warning] - Non-name match: Port <a href="mga:id-0065-00000018">v</a> in Connector <a href="mga:id-0065-00000017">angle</a> and Port <a href="mga:id-0065-0000047c">i</a> in Connector <a href="mga:id-0065-0000047b">angle_actual</a>
2016-08-26T09:22:38 - [Warning] - Non-name match: Port <a href="mga:id-0065-00000014">v</a> in Connector <a href="mga:id-0065-00000013">TorqueOut</a> and Port <a href="mga:id-0065-000000ec">torqueReq</a> in Connector <a href="mga:id-0065-000000eb">torqueReq</a>
2016-08-26T09:22:38 - [Warning] - Non-name match: Port <a href="mga:id-0065-000000de">y</a> in Connector <a href="mga:id-0065-000000dd">targetAttitude</a> and Port <a href="mga:id-0065-00000016">targetAngle</a> in Connector <a href="mga:id-0065-00000015">AttitudeSetpoint</a>
2016-08-26T09:22:38 - [Warning] - Non-name match: Port <a href="mga:id-0065-00000079">v</a> in Connector <a href="mga:id-0065-00000078">v</a> and Port <a href="mga:id-0065-00000480">i</a> in Connector <a href="mga:id-0065-0000047f">voltage_bus</a>
2016-08-26T09:22:38 - [Warning] - NO MATCH found for Port <a href="mga:id-0065-00000092">v</a> of Connector <a href="mga:id-0065-0000008f">Batteries_Mount</a> with any Port within Connector <a href="mga:id-0065-00000034">Mount_1_On_Shelf</a>
2016-08-26T09:22:38 - [Warning] - NO MATCH found for Port <a href="mga:id-0065-00000009">v</a> of Connector <a href="mga:id-0065-00000006">Computers_Mount</a> with any Port within Connector <a href="mga:id-0065-00000034">Mount_1_On_Shelf</a>
2016-08-26T09:25:27 - [Warning] - Non-name match: Port <a href="mga:id-0065-00000014">v</a> in Connector <a href="mga:id-0065-00000013">TorqueOut</a> and Port <a href="mga:id-0065-000000ec">torqueReq</a> in Connector <a href="mga:id-0065-000000eb">torqueReq</a>
2016-08-26T09:25:27 - [Warning] - NO MATCH found for Port <a href="mga:id-0065-00000009">v</a> of Connector <a href="mga:id-0065-00000006">Computers_Mount</a> with any Port within Connector <a href="mga:id-0065-00000034">Mount_1_On_Shelf</a>
2016-08-26T09:25:27 - [Warning] - NO MATCH found for Port <a href="mga:id-0065-00000092">v</a> of Connector <a href="mga:id-0065-0000008f">Batteries_Mount</a> with any Port within Connector <a href="mga:id-0065-00000034">Mount_1_On_Shelf</a>
2016-08-26T09:25:28 - [Warning] - Non-name match: Port <a href="mga:id-0065-00000018">v</a> in Connector <a href="mga:id-0065-00000017">angle</a> and Port <a href="mga:id-0065-00001025">i</a> in Connector <a href="mga:id-0065-00001024">angle_actual</a>
2016-08-26T09:25:28 - [Warning] - Non-name match: Port <a href="mga:id-0065-000000de">y</a> in Connector <a href="mga:id-0065-000000dd">targetAttitude</a> and Port <a href="mga:id-0065-00000016">targetAngle</a> in Connector <a href="mga:id-0065-00000015">AttitudeSetpoint</a>
2016-08-26T09:25:28 - [Warning] - Non-name match: Port <a href="mga:id-0065-000000de">y</a> in Connector <a href="mga:id-0065-000000dd">targetAttitude</a> and Port <a href="mga:id-0065-0000102b">i</a> in Connector <a href="mga:id-0065-0000102a">angle_setpoint</a>
2016-08-26T09:25:28 - [Warning] - Non-name match: Port <a href="mga:id-0065-00000012">i</a> in Connector <a href="mga:id-0065-00000011">solarFlux</a> and Port <a href="mga:id-0065-000000c6">SolarFlux</a> in Connector <a href="mga:id-0065-000000c5">SolarInput</a>
2016-08-26T09:25:28 - [Warning] - Non-name match: Port <a href="mga:id-0065-0000008c">v</a> in Connector <a href="mga:id-0065-0000008b">v</a> and Port <a href="mga:id-0065-00001029">i</a> in Connector <a href="mga:id-0065-00001028">voltage_bus</a>
2016-08-26T09:25:28 - [Warning] - Non-name match: Port <a href="mga:id-0065-00000012">i</a> in Connector <a href="mga:id-0065-00000011">solarFlux</a> and Port <a href="mga:id-0065-00000088">SolarFlux</a> in Connector <a href="mga:id-0065-00000087">SolarInput</a>
2016-08-26T09:25:36 - [Warning] - Non-name match: Port <a href="mga:id-0065-00000014">v</a> in Connector <a href="mga:id-0065-00000013">TorqueOut</a> and Port <a href="mga:id-0065-000000ec">torqueReq</a> in Connector <a href="mga:id-0065-000000eb">torqueReq</a>
2016-08-26T09:25:36 - [Warning] - NO MATCH found for Port <a href="mga:id-0065-00000009">v</a> of Connector <a href="mga:id-0065-00000006">Computers_Mount</a> with any Port within Connector <a href="mga:id-0065-00000034">Mount_1_On_Shelf</a>
2016-08-26T09:25:36 - [Warning] - NO MATCH found for Port <a href="mga:id-0065-00000092">v</a> of Connector <a href="mga:id-0065-0000008f">Batteries_Mount</a> with any Port within Connector <a href="mga:id-0065-00000034">Mount_1_On_Shelf</a>
2016-08-26T09:25:36 - [Warning] - Non-name match: Port <a href="mga:id-0065-0000006a">v</a> in Connector <a href="mga:id-0065-00000069">v</a> and Port <a href="mga:id-0065-000012d6">i</a> in Connector <a href="mga:id-0065-000012d5">voltage_bus</a>
2016-08-26T09:25:36 - [Warning] - Non-name match: Port <a href="mga:id-0065-00000012">i</a> in Connector <a href="mga:id-0065-00000011">solarFlux</a> and Port <a href="mga:id-0065-00000066">SolarFlux</a> in Connector <a href="mga:id-0065-00000065">SolarInput</a>
2016-08-26T09:25:36 - [Warning] - Non-name match: Port <a href="mga:id-0065-000000de">y</a> in Connector <a href="mga:id-0065-000000dd">targetAttitude</a> and Port <a href="mga:id-0065-00000016">targetAngle</a> in Connector <a href="mga:id-0065-00000015">AttitudeSetpoint</a>
2016-08-26T09:25:36 - [Warning] - Non-name match: Port <a href="mga:id-0065-00000018">v</a> in Connector <a href="mga:id-0065-00000017">angle</a> and Port <a href="mga:id-0065-000012d2">i</a> in Connector <a href="mga:id-0065-000012d1">angle_actual</a>
2016-08-26T09:25:36 - [Warning] - Non-name match: Port <a href="mga:id-0065-000000de">y</a> in Connector <a href="mga:id-0065-000000dd">targetAttitude</a> and Port <a href="mga:id-0065-000012d8">i</a> in Connector <a href="mga:id-0065-000012d7">angle_setpoint</a>
2016-08-26T09:25:36 - [Warning] - Non-name match: Port <a href="mga:id-0065-00000012">i</a> in Connector <a href="mga:id-0065-00000011">solarFlux</a> and Port <a href="mga:id-0065-000000ab">SolarFlux</a> in Connector <a href="mga:id-0065-000000aa">SolarInput</a>
2016-08-26T09:25:44 - [Warning] - NO MATCH found for Port <a href="mga:id-0065-00000092">v</a> of Connector <a href="mga:id-0065-0000008f">Batteries_Mount</a> with any Port within Connector <a href="mga:id-0065-00000034">Mount_1_On_Shelf</a>
2016-08-26T09:25:44 - [Warning] - NO MATCH found for Port <a href="mga:id-0065-00000009">v</a> of Connector <a href="mga:id-0065-00000006">Computers_Mount</a> with any Port within Connector <a href="mga:id-0065-00000034">Mount_1_On_Shelf</a>
2016-08-26T09:25:44 - [Warning] - Non-name match: Port <a href="mga:id-0065-00000018">v</a> in Connector <a href="mga:id-0065-00000017">angle</a> and Port <a href="mga:id-0065-0000157f">i</a> in Connector <a href="mga:id-0065-0000157e">angle_actual</a>
2016-08-26T09:25:44 - [Warning] - Non-name match: Port <a href="mga:id-0065-00000014">v</a> in Connector <a href="mga:id-0065-00000013">TorqueOut</a> and Port <a href="mga:id-0065-000000ec">torqueReq</a> in Connector <a href="mga:id-0065-000000eb">torqueReq</a>
2016-08-26T09:25:44 - [Warning] - Non-name match: Port <a href="mga:id-0065-00000079">v</a> in Connector <a href="mga:id-0065-00000078">v</a> and Port <a href="mga:id-0065-00001583">i</a> in Connector <a href="mga:id-0065-00001582">voltage_bus</a>
2016-08-26T09:25:44 - [Warning] - Non-name match: Port <a href="mga:id-0065-00000012">i</a> in Connector <a href="mga:id-0065-00000011">solarFlux</a> and Port <a href="mga:id-0065-00000077">SolarFlux</a> in Connector <a href="mga:id-0065-00000076">SolarInput</a>
2016-08-26T09:25:44 - [Warning] - Non-name match: Port <a href="mga:id-0065-000000de">y</a> in Connector <a href="mga:id-0065-000000dd">targetAttitude</a> and Port <a href="mga:id-0065-00000016">targetAngle</a> in Connector <a href="mga:id-0065-00000015">AttitudeSetpoint</a>
2016-08-26T09:25:44 - [Warning] - Non-name match: Port <a href="mga:id-0065-000000de">y</a> in Connector <a href="mga:id-0065-000000dd">targetAttitude</a> and Port <a href="mga:id-0065-00001585">i</a> in Connector <a href="mga:id-0065-00001584">angle_setpoint</a>
2016-08-26T09:25:44 - [Warning] - Non-name match: Port <a href="mga:id-0065-00000012">i</a> in Connector <a href="mga:id-0065-00000011">solarFlux</a> and Port <a href="mga:id-0065-000000b2">SolarFlux</a> in Connector <a href="mga:id-0065-000000b1">SolarInput</a>
2016-08-26T09:58:42 - [Warning] - NO MATCH found for Port <a href="mga:id-0065-00000009">v</a> of Connector <a href="mga:id-0065-00000006">Computers_Mount</a> with any Port within Connector <a href="mga:id-0065-00000034">Mount_1_On_Shelf</a>
2016-08-26T09:58:42 - [Warning] - NO MATCH found for Port <a href="mga:id-0065-00000092">v</a> of Connector <a href="mga:id-0065-0000008f">Batteries_Mount</a> with any Port within Connector <a href="mga:id-0065-00000034">Mount_1_On_Shelf</a>
2016-08-26T09:58:42 - [Warning] - Non-name match: Port <a href="mga:id-0065-00000012">i</a> in Connector <a href="mga:id-0065-00000011">solarFlux</a> and Port <a href="mga:id-0065-000000ab">SolarFlux</a> in Connector <a href="mga:id-0065-000000aa">SolarInput</a>
2016-08-26T09:58:42 - [Warning] - Non-name match: Port <a href="mga:id-0065-0000006a">v</a> in Connector <a href="mga:id-0065-00000069">v</a> and Port <a href="mga:id-0065-0000183e">i</a> in Connector <a href="mga:id-0065-0000183d">voltage_bus</a>
2016-08-26T09:58:42 - [Warning] - Non-name match: Port <a href="mga:id-0065-00000012">i</a> in Connector <a href="mga:id-0065-00000011">solarFlux</a> and Port <a href="mga:id-0065-00000066">SolarFlux</a> in Connector <a href="mga:id-0065-00000065">SolarInput</a>
2016-08-26T09:58:42 - [Warning] - Non-name match: Port <a href="mga:id-0065-000000de">y</a> in Connector <a href="mga:id-0065-000000dd">targetAttitude</a> and Port <a href="mga:id-0065-00000016">targetAngle</a> in Connector <a href="mga:id-0065-00000015">AttitudeSetpoint</a>
2016-08-26T09:58:42 - [Warning] - Non-name match: Port <a href="mga:id-0065-00000018">v</a> in Connector <a href="mga:id-0065-00000017">angle</a> and Port <a href="mga:id-0065-0000183a">i</a> in Connector <a href="mga:id-0065-00001839">angle_actual</a>
2016-08-26T09:58:42 - [Warning] - Non-name match: Port <a href="mga:id-0065-00000014">v</a> in Connector <a href="mga:id-0065-00000013">TorqueOut</a> and Port <a href="mga:id-0065-000000ec">torqueReq</a> in Connector <a href="mga:id-0065-000000eb">torqueReq</a>
2016-08-26T09:58:42 - [Warning] - Non-name match: Port <a href="mga:id-0065-000000de">y</a> in Connector <a href="mga:id-0065-000000dd">targetAttitude</a> and Port <a href="mga:id-0065-00001840">i</a> in Connector <a href="mga:id-0065-0000183f">angle_setpoint</a>
2016-08-26T09:58:50 - [Warning] - Non-name match: Port <a href="mga:id-0065-00000014">v</a> in Connector <a href="mga:id-0065-00000013">TorqueOut</a> and Port <a href="mga:id-0065-000000ec">torqueReq</a> in Connector <a href="mga:id-0065-000000eb">torqueReq</a>
2016-08-26T09:58:50 - [Warning] - NO MATCH found for Port <a href="mga:id-0065-00000009">v</a> of Connector <a href="mga:id-0065-00000006">Computers_Mount</a> with any Port within Connector <a href="mga:id-0065-00000034">Mount_1_On_Shelf</a>
2016-08-26T09:58:50 - [Warning] - NO MATCH found for Port <a href="mga:id-0065-00000092">v</a> of Connector <a href="mga:id-0065-0000008f">Batteries_Mount</a> with any Port within Connector <a href="mga:id-0065-00000034">Mount_1_On_Shelf</a>
2016-08-26T09:58:50 - [Warning] - Non-name match: Port <a href="mga:id-0065-000000de">y</a> in Connector <a href="mga:id-0065-000000dd">targetAttitude</a> and Port <a href="mga:id-0065-00001aed">i</a> in Connector <a href="mga:id-0065-00001aec">angle_setpoint</a>
2016-08-26T09:58:50 - [Warning] - Non-name match: Port <a href="mga:id-0065-00000012">i</a> in Connector <a href="mga:id-0065-00000011">solarFlux</a> and Port <a href="mga:id-0065-000000c6">SolarFlux</a> in Connector <a href="mga:id-0065-000000c5">SolarInput</a>
2016-08-26T09:58:50 - [Warning] - Non-name match: Port <a href="mga:id-0065-0000008c">v</a> in Connector <a href="mga:id-0065-0000008b">v</a> and Port <a href="mga:id-0065-00001aeb">i</a> in Connector <a href="mga:id-0065-00001aea">voltage_bus</a>
2016-08-26T09:58:50 - [Warning] - Non-name match: Port <a href="mga:id-0065-00000012">i</a> in Connector <a href="mga:id-0065-00000011">solarFlux</a> and Port <a href="mga:id-0065-00000088">SolarFlux</a> in Connector <a href="mga:id-0065-00000087">SolarInput</a>
2016-08-26T09:58:50 - [Warning] - Non-name match: Port <a href="mga:id-0065-000000de">y</a> in Connector <a href="mga:id-0065-000000dd">targetAttitude</a> and Port <a href="mga:id-0065-00000016">targetAngle</a> in Connector <a href="mga:id-0065-00000015">AttitudeSetpoint</a>
2016-08-26T09:58:50 - [Warning] - Non-name match: Port <a href="mga:id-0065-00000018">v</a> in Connector <a href="mga:id-0065-00000017">angle</a> and Port <a href="mga:id-0065-00001ae7">i</a> in Connector <a href="mga:id-0065-00001ae6">angle_actual</a>
2016-08-26T09:58:59 - [Warning] - Non-name match: Port <a href="mga:id-0065-00000014">v</a> in Connector <a href="mga:id-0065-00000013">TorqueOut</a> and Port <a href="mga:id-0065-000000ec">torqueReq</a> in Connector <a href="mga:id-0065-000000eb">torqueReq</a>
2016-08-26T09:58:59 - [Warning] - NO MATCH found for Port <a href="mga:id-0065-00000092">v</a> of Connector <a href="mga:id-0065-0000008f">Batteries_Mount</a> with any Port within Connector <a href="mga:id-0065-00000034">Mount_1_On_Shelf</a>
2016-08-26T09:58:59 - [Warning] - NO MATCH found for Port <a href="mga:id-0065-00000009">v</a> of Connector <a href="mga:id-0065-00000006">Computers_Mount</a> with any Port within Connector <a href="mga:id-0065-00000034">Mount_1_On_Shelf</a>
2016-08-26T09:58:59 - [Warning] - Non-name match: Port <a href="mga:id-0065-00000012">i</a> in Connector <a href="mga:id-0065-00000011">solarFlux</a> and Port <a href="mga:id-0065-000000b2">SolarFlux</a> in Connector <a href="mga:id-0065-000000b1">SolarInput</a>
2016-08-26T09:58:59 - [Warning] - Non-name match: Port <a href="mga:id-0065-00000079">v</a> in Connector <a href="mga:id-0065-00000078">v</a> and Port <a href="mga:id-0065-00001d98">i</a> in Connector <a href="mga:id-0065-00001d97">voltage_bus</a>
2016-08-26T09:58:59 - [Warning] - Non-name match: Port <a href="mga:id-0065-00000012">i</a> in Connector <a href="mga:id-0065-00000011">solarFlux</a> and Port <a href="mga:id-0065-00000077">SolarFlux</a> in Connector <a href="mga:id-0065-00000076">SolarInput</a>
2016-08-26T09:58:59 - [Warning] - Non-name match: Port <a href="mga:id-0065-000000de">y</a> in Connector <a href="mga:id-0065-000000dd">targetAttitude</a> and Port <a href="mga:id-0065-00000016">targetAngle</a> in Connector <a href="mga:id-0065-00000015">AttitudeSetpoint</a>
2016-08-26T09:58:59 - [Warning] - Non-name match: Port <a href="mga:id-0065-00000018">v</a> in Connector <a href="mga:id-0065-00000017">angle</a> and Port <a href="mga:id-0065-00001d94">i</a> in Connector <a href="mga:id-0065-00001d93">angle_actual</a>
2016-08-26T09:58:59 - [Warning] - Non-name match: Port <a href="mga:id-0065-000000de">y</a> in Connector <a href="mga:id-0065-000000dd">targetAttitude</a> and Port <a href="mga:id-0065-00001d9a">i</a> in Connector <a href="mga:id-0065-00001d99">angle_setpoint</a>
2016-08-26T13:13:03 - [Warning] - Non-name match: Port <a href="mga:id-0065-000000de">y</a> in Connector <a href="mga:id-0065-000000dd">targetAttitude</a> and Port <a href="mga:id-0065-0000102b">i</a> in Connector <a href="mga:id-0065-0000102a">angle_setpoint</a>
2016-08-26T13:13:03 - [Warning] - Non-name match: Port <a href="mga:id-0065-0000008c">v</a> in Connector <a href="mga:id-0065-0000008b">v</a> and Port <a href="mga:id-0065-00001029">i</a> in Connector <a href="mga:id-0065-00001028">voltage_bus</a>
2016-08-26T13:13:03 - [Warning] - Non-name match: Port <a href="mga:id-0065-00000012">i</a> in Connector <a href="mga:id-0065-00000011">solarFlux</a> and Port <a href="mga:id-0065-00000088">SolarFlux</a> in Connector <a href="mga:id-0065-00000087">SolarInput</a>
2016-08-26T13:13:03 - [Warning] - Non-name match: Port <a href="mga:id-0065-000000de">y</a> in Connector <a href="mga:id-0065-000000dd">targetAttitude</a> and Port <a href="mga:id-0065-00000016">targetAngle</a> in Connector <a href="mga:id-0065-00000015">AttitudeSetpoint</a>
2016-08-26T13:13:03 - [Warning] - Non-name match: Port <a href="mga:id-0065-00000012">i</a> in Connector <a href="mga:id-0065-00000011">solarFlux</a> and Port <a href="mga:id-0065-000000c6">SolarFlux</a> in Connector <a href="mga:id-0065-000000c5">SolarInput</a>
2016-08-26T13:13:03 - [Warning] - Non-name match: Port <a href="mga:id-0065-00000014">v</a> in Connector <a href="mga:id-0065-00000013">TorqueOut</a> and Port <a href="mga:id-0065-000000ec">torqueReq</a> in Connector <a href="mga:id-0065-000000eb">torqueReq</a>
2016-08-26T13:13:03 - [Warning] - Non-name match: Port <a href="mga:id-0065-00000018">v</a> in Connector <a href="mga:id-0065-00000017">angle</a> and Port <a href="mga:id-0065-00001025">i</a> in Connector <a href="mga:id-0065-00001024">angle_actual</a>
2016-08-26T13:13:03 - [Warning] - NO MATCH found for Port <a href="mga:id-0065-00000092">v</a> of Connector <a href="mga:id-0065-0000008f">Batteries_Mount</a> with any Port within Connector <a href="mga:id-0065-00000034">Mount_1_On_Shelf</a>
2016-08-26T13:13:03 - [Warning] - NO MATCH found for Port <a href="mga:id-0065-00000009">v</a> of Connector <a href="mga:id-0065-00000006">Computers_Mount</a> with any Port within Connector <a href="mga:id-0065-00000034">Mount_1_On_Shelf</a>
2016-08-26T13:13:11 - [Warning] - Non-name match: Port <a href="mga:id-0065-000000de">y</a> in Connector <a href="mga:id-0065-000000dd">targetAttitude</a> and Port <a href="mga:id-0065-000012d8">i</a> in Connector <a href="mga:id-0065-000012d7">angle_setpoint</a>
2016-08-26T13:13:11 - [Warning] - Non-name match: Port <a href="mga:id-0065-0000006a">v</a> in Connector <a href="mga:id-0065-00000069">v</a> and Port <a href="mga:id-0065-000012d6">i</a> in Connector <a href="mga:id-0065-000012d5">voltage_bus</a>
2016-08-26T13:13:11 - [Warning] - Non-name match: Port <a href="mga:id-0065-00000012">i</a> in Connector <a href="mga:id-0065-00000011">solarFlux</a> and Port <a href="mga:id-0065-000000ab">SolarFlux</a> in Connector <a href="mga:id-0065-000000aa">SolarInput</a>
2016-08-26T13:13:11 - [Warning] - Non-name match: Port <a href="mga:id-0065-000000de">y</a> in Connector <a href="mga:id-0065-000000dd">targetAttitude</a> and Port <a href="mga:id-0065-00000016">targetAngle</a> in Connector <a href="mga:id-0065-00000015">AttitudeSetpoint</a>
2016-08-26T13:13:11 - [Warning] - Non-name match: Port <a href="mga:id-0065-00000018">v</a> in Connector <a href="mga:id-0065-00000017">angle</a> and Port <a href="mga:id-0065-000012d2">i</a> in Connector <a href="mga:id-0065-000012d1">angle_actual</a>
2016-08-26T13:13:11 - [Warning] - Non-name match: Port <a href="mga:id-0065-00000012">i</a> in Connector <a href="mga:id-0065-00000011">solarFlux</a> and Port <a href="mga:id-0065-00000066">SolarFlux</a> in Connector <a href="mga:id-0065-00000065">SolarInput</a>
2016-08-26T13:13:11 - [Warning] - Non-name match: Port <a href="mga:id-0065-00000014">v</a> in Connector <a href="mga:id-0065-00000013">TorqueOut</a> and Port <a href="mga:id-0065-000000ec">torqueReq</a> in Connector <a href="mga:id-0065-000000eb">torqueReq</a>
2016-08-26T13:13:11 - [Warning] - NO MATCH found for Port <a href="mga:id-0065-00000009">v</a> of Connector <a href="mga:id-0065-00000006">Computers_Mount</a> with any Port within Connector <a href="mga:id-0065-00000034">Mount_1_On_Shelf</a>
2016-08-26T13:13:11 - [Warning] - NO MATCH found for Port <a href="mga:id-0065-00000092">v</a> of Connector <a href="mga:id-0065-0000008f">Batteries_Mount</a> with any Port within Connector <a href="mga:id-0065-00000034">Mount_1_On_Shelf</a>
2016-08-26T13:13:18 - [Warning] - Non-name match: Port <a href="mga:id-0065-00000014">v</a> in Connector <a href="mga:id-0065-00000013">TorqueOut</a> and Port <a href="mga:id-0065-000000ec">torqueReq</a> in Connector <a href="mga:id-0065-000000eb">torqueReq</a>
2016-08-26T13:13:18 - [Warning] - Non-name match: Port <a href="mga:id-0065-00000018">v</a> in Connector <a href="mga:id-0065-00000017">angle</a> and Port <a href="mga:id-0065-0000157f">i</a> in Connector <a href="mga:id-0065-0000157e">angle_actual</a>
2016-08-26T13:13:18 - [Warning] - Non-name match: Port <a href="mga:id-0065-000000de">y</a> in Connector <a href="mga:id-0065-000000dd">targetAttitude</a> and Port <a href="mga:id-0065-00000016">targetAngle</a> in Connector <a href="mga:id-0065-00000015">AttitudeSetpoint</a>
2016-08-26T13:13:18 - [Warning] - Non-name match: Port <a href="mga:id-0065-00000079">v</a> in Connector <a href="mga:id-0065-00000078">v</a> and Port <a href="mga:id-0065-00001583">i</a> in Connector <a href="mga:id-0065-00001582">voltage_bus</a>
2016-08-26T13:13:18 - [Warning] - Non-name match: Port <a href="mga:id-0065-000000de">y</a> in Connector <a href="mga:id-0065-000000dd">targetAttitude</a> and Port <a href="mga:id-0065-00001585">i</a> in Connector <a href="mga:id-0065-00001584">angle_setpoint</a>
2016-08-26T13:13:18 - [Warning] - Non-name match: Port <a href="mga:id-0065-00000012">i</a> in Connector <a href="mga:id-0065-00000011">solarFlux</a> and Port <a href="mga:id-0065-000000b2">SolarFlux</a> in Connector <a href="mga:id-0065-000000b1">SolarInput</a>
2016-08-26T13:13:18 - [Warning] - Non-name match: Port <a href="mga:id-0065-00000012">i</a> in Connector <a href="mga:id-0065-00000011">solarFlux</a> and Port <a href="mga:id-0065-00000077">SolarFlux</a> in Connector <a href="mga:id-0065-00000076">SolarInput</a>
2016-08-26T13:13:18 - [Warning] - NO MATCH found for Port <a href="mga:id-0065-00000092">v</a> of Connector <a href="mga:id-0065-0000008f">Batteries_Mount</a> with any Port within Connector <a href="mga:id-0065-00000034">Mount_1_On_Shelf</a>
2016-08-26T13:13:18 - [Warning] - NO MATCH found for Port <a href="mga:id-0065-00000009">v</a> of Connector <a href="mga:id-0065-00000006">Computers_Mount</a> with any Port within Connector <a href="mga:id-0065-00000034">Mount_1_On_Shelf</a>
