2016-08-26T17:39:53 - [Info] - Master Interpreter 2.0
2016-08-26T17:39:54 - [Debug] - === HEADER ===================================================
Date/Time:       8/26/2016 5:39:53 PM
Windows Version: Microsoft Windows NT 6.2.9200.0
x64 bit OS:      True
GME version:     16.4.18.2588
META version:    14.13.230
META install:    C:\Program Files (x86)\META\
CyPhyML version: 14.13-t9
CyPhyML GUID:    {7943616A-CAEA-4AEC-ABB5-D058088874B4}
Python Dll:      C:\Windows\SysWOW64\python27.dll 2.7.11 IMAGE_FILE_MACHINE_I386
Python Exe:      "C:\Python27\python.exe" "%1" %*
Python27 VE exe: C:\Program Files (x86)\META\bin\Python27\Scripts\python.exe
PROE ISIS Ext. : C:\Program Files\META\Proe ISIS Extensions\bin\CADCreoParametricCreateAssembly.exe
PROE ISIS ver. : CADCreoParametricCreateAssembly 1.5.7.0
Username:        adam
Currently opened paradigm information
  MetaName    : CyPhyML
  MetaVersion : 14.13-t9

2016-08-26T17:39:54 - [Info] - Processing ExtractModelProps [TestBench] model
2016-08-26T17:39:54 - [Debug] - Interactive mode: True
2016-08-26T17:39:54 - [Debug] - Entering TryCheckContext checker
2016-08-26T17:39:54 - [Debug] - Getting context checker for TestBench
2016-08-26T17:39:54 - [Debug] - Got context checker TestBenchChecker for context TestBench
2016-08-26T17:39:54 - [Debug] - Checking context
2016-08-26T17:39:54 - [Debug] - Context is checked
2016-08-26T17:39:55 - [Success] -  <i><a href="mga:id-0065-00000107">ExtractModelProps</a></i> No component in TestBench.
2016-08-26T17:39:55 - [Success] -  <i><a href="mga:id-0065-00000107">ExtractModelProps</a></i> No component references in TestBench.
2016-08-26T17:39:55 - [Success] -  <i><a href="mga:id-0065-00000140">DC__Spacecraft</a></i> 'Protector1015' [TopLevelSystemUnderTest] refers to a valid object [DesignContainer] and the DesignContainer is in a folder.
2016-08-26T17:39:55 - [Success] -  <i><a href="mga:id-0065-00000107">ExtractModelProps</a></i> TestBench is not a library object.
2016-08-26T17:39:55 - [Success] -  <i><a href="mga:id-0065-00000107">ExtractModelProps</a></i> TestBench is not a subtype or instance.
2016-08-26T17:39:55 - [Success] -  <i><a href="mga:id-0065-00000107">ExtractModelProps</a></i> TestBench is not an instance.
2016-08-26T17:39:55 - [Success] -  <i><a href="mga:id-0065-00000107">ExtractModelProps</a></i> TestBench is writable.
2016-08-26T17:39:55 - [Success] -  <i><a href="mga:id-0067-000003fc">Protector1015</a></i> TopLevelSystemUnderTest object is not a null reference.
2016-08-26T17:39:55 - [Success] -  <i><a href="mga:id-0067-000003fc">Protector1015</a></i> TopLevelSystemUnderTest refers to Compound DesignContainer.
2016-08-26T17:40:06 - [Debug] - MasterExe command: CyPhyMasterExe.exe "MGA=Z:\repos\openmeta-spacecraft-study\CyPhy_Model\Sat.mga" "/@Testing/@ModelAttributes/@ExtractModelProps" "/@Generated configurations/@DC__Spacecraft/@Configurations (08-26-2016  09:58:23)/@DC__Spacecraft_cfg1" "/@Generated configurations/@DC__Spacecraft/@Configurations (08-26-2016  09:58:46)/@DC__Spacecraft_cfg2" "/@Generated configurations/@DC__Spacecraft/@Configurations (08-26-2016  09:58:54)/@DC__Spacecraft_cfg3"
2016-08-26T17:40:06 - [Debug] - Start main method for master interpreter.
2016-08-26T17:40:06 - [Debug] - Start copying dashboard sync.
2016-08-26T17:40:06 - [Debug] - Generate project manifest.
2016-08-26T17:40:06 - [Debug] - Project manifest was generated Z:\repos\openmeta-spacecraft-study\CyPhy_Model\manifest.project.json
2016-08-26T17:40:06 - [Debug] - Project directory: Z:\repos\openmeta-spacecraft-study\CyPhy_Model
2016-08-26T17:40:06 - [Debug] - Configuration DC__Spacecraft_cfg1 [ComponentAssembly] was resolved to:  DC__Spacecraft_cfg1 [ComponentAssembly]
2016-08-26T17:40:06 - [Debug] - Configuration DC__Spacecraft_cfg2 [ComponentAssembly] was resolved to:  DC__Spacecraft_cfg2 [ComponentAssembly]
2016-08-26T17:40:06 - [Debug] - Configuration DC__Spacecraft_cfg3 [ComponentAssembly] was resolved to:  DC__Spacecraft_cfg3 [ComponentAssembly]
2016-08-26T17:40:06 - [Info] - Number of configurations to execute: 3
2016-08-26T17:40:06 - [Debug] - Wait for dashboard copy to finish
2016-08-26T17:40:06 - [Debug] - Dashboard copy finished
2016-08-26T17:40:06 - [Debug] - Processing 1 out of 3 [0 success(es) and 0 failure(s)]
2016-08-26T17:40:06 - [Debug] - Configuration /@Generated configurations|kind=ComponentAssemblies|relpos=0/@DC__Spacecraft|kind=ComponentAssemblies|relpos=0/@Configurations (08-26-2016  09:58:23)|kind=ComponentAssemblies|relpos=0/@DC__Spacecraft_cfg1|kind=ComponentAssembly|relpos=0
2016-08-26T17:40:06 - [Debug] - Starting analysis model processor
2016-08-26T17:40:06 - [Debug] - Preparing analysis model processor
2016-08-26T17:40:06 - [Debug] - Turning off addons for perfomance reasons: ConstraintManager, CyPhyAddOn, CyPhyDecoratorAddon, CyPhyMdaoAddOn, CyPhySignalBlocksAddOn
2016-08-26T17:40:06 - [Debug] - Getting analysis model processor instance for TestBench type
2016-08-26T17:40:06 - [Debug] - Got TestBenchTypeProcessor for TestBench /@Testing|kind=Testing|relpos=0/@ModelAttributes|kind=Testing|relpos=0/@ExtractModelProps|kind=TestBench|relpos=0
2016-08-26T17:40:06 - [Debug] - ComponentAssembly was specified as configuration. Start expanding it. /@Generated configurations|kind=ComponentAssemblies|relpos=0/@DC__Spacecraft|kind=ComponentAssemblies|relpos=0/@Configurations (08-26-2016  09:58:23)|kind=ComponentAssemblies|relpos=0/@DC__Spacecraft_cfg1|kind=ComponentAssembly|relpos=0
2016-08-26T17:40:06 - [Debug] - Expand finished for /@Generated configurations|kind=ComponentAssemblies|relpos=0/@DC__Spacecraft|kind=ComponentAssemblies|relpos=0/@Configurations (08-26-2016  09:58:23)|kind=ComponentAssemblies|relpos=0/@DC__Spacecraft_cfg1|kind=ComponentAssembly|relpos=0
2016-08-26T17:40:06 - [Debug] - Calling design space exporter
2016-08-26T17:40:07 - [Debug] - Design space exporter succeeded.
2016-08-26T17:40:07 - [Debug] - Calling design exporter
2016-08-26T17:40:08 - [Debug] - Design exporter succeeded.
2016-08-26T17:40:08 - [Debug] - Saving test bench definition
2016-08-26T17:40:08 - [Debug] - Saving test bench definition succeeded.
2016-08-26T17:40:08 - [Debug] - Saving test bench manifest
2016-08-26T17:40:08 - [Debug] - Saving test bench manifest succeeded.
2016-08-26T17:40:08 - [Debug] - Serializing Project manifest file with updates.
2016-08-26T17:40:08 - [Debug] - Project manifest was successfully saved.
2016-08-26T17:40:09 - [Debug] - Execution is interactive, showing interpreter configuration forms.
2016-08-26T17:40:09 - [Debug] - Running interpreters. Keeping temp models: False
2016-08-26T17:40:13 - [Debug] - System.Runtime.InteropServices.COMException (0x80004005): Error HRESULT E_FAIL has been returned from a call to a COM component.
   at GME.MGA.IMgaComponentEx.InvokeEx(MgaProject Project, MgaFCO currentobj, MgaFCOs selectedobjs, Int32 param)
   at META.ComComponent.Main()
   at CyPhyMasterInterpreter.AnalysisModelProcessor.RunInterpreters(Boolean passTraceability, Boolean verboseConsole)
   at CyPhyMasterInterpreter.CyPhyMasterInterpreterAPI.RunAnalysisModelProcessors(IMgaModel context, IMgaFCO configuration, Boolean postToJobManager, Boolean keepTempModels)
2016-08-26T17:40:13 - [Debug] - Removing temporary models.
2016-08-26T17:40:13 - [Debug] - Temporary models are removed.
2016-08-26T17:40:13 - [Debug] - Turning addons back on: ConstraintManager, CyPhyAddOn, CyPhyDecoratorAddon, CyPhyMdaoAddOn, CyPhySignalBlocksAddOn
2016-08-26T17:40:13 - [Debug] - Analysis model processor is done
2016-08-26T17:40:13 - [Debug] - Processing 2 out of 3 [0 success(es) and 1 failure(s)]
2016-08-26T17:40:13 - [Debug] - Configuration /@Generated configurations|kind=ComponentAssemblies|relpos=0/@DC__Spacecraft|kind=ComponentAssemblies|relpos=0/@Configurations (08-26-2016  09:58:46)|kind=ComponentAssemblies|relpos=0/@DC__Spacecraft_cfg2|kind=ComponentAssembly|relpos=0
2016-08-26T17:40:13 - [Debug] - Starting analysis model processor
2016-08-26T17:40:13 - [Debug] - Preparing analysis model processor
2016-08-26T17:40:13 - [Debug] - Turning off addons for perfomance reasons: ConstraintManager, CyPhyAddOn, CyPhyDecoratorAddon, CyPhyMdaoAddOn, CyPhySignalBlocksAddOn
2016-08-26T17:40:13 - [Debug] - Getting analysis model processor instance for TestBench type
2016-08-26T17:40:13 - [Debug] - Got TestBenchTypeProcessor for TestBench /@Testing|kind=Testing|relpos=0/@ModelAttributes|kind=Testing|relpos=0/@ExtractModelProps|kind=TestBench|relpos=0
2016-08-26T17:40:13 - [Debug] - ComponentAssembly was specified as configuration. Start expanding it. /@Generated configurations|kind=ComponentAssemblies|relpos=0/@DC__Spacecraft|kind=ComponentAssemblies|relpos=0/@Configurations (08-26-2016  09:58:46)|kind=ComponentAssemblies|relpos=0/@DC__Spacecraft_cfg2|kind=ComponentAssembly|relpos=0
2016-08-26T17:40:13 - [Debug] - Expand finished for /@Generated configurations|kind=ComponentAssemblies|relpos=0/@DC__Spacecraft|kind=ComponentAssemblies|relpos=0/@Configurations (08-26-2016  09:58:46)|kind=ComponentAssemblies|relpos=0/@DC__Spacecraft_cfg2|kind=ComponentAssembly|relpos=0
2016-08-26T17:40:13 - [Debug] - Calling design space exporter
2016-08-26T17:40:14 - [Debug] - Design space exporter succeeded.
2016-08-26T17:40:14 - [Debug] - Calling design exporter
2016-08-26T17:40:14 - [Debug] - Design exporter succeeded.
2016-08-26T17:40:14 - [Debug] - Saving test bench definition
2016-08-26T17:40:14 - [Debug] - Saving test bench definition succeeded.
2016-08-26T17:40:14 - [Debug] - Saving test bench manifest
2016-08-26T17:40:14 - [Debug] - Saving test bench manifest succeeded.
2016-08-26T17:40:14 - [Debug] - Serializing Project manifest file with updates.
2016-08-26T17:40:14 - [Debug] - Project manifest was successfully saved.
2016-08-26T17:40:16 - [Debug] - Execution is interactive, showing interpreter configuration forms.
2016-08-26T17:40:16 - [Debug] - Running interpreters. Keeping temp models: False
2016-08-26T17:40:17 - [Debug] - System.Runtime.InteropServices.COMException (0x80004005): Error HRESULT E_FAIL has been returned from a call to a COM component.
   at GME.MGA.IMgaComponentEx.InvokeEx(MgaProject Project, MgaFCO currentobj, MgaFCOs selectedobjs, Int32 param)
   at META.ComComponent.Main()
   at CyPhyMasterInterpreter.AnalysisModelProcessor.RunInterpreters(Boolean passTraceability, Boolean verboseConsole)
   at CyPhyMasterInterpreter.CyPhyMasterInterpreterAPI.RunAnalysisModelProcessors(IMgaModel context, IMgaFCO configuration, Boolean postToJobManager, Boolean keepTempModels)
2016-08-26T17:40:17 - [Debug] - Removing temporary models.
2016-08-26T17:40:17 - [Debug] - Temporary models are removed.
2016-08-26T17:40:17 - [Debug] - Turning addons back on: ConstraintManager, CyPhyAddOn, CyPhyDecoratorAddon, CyPhyMdaoAddOn, CyPhySignalBlocksAddOn
2016-08-26T17:40:17 - [Debug] - Analysis model processor is done
2016-08-26T17:40:17 - [Debug] - Processing 3 out of 3 [0 success(es) and 2 failure(s)]
2016-08-26T17:40:17 - [Debug] - Configuration /@Generated configurations|kind=ComponentAssemblies|relpos=0/@DC__Spacecraft|kind=ComponentAssemblies|relpos=0/@Configurations (08-26-2016  09:58:54)|kind=ComponentAssemblies|relpos=0/@DC__Spacecraft_cfg3|kind=ComponentAssembly|relpos=0
2016-08-26T17:40:17 - [Debug] - Starting analysis model processor
2016-08-26T17:40:17 - [Debug] - Preparing analysis model processor
2016-08-26T17:40:17 - [Debug] - Turning off addons for perfomance reasons: ConstraintManager, CyPhyAddOn, CyPhyDecoratorAddon, CyPhyMdaoAddOn, CyPhySignalBlocksAddOn
2016-08-26T17:40:17 - [Debug] - Getting analysis model processor instance for TestBench type
2016-08-26T17:40:17 - [Debug] - Got TestBenchTypeProcessor for TestBench /@Testing|kind=Testing|relpos=0/@ModelAttributes|kind=Testing|relpos=0/@ExtractModelProps|kind=TestBench|relpos=0
2016-08-26T17:40:17 - [Debug] - ComponentAssembly was specified as configuration. Start expanding it. /@Generated configurations|kind=ComponentAssemblies|relpos=0/@DC__Spacecraft|kind=ComponentAssemblies|relpos=0/@Configurations (08-26-2016  09:58:54)|kind=ComponentAssemblies|relpos=0/@DC__Spacecraft_cfg3|kind=ComponentAssembly|relpos=0
2016-08-26T17:40:17 - [Debug] - Expand finished for /@Generated configurations|kind=ComponentAssemblies|relpos=0/@DC__Spacecraft|kind=ComponentAssemblies|relpos=0/@Configurations (08-26-2016  09:58:54)|kind=ComponentAssemblies|relpos=0/@DC__Spacecraft_cfg3|kind=ComponentAssembly|relpos=0
2016-08-26T17:40:17 - [Debug] - Calling design space exporter
2016-08-26T17:40:18 - [Debug] - Design space exporter succeeded.
2016-08-26T17:40:18 - [Debug] - Calling design exporter
2016-08-26T17:40:18 - [Debug] - Design exporter succeeded.
2016-08-26T17:40:18 - [Debug] - Saving test bench definition
2016-08-26T17:40:18 - [Debug] - Saving test bench definition succeeded.
2016-08-26T17:40:18 - [Debug] - Saving test bench manifest
2016-08-26T17:40:18 - [Debug] - Saving test bench manifest succeeded.
2016-08-26T17:40:18 - [Debug] - Serializing Project manifest file with updates.
2016-08-26T17:40:18 - [Debug] - Project manifest was successfully saved.
2016-08-26T17:40:20 - [Debug] - Execution is interactive, showing interpreter configuration forms.
2016-08-26T17:40:20 - [Debug] - Running interpreters. Keeping temp models: False
2016-08-26T17:40:23 - [Debug] - System.Runtime.InteropServices.COMException (0x80004005): Error HRESULT E_FAIL has been returned from a call to a COM component.
   at GME.MGA.IMgaComponentEx.InvokeEx(MgaProject Project, MgaFCO currentobj, MgaFCOs selectedobjs, Int32 param)
   at META.ComComponent.Main()
   at CyPhyMasterInterpreter.AnalysisModelProcessor.RunInterpreters(Boolean passTraceability, Boolean verboseConsole)
   at CyPhyMasterInterpreter.CyPhyMasterInterpreterAPI.RunAnalysisModelProcessors(IMgaModel context, IMgaFCO configuration, Boolean postToJobManager, Boolean keepTempModels)
2016-08-26T17:40:23 - [Debug] - Removing temporary models.
2016-08-26T17:40:23 - [Debug] - Temporary models are removed.
2016-08-26T17:40:23 - [Debug] - Turning addons back on: ConstraintManager, CyPhyAddOn, CyPhyDecoratorAddon, CyPhyMdaoAddOn, CyPhySignalBlocksAddOn
2016-08-26T17:40:23 - [Debug] - Analysis model processor is done
2016-08-26T17:40:23 - [Debug] - Generate dashboard script files
2016-08-26T17:40:23 - [Debug] - Dashboard script files generated
2016-08-26T17:40:23 - [Info] -  Summary 
2016-08-26T17:40:23 - [Failed] -  <a href="mga:id-0065-00000107">ExtractModelProps</a> <a href="mga:id-0065-0000018d">DC__Spacecraft_cfg1</a> Error HRESULT E_FAIL has been returned from a call to a COM component. 
2016-08-26T17:40:23 - [Debug] - System.Runtime.InteropServices.COMException (0x80004005): Error HRESULT E_FAIL has been returned from a call to a COM component.
   at GME.MGA.IMgaComponentEx.InvokeEx(MgaProject Project, MgaFCO currentobj, MgaFCOs selectedobjs, Int32 param)
   at META.ComComponent.Main()
   at CyPhyMasterInterpreter.AnalysisModelProcessor.RunInterpreters(Boolean passTraceability, Boolean verboseConsole)
   at CyPhyMasterInterpreter.CyPhyMasterInterpreterAPI.RunAnalysisModelProcessors(IMgaModel context, IMgaFCO configuration, Boolean postToJobManager, Boolean keepTempModels)
2016-08-26T17:40:23 - [Failed] -  <a href="mga:id-0065-00000107">ExtractModelProps</a> <a href="mga:id-0065-0000019a">DC__Spacecraft_cfg2</a> Error HRESULT E_FAIL has been returned from a call to a COM component. 
2016-08-26T17:40:23 - [Debug] - System.Runtime.InteropServices.COMException (0x80004005): Error HRESULT E_FAIL has been returned from a call to a COM component.
   at GME.MGA.IMgaComponentEx.InvokeEx(MgaProject Project, MgaFCO currentobj, MgaFCOs selectedobjs, Int32 param)
   at META.ComComponent.Main()
   at CyPhyMasterInterpreter.AnalysisModelProcessor.RunInterpreters(Boolean passTraceability, Boolean verboseConsole)
   at CyPhyMasterInterpreter.CyPhyMasterInterpreterAPI.RunAnalysisModelProcessors(IMgaModel context, IMgaFCO configuration, Boolean postToJobManager, Boolean keepTempModels)
2016-08-26T17:40:23 - [Failed] -  <a href="mga:id-0065-00000107">ExtractModelProps</a> <a href="mga:id-0065-000001a7">DC__Spacecraft_cfg3</a> Error HRESULT E_FAIL has been returned from a call to a COM component. 
2016-08-26T17:40:23 - [Debug] - System.Runtime.InteropServices.COMException (0x80004005): Error HRESULT E_FAIL has been returned from a call to a COM component.
   at GME.MGA.IMgaComponentEx.InvokeEx(MgaProject Project, MgaFCO currentobj, MgaFCOs selectedobjs, Int32 param)
   at META.ComComponent.Main()
   at CyPhyMasterInterpreter.AnalysisModelProcessor.RunInterpreters(Boolean passTraceability, Boolean verboseConsole)
   at CyPhyMasterInterpreter.CyPhyMasterInterpreterAPI.RunAnalysisModelProcessors(IMgaModel context, IMgaFCO configuration, Boolean postToJobManager, Boolean keepTempModels)
2016-08-26T17:40:23 - [Info] - Log file was generated here: <a href="file:///Z:\repos\openmeta-spacecraft-study\CyPhy_Model\log" target="_blank">Z:\repos\openmeta-spacecraft-study\CyPhy_Model\log\CyPhyMasterInterpreter.4408.log</a>
2016-08-26T17:40:23 - [Info] - Master Interpreter 2.0 finished
2016-08-26T17:48:47 - [Info] - Master Interpreter 2.0
2016-08-26T17:48:48 - [Debug] - === HEADER ===================================================
Date/Time:       8/26/2016 5:48:47 PM
Windows Version: Microsoft Windows NT 6.2.9200.0
x64 bit OS:      True
GME version:     16.4.18.2588
META version:    14.13.230
META install:    C:\Program Files (x86)\META\
CyPhyML version: 14.13-t9
CyPhyML GUID:    {7943616A-CAEA-4AEC-ABB5-D058088874B4}
Python Dll:      C:\Windows\SysWOW64\python27.dll 2.7.11 IMAGE_FILE_MACHINE_I386
Python Exe:      "C:\Python27\python.exe" "%1" %*
Python27 VE exe: C:\Program Files (x86)\META\bin\Python27\Scripts\python.exe
PROE ISIS Ext. : C:\Program Files\META\Proe ISIS Extensions\bin\CADCreoParametricCreateAssembly.exe
PROE ISIS ver. : CADCreoParametricCreateAssembly 1.5.7.0
Username:        adam
Currently opened paradigm information
  MetaName    : CyPhyML
  MetaVersion : 14.13-t9

2016-08-26T17:48:48 - [Info] - Processing ExtractModelProps [TestBench] model
2016-08-26T17:48:48 - [Debug] - Interactive mode: True
2016-08-26T17:48:48 - [Debug] - Entering TryCheckContext checker
2016-08-26T17:48:48 - [Debug] - Getting context checker for TestBench
2016-08-26T17:48:48 - [Debug] - Got context checker TestBenchChecker for context TestBench
2016-08-26T17:48:48 - [Debug] - Checking context
2016-08-26T17:48:48 - [Debug] - Context is checked
2016-08-26T17:48:48 - [Success] -  <i><a href="mga:id-0065-00000107">ExtractModelProps</a></i> No component in TestBench.
2016-08-26T17:48:48 - [Success] -  <i><a href="mga:id-0065-00000107">ExtractModelProps</a></i> No component references in TestBench.
2016-08-26T17:48:48 - [Success] -  <i><a href="mga:id-0065-00000140">DC__Spacecraft</a></i> 'Spacecraft' [TopLevelSystemUnderTest] refers to a valid object [DesignContainer] and the DesignContainer is in a folder.
2016-08-26T17:48:48 - [Success] -  <i><a href="mga:id-0065-00000107">ExtractModelProps</a></i> TestBench is not a library object.
2016-08-26T17:48:48 - [Success] -  <i><a href="mga:id-0065-00000107">ExtractModelProps</a></i> TestBench is not a subtype or instance.
2016-08-26T17:48:48 - [Success] -  <i><a href="mga:id-0065-00000107">ExtractModelProps</a></i> TestBench is not an instance.
2016-08-26T17:48:48 - [Success] -  <i><a href="mga:id-0065-00000107">ExtractModelProps</a></i> TestBench is writable.
2016-08-26T17:48:48 - [Success] -  <i><a href="mga:id-0067-000003fc">Spacecraft</a></i> TopLevelSystemUnderTest object is not a null reference.
2016-08-26T17:48:48 - [Success] -  <i><a href="mga:id-0067-000003fc">Spacecraft</a></i> TopLevelSystemUnderTest refers to Compound DesignContainer.
2016-08-26T17:48:52 - [Debug] - MasterExe command: CyPhyMasterExe.exe "MGA=Z:\repos\openmeta-spacecraft-study\CyPhy_Model\Sat.mga" "/@Testing/@ModelAttributes/@ExtractModelProps" "/@Generated configurations/@DC__Spacecraft/@Configurations (08-26-2016  09:58:23)/@DC__Spacecraft_cfg1" "/@Generated configurations/@DC__Spacecraft/@Configurations (08-26-2016  09:58:46)/@DC__Spacecraft_cfg2" "/@Generated configurations/@DC__Spacecraft/@Configurations (08-26-2016  09:58:54)/@DC__Spacecraft_cfg3"
2016-08-26T17:48:52 - [Debug] - Start main method for master interpreter.
2016-08-26T17:48:52 - [Debug] - Start copying dashboard sync.
2016-08-26T17:48:52 - [Debug] - Generate project manifest.
2016-08-26T17:48:52 - [Debug] - Project manifest was generated Z:\repos\openmeta-spacecraft-study\CyPhy_Model\manifest.project.json
2016-08-26T17:48:52 - [Debug] - Project directory: Z:\repos\openmeta-spacecraft-study\CyPhy_Model
2016-08-26T17:48:52 - [Debug] - Configuration DC__Spacecraft_cfg1 [ComponentAssembly] was resolved to:  DC__Spacecraft_cfg1 [ComponentAssembly]
2016-08-26T17:48:52 - [Debug] - Configuration DC__Spacecraft_cfg2 [ComponentAssembly] was resolved to:  DC__Spacecraft_cfg2 [ComponentAssembly]
2016-08-26T17:48:52 - [Debug] - Configuration DC__Spacecraft_cfg3 [ComponentAssembly] was resolved to:  DC__Spacecraft_cfg3 [ComponentAssembly]
2016-08-26T17:48:52 - [Info] - Number of configurations to execute: 3
2016-08-26T17:48:52 - [Debug] - Wait for dashboard copy to finish
2016-08-26T17:48:52 - [Debug] - Dashboard copy finished
2016-08-26T17:48:52 - [Debug] - Processing 1 out of 3 [0 success(es) and 0 failure(s)]
2016-08-26T17:48:52 - [Debug] - Configuration /@Generated configurations|kind=ComponentAssemblies|relpos=0/@DC__Spacecraft|kind=ComponentAssemblies|relpos=0/@Configurations (08-26-2016  09:58:23)|kind=ComponentAssemblies|relpos=0/@DC__Spacecraft_cfg1|kind=ComponentAssembly|relpos=0
2016-08-26T17:48:52 - [Debug] - Starting analysis model processor
2016-08-26T17:48:52 - [Debug] - Preparing analysis model processor
2016-08-26T17:48:52 - [Debug] - Turning off addons for perfomance reasons: ConstraintManager, CyPhyAddOn, CyPhyDecoratorAddon, CyPhyMdaoAddOn, CyPhySignalBlocksAddOn
2016-08-26T17:48:52 - [Debug] - Getting analysis model processor instance for TestBench type
2016-08-26T17:48:52 - [Debug] - Got TestBenchTypeProcessor for TestBench /@Testing|kind=Testing|relpos=0/@ModelAttributes|kind=Testing|relpos=0/@ExtractModelProps|kind=TestBench|relpos=0
2016-08-26T17:48:52 - [Debug] - ComponentAssembly was specified as configuration. Start expanding it. /@Generated configurations|kind=ComponentAssemblies|relpos=0/@DC__Spacecraft|kind=ComponentAssemblies|relpos=0/@Configurations (08-26-2016  09:58:23)|kind=ComponentAssemblies|relpos=0/@DC__Spacecraft_cfg1|kind=ComponentAssembly|relpos=0
2016-08-26T17:48:52 - [Debug] - Expand finished for /@Generated configurations|kind=ComponentAssemblies|relpos=0/@DC__Spacecraft|kind=ComponentAssemblies|relpos=0/@Configurations (08-26-2016  09:58:23)|kind=ComponentAssemblies|relpos=0/@DC__Spacecraft_cfg1|kind=ComponentAssembly|relpos=0
2016-08-26T17:48:52 - [Debug] - Calling design space exporter
2016-08-26T17:48:52 - [Debug] - Design space exporter succeeded.
2016-08-26T17:48:52 - [Debug] - Calling design exporter
2016-08-26T17:48:53 - [Debug] - Design exporter succeeded.
2016-08-26T17:48:53 - [Debug] - Saving test bench definition
2016-08-26T17:48:53 - [Debug] - Saving test bench definition succeeded.
2016-08-26T17:48:53 - [Debug] - Saving test bench manifest
2016-08-26T17:48:53 - [Debug] - Saving test bench manifest succeeded.
2016-08-26T17:48:53 - [Debug] - Serializing Project manifest file with updates.
2016-08-26T17:48:53 - [Debug] - Project manifest was successfully saved.
2016-08-26T17:48:54 - [Debug] - Execution is interactive, showing interpreter configuration forms.
2016-08-26T17:48:54 - [Debug] - Running interpreters. Keeping temp models: False
2016-08-26T17:48:55 - [Debug] - Interpreters finished.
2016-08-26T17:48:55 - [Debug] - Job manager instance is null. Initializing one.
2016-08-26T17:48:55 - [Debug] - Job manager dispatch is ready to receive jobs
2016-08-26T17:48:55 - [Debug] - Posting to the job manager
2016-08-26T17:49:00 - [Info] - Job posted to the job manager: ExtractModelProps
2016-08-26T17:49:00 - [Debug] - Removing temporary models.
2016-08-26T17:49:00 - [Debug] - Temporary models are removed.
2016-08-26T17:49:00 - [Debug] - Turning addons back on: ConstraintManager, CyPhyAddOn, CyPhyDecoratorAddon, CyPhyMdaoAddOn, CyPhySignalBlocksAddOn
2016-08-26T17:49:00 - [Debug] - Analysis model processor is done
2016-08-26T17:49:00 - [Debug] - Processing 2 out of 3 [1 success(es) and 0 failure(s)]
2016-08-26T17:49:00 - [Debug] - Configuration /@Generated configurations|kind=ComponentAssemblies|relpos=0/@DC__Spacecraft|kind=ComponentAssemblies|relpos=0/@Configurations (08-26-2016  09:58:46)|kind=ComponentAssemblies|relpos=0/@DC__Spacecraft_cfg2|kind=ComponentAssembly|relpos=0
2016-08-26T17:49:00 - [Debug] - Starting analysis model processor
2016-08-26T17:49:00 - [Debug] - Preparing analysis model processor
2016-08-26T17:49:00 - [Debug] - Turning off addons for perfomance reasons: ConstraintManager, CyPhyAddOn, CyPhyDecoratorAddon, CyPhyMdaoAddOn, CyPhySignalBlocksAddOn
2016-08-26T17:49:00 - [Debug] - Getting analysis model processor instance for TestBench type
2016-08-26T17:49:00 - [Debug] - Got TestBenchTypeProcessor for TestBench /@Testing|kind=Testing|relpos=0/@ModelAttributes|kind=Testing|relpos=0/@ExtractModelProps|kind=TestBench|relpos=0
2016-08-26T17:49:00 - [Debug] - ComponentAssembly was specified as configuration. Start expanding it. /@Generated configurations|kind=ComponentAssemblies|relpos=0/@DC__Spacecraft|kind=ComponentAssemblies|relpos=0/@Configurations (08-26-2016  09:58:46)|kind=ComponentAssemblies|relpos=0/@DC__Spacecraft_cfg2|kind=ComponentAssembly|relpos=0
2016-08-26T17:49:00 - [Debug] - Expand finished for /@Generated configurations|kind=ComponentAssemblies|relpos=0/@DC__Spacecraft|kind=ComponentAssemblies|relpos=0/@Configurations (08-26-2016  09:58:46)|kind=ComponentAssemblies|relpos=0/@DC__Spacecraft_cfg2|kind=ComponentAssembly|relpos=0
2016-08-26T17:49:00 - [Debug] - Calling design space exporter
2016-08-26T17:49:01 - [Debug] - Design space exporter succeeded.
2016-08-26T17:49:01 - [Debug] - Calling design exporter
2016-08-26T17:49:02 - [Debug] - Design exporter succeeded.
2016-08-26T17:49:02 - [Debug] - Saving test bench definition
2016-08-26T17:49:02 - [Debug] - Saving test bench definition succeeded.
2016-08-26T17:49:02 - [Debug] - Saving test bench manifest
2016-08-26T17:49:02 - [Debug] - Saving test bench manifest succeeded.
2016-08-26T17:49:02 - [Debug] - Serializing Project manifest file with updates.
2016-08-26T17:49:02 - [Debug] - Project manifest was successfully saved.
2016-08-26T17:49:03 - [Debug] - Execution is interactive, showing interpreter configuration forms.
2016-08-26T17:49:03 - [Debug] - Running interpreters. Keeping temp models: False
2016-08-26T17:49:04 - [Debug] - Interpreters finished.
2016-08-26T17:49:04 - [Debug] - Posting to the job manager
2016-08-26T17:49:04 - [Info] - Job posted to the job manager: ExtractModelProps
2016-08-26T17:49:04 - [Debug] - Removing temporary models.
2016-08-26T17:49:04 - [Debug] - Temporary models are removed.
2016-08-26T17:49:04 - [Debug] - Turning addons back on: ConstraintManager, CyPhyAddOn, CyPhyDecoratorAddon, CyPhyMdaoAddOn, CyPhySignalBlocksAddOn
2016-08-26T17:49:04 - [Debug] - Analysis model processor is done
2016-08-26T17:49:04 - [Debug] - Processing 3 out of 3 [2 success(es) and 0 failure(s)]
2016-08-26T17:49:04 - [Debug] - Configuration /@Generated configurations|kind=ComponentAssemblies|relpos=0/@DC__Spacecraft|kind=ComponentAssemblies|relpos=0/@Configurations (08-26-2016  09:58:54)|kind=ComponentAssemblies|relpos=0/@DC__Spacecraft_cfg3|kind=ComponentAssembly|relpos=0
2016-08-26T17:49:04 - [Debug] - Starting analysis model processor
2016-08-26T17:49:04 - [Debug] - Preparing analysis model processor
2016-08-26T17:49:04 - [Debug] - Turning off addons for perfomance reasons: ConstraintManager, CyPhyAddOn, CyPhyDecoratorAddon, CyPhyMdaoAddOn, CyPhySignalBlocksAddOn
2016-08-26T17:49:04 - [Debug] - Getting analysis model processor instance for TestBench type
2016-08-26T17:49:04 - [Debug] - Got TestBenchTypeProcessor for TestBench /@Testing|kind=Testing|relpos=0/@ModelAttributes|kind=Testing|relpos=0/@ExtractModelProps|kind=TestBench|relpos=0
2016-08-26T17:49:04 - [Debug] - ComponentAssembly was specified as configuration. Start expanding it. /@Generated configurations|kind=ComponentAssemblies|relpos=0/@DC__Spacecraft|kind=ComponentAssemblies|relpos=0/@Configurations (08-26-2016  09:58:54)|kind=ComponentAssemblies|relpos=0/@DC__Spacecraft_cfg3|kind=ComponentAssembly|relpos=0
2016-08-26T17:49:04 - [Debug] - Expand finished for /@Generated configurations|kind=ComponentAssemblies|relpos=0/@DC__Spacecraft|kind=ComponentAssemblies|relpos=0/@Configurations (08-26-2016  09:58:54)|kind=ComponentAssemblies|relpos=0/@DC__Spacecraft_cfg3|kind=ComponentAssembly|relpos=0
2016-08-26T17:49:04 - [Debug] - Calling design space exporter
2016-08-26T17:49:04 - [Debug] - Design space exporter succeeded.
2016-08-26T17:49:04 - [Debug] - Calling design exporter
2016-08-26T17:49:05 - [Debug] - Design exporter succeeded.
2016-08-26T17:49:05 - [Debug] - Saving test bench definition
2016-08-26T17:49:05 - [Debug] - Saving test bench definition succeeded.
2016-08-26T17:49:05 - [Debug] - Saving test bench manifest
2016-08-26T17:49:05 - [Debug] - Saving test bench manifest succeeded.
2016-08-26T17:49:05 - [Debug] - Serializing Project manifest file with updates.
2016-08-26T17:49:05 - [Debug] - Project manifest was successfully saved.
2016-08-26T17:49:06 - [Debug] - Execution is interactive, showing interpreter configuration forms.
2016-08-26T17:49:06 - [Debug] - Running interpreters. Keeping temp models: False
2016-08-26T17:49:07 - [Debug] - Interpreters finished.
2016-08-26T17:49:07 - [Debug] - Posting to the job manager
2016-08-26T17:49:07 - [Info] - Job posted to the job manager: ExtractModelProps
2016-08-26T17:49:07 - [Debug] - Removing temporary models.
2016-08-26T17:49:07 - [Debug] - Temporary models are removed.
2016-08-26T17:49:07 - [Debug] - Turning addons back on: ConstraintManager, CyPhyAddOn, CyPhyDecoratorAddon, CyPhyMdaoAddOn, CyPhySignalBlocksAddOn
2016-08-26T17:49:07 - [Debug] - Analysis model processor is done
2016-08-26T17:49:07 - [Debug] - Generate dashboard script files
2016-08-26T17:49:07 - [Debug] - Dashboard script files generated
2016-08-26T17:49:07 - [Info] -  Summary 
2016-08-26T17:49:07 - [Success] -  <a href="mga:id-0065-00000107">ExtractModelProps</a> <a href="mga:id-0065-0000018d">DC__Spacecraft_cfg1</a>  
2016-08-26T17:49:07 - [Success] -  <a href="mga:id-0065-00000107">ExtractModelProps</a> <a href="mga:id-0065-0000019a">DC__Spacecraft_cfg2</a>  
2016-08-26T17:49:07 - [Success] -  <a href="mga:id-0065-00000107">ExtractModelProps</a> <a href="mga:id-0065-000001a7">DC__Spacecraft_cfg3</a>  
2016-08-26T17:49:08 - [Info] - Log file was generated here: <a href="file:///Z:\repos\openmeta-spacecraft-study\CyPhy_Model\log" target="_blank">Z:\repos\openmeta-spacecraft-study\CyPhy_Model\log\CyPhyMasterInterpreter.4408.log</a>
2016-08-26T17:49:08 - [Info] - Master Interpreter 2.0 finished
