2016-08-26T08:58:37 - [Info] - Master Interpreter 2.0
2016-08-26T08:58:38 - [Debug] - === HEADER ===================================================
Date/Time:       8/26/2016 8:58:37 AM
Windows Version: Microsoft Windows NT 6.2.9200.0
x64 bit OS:      True
GME version:     16.3.23.2581
META version:    14.13.68
META install:    C:\Program Files (x86)\META\
CyPhyML version: 14.13-t8
CyPhyML GUID:    {9088E798-8A24-4B44-B98E-D5C7C1792C2F}
Python Dll:      UNKNOWN
Python Exe:      UNKNOWN
Python27 VE exe: C:\Program Files (x86)\META\bin\Python27\Scripts\python.exe
PROE ISIS Ext. : C:\Program Files\META\Proe ISIS Extensions\bin\CADCreoParametricCreateAssembly.exe
PROE ISIS ver. : CADCreoParametricCreateAssembly 1.5.4.0
Username:        ted
Currently opened paradigm information
  MetaName    : CyPhyML
  MetaVersion : 14.13-t8

2016-08-26T08:58:38 - [Info] - Processing PowerAnalysis [TestBench] model
2016-08-26T08:58:38 - [Debug] - Interactive mode: True
2016-08-26T08:58:38 - [Debug] - Entering TryCheckContext checker
2016-08-26T08:58:38 - [Debug] - Getting context checker for TestBench
2016-08-26T08:58:38 - [Debug] - Got context checker TestBenchChecker for context TestBench
2016-08-26T08:58:38 - [Debug] - Checking context
2016-08-26T08:58:38 - [Debug] - Context is checked
2016-08-26T08:58:38 - [Success] -  <i><a href="mga:id-0065-00000390">SpacecraftNominalConfig</a></i> 'DC_Spacecraft' [TopLevelSystemUnderTest] refers to a valid object [ComponentAssembly] and the ComponentAssembly is in a folder.
2016-08-26T08:58:38 - [Success] -  <i><a href="mga:id-0065-00000103">PowerAnalysis</a></i> No component in TestBench.
2016-08-26T08:58:38 - [Success] -  <i><a href="mga:id-0065-00000103">PowerAnalysis</a></i> No component references in TestBench.
2016-08-26T08:58:38 - [Success] -  <i><a href="mga:id-0065-00000103">PowerAnalysis</a></i> TestBench is not a library object.
2016-08-26T08:58:38 - [Success] -  <i><a href="mga:id-0065-00000103">PowerAnalysis</a></i> TestBench is not a subtype or instance.
2016-08-26T08:58:38 - [Success] -  <i><a href="mga:id-0065-00000103">PowerAnalysis</a></i> TestBench is not an instance.
2016-08-26T08:58:38 - [Success] -  <i><a href="mga:id-0065-00000103">PowerAnalysis</a></i> TestBench is writable.
2016-08-26T08:58:38 - [Success] -  <i><a href="mga:id-0067-0000046a">DC_Spacecraft</a></i> TopLevelSystemUnderTest object is not a null reference.
2016-08-26T08:58:38 - [Success] -  <i><a href="mga:id-0067-0000046a">DC_Spacecraft</a></i> TopLevelSystemUnderTest refers to ComponentAssembly.
2016-08-26T08:58:40 - [Debug] - MasterExe command: CyPhyMasterExe.exe "MGA=D:\Work\SatExample\CyPhy_Model\ExampleSatV2xx.mga" "/@Testing/@DynamicsSim/@PowerAnalysis" "/@A_DemoSystems/@SpacecraftNominalConfig"
2016-08-26T08:58:40 - [Debug] - Start main method for master interpreter.
2016-08-26T08:58:40 - [Debug] - Start copying dashboard sync.
2016-08-26T08:58:40 - [Debug] - Generate project manifest.
2016-08-26T08:58:40 - [Debug] - Project manifest was generated D:\Work\SatExample\CyPhy_Model\manifest.project.json
2016-08-26T08:58:40 - [Debug] - Project directory: D:\Work\SatExample\CyPhy_Model
2016-08-26T08:58:40 - [Debug] - Configuration SpacecraftNominalConfig [ComponentAssembly] was resolved to:  SpacecraftNominalConfig [ComponentAssembly]
2016-08-26T08:58:40 - [Info] - Number of configurations to execute: 1
2016-08-26T08:58:40 - [Debug] - Wait for dashboard copy to finish
2016-08-26T08:58:40 - [Debug] - Dashboard copy finished
2016-08-26T08:58:40 - [Debug] - Processing 1 out of 1 [0 success(es) and 0 failure(s)]
2016-08-26T08:58:40 - [Debug] - Configuration /@A_DemoSystems|kind=ComponentAssemblies|relpos=0/@SpacecraftNominalConfig|kind=ComponentAssembly|relpos=0
2016-08-26T08:58:40 - [Debug] - Starting analysis model processor
2016-08-26T08:58:40 - [Debug] - Preparing analysis model processor
2016-08-26T08:58:40 - [Debug] - Turning off addons for perfomance reasons: ConstraintManager, CyPhyAddOn, CyPhyDecoratorAddon, CyPhyMdaoAddOn, CyPhySignalBlocksAddOn
2016-08-26T08:58:40 - [Debug] - Getting analysis model processor instance for TestBench type
2016-08-26T08:58:40 - [Debug] - Got TestBenchTypeProcessor for TestBench /@Testing|kind=Testing|relpos=0/@DynamicsSim|kind=Testing|relpos=0/@PowerAnalysis|kind=TestBench|relpos=0
2016-08-26T08:58:40 - [Debug] - ComponentAssembly was specified as configuration. Start expanding it. /@A_DemoSystems|kind=ComponentAssemblies|relpos=0/@SpacecraftNominalConfig|kind=ComponentAssembly|relpos=0
2016-08-26T08:58:40 - [Debug] - Expand finished for /@A_DemoSystems|kind=ComponentAssemblies|relpos=0/@SpacecraftNominalConfig|kind=ComponentAssembly|relpos=0
2016-08-26T08:58:40 - [Debug] - [SKIP] Calling design space exporter, since the test bench is defined over a design and not a design space.
2016-08-26T08:58:40 - [Debug] - Calling design exporter
2016-08-26T08:58:40 - [Debug] - Design exporter succeeded.
2016-08-26T08:58:40 - [Debug] - Saving test bench definition
2016-08-26T08:58:40 - [Debug] - Saving test bench definition succeeded.
2016-08-26T08:58:40 - [Debug] - Saving test bench manifest
2016-08-26T08:58:40 - [Debug] - Saving test bench manifest succeeded.
2016-08-26T08:58:40 - [Debug] - Serializing Project manifest file with updates.
2016-08-26T08:58:40 - [Debug] - Project manifest was successfully saved.
2016-08-26T08:58:40 - [Debug] - Execution is interactive, showing interpreter configuration forms.
2016-08-26T08:58:54 - [Debug] - Running interpreters. Keeping temp models: False
2016-08-26T08:58:57 - [Debug] - Interpreters finished.
2016-08-26T08:58:57 - [Debug] - Job manager instance is null. Initializing one.
2016-08-26T08:58:57 - [Debug] - Job manager dispatch is ready to receive jobs
2016-08-26T08:58:57 - [Debug] - Posting to the job manager
2016-08-26T08:58:57 - [Info] - Job posted to the job manager: PowerAnalysis
2016-08-26T08:58:57 - [Debug] - Removing temporary models.
2016-08-26T08:58:57 - [Debug] - Temporary models are removed.
2016-08-26T08:58:57 - [Debug] - Turning addons back on: ConstraintManager, CyPhyAddOn, CyPhyDecoratorAddon, CyPhyMdaoAddOn, CyPhySignalBlocksAddOn
2016-08-26T08:58:57 - [Debug] - Analysis model processor is done
2016-08-26T08:58:57 - [Debug] - Generate dashboard script files
2016-08-26T08:58:57 - [Debug] - Dashboard script files generated
2016-08-26T08:58:57 - [Info] -  Summary 
2016-08-26T08:58:57 - [Success] -  <a href="mga:id-0065-00000103">PowerAnalysis</a> <a href="mga:id-0065-00000390">SpacecraftNominalConfig</a>  
2016-08-26T08:58:57 - [Info] - Log file was generated here: <a href="file:///D:\Work\SatExample\CyPhy_Model\log" target="_blank">D:\Work\SatExample\CyPhy_Model\log\CyPhyMasterInterpreter.724.log</a>
2016-08-26T08:58:57 - [Info] - Master Interpreter 2.0 finished
2016-08-26T09:00:15 - [Info] - Master Interpreter 2.0
2016-08-26T09:00:15 - [Debug] - === HEADER ===================================================
Date/Time:       8/26/2016 9:00:15 AM
Windows Version: Microsoft Windows NT 6.2.9200.0
x64 bit OS:      True
GME version:     16.3.23.2581
META version:    14.13.68
META install:    C:\Program Files (x86)\META\
CyPhyML version: 14.13-t8
CyPhyML GUID:    {9088E798-8A24-4B44-B98E-D5C7C1792C2F}
Python Dll:      UNKNOWN
Python Exe:      UNKNOWN
Python27 VE exe: C:\Program Files (x86)\META\bin\Python27\Scripts\python.exe
PROE ISIS Ext. : C:\Program Files\META\Proe ISIS Extensions\bin\CADCreoParametricCreateAssembly.exe
PROE ISIS ver. : CADCreoParametricCreateAssembly 1.5.4.0
Username:        ted
Currently opened paradigm information
  MetaName    : CyPhyML
  MetaVersion : 14.13-t8

2016-08-26T09:00:15 - [Info] - Processing ExploreGeoAndPerf [ParametricExploration] model
2016-08-26T09:00:15 - [Debug] - Interactive mode: True
2016-08-26T09:00:15 - [Debug] - Entering TryCheckContext checker
2016-08-26T09:00:15 - [Debug] - Getting context checker for ParametricExploration
2016-08-26T09:00:15 - [Debug] - Got context checker ParametricExplorationChecker for context ParametricExploration
2016-08-26T09:00:15 - [Debug] - Checking context
2016-08-26T09:00:15 - [Debug] - Context is checked
2016-08-26T09:00:15 - [Success] -  <i><a href="mga:id-0065-0000039e">DC__Spacecraft</a></i> 'DC_Spacecraft' [TopLevelSystemUnderTest] refers to a valid object [DesignContainer] and the DesignContainer is in a folder.
2016-08-26T09:00:15 - [Success] -  <i><a href="mga:id-0065-00000107">ExtractModelProps</a></i> No component in TestBench.
2016-08-26T09:00:15 - [Success] -  <i><a href="mga:id-0065-00000105">PowerAnalysis_DesignSpace</a></i> No component in TestBench.
2016-08-26T09:00:15 - [Success] -  <i><a href="mga:id-0065-000000f9">Inertial_and_Geometry</a></i> No component in TestBench.
2016-08-26T09:00:15 - [Success] -  <i><a href="mga:id-0065-00000107">ExtractModelProps</a></i> No component references in TestBench.
2016-08-26T09:00:15 - [Success] -  <i><a href="mga:id-0065-00000105">PowerAnalysis_DesignSpace</a></i> No component references in TestBench.
2016-08-26T09:00:15 - [Success] -  <i><a href="mga:id-0065-000000f9">Inertial_and_Geometry</a></i> No component references in TestBench.
2016-08-26T09:00:15 - [Success] -  <i><a href="mga:id-0067-0000045e">Geometric Analysis</a></i> One or more test bench references found.
2016-08-26T09:00:15 - [Success] -  <i><a href="mga:id-0065-000000f0">ExploreGeoAndPerf</a></i> ParametricExploration is not a library object.
2016-08-26T09:00:15 - [Success] -  <i><a href="mga:id-0065-000000f0">ExploreGeoAndPerf</a></i> ParametricExploration is not a subtype or instance.
2016-08-26T09:00:15 - [Success] -  <i><a href="mga:id-0065-000000f0">ExploreGeoAndPerf</a></i> ParametricExploration is not an instance.
2016-08-26T09:00:15 - [Success] -  <i><a href="mga:id-0065-000000f0">ExploreGeoAndPerf</a></i> ParametricExploration is writable.
2016-08-26T09:00:15 - [Success] -  <i><a href="mga:id-0065-0000039e">DC__Spacecraft</a></i> 'Protector1015' [TopLevelSystemUnderTest] refers to a valid object [DesignContainer] and the DesignContainer is in a folder.
2016-08-26T09:00:15 - [Success] -  <i><a href="mga:id-0065-0000039e">DC__Spacecraft</a></i> 'Spacecraft' [TopLevelSystemUnderTest] refers to a valid object [DesignContainer] and the DesignContainer is in a folder.
2016-08-26T09:00:15 - [Success] -  <i><a href="mga:id-0065-000000f1">FullParameterStudy</a></i> Test bench has exectly driver: ParameterStudy.
2016-08-26T09:00:15 - [Success] -  <i><a href="mga:id-0067-0000045f">ConvertAndExtractParams</a></i> Test bench reference is not null.
2016-08-26T09:00:15 - [Success] -  <i><a href="mga:id-0067-0000045e">Geometric Analysis</a></i> Test bench reference is not null.
2016-08-26T09:00:15 - [Success] -  <i><a href="mga:id-0067-00000460">RotationalElectricalDynamics</a></i> Test bench reference is not null.
2016-08-26T09:00:15 - [Success] -  <i><a href="mga:id-0065-00000105">PowerAnalysis_DesignSpace</a></i> TestBench is not a library object.
2016-08-26T09:00:15 - [Success] -  <i><a href="mga:id-0065-000000f9">Inertial_and_Geometry</a></i> TestBench is not a library object.
2016-08-26T09:00:15 - [Success] -  <i><a href="mga:id-0065-00000107">ExtractModelProps</a></i> TestBench is not a library object.
2016-08-26T09:00:15 - [Success] -  <i><a href="mga:id-0065-000000f9">Inertial_and_Geometry</a></i> TestBench is not a subtype or instance.
2016-08-26T09:00:15 - [Success] -  <i><a href="mga:id-0065-00000107">ExtractModelProps</a></i> TestBench is not a subtype or instance.
2016-08-26T09:00:15 - [Success] -  <i><a href="mga:id-0065-00000105">PowerAnalysis_DesignSpace</a></i> TestBench is not a subtype or instance.
2016-08-26T09:00:15 - [Success] -  <i><a href="mga:id-0065-000000f9">Inertial_and_Geometry</a></i> TestBench is not an instance.
2016-08-26T09:00:15 - [Success] -  <i><a href="mga:id-0065-00000107">ExtractModelProps</a></i> TestBench is not an instance.
2016-08-26T09:00:15 - [Success] -  <i><a href="mga:id-0065-00000105">PowerAnalysis_DesignSpace</a></i> TestBench is not an instance.
2016-08-26T09:00:15 - [Success] -  <i><a href="mga:id-0065-00000107">ExtractModelProps</a></i> TestBench is writable.
2016-08-26T09:00:15 - [Success] -  <i><a href="mga:id-0065-00000105">PowerAnalysis_DesignSpace</a></i> TestBench is writable.
2016-08-26T09:00:15 - [Success] -  <i><a href="mga:id-0065-000000f9">Inertial_and_Geometry</a></i> TestBench is writable.
2016-08-26T09:00:15 - [Success] -  <i><a href="mga:id-0067-0000046b">DC_Spacecraft</a></i> TopLevelSystemUnderTest object is not a null reference.
2016-08-26T09:00:15 - [Success] -  <i><a href="mga:id-0067-00000466">Spacecraft</a></i> TopLevelSystemUnderTest object is not a null reference.
2016-08-26T09:00:15 - [Success] -  <i><a href="mga:id-0067-0000046c">Protector1015</a></i> TopLevelSystemUnderTest object is not a null reference.
2016-08-26T09:00:15 - [Success] -  <i><a href="mga:id-0067-00000466">Spacecraft</a></i> TopLevelSystemUnderTest refers to Compound DesignContainer.
2016-08-26T09:00:15 - [Success] -  <i><a href="mga:id-0067-0000046c">Protector1015</a></i> TopLevelSystemUnderTest refers to Compound DesignContainer.
2016-08-26T09:00:15 - [Success] -  <i><a href="mga:id-0067-0000046b">DC_Spacecraft</a></i> TopLevelSystemUnderTest refers to Compound DesignContainer.
2016-08-26T09:00:18 - [Debug] - MasterExe command: CyPhyMasterExe.exe "MGA=D:\Work\SatExample\CyPhy_Model\ExampleSatV2xx.mga" "/@Testing/@ParametricExploration/@ExploreGeoAndPerf" "/@Generated configurations/@DC__Spacecraft/@Configurations (08-25-2016  15:56:12)/@DC__Spacecraft_cfg1" "/@Generated configurations/@DC__Spacecraft/@Configurations (08-25-2016  15:56:22)/@DC__Spacecraft_cfg2" "/@Generated configurations/@DC__Spacecraft/@Configurations (08-25-2016  15:56:30)/@DC__Spacecraft_cfg3"
2016-08-26T09:00:18 - [Debug] - Start main method for master interpreter.
2016-08-26T09:00:18 - [Debug] - Start copying dashboard sync.
2016-08-26T09:00:18 - [Debug] - Generate project manifest.
2016-08-26T09:00:18 - [Debug] - Project manifest was generated D:\Work\SatExample\CyPhy_Model\manifest.project.json
2016-08-26T09:00:18 - [Debug] - Project directory: D:\Work\SatExample\CyPhy_Model
2016-08-26T09:00:18 - [Debug] - Configuration DC__Spacecraft_cfg1 [ComponentAssembly] was resolved to:  DC__Spacecraft_cfg1 [ComponentAssembly]
2016-08-26T09:00:18 - [Debug] - Configuration DC__Spacecraft_cfg2 [ComponentAssembly] was resolved to:  DC__Spacecraft_cfg2 [ComponentAssembly]
2016-08-26T09:00:18 - [Debug] - Configuration DC__Spacecraft_cfg3 [ComponentAssembly] was resolved to:  DC__Spacecraft_cfg3 [ComponentAssembly]
2016-08-26T09:00:18 - [Info] - Number of configurations to execute: 3
2016-08-26T09:00:18 - [Debug] - Wait for dashboard copy to finish
2016-08-26T09:00:18 - [Debug] - Dashboard copy finished
2016-08-26T09:00:18 - [Debug] - Processing 1 out of 3 [0 success(es) and 0 failure(s)]
2016-08-26T09:00:18 - [Debug] - Configuration /@Generated configurations|kind=ComponentAssemblies|relpos=0/@DC__Spacecraft|kind=ComponentAssemblies|relpos=0/@Configurations (08-25-2016  15:56:12)|kind=ComponentAssemblies|relpos=0/@DC__Spacecraft_cfg1|kind=ComponentAssembly|relpos=0
2016-08-26T09:00:18 - [Debug] - Starting analysis model processor
2016-08-26T09:00:18 - [Debug] - Preparing analysis model processor
2016-08-26T09:00:18 - [Debug] - Turning off addons for perfomance reasons: ConstraintManager, CyPhyAddOn, CyPhyDecoratorAddon, CyPhyMdaoAddOn, CyPhySignalBlocksAddOn
2016-08-26T09:00:18 - [Debug] - Getting analysis model processor instance for ParametricExploration type
2016-08-26T09:00:18 - [Debug] - Got ParametricExplorationProcessor for ParametricExploration /@Testing|kind=Testing|relpos=0/@ParametricExploration|kind=ParametricExplorationFolder|relpos=0/@ExploreGeoAndPerf|kind=ParametricExploration|relpos=0
2016-08-26T09:00:18 - [Debug] - ComponentAssembly was specified as configuration. Start expanding it. /@Generated configurations|kind=ComponentAssemblies|relpos=0/@DC__Spacecraft|kind=ComponentAssemblies|relpos=0/@Configurations (08-25-2016  15:56:12)|kind=ComponentAssemblies|relpos=0/@DC__Spacecraft_cfg1|kind=ComponentAssembly|relpos=0
2016-08-26T09:00:18 - [Debug] - Expand finished for /@Generated configurations|kind=ComponentAssemblies|relpos=0/@DC__Spacecraft|kind=ComponentAssemblies|relpos=0/@Configurations (08-25-2016  15:56:12)|kind=ComponentAssemblies|relpos=0/@DC__Spacecraft_cfg1|kind=ComponentAssembly|relpos=0
2016-08-26T09:00:18 - [Debug] - Calling design space exporter
2016-08-26T09:00:18 - [Debug] - Design space exporter succeeded.
2016-08-26T09:00:18 - [Debug] - Calling design exporter
2016-08-26T09:00:19 - [Debug] - Design exporter succeeded.
2016-08-26T09:00:19 - [Debug] - Saving test bench definition
2016-08-26T09:00:19 - [Debug] - Saving test bench definition succeeded.
2016-08-26T09:00:19 - [Debug] - Saving test bench manifest
2016-08-26T09:00:19 - [Debug] - Saving test bench manifest succeeded.
2016-08-26T09:00:19 - [Debug] - Serializing Project manifest file with updates.
2016-08-26T09:00:19 - [Debug] - Project manifest was successfully saved.
2016-08-26T09:00:19 - [Debug] - Execution is interactive, showing interpreter configuration forms.
2016-08-26T09:00:57 - [Debug] - Running interpreters. Keeping temp models: False
2016-08-26T09:01:02 - [Debug] - Interpreters finished.
2016-08-26T09:01:02 - [Debug] - Job manager instance is null. Initializing one.
2016-08-26T09:01:02 - [Debug] - Job manager dispatch is ready to receive jobs
2016-08-26T09:01:02 - [Debug] - Posting to the job manager
2016-08-26T09:01:06 - [Info] - Job posted to the job manager: ExploreGeoAndPerf
2016-08-26T09:01:06 - [Debug] - Removing temporary models.
2016-08-26T09:01:06 - [Debug] - Temporary models are removed.
2016-08-26T09:01:06 - [Debug] - Turning addons back on: ConstraintManager, CyPhyAddOn, CyPhyDecoratorAddon, CyPhyMdaoAddOn, CyPhySignalBlocksAddOn
2016-08-26T09:01:06 - [Debug] - Analysis model processor is done
2016-08-26T09:01:06 - [Debug] - Processing 2 out of 3 [1 success(es) and 0 failure(s)]
2016-08-26T09:01:06 - [Debug] - Configuration /@Generated configurations|kind=ComponentAssemblies|relpos=0/@DC__Spacecraft|kind=ComponentAssemblies|relpos=0/@Configurations (08-25-2016  15:56:22)|kind=ComponentAssemblies|relpos=0/@DC__Spacecraft_cfg2|kind=ComponentAssembly|relpos=0
2016-08-26T09:01:06 - [Debug] - Starting analysis model processor
2016-08-26T09:01:06 - [Debug] - Preparing analysis model processor
2016-08-26T09:01:06 - [Debug] - Turning off addons for perfomance reasons: ConstraintManager, CyPhyAddOn, CyPhyDecoratorAddon, CyPhyMdaoAddOn, CyPhySignalBlocksAddOn
2016-08-26T09:01:06 - [Debug] - Getting analysis model processor instance for ParametricExploration type
2016-08-26T09:01:06 - [Debug] - Got ParametricExplorationProcessor for ParametricExploration /@Testing|kind=Testing|relpos=0/@ParametricExploration|kind=ParametricExplorationFolder|relpos=0/@ExploreGeoAndPerf|kind=ParametricExploration|relpos=0
2016-08-26T09:01:06 - [Debug] - ComponentAssembly was specified as configuration. Start expanding it. /@Generated configurations|kind=ComponentAssemblies|relpos=0/@DC__Spacecraft|kind=ComponentAssemblies|relpos=0/@Configurations (08-25-2016  15:56:22)|kind=ComponentAssemblies|relpos=0/@DC__Spacecraft_cfg2|kind=ComponentAssembly|relpos=0
2016-08-26T09:01:06 - [Debug] - Expand finished for /@Generated configurations|kind=ComponentAssemblies|relpos=0/@DC__Spacecraft|kind=ComponentAssemblies|relpos=0/@Configurations (08-25-2016  15:56:22)|kind=ComponentAssemblies|relpos=0/@DC__Spacecraft_cfg2|kind=ComponentAssembly|relpos=0
2016-08-26T09:01:06 - [Debug] - Calling design space exporter
2016-08-26T09:01:06 - [Debug] - Design space exporter succeeded.
2016-08-26T09:01:06 - [Debug] - Calling design exporter
2016-08-26T09:01:07 - [Debug] - Design exporter succeeded.
2016-08-26T09:01:07 - [Debug] - Saving test bench definition
2016-08-26T09:01:07 - [Debug] - Saving test bench definition succeeded.
2016-08-26T09:01:07 - [Debug] - Saving test bench manifest
2016-08-26T09:01:07 - [Debug] - Saving test bench manifest succeeded.
2016-08-26T09:01:07 - [Debug] - Serializing Project manifest file with updates.
2016-08-26T09:01:07 - [Debug] - Project manifest was successfully saved.
2016-08-26T09:01:07 - [Debug] - Execution is interactive, showing interpreter configuration forms.
2016-08-26T09:01:07 - [Debug] - Running interpreters. Keeping temp models: False
2016-08-26T09:01:11 - [Debug] - Interpreters finished.
2016-08-26T09:01:11 - [Debug] - Posting to the job manager
2016-08-26T09:01:11 - [Info] - Job posted to the job manager: ExploreGeoAndPerf
2016-08-26T09:01:11 - [Debug] - Removing temporary models.
2016-08-26T09:01:11 - [Debug] - Temporary models are removed.
2016-08-26T09:01:11 - [Debug] - Turning addons back on: ConstraintManager, CyPhyAddOn, CyPhyDecoratorAddon, CyPhyMdaoAddOn, CyPhySignalBlocksAddOn
2016-08-26T09:01:11 - [Debug] - Analysis model processor is done
2016-08-26T09:01:11 - [Debug] - Processing 3 out of 3 [2 success(es) and 0 failure(s)]
2016-08-26T09:01:11 - [Debug] - Configuration /@Generated configurations|kind=ComponentAssemblies|relpos=0/@DC__Spacecraft|kind=ComponentAssemblies|relpos=0/@Configurations (08-25-2016  15:56:30)|kind=ComponentAssemblies|relpos=0/@DC__Spacecraft_cfg3|kind=ComponentAssembly|relpos=0
2016-08-26T09:01:11 - [Debug] - Starting analysis model processor
2016-08-26T09:01:11 - [Debug] - Preparing analysis model processor
2016-08-26T09:01:11 - [Debug] - Turning off addons for perfomance reasons: ConstraintManager, CyPhyAddOn, CyPhyDecoratorAddon, CyPhyMdaoAddOn, CyPhySignalBlocksAddOn
2016-08-26T09:01:11 - [Debug] - Getting analysis model processor instance for ParametricExploration type
2016-08-26T09:01:11 - [Debug] - Got ParametricExplorationProcessor for ParametricExploration /@Testing|kind=Testing|relpos=0/@ParametricExploration|kind=ParametricExplorationFolder|relpos=0/@ExploreGeoAndPerf|kind=ParametricExploration|relpos=0
2016-08-26T09:01:11 - [Debug] - ComponentAssembly was specified as configuration. Start expanding it. /@Generated configurations|kind=ComponentAssemblies|relpos=0/@DC__Spacecraft|kind=ComponentAssemblies|relpos=0/@Configurations (08-25-2016  15:56:30)|kind=ComponentAssemblies|relpos=0/@DC__Spacecraft_cfg3|kind=ComponentAssembly|relpos=0
2016-08-26T09:01:12 - [Debug] - Expand finished for /@Generated configurations|kind=ComponentAssemblies|relpos=0/@DC__Spacecraft|kind=ComponentAssemblies|relpos=0/@Configurations (08-25-2016  15:56:30)|kind=ComponentAssemblies|relpos=0/@DC__Spacecraft_cfg3|kind=ComponentAssembly|relpos=0
2016-08-26T09:01:12 - [Debug] - Calling design space exporter
2016-08-26T09:01:12 - [Debug] - Design space exporter succeeded.
2016-08-26T09:01:12 - [Debug] - Calling design exporter
2016-08-26T09:01:12 - [Debug] - Design exporter succeeded.
2016-08-26T09:01:12 - [Debug] - Saving test bench definition
2016-08-26T09:01:12 - [Debug] - Saving test bench definition succeeded.
2016-08-26T09:01:12 - [Debug] - Saving test bench manifest
2016-08-26T09:01:12 - [Debug] - Saving test bench manifest succeeded.
2016-08-26T09:01:12 - [Debug] - Serializing Project manifest file with updates.
2016-08-26T09:01:12 - [Debug] - Project manifest was successfully saved.
2016-08-26T09:01:13 - [Debug] - Execution is interactive, showing interpreter configuration forms.
2016-08-26T09:01:13 - [Debug] - Running interpreters. Keeping temp models: False
2016-08-26T09:01:17 - [Debug] - Interpreters finished.
2016-08-26T09:01:17 - [Debug] - Posting to the job manager
2016-08-26T09:01:17 - [Info] - Job posted to the job manager: ExploreGeoAndPerf
2016-08-26T09:01:17 - [Debug] - Removing temporary models.
2016-08-26T09:01:17 - [Debug] - Temporary models are removed.
2016-08-26T09:01:17 - [Debug] - Turning addons back on: ConstraintManager, CyPhyAddOn, CyPhyDecoratorAddon, CyPhyMdaoAddOn, CyPhySignalBlocksAddOn
2016-08-26T09:01:17 - [Debug] - Analysis model processor is done
2016-08-26T09:01:17 - [Debug] - Generate dashboard script files
2016-08-26T09:01:17 - [Debug] - Dashboard script files generated
2016-08-26T09:01:17 - [Info] -  Summary 
2016-08-26T09:01:17 - [Success] -  <a href="mga:id-0065-000000f0">ExploreGeoAndPerf</a> <a href="mga:id-0065-0000045c">DC__Spacecraft_cfg1</a>  
2016-08-26T09:01:17 - [Success] -  <a href="mga:id-0065-000000f0">ExploreGeoAndPerf</a> <a href="mga:id-0065-00000469">DC__Spacecraft_cfg2</a>  
2016-08-26T09:01:17 - [Success] -  <a href="mga:id-0065-000000f0">ExploreGeoAndPerf</a> <a href="mga:id-0065-00000476">DC__Spacecraft_cfg3</a>  
2016-08-26T09:01:17 - [Info] - Log file was generated here: <a href="file:///D:\Work\SatExample\CyPhy_Model\log" target="_blank">D:\Work\SatExample\CyPhy_Model\log\CyPhyMasterInterpreter.724.log</a>
2016-08-26T09:01:17 - [Info] - Master Interpreter 2.0 finished
2016-08-26T09:01:26 - [Info] - Master Interpreter 2.0
2016-08-26T09:01:27 - [Debug] - === HEADER ===================================================
Date/Time:       8/26/2016 9:01:26 AM
Windows Version: Microsoft Windows NT 6.2.9200.0
x64 bit OS:      True
GME version:     16.3.23.2581
META version:    14.13.68
META install:    C:\Program Files (x86)\META\
CyPhyML version: 14.13-t8
CyPhyML GUID:    {9088E798-8A24-4B44-B98E-D5C7C1792C2F}
Python Dll:      UNKNOWN
Python Exe:      UNKNOWN
Python27 VE exe: C:\Program Files (x86)\META\bin\Python27\Scripts\python.exe
PROE ISIS Ext. : C:\Program Files\META\Proe ISIS Extensions\bin\CADCreoParametricCreateAssembly.exe
PROE ISIS ver. : CADCreoParametricCreateAssembly 1.5.4.0
Username:        ted
Currently opened paradigm information
  MetaName    : CyPhyML
  MetaVersion : 14.13-t8

2016-08-26T09:01:27 - [Info] - Processing ExploreGeoAndPerf [ParametricExploration] model
2016-08-26T09:01:27 - [Debug] - Interactive mode: True
2016-08-26T09:01:27 - [Debug] - Entering TryCheckContext checker
2016-08-26T09:01:27 - [Debug] - Getting context checker for ParametricExploration
2016-08-26T09:01:27 - [Debug] - Got context checker ParametricExplorationChecker for context ParametricExploration
2016-08-26T09:01:27 - [Debug] - Checking context
2016-08-26T09:01:27 - [Debug] - Context is checked
2016-08-26T09:01:27 - [Success] -  <i><a href="mga:id-0065-0000039e">DC__Spacecraft</a></i> 'DC_Spacecraft' [TopLevelSystemUnderTest] refers to a valid object [DesignContainer] and the DesignContainer is in a folder.
2016-08-26T09:01:27 - [Success] -  <i><a href="mga:id-0065-000000f9">Inertial_and_Geometry</a></i> No component in TestBench.
2016-08-26T09:01:27 - [Success] -  <i><a href="mga:id-0065-00000105">PowerAnalysis_DesignSpace</a></i> No component in TestBench.
2016-08-26T09:01:27 - [Success] -  <i><a href="mga:id-0065-00000107">ExtractModelProps</a></i> No component in TestBench.
2016-08-26T09:01:27 - [Success] -  <i><a href="mga:id-0065-000000f9">Inertial_and_Geometry</a></i> No component references in TestBench.
2016-08-26T09:01:27 - [Success] -  <i><a href="mga:id-0065-00000105">PowerAnalysis_DesignSpace</a></i> No component references in TestBench.
2016-08-26T09:01:27 - [Success] -  <i><a href="mga:id-0065-00000107">ExtractModelProps</a></i> No component references in TestBench.
2016-08-26T09:01:27 - [Success] -  <i><a href="mga:id-0067-0000045f">ConvertAndExtractParams</a></i> One or more test bench references found.
2016-08-26T09:01:27 - [Success] -  <i><a href="mga:id-0065-000000f0">ExploreGeoAndPerf</a></i> ParametricExploration is not a library object.
2016-08-26T09:01:27 - [Success] -  <i><a href="mga:id-0065-000000f0">ExploreGeoAndPerf</a></i> ParametricExploration is not a subtype or instance.
2016-08-26T09:01:27 - [Success] -  <i><a href="mga:id-0065-000000f0">ExploreGeoAndPerf</a></i> ParametricExploration is not an instance.
2016-08-26T09:01:27 - [Success] -  <i><a href="mga:id-0065-000000f0">ExploreGeoAndPerf</a></i> ParametricExploration is writable.
2016-08-26T09:01:27 - [Success] -  <i><a href="mga:id-0065-0000039e">DC__Spacecraft</a></i> 'Protector1015' [TopLevelSystemUnderTest] refers to a valid object [DesignContainer] and the DesignContainer is in a folder.
2016-08-26T09:01:27 - [Success] -  <i><a href="mga:id-0065-0000039e">DC__Spacecraft</a></i> 'Spacecraft' [TopLevelSystemUnderTest] refers to a valid object [DesignContainer] and the DesignContainer is in a folder.
2016-08-26T09:01:27 - [Success] -  <i><a href="mga:id-0065-000000f1">FullParameterStudy</a></i> Test bench has exectly driver: ParameterStudy.
2016-08-26T09:01:27 - [Success] -  <i><a href="mga:id-0067-0000045e">GeometricAnalysis</a></i> Test bench reference is not null.
2016-08-26T09:01:27 - [Success] -  <i><a href="mga:id-0067-0000045f">ConvertAndExtractParams</a></i> Test bench reference is not null.
2016-08-26T09:01:27 - [Success] -  <i><a href="mga:id-0067-00000460">RotationalElectricalDynamics</a></i> Test bench reference is not null.
2016-08-26T09:01:27 - [Success] -  <i><a href="mga:id-0065-00000105">PowerAnalysis_DesignSpace</a></i> TestBench is not a library object.
2016-08-26T09:01:27 - [Success] -  <i><a href="mga:id-0065-00000107">ExtractModelProps</a></i> TestBench is not a library object.
2016-08-26T09:01:27 - [Success] -  <i><a href="mga:id-0065-000000f9">Inertial_and_Geometry</a></i> TestBench is not a library object.
2016-08-26T09:01:27 - [Success] -  <i><a href="mga:id-0065-00000107">ExtractModelProps</a></i> TestBench is not a subtype or instance.
2016-08-26T09:01:27 - [Success] -  <i><a href="mga:id-0065-000000f9">Inertial_and_Geometry</a></i> TestBench is not a subtype or instance.
2016-08-26T09:01:27 - [Success] -  <i><a href="mga:id-0065-00000105">PowerAnalysis_DesignSpace</a></i> TestBench is not a subtype or instance.
2016-08-26T09:01:27 - [Success] -  <i><a href="mga:id-0065-00000107">ExtractModelProps</a></i> TestBench is not an instance.
2016-08-26T09:01:27 - [Success] -  <i><a href="mga:id-0065-000000f9">Inertial_and_Geometry</a></i> TestBench is not an instance.
2016-08-26T09:01:27 - [Success] -  <i><a href="mga:id-0065-00000105">PowerAnalysis_DesignSpace</a></i> TestBench is not an instance.
2016-08-26T09:01:27 - [Success] -  <i><a href="mga:id-0065-000000f9">Inertial_and_Geometry</a></i> TestBench is writable.
2016-08-26T09:01:27 - [Success] -  <i><a href="mga:id-0065-00000105">PowerAnalysis_DesignSpace</a></i> TestBench is writable.
2016-08-26T09:01:27 - [Success] -  <i><a href="mga:id-0065-00000107">ExtractModelProps</a></i> TestBench is writable.
2016-08-26T09:01:27 - [Success] -  <i><a href="mga:id-0067-0000046b">DC_Spacecraft</a></i> TopLevelSystemUnderTest object is not a null reference.
2016-08-26T09:01:27 - [Success] -  <i><a href="mga:id-0067-0000046c">Protector1015</a></i> TopLevelSystemUnderTest object is not a null reference.
2016-08-26T09:01:27 - [Success] -  <i><a href="mga:id-0067-00000466">Spacecraft</a></i> TopLevelSystemUnderTest object is not a null reference.
2016-08-26T09:01:27 - [Success] -  <i><a href="mga:id-0067-0000046c">Protector1015</a></i> TopLevelSystemUnderTest refers to Compound DesignContainer.
2016-08-26T09:01:27 - [Success] -  <i><a href="mga:id-0067-00000466">Spacecraft</a></i> TopLevelSystemUnderTest refers to Compound DesignContainer.
2016-08-26T09:01:27 - [Success] -  <i><a href="mga:id-0067-0000046b">DC_Spacecraft</a></i> TopLevelSystemUnderTest refers to Compound DesignContainer.
2016-08-26T09:01:30 - [Debug] - MasterExe command: CyPhyMasterExe.exe "MGA=D:\Work\SatExample\CyPhy_Model\ExampleSatV2xx.mga" "/@Testing/@ParametricExploration/@ExploreGeoAndPerf" "/@Generated configurations/@DC__Spacecraft/@Configurations (08-25-2016  15:56:12)/@DC__Spacecraft_cfg1" "/@Generated configurations/@DC__Spacecraft/@Configurations (08-25-2016  15:56:22)/@DC__Spacecraft_cfg2" "/@Generated configurations/@DC__Spacecraft/@Configurations (08-25-2016  15:56:30)/@DC__Spacecraft_cfg3"
2016-08-26T09:01:30 - [Debug] - Start main method for master interpreter.
2016-08-26T09:01:30 - [Debug] - Start copying dashboard sync.
2016-08-26T09:01:30 - [Debug] - Generate project manifest.
2016-08-26T09:01:30 - [Debug] - Project manifest was generated D:\Work\SatExample\CyPhy_Model\manifest.project.json
2016-08-26T09:01:30 - [Debug] - Project directory: D:\Work\SatExample\CyPhy_Model
2016-08-26T09:01:30 - [Debug] - Configuration DC__Spacecraft_cfg1 [ComponentAssembly] was resolved to:  DC__Spacecraft_cfg1 [ComponentAssembly]
2016-08-26T09:01:30 - [Debug] - Configuration DC__Spacecraft_cfg2 [ComponentAssembly] was resolved to:  DC__Spacecraft_cfg2 [ComponentAssembly]
2016-08-26T09:01:30 - [Debug] - Configuration DC__Spacecraft_cfg3 [ComponentAssembly] was resolved to:  DC__Spacecraft_cfg3 [ComponentAssembly]
2016-08-26T09:01:30 - [Info] - Number of configurations to execute: 3
2016-08-26T09:01:30 - [Debug] - Wait for dashboard copy to finish
2016-08-26T09:01:30 - [Debug] - Dashboard copy finished
2016-08-26T09:01:30 - [Debug] - Processing 1 out of 3 [0 success(es) and 0 failure(s)]
2016-08-26T09:01:30 - [Debug] - Configuration /@Generated configurations|kind=ComponentAssemblies|relpos=0/@DC__Spacecraft|kind=ComponentAssemblies|relpos=0/@Configurations (08-25-2016  15:56:12)|kind=ComponentAssemblies|relpos=0/@DC__Spacecraft_cfg1|kind=ComponentAssembly|relpos=0
2016-08-26T09:01:30 - [Debug] - Starting analysis model processor
2016-08-26T09:01:30 - [Debug] - Preparing analysis model processor
2016-08-26T09:01:30 - [Debug] - Turning off addons for perfomance reasons: ConstraintManager, CyPhyAddOn, CyPhyDecoratorAddon, CyPhyMdaoAddOn, CyPhySignalBlocksAddOn
2016-08-26T09:01:30 - [Debug] - Getting analysis model processor instance for ParametricExploration type
2016-08-26T09:01:30 - [Debug] - Got ParametricExplorationProcessor for ParametricExploration /@Testing|kind=Testing|relpos=0/@ParametricExploration|kind=ParametricExplorationFolder|relpos=0/@ExploreGeoAndPerf|kind=ParametricExploration|relpos=0
2016-08-26T09:01:30 - [Debug] - ComponentAssembly was specified as configuration. Start expanding it. /@Generated configurations|kind=ComponentAssemblies|relpos=0/@DC__Spacecraft|kind=ComponentAssemblies|relpos=0/@Configurations (08-25-2016  15:56:12)|kind=ComponentAssemblies|relpos=0/@DC__Spacecraft_cfg1|kind=ComponentAssembly|relpos=0
2016-08-26T09:01:30 - [Debug] - Expand finished for /@Generated configurations|kind=ComponentAssemblies|relpos=0/@DC__Spacecraft|kind=ComponentAssemblies|relpos=0/@Configurations (08-25-2016  15:56:12)|kind=ComponentAssemblies|relpos=0/@DC__Spacecraft_cfg1|kind=ComponentAssembly|relpos=0
2016-08-26T09:01:30 - [Debug] - Calling design space exporter
2016-08-26T09:01:30 - [Debug] - Design space exporter succeeded.
2016-08-26T09:01:30 - [Debug] - Calling design exporter
2016-08-26T09:01:31 - [Debug] - Design exporter succeeded.
2016-08-26T09:01:31 - [Debug] - Saving test bench definition
2016-08-26T09:01:31 - [Debug] - Saving test bench definition succeeded.
2016-08-26T09:01:31 - [Debug] - Saving test bench manifest
2016-08-26T09:01:31 - [Debug] - Saving test bench manifest succeeded.
2016-08-26T09:01:31 - [Debug] - Serializing Project manifest file with updates.
2016-08-26T09:01:31 - [Debug] - Project manifest was successfully saved.
2016-08-26T09:01:31 - [Debug] - Execution is interactive, showing interpreter configuration forms.
2016-08-26T09:01:44 - [Debug] - Running interpreters. Keeping temp models: False
2016-08-26T09:01:48 - [Debug] - Interpreters finished.
2016-08-26T09:01:48 - [Debug] - Job manager instance is null. Initializing one.
2016-08-26T09:01:48 - [Debug] - Job manager dispatch is ready to receive jobs
2016-08-26T09:01:48 - [Debug] - Posting to the job manager
2016-08-26T09:01:48 - [Info] - Job posted to the job manager: ExploreGeoAndPerf
2016-08-26T09:01:48 - [Debug] - Removing temporary models.
2016-08-26T09:01:48 - [Debug] - Temporary models are removed.
2016-08-26T09:01:48 - [Debug] - Turning addons back on: ConstraintManager, CyPhyAddOn, CyPhyDecoratorAddon, CyPhyMdaoAddOn, CyPhySignalBlocksAddOn
2016-08-26T09:01:48 - [Debug] - Analysis model processor is done
2016-08-26T09:01:48 - [Debug] - Processing 2 out of 3 [1 success(es) and 0 failure(s)]
2016-08-26T09:01:48 - [Debug] - Configuration /@Generated configurations|kind=ComponentAssemblies|relpos=0/@DC__Spacecraft|kind=ComponentAssemblies|relpos=0/@Configurations (08-25-2016  15:56:22)|kind=ComponentAssemblies|relpos=0/@DC__Spacecraft_cfg2|kind=ComponentAssembly|relpos=0
2016-08-26T09:01:48 - [Debug] - Starting analysis model processor
2016-08-26T09:01:48 - [Debug] - Preparing analysis model processor
2016-08-26T09:01:48 - [Debug] - Turning off addons for perfomance reasons: ConstraintManager, CyPhyAddOn, CyPhyDecoratorAddon, CyPhyMdaoAddOn, CyPhySignalBlocksAddOn
2016-08-26T09:01:48 - [Debug] - Getting analysis model processor instance for ParametricExploration type
2016-08-26T09:01:48 - [Debug] - Got ParametricExplorationProcessor for ParametricExploration /@Testing|kind=Testing|relpos=0/@ParametricExploration|kind=ParametricExplorationFolder|relpos=0/@ExploreGeoAndPerf|kind=ParametricExploration|relpos=0
2016-08-26T09:01:48 - [Debug] - ComponentAssembly was specified as configuration. Start expanding it. /@Generated configurations|kind=ComponentAssemblies|relpos=0/@DC__Spacecraft|kind=ComponentAssemblies|relpos=0/@Configurations (08-25-2016  15:56:22)|kind=ComponentAssemblies|relpos=0/@DC__Spacecraft_cfg2|kind=ComponentAssembly|relpos=0
2016-08-26T09:01:48 - [Debug] - Expand finished for /@Generated configurations|kind=ComponentAssemblies|relpos=0/@DC__Spacecraft|kind=ComponentAssemblies|relpos=0/@Configurations (08-25-2016  15:56:22)|kind=ComponentAssemblies|relpos=0/@DC__Spacecraft_cfg2|kind=ComponentAssembly|relpos=0
2016-08-26T09:01:48 - [Debug] - Calling design space exporter
2016-08-26T09:01:48 - [Debug] - Design space exporter succeeded.
2016-08-26T09:01:48 - [Debug] - Calling design exporter
2016-08-26T09:01:48 - [Debug] - Design exporter succeeded.
2016-08-26T09:01:48 - [Debug] - Saving test bench definition
2016-08-26T09:01:49 - [Debug] - Saving test bench definition succeeded.
2016-08-26T09:01:49 - [Debug] - Saving test bench manifest
2016-08-26T09:01:49 - [Debug] - Saving test bench manifest succeeded.
2016-08-26T09:01:49 - [Debug] - Serializing Project manifest file with updates.
2016-08-26T09:01:49 - [Debug] - Project manifest was successfully saved.
2016-08-26T09:01:49 - [Debug] - Execution is interactive, showing interpreter configuration forms.
2016-08-26T09:01:49 - [Debug] - Running interpreters. Keeping temp models: False
2016-08-26T09:01:53 - [Debug] - Interpreters finished.
2016-08-26T09:01:53 - [Debug] - Posting to the job manager
2016-08-26T09:01:53 - [Info] - Job posted to the job manager: ExploreGeoAndPerf
2016-08-26T09:01:53 - [Debug] - Removing temporary models.
2016-08-26T09:01:53 - [Debug] - Temporary models are removed.
2016-08-26T09:01:53 - [Debug] - Turning addons back on: ConstraintManager, CyPhyAddOn, CyPhyDecoratorAddon, CyPhyMdaoAddOn, CyPhySignalBlocksAddOn
2016-08-26T09:01:53 - [Debug] - Analysis model processor is done
2016-08-26T09:01:53 - [Debug] - Processing 3 out of 3 [2 success(es) and 0 failure(s)]
2016-08-26T09:01:53 - [Debug] - Configuration /@Generated configurations|kind=ComponentAssemblies|relpos=0/@DC__Spacecraft|kind=ComponentAssemblies|relpos=0/@Configurations (08-25-2016  15:56:30)|kind=ComponentAssemblies|relpos=0/@DC__Spacecraft_cfg3|kind=ComponentAssembly|relpos=0
2016-08-26T09:01:53 - [Debug] - Starting analysis model processor
2016-08-26T09:01:53 - [Debug] - Preparing analysis model processor
2016-08-26T09:01:53 - [Debug] - Turning off addons for perfomance reasons: ConstraintManager, CyPhyAddOn, CyPhyDecoratorAddon, CyPhyMdaoAddOn, CyPhySignalBlocksAddOn
2016-08-26T09:01:53 - [Debug] - Getting analysis model processor instance for ParametricExploration type
2016-08-26T09:01:53 - [Debug] - Got ParametricExplorationProcessor for ParametricExploration /@Testing|kind=Testing|relpos=0/@ParametricExploration|kind=ParametricExplorationFolder|relpos=0/@ExploreGeoAndPerf|kind=ParametricExploration|relpos=0
2016-08-26T09:01:53 - [Debug] - ComponentAssembly was specified as configuration. Start expanding it. /@Generated configurations|kind=ComponentAssemblies|relpos=0/@DC__Spacecraft|kind=ComponentAssemblies|relpos=0/@Configurations (08-25-2016  15:56:30)|kind=ComponentAssemblies|relpos=0/@DC__Spacecraft_cfg3|kind=ComponentAssembly|relpos=0
2016-08-26T09:01:53 - [Debug] - Expand finished for /@Generated configurations|kind=ComponentAssemblies|relpos=0/@DC__Spacecraft|kind=ComponentAssemblies|relpos=0/@Configurations (08-25-2016  15:56:30)|kind=ComponentAssemblies|relpos=0/@DC__Spacecraft_cfg3|kind=ComponentAssembly|relpos=0
2016-08-26T09:01:53 - [Debug] - Calling design space exporter
2016-08-26T09:01:53 - [Debug] - Design space exporter succeeded.
2016-08-26T09:01:53 - [Debug] - Calling design exporter
2016-08-26T09:01:54 - [Debug] - Design exporter succeeded.
2016-08-26T09:01:54 - [Debug] - Saving test bench definition
2016-08-26T09:01:54 - [Debug] - Saving test bench definition succeeded.
2016-08-26T09:01:54 - [Debug] - Saving test bench manifest
2016-08-26T09:01:54 - [Debug] - Saving test bench manifest succeeded.
2016-08-26T09:01:54 - [Debug] - Serializing Project manifest file with updates.
2016-08-26T09:01:54 - [Debug] - Project manifest was successfully saved.
2016-08-26T09:01:54 - [Debug] - Execution is interactive, showing interpreter configuration forms.
2016-08-26T09:01:54 - [Debug] - Running interpreters. Keeping temp models: False
2016-08-26T09:01:58 - [Debug] - Interpreters finished.
2016-08-26T09:01:58 - [Debug] - Posting to the job manager
2016-08-26T09:01:58 - [Info] - Job posted to the job manager: ExploreGeoAndPerf
2016-08-26T09:01:58 - [Debug] - Removing temporary models.
2016-08-26T09:01:58 - [Debug] - Temporary models are removed.
2016-08-26T09:01:58 - [Debug] - Turning addons back on: ConstraintManager, CyPhyAddOn, CyPhyDecoratorAddon, CyPhyMdaoAddOn, CyPhySignalBlocksAddOn
2016-08-26T09:01:58 - [Debug] - Analysis model processor is done
2016-08-26T09:01:58 - [Debug] - Generate dashboard script files
2016-08-26T09:01:58 - [Debug] - Dashboard script files generated
2016-08-26T09:01:58 - [Info] -  Summary 
2016-08-26T09:01:58 - [Success] -  <a href="mga:id-0065-000000f0">ExploreGeoAndPerf</a> <a href="mga:id-0065-0000045c">DC__Spacecraft_cfg1</a>  
2016-08-26T09:01:58 - [Success] -  <a href="mga:id-0065-000000f0">ExploreGeoAndPerf</a> <a href="mga:id-0065-00000469">DC__Spacecraft_cfg2</a>  
2016-08-26T09:01:58 - [Success] -  <a href="mga:id-0065-000000f0">ExploreGeoAndPerf</a> <a href="mga:id-0065-00000476">DC__Spacecraft_cfg3</a>  
2016-08-26T09:01:58 - [Info] - Log file was generated here: <a href="file:///D:\Work\SatExample\CyPhy_Model\log" target="_blank">D:\Work\SatExample\CyPhy_Model\log\CyPhyMasterInterpreter.724.log</a>
2016-08-26T09:01:58 - [Info] - Master Interpreter 2.0 finished
