2016-08-25T19:10:06 - [Warning] - Non-name match: Port <a href="mga:id-0065-00002b3a">v</a> in Connector <a href="mga:id-0065-00002b39">v</a> and Port <a href="mga:id-0065-0000537b">i</a> in Connector <a href="mga:id-0065-0000537a">voltage_bus</a>
2016-08-25T19:10:06 - [Warning] - Non-name match: Port <a href="mga:id-0065-00002ebe">y</a> in Connector <a href="mga:id-0065-00002ebd">targetAttitude</a> and Port <a href="mga:id-0065-00005373">i</a> in Connector <a href="mga:id-0065-00005372">angle_setpoint</a>
2016-08-25T19:10:06 - [Warning] - Non-name match: Port <a href="mga:id-0065-00002ebe">y</a> in Connector <a href="mga:id-0065-00002ebd">targetAttitude</a> and Port <a href="mga:id-0065-00002d63">targetAngle</a> in Connector <a href="mga:id-0065-00002d62">AttitudeSetpoint</a>
2016-08-25T19:10:06 - [Warning] - Non-name match: Port <a href="mga:id-0065-00003adb">v</a> in Connector <a href="mga:id-0065-00003ada">angle</a> and Port <a href="mga:id-0065-00005375">i</a> in Connector <a href="mga:id-0065-00005374">angle_actual</a>
2016-08-25T19:10:06 - [Warning] - Non-name match: Port <a href="mga:id-0065-00002d5a">i</a> in Connector <a href="mga:id-0065-00002d59">solarFlux</a> and Port <a href="mga:id-0065-00002963">SolarFlux</a> in Connector <a href="mga:id-0065-00002962">SolarInput</a>
2016-08-25T19:10:06 - [Warning] - Non-name match: Port <a href="mga:id-0065-00002d5f">v</a> in Connector <a href="mga:id-0065-00002d5e">TorqueOut</a> and Port <a href="mga:id-0065-00002ec0">torqueReq</a> in Connector <a href="mga:id-0065-00002ebf">torqueReq</a>
2016-08-25T19:10:06 - [Warning] - Non-name match: Port <a href="mga:id-0065-00002d5a">i</a> in Connector <a href="mga:id-0065-00002d59">solarFlux</a> and Port <a href="mga:id-0065-00001bf9">SolarFlux</a> in Connector <a href="mga:id-0065-00001bf8">SolarInput</a>
2016-08-25T19:10:06 - [Warning] - NO MATCH found for Port <a href="mga:id-0065-00007da2">v</a> of Connector <a href="mga:id-0065-00000017">Batteries_Mount</a> with any Port within Connector <a href="mga:id-0065-0000001d">Mount_1_On_Shelf</a>
2016-08-25T19:10:06 - [Warning] - NO MATCH found for Port <a href="mga:id-0065-00007d9f">v</a> of Connector <a href="mga:id-0065-0000001a">Computers_Mount</a> with any Port within Connector <a href="mga:id-0065-0000001d">Mount_1_On_Shelf</a>
2016-08-25T19:15:08 - [Warning] - Non-name match: Port <a href="mga:id-0065-00002b42">v</a> in Connector <a href="mga:id-0065-00002b41">v</a> and Port <a href="mga:id-0065-00008f0a">i</a> in Connector <a href="mga:id-0065-00008f09">voltage_bus</a>
2016-08-25T19:15:08 - [Warning] - NO MATCH found for Port <a href="mga:id-0065-00007da2">v</a> of Connector <a href="mga:id-0065-00000017">Batteries_Mount</a> with any Port within Connector <a href="mga:id-0065-0000001d">Mount_1_On_Shelf</a>
2016-08-25T19:15:08 - [Warning] - NO MATCH found for Port <a href="mga:id-0065-00007d9f">v</a> of Connector <a href="mga:id-0065-0000001a">Computers_Mount</a> with any Port within Connector <a href="mga:id-0065-0000001d">Mount_1_On_Shelf</a>
2016-08-25T19:15:08 - [Warning] - Non-name match: Port <a href="mga:id-0065-00002ebe">y</a> in Connector <a href="mga:id-0065-00002ebd">targetAttitude</a> and Port <a href="mga:id-0065-00008f0c">i</a> in Connector <a href="mga:id-0065-00008f0b">angle_setpoint</a>
2016-08-25T19:15:08 - [Warning] - Non-name match: Port <a href="mga:id-0065-00002d5a">i</a> in Connector <a href="mga:id-0065-00002d59">solarFlux</a> and Port <a href="mga:id-0065-00002b23">SolarFlux</a> in Connector <a href="mga:id-0065-00002b22">SolarInput</a>
2016-08-25T19:15:08 - [Warning] - Non-name match: Port <a href="mga:id-0065-00002ebe">y</a> in Connector <a href="mga:id-0065-00002ebd">targetAttitude</a> and Port <a href="mga:id-0065-00002d63">targetAngle</a> in Connector <a href="mga:id-0065-00002d62">AttitudeSetpoint</a>
2016-08-25T19:15:08 - [Warning] - Non-name match: Port <a href="mga:id-0065-00002d5f">v</a> in Connector <a href="mga:id-0065-00002d5e">TorqueOut</a> and Port <a href="mga:id-0065-00002ec0">torqueReq</a> in Connector <a href="mga:id-0065-00002ebf">torqueReq</a>
2016-08-25T19:15:08 - [Warning] - Non-name match: Port <a href="mga:id-0065-00003adb">v</a> in Connector <a href="mga:id-0065-00003ada">angle</a> and Port <a href="mga:id-0065-00008f06">i</a> in Connector <a href="mga:id-0065-00008f05">angle_actual</a>
2016-08-25T19:15:08 - [Warning] - Non-name match: Port <a href="mga:id-0065-00002d5a">i</a> in Connector <a href="mga:id-0065-00002d59">solarFlux</a> and Port <a href="mga:id-0065-00001f6d">SolarFlux</a> in Connector <a href="mga:id-0065-00001f6c">SolarInput</a>
2016-08-25T19:15:11 - [Warning] - NO MATCH found for Port <a href="mga:id-0065-00007da2">v</a> of Connector <a href="mga:id-0065-00000017">Batteries_Mount</a> with any Port within Connector <a href="mga:id-0065-0000001d">Mount_1_On_Shelf</a>
2016-08-25T19:15:11 - [Warning] - NO MATCH found for Port <a href="mga:id-0065-00007d9f">v</a> of Connector <a href="mga:id-0065-0000001a">Computers_Mount</a> with any Port within Connector <a href="mga:id-0065-0000001d">Mount_1_On_Shelf</a>
2016-08-25T19:15:11 - [Warning] - Non-name match: Port <a href="mga:id-0065-00002b3a">v</a> in Connector <a href="mga:id-0065-00002b39">v</a> and Port <a href="mga:id-0065-00009065">i</a> in Connector <a href="mga:id-0065-00009064">voltage_bus</a>
2016-08-25T19:15:11 - [Warning] - Non-name match: Port <a href="mga:id-0065-00002ebe">y</a> in Connector <a href="mga:id-0065-00002ebd">targetAttitude</a> and Port <a href="mga:id-0065-00002d63">targetAngle</a> in Connector <a href="mga:id-0065-00002d62">AttitudeSetpoint</a>
2016-08-25T19:15:11 - [Warning] - Non-name match: Port <a href="mga:id-0065-00002d5a">i</a> in Connector <a href="mga:id-0065-00002d59">solarFlux</a> and Port <a href="mga:id-0065-00002963">SolarFlux</a> in Connector <a href="mga:id-0065-00002962">SolarInput</a>
2016-08-25T19:15:11 - [Warning] - Non-name match: Port <a href="mga:id-0065-00003adb">v</a> in Connector <a href="mga:id-0065-00003ada">angle</a> and Port <a href="mga:id-0065-00009061">i</a> in Connector <a href="mga:id-0065-00009060">angle_actual</a>
2016-08-25T19:15:11 - [Warning] - Non-name match: Port <a href="mga:id-0065-00002d5a">i</a> in Connector <a href="mga:id-0065-00002d59">solarFlux</a> and Port <a href="mga:id-0065-00001bf9">SolarFlux</a> in Connector <a href="mga:id-0065-00001bf8">SolarInput</a>
2016-08-25T19:15:11 - [Warning] - Non-name match: Port <a href="mga:id-0065-00002ebe">y</a> in Connector <a href="mga:id-0065-00002ebd">targetAttitude</a> and Port <a href="mga:id-0065-00009067">i</a> in Connector <a href="mga:id-0065-00009066">angle_setpoint</a>
2016-08-25T19:15:11 - [Warning] - Non-name match: Port <a href="mga:id-0065-00002d5f">v</a> in Connector <a href="mga:id-0065-00002d5e">TorqueOut</a> and Port <a href="mga:id-0065-00002ec0">torqueReq</a> in Connector <a href="mga:id-0065-00002ebf">torqueReq</a>
2016-08-25T19:15:13 - [Warning] - Non-name match: Port <a href="mga:id-0065-00002b2e">v</a> in Connector <a href="mga:id-0065-00002b2d">v</a> and Port <a href="mga:id-0065-000091c0">i</a> in Connector <a href="mga:id-0065-000091bf">voltage_bus</a>
2016-08-25T19:15:13 - [Warning] - NO MATCH found for Port <a href="mga:id-0065-00007da2">v</a> of Connector <a href="mga:id-0065-00000017">Batteries_Mount</a> with any Port within Connector <a href="mga:id-0065-0000001d">Mount_1_On_Shelf</a>
2016-08-25T19:15:13 - [Warning] - NO MATCH found for Port <a href="mga:id-0065-00007d9f">v</a> of Connector <a href="mga:id-0065-0000001a">Computers_Mount</a> with any Port within Connector <a href="mga:id-0065-0000001d">Mount_1_On_Shelf</a>
2016-08-25T19:15:13 - [Warning] - Non-name match: Port <a href="mga:id-0065-00003adb">v</a> in Connector <a href="mga:id-0065-00003ada">angle</a> and Port <a href="mga:id-0065-000091bc">i</a> in Connector <a href="mga:id-0065-000091bb">angle_actual</a>
2016-08-25T19:15:13 - [Warning] - Non-name match: Port <a href="mga:id-0065-00002ebe">y</a> in Connector <a href="mga:id-0065-00002ebd">targetAttitude</a> and Port <a href="mga:id-0065-000091c2">i</a> in Connector <a href="mga:id-0065-000091c1">angle_setpoint</a>
2016-08-25T19:15:13 - [Warning] - Non-name match: Port <a href="mga:id-0065-00002ebe">y</a> in Connector <a href="mga:id-0065-00002ebd">targetAttitude</a> and Port <a href="mga:id-0065-00002d63">targetAngle</a> in Connector <a href="mga:id-0065-00002d62">AttitudeSetpoint</a>
2016-08-25T19:15:13 - [Warning] - Non-name match: Port <a href="mga:id-0065-00002d5a">i</a> in Connector <a href="mga:id-0065-00002d59">solarFlux</a> and Port <a href="mga:id-0065-00001f64">SolarFlux</a> in Connector <a href="mga:id-0065-00001f63">SolarInput</a>
2016-08-25T19:15:13 - [Warning] - Non-name match: Port <a href="mga:id-0065-00002d5f">v</a> in Connector <a href="mga:id-0065-00002d5e">TorqueOut</a> and Port <a href="mga:id-0065-00002ec0">torqueReq</a> in Connector <a href="mga:id-0065-00002ebf">torqueReq</a>
2016-08-25T19:15:13 - [Warning] - Non-name match: Port <a href="mga:id-0065-00002d5a">i</a> in Connector <a href="mga:id-0065-00002d59">solarFlux</a> and Port <a href="mga:id-0065-00002b17">SolarFlux</a> in Connector <a href="mga:id-0065-00002b16">SolarInput</a>
2016-08-25T19:30:25 - [Warning] - Non-name match: Port <a href="mga:id-0065-00002ebe">y</a> in Connector <a href="mga:id-0065-00002ebd">targetAttitude</a> and Port <a href="mga:id-0065-00008f0c">i</a> in Connector <a href="mga:id-0065-00008f0b">angle_setpoint</a>
2016-08-25T19:30:25 - [Warning] - Non-name match: Port <a href="mga:id-0065-00002ebe">y</a> in Connector <a href="mga:id-0065-00002ebd">targetAttitude</a> and Port <a href="mga:id-0065-00002d63">targetAngle</a> in Connector <a href="mga:id-0065-00002d62">AttitudeSetpoint</a>
2016-08-25T19:30:25 - [Warning] - Non-name match: Port <a href="mga:id-0065-00003adb">v</a> in Connector <a href="mga:id-0065-00003ada">angle</a> and Port <a href="mga:id-0065-00008f06">i</a> in Connector <a href="mga:id-0065-00008f05">angle_actual</a>
2016-08-25T19:30:25 - [Warning] - Non-name match: Port <a href="mga:id-0065-00002d5a">i</a> in Connector <a href="mga:id-0065-00002d59">solarFlux</a> and Port <a href="mga:id-0065-00002b23">SolarFlux</a> in Connector <a href="mga:id-0065-00002b22">SolarInput</a>
2016-08-25T19:30:25 - [Warning] - Non-name match: Port <a href="mga:id-0065-00002d5f">v</a> in Connector <a href="mga:id-0065-00002d5e">TorqueOut</a> and Port <a href="mga:id-0065-00002ec0">torqueReq</a> in Connector <a href="mga:id-0065-00002ebf">torqueReq</a>
2016-08-25T19:30:25 - [Warning] - Non-name match: Port <a href="mga:id-0065-00002d5a">i</a> in Connector <a href="mga:id-0065-00002d59">solarFlux</a> and Port <a href="mga:id-0065-00001f6d">SolarFlux</a> in Connector <a href="mga:id-0065-00001f6c">SolarInput</a>
2016-08-25T19:30:25 - [Warning] - NO MATCH found for Port <a href="mga:id-0065-00007da2">v</a> of Connector <a href="mga:id-0065-00000017">Batteries_Mount</a> with any Port within Connector <a href="mga:id-0065-0000001d">Mount_1_On_Shelf</a>
2016-08-25T19:30:25 - [Warning] - NO MATCH found for Port <a href="mga:id-0065-00007d9f">v</a> of Connector <a href="mga:id-0065-0000001a">Computers_Mount</a> with any Port within Connector <a href="mga:id-0065-0000001d">Mount_1_On_Shelf</a>
2016-08-25T19:30:25 - [Warning] - Non-name match: Port <a href="mga:id-0065-00002b42">v</a> in Connector <a href="mga:id-0065-00002b41">v</a> and Port <a href="mga:id-0065-00008f0a">i</a> in Connector <a href="mga:id-0065-00008f09">voltage_bus</a>
2016-08-25T19:30:29 - [Warning] - Non-name match: Port <a href="mga:id-0065-00002b3a">v</a> in Connector <a href="mga:id-0065-00002b39">v</a> and Port <a href="mga:id-0065-00009065">i</a> in Connector <a href="mga:id-0065-00009064">voltage_bus</a>
2016-08-25T19:30:29 - [Warning] - Non-name match: Port <a href="mga:id-0065-00002ebe">y</a> in Connector <a href="mga:id-0065-00002ebd">targetAttitude</a> and Port <a href="mga:id-0065-00009067">i</a> in Connector <a href="mga:id-0065-00009066">angle_setpoint</a>
2016-08-25T19:30:29 - [Warning] - Non-name match: Port <a href="mga:id-0065-00003adb">v</a> in Connector <a href="mga:id-0065-00003ada">angle</a> and Port <a href="mga:id-0065-00009061">i</a> in Connector <a href="mga:id-0065-00009060">angle_actual</a>
2016-08-25T19:30:29 - [Warning] - Non-name match: Port <a href="mga:id-0065-00002d5f">v</a> in Connector <a href="mga:id-0065-00002d5e">TorqueOut</a> and Port <a href="mga:id-0065-00002ec0">torqueReq</a> in Connector <a href="mga:id-0065-00002ebf">torqueReq</a>
2016-08-25T19:30:29 - [Warning] - Non-name match: Port <a href="mga:id-0065-00002d5a">i</a> in Connector <a href="mga:id-0065-00002d59">solarFlux</a> and Port <a href="mga:id-0065-00002963">SolarFlux</a> in Connector <a href="mga:id-0065-00002962">SolarInput</a>
2016-08-25T19:30:29 - [Warning] - Non-name match: Port <a href="mga:id-0065-00002ebe">y</a> in Connector <a href="mga:id-0065-00002ebd">targetAttitude</a> and Port <a href="mga:id-0065-00002d63">targetAngle</a> in Connector <a href="mga:id-0065-00002d62">AttitudeSetpoint</a>
2016-08-25T19:30:29 - [Warning] - Non-name match: Port <a href="mga:id-0065-00002d5a">i</a> in Connector <a href="mga:id-0065-00002d59">solarFlux</a> and Port <a href="mga:id-0065-00001bf9">SolarFlux</a> in Connector <a href="mga:id-0065-00001bf8">SolarInput</a>
2016-08-25T19:30:29 - [Warning] - NO MATCH found for Port <a href="mga:id-0065-00007d9f">v</a> of Connector <a href="mga:id-0065-0000001a">Computers_Mount</a> with any Port within Connector <a href="mga:id-0065-0000001d">Mount_1_On_Shelf</a>
2016-08-25T19:30:29 - [Warning] - NO MATCH found for Port <a href="mga:id-0065-00007da2">v</a> of Connector <a href="mga:id-0065-00000017">Batteries_Mount</a> with any Port within Connector <a href="mga:id-0065-0000001d">Mount_1_On_Shelf</a>
2016-08-25T19:30:34 - [Warning] - Non-name match: Port <a href="mga:id-0065-00002d5a">i</a> in Connector <a href="mga:id-0065-00002d59">solarFlux</a> and Port <a href="mga:id-0065-00002b17">SolarFlux</a> in Connector <a href="mga:id-0065-00002b16">SolarInput</a>
2016-08-25T19:30:34 - [Warning] - Non-name match: Port <a href="mga:id-0065-00003adb">v</a> in Connector <a href="mga:id-0065-00003ada">angle</a> and Port <a href="mga:id-0065-000091bc">i</a> in Connector <a href="mga:id-0065-000091bb">angle_actual</a>
2016-08-25T19:30:34 - [Warning] - Non-name match: Port <a href="mga:id-0065-00002ebe">y</a> in Connector <a href="mga:id-0065-00002ebd">targetAttitude</a> and Port <a href="mga:id-0065-00002d63">targetAngle</a> in Connector <a href="mga:id-0065-00002d62">AttitudeSetpoint</a>
2016-08-25T19:30:34 - [Warning] - Non-name match: Port <a href="mga:id-0065-00002ebe">y</a> in Connector <a href="mga:id-0065-00002ebd">targetAttitude</a> and Port <a href="mga:id-0065-000091c2">i</a> in Connector <a href="mga:id-0065-000091c1">angle_setpoint</a>
2016-08-25T19:30:34 - [Warning] - Non-name match: Port <a href="mga:id-0065-00002d5a">i</a> in Connector <a href="mga:id-0065-00002d59">solarFlux</a> and Port <a href="mga:id-0065-00001f64">SolarFlux</a> in Connector <a href="mga:id-0065-00001f63">SolarInput</a>
2016-08-25T19:30:34 - [Warning] - Non-name match: Port <a href="mga:id-0065-00002b2e">v</a> in Connector <a href="mga:id-0065-00002b2d">v</a> and Port <a href="mga:id-0065-000091c0">i</a> in Connector <a href="mga:id-0065-000091bf">voltage_bus</a>
2016-08-25T19:30:34 - [Warning] - Non-name match: Port <a href="mga:id-0065-00002d5f">v</a> in Connector <a href="mga:id-0065-00002d5e">TorqueOut</a> and Port <a href="mga:id-0065-00002ec0">torqueReq</a> in Connector <a href="mga:id-0065-00002ebf">torqueReq</a>
2016-08-25T19:30:34 - [Warning] - NO MATCH found for Port <a href="mga:id-0065-00007da2">v</a> of Connector <a href="mga:id-0065-00000017">Batteries_Mount</a> with any Port within Connector <a href="mga:id-0065-0000001d">Mount_1_On_Shelf</a>
2016-08-25T19:30:34 - [Warning] - NO MATCH found for Port <a href="mga:id-0065-00007d9f">v</a> of Connector <a href="mga:id-0065-0000001a">Computers_Mount</a> with any Port within Connector <a href="mga:id-0065-0000001d">Mount_1_On_Shelf</a>
2016-08-25T19:33:16 - [Warning] - Non-name match: Port <a href="mga:id-0065-00002ebe">y</a> in Connector <a href="mga:id-0065-00002ebd">targetAttitude</a> and Port <a href="mga:id-0065-00008f0c">i</a> in Connector <a href="mga:id-0065-00008f0b">angle_setpoint</a>
2016-08-25T19:33:16 - [Warning] - Non-name match: Port <a href="mga:id-0065-00002ebe">y</a> in Connector <a href="mga:id-0065-00002ebd">targetAttitude</a> and Port <a href="mga:id-0065-00002d63">targetAngle</a> in Connector <a href="mga:id-0065-00002d62">AttitudeSetpoint</a>
2016-08-25T19:33:16 - [Warning] - Non-name match: Port <a href="mga:id-0065-00003adb">v</a> in Connector <a href="mga:id-0065-00003ada">angle</a> and Port <a href="mga:id-0065-00008f06">i</a> in Connector <a href="mga:id-0065-00008f05">angle_actual</a>
2016-08-25T19:33:16 - [Warning] - Non-name match: Port <a href="mga:id-0065-00002d5a">i</a> in Connector <a href="mga:id-0065-00002d59">solarFlux</a> and Port <a href="mga:id-0065-00002b23">SolarFlux</a> in Connector <a href="mga:id-0065-00002b22">SolarInput</a>
2016-08-25T19:33:16 - [Warning] - Non-name match: Port <a href="mga:id-0065-00002d5a">i</a> in Connector <a href="mga:id-0065-00002d59">solarFlux</a> and Port <a href="mga:id-0065-00001f6d">SolarFlux</a> in Connector <a href="mga:id-0065-00001f6c">SolarInput</a>
2016-08-25T19:33:16 - [Warning] - Non-name match: Port <a href="mga:id-0065-00002d5f">v</a> in Connector <a href="mga:id-0065-00002d5e">TorqueOut</a> and Port <a href="mga:id-0065-00002ec0">torqueReq</a> in Connector <a href="mga:id-0065-00002ebf">torqueReq</a>
2016-08-25T19:33:16 - [Warning] - Non-name match: Port <a href="mga:id-0065-00002b42">v</a> in Connector <a href="mga:id-0065-00002b41">v</a> and Port <a href="mga:id-0065-00008f0a">i</a> in Connector <a href="mga:id-0065-00008f09">voltage_bus</a>
2016-08-25T19:33:16 - [Warning] - NO MATCH found for Port <a href="mga:id-0065-00007da2">v</a> of Connector <a href="mga:id-0065-00000017">Batteries_Mount</a> with any Port within Connector <a href="mga:id-0065-0000001d">Mount_1_On_Shelf</a>
2016-08-25T19:33:16 - [Warning] - NO MATCH found for Port <a href="mga:id-0065-00007d9f">v</a> of Connector <a href="mga:id-0065-0000001a">Computers_Mount</a> with any Port within Connector <a href="mga:id-0065-0000001d">Mount_1_On_Shelf</a>
2016-08-25T19:33:20 - [Warning] - Non-name match: Port <a href="mga:id-0065-00002b3a">v</a> in Connector <a href="mga:id-0065-00002b39">v</a> and Port <a href="mga:id-0065-00009065">i</a> in Connector <a href="mga:id-0065-00009064">voltage_bus</a>
2016-08-25T19:33:20 - [Warning] - Non-name match: Port <a href="mga:id-0065-00002ebe">y</a> in Connector <a href="mga:id-0065-00002ebd">targetAttitude</a> and Port <a href="mga:id-0065-00009067">i</a> in Connector <a href="mga:id-0065-00009066">angle_setpoint</a>
2016-08-25T19:33:20 - [Warning] - Non-name match: Port <a href="mga:id-0065-00003adb">v</a> in Connector <a href="mga:id-0065-00003ada">angle</a> and Port <a href="mga:id-0065-00009061">i</a> in Connector <a href="mga:id-0065-00009060">angle_actual</a>
2016-08-25T19:33:20 - [Warning] - Non-name match: Port <a href="mga:id-0065-00002ebe">y</a> in Connector <a href="mga:id-0065-00002ebd">targetAttitude</a> and Port <a href="mga:id-0065-00002d63">targetAngle</a> in Connector <a href="mga:id-0065-00002d62">AttitudeSetpoint</a>
2016-08-25T19:33:20 - [Warning] - Non-name match: Port <a href="mga:id-0065-00002d5a">i</a> in Connector <a href="mga:id-0065-00002d59">solarFlux</a> and Port <a href="mga:id-0065-00002963">SolarFlux</a> in Connector <a href="mga:id-0065-00002962">SolarInput</a>
2016-08-25T19:33:20 - [Warning] - Non-name match: Port <a href="mga:id-0065-00002d5a">i</a> in Connector <a href="mga:id-0065-00002d59">solarFlux</a> and Port <a href="mga:id-0065-00001bf9">SolarFlux</a> in Connector <a href="mga:id-0065-00001bf8">SolarInput</a>
2016-08-25T19:33:20 - [Warning] - Non-name match: Port <a href="mga:id-0065-00002d5f">v</a> in Connector <a href="mga:id-0065-00002d5e">TorqueOut</a> and Port <a href="mga:id-0065-00002ec0">torqueReq</a> in Connector <a href="mga:id-0065-00002ebf">torqueReq</a>
2016-08-25T19:33:20 - [Warning] - NO MATCH found for Port <a href="mga:id-0065-00007da2">v</a> of Connector <a href="mga:id-0065-00000017">Batteries_Mount</a> with any Port within Connector <a href="mga:id-0065-0000001d">Mount_1_On_Shelf</a>
2016-08-25T19:33:20 - [Warning] - NO MATCH found for Port <a href="mga:id-0065-00007d9f">v</a> of Connector <a href="mga:id-0065-0000001a">Computers_Mount</a> with any Port within Connector <a href="mga:id-0065-0000001d">Mount_1_On_Shelf</a>
2016-08-25T19:33:25 - [Warning] - NO MATCH found for Port <a href="mga:id-0065-00007d9f">v</a> of Connector <a href="mga:id-0065-0000001a">Computers_Mount</a> with any Port within Connector <a href="mga:id-0065-0000001d">Mount_1_On_Shelf</a>
2016-08-25T19:33:25 - [Warning] - NO MATCH found for Port <a href="mga:id-0065-00007da2">v</a> of Connector <a href="mga:id-0065-00000017">Batteries_Mount</a> with any Port within Connector <a href="mga:id-0065-0000001d">Mount_1_On_Shelf</a>
2016-08-25T19:33:25 - [Warning] - Non-name match: Port <a href="mga:id-0065-00002ebe">y</a> in Connector <a href="mga:id-0065-00002ebd">targetAttitude</a> and Port <a href="mga:id-0065-000091c2">i</a> in Connector <a href="mga:id-0065-000091c1">angle_setpoint</a>
2016-08-25T19:33:25 - [Warning] - Non-name match: Port <a href="mga:id-0065-00002ebe">y</a> in Connector <a href="mga:id-0065-00002ebd">targetAttitude</a> and Port <a href="mga:id-0065-00002d63">targetAngle</a> in Connector <a href="mga:id-0065-00002d62">AttitudeSetpoint</a>
2016-08-25T19:33:25 - [Warning] - Non-name match: Port <a href="mga:id-0065-00003adb">v</a> in Connector <a href="mga:id-0065-00003ada">angle</a> and Port <a href="mga:id-0065-000091bc">i</a> in Connector <a href="mga:id-0065-000091bb">angle_actual</a>
2016-08-25T19:33:25 - [Warning] - Non-name match: Port <a href="mga:id-0065-00002d5f">v</a> in Connector <a href="mga:id-0065-00002d5e">TorqueOut</a> and Port <a href="mga:id-0065-00002ec0">torqueReq</a> in Connector <a href="mga:id-0065-00002ebf">torqueReq</a>
2016-08-25T19:33:25 - [Warning] - Non-name match: Port <a href="mga:id-0065-00002d5a">i</a> in Connector <a href="mga:id-0065-00002d59">solarFlux</a> and Port <a href="mga:id-0065-00002b17">SolarFlux</a> in Connector <a href="mga:id-0065-00002b16">SolarInput</a>
2016-08-25T19:33:25 - [Warning] - Non-name match: Port <a href="mga:id-0065-00002d5a">i</a> in Connector <a href="mga:id-0065-00002d59">solarFlux</a> and Port <a href="mga:id-0065-00001f64">SolarFlux</a> in Connector <a href="mga:id-0065-00001f63">SolarInput</a>
2016-08-25T19:33:25 - [Warning] - Non-name match: Port <a href="mga:id-0065-00002b2e">v</a> in Connector <a href="mga:id-0065-00002b2d">v</a> and Port <a href="mga:id-0065-000091c0">i</a> in Connector <a href="mga:id-0065-000091bf">voltage_bus</a>
2016-08-25T19:38:09 - [Warning] - Non-name match: Port <a href="mga:id-0065-00002d5a">i</a> in Connector <a href="mga:id-0065-00002d59">solarFlux</a> and Port <a href="mga:id-0065-00002b23">SolarFlux</a> in Connector <a href="mga:id-0065-00002b22">SolarInput</a>
2016-08-25T19:38:09 - [Warning] - Non-name match: Port <a href="mga:id-0065-00002ebe">y</a> in Connector <a href="mga:id-0065-00002ebd">targetAttitude</a> and Port <a href="mga:id-0065-00002d63">targetAngle</a> in Connector <a href="mga:id-0065-00002d62">AttitudeSetpoint</a>
2016-08-25T19:38:09 - [Warning] - Non-name match: Port <a href="mga:id-0065-00003adb">v</a> in Connector <a href="mga:id-0065-00003ada">angle</a> and Port <a href="mga:id-0065-00008f06">i</a> in Connector <a href="mga:id-0065-00008f05">angle_actual</a>
2016-08-25T19:38:09 - [Warning] - Non-name match: Port <a href="mga:id-0065-00002ebe">y</a> in Connector <a href="mga:id-0065-00002ebd">targetAttitude</a> and Port <a href="mga:id-0065-00008f0c">i</a> in Connector <a href="mga:id-0065-00008f0b">angle_setpoint</a>
2016-08-25T19:38:09 - [Warning] - Non-name match: Port <a href="mga:id-0065-00002d5a">i</a> in Connector <a href="mga:id-0065-00002d59">solarFlux</a> and Port <a href="mga:id-0065-00001f6d">SolarFlux</a> in Connector <a href="mga:id-0065-00001f6c">SolarInput</a>
2016-08-25T19:38:09 - [Warning] - Non-name match: Port <a href="mga:id-0065-00002b42">v</a> in Connector <a href="mga:id-0065-00002b41">v</a> and Port <a href="mga:id-0065-00008f0a">i</a> in Connector <a href="mga:id-0065-00008f09">voltage_bus</a>
2016-08-25T19:38:09 - [Warning] - Non-name match: Port <a href="mga:id-0065-00002d5f">v</a> in Connector <a href="mga:id-0065-00002d5e">TorqueOut</a> and Port <a href="mga:id-0065-00002ec0">torqueReq</a> in Connector <a href="mga:id-0065-00002ebf">torqueReq</a>
2016-08-25T19:38:09 - [Warning] - NO MATCH found for Port <a href="mga:id-0065-00007da2">v</a> of Connector <a href="mga:id-0065-00000017">Batteries_Mount</a> with any Port within Connector <a href="mga:id-0065-0000001d">Mount_1_On_Shelf</a>
2016-08-25T19:38:09 - [Warning] - NO MATCH found for Port <a href="mga:id-0065-00007d9f">v</a> of Connector <a href="mga:id-0065-0000001a">Computers_Mount</a> with any Port within Connector <a href="mga:id-0065-0000001d">Mount_1_On_Shelf</a>
2016-08-25T19:38:13 - [Warning] - NO MATCH found for Port <a href="mga:id-0065-00007da2">v</a> of Connector <a href="mga:id-0065-00000017">Batteries_Mount</a> with any Port within Connector <a href="mga:id-0065-0000001d">Mount_1_On_Shelf</a>
2016-08-25T19:38:13 - [Warning] - NO MATCH found for Port <a href="mga:id-0065-00007d9f">v</a> of Connector <a href="mga:id-0065-0000001a">Computers_Mount</a> with any Port within Connector <a href="mga:id-0065-0000001d">Mount_1_On_Shelf</a>
2016-08-25T19:38:13 - [Warning] - Non-name match: Port <a href="mga:id-0065-00003adb">v</a> in Connector <a href="mga:id-0065-00003ada">angle</a> and Port <a href="mga:id-0065-00009061">i</a> in Connector <a href="mga:id-0065-00009060">angle_actual</a>
2016-08-25T19:38:13 - [Warning] - Non-name match: Port <a href="mga:id-0065-00002d5a">i</a> in Connector <a href="mga:id-0065-00002d59">solarFlux</a> and Port <a href="mga:id-0065-00002963">SolarFlux</a> in Connector <a href="mga:id-0065-00002962">SolarInput</a>
2016-08-25T19:38:13 - [Warning] - Non-name match: Port <a href="mga:id-0065-00002d5a">i</a> in Connector <a href="mga:id-0065-00002d59">solarFlux</a> and Port <a href="mga:id-0065-00001bf9">SolarFlux</a> in Connector <a href="mga:id-0065-00001bf8">SolarInput</a>
2016-08-25T19:38:13 - [Warning] - Non-name match: Port <a href="mga:id-0065-00002d5f">v</a> in Connector <a href="mga:id-0065-00002d5e">TorqueOut</a> and Port <a href="mga:id-0065-00002ec0">torqueReq</a> in Connector <a href="mga:id-0065-00002ebf">torqueReq</a>
2016-08-25T19:38:13 - [Warning] - Non-name match: Port <a href="mga:id-0065-00002b3a">v</a> in Connector <a href="mga:id-0065-00002b39">v</a> and Port <a href="mga:id-0065-00009065">i</a> in Connector <a href="mga:id-0065-00009064">voltage_bus</a>
2016-08-25T19:38:13 - [Warning] - Non-name match: Port <a href="mga:id-0065-00002ebe">y</a> in Connector <a href="mga:id-0065-00002ebd">targetAttitude</a> and Port <a href="mga:id-0065-00002d63">targetAngle</a> in Connector <a href="mga:id-0065-00002d62">AttitudeSetpoint</a>
2016-08-25T19:38:13 - [Warning] - Non-name match: Port <a href="mga:id-0065-00002ebe">y</a> in Connector <a href="mga:id-0065-00002ebd">targetAttitude</a> and Port <a href="mga:id-0065-00009067">i</a> in Connector <a href="mga:id-0065-00009066">angle_setpoint</a>
2016-08-25T19:38:18 - [Warning] - NO MATCH found for Port <a href="mga:id-0065-00007da2">v</a> of Connector <a href="mga:id-0065-00000017">Batteries_Mount</a> with any Port within Connector <a href="mga:id-0065-0000001d">Mount_1_On_Shelf</a>
2016-08-25T19:38:18 - [Warning] - NO MATCH found for Port <a href="mga:id-0065-00007d9f">v</a> of Connector <a href="mga:id-0065-0000001a">Computers_Mount</a> with any Port within Connector <a href="mga:id-0065-0000001d">Mount_1_On_Shelf</a>
2016-08-25T19:38:18 - [Warning] - Non-name match: Port <a href="mga:id-0065-00003adb">v</a> in Connector <a href="mga:id-0065-00003ada">angle</a> and Port <a href="mga:id-0065-000091bc">i</a> in Connector <a href="mga:id-0065-000091bb">angle_actual</a>
2016-08-25T19:38:18 - [Warning] - Non-name match: Port <a href="mga:id-0065-00002d5a">i</a> in Connector <a href="mga:id-0065-00002d59">solarFlux</a> and Port <a href="mga:id-0065-00002b17">SolarFlux</a> in Connector <a href="mga:id-0065-00002b16">SolarInput</a>
2016-08-25T19:38:18 - [Warning] - Non-name match: Port <a href="mga:id-0065-00002ebe">y</a> in Connector <a href="mga:id-0065-00002ebd">targetAttitude</a> and Port <a href="mga:id-0065-000091c2">i</a> in Connector <a href="mga:id-0065-000091c1">angle_setpoint</a>
2016-08-25T19:38:18 - [Warning] - Non-name match: Port <a href="mga:id-0065-00002d5a">i</a> in Connector <a href="mga:id-0065-00002d59">solarFlux</a> and Port <a href="mga:id-0065-00001f64">SolarFlux</a> in Connector <a href="mga:id-0065-00001f63">SolarInput</a>
2016-08-25T19:38:18 - [Warning] - Non-name match: Port <a href="mga:id-0065-00002d5f">v</a> in Connector <a href="mga:id-0065-00002d5e">TorqueOut</a> and Port <a href="mga:id-0065-00002ec0">torqueReq</a> in Connector <a href="mga:id-0065-00002ebf">torqueReq</a>
2016-08-25T19:38:18 - [Warning] - Non-name match: Port <a href="mga:id-0065-00002ebe">y</a> in Connector <a href="mga:id-0065-00002ebd">targetAttitude</a> and Port <a href="mga:id-0065-00002d63">targetAngle</a> in Connector <a href="mga:id-0065-00002d62">AttitudeSetpoint</a>
2016-08-25T19:38:18 - [Warning] - Non-name match: Port <a href="mga:id-0065-00002b2e">v</a> in Connector <a href="mga:id-0065-00002b2d">v</a> and Port <a href="mga:id-0065-000091c0">i</a> in Connector <a href="mga:id-0065-000091bf">voltage_bus</a>
2016-08-25T20:05:37 - [Warning] - NO MATCH found for Port <a href="mga:id-0065-00007d9f">v</a> of Connector <a href="mga:id-0065-0000001a">Computers_Mount</a> with any Port within Connector <a href="mga:id-0065-0000001d">Mount_1_On_Shelf</a>
2016-08-25T20:05:37 - [Warning] - NO MATCH found for Port <a href="mga:id-0065-00007da2">v</a> of Connector <a href="mga:id-0065-00000017">Batteries_Mount</a> with any Port within Connector <a href="mga:id-0065-0000001d">Mount_1_On_Shelf</a>
2016-08-25T20:05:37 - [Warning] - Non-name match: Port <a href="mga:id-0065-00003adb">v</a> in Connector <a href="mga:id-0065-00003ada">angle</a> and Port <a href="mga:id-0065-00008f06">i</a> in Connector <a href="mga:id-0065-00008f05">angle_actual</a>
2016-08-25T20:05:37 - [Warning] - Non-name match: Port <a href="mga:id-0065-00002d5a">i</a> in Connector <a href="mga:id-0065-00002d59">solarFlux</a> and Port <a href="mga:id-0065-00001f6d">SolarFlux</a> in Connector <a href="mga:id-0065-00001f6c">SolarInput</a>
2016-08-25T20:05:37 - [Warning] - Non-name match: Port <a href="mga:id-0065-00002d5f">v</a> in Connector <a href="mga:id-0065-00002d5e">TorqueOut</a> and Port <a href="mga:id-0065-00002ec0">torqueReq</a> in Connector <a href="mga:id-0065-00002ebf">torqueReq</a>
2016-08-25T20:05:37 - [Warning] - Non-name match: Port <a href="mga:id-0065-00002d5a">i</a> in Connector <a href="mga:id-0065-00002d59">solarFlux</a> and Port <a href="mga:id-0065-00002b23">SolarFlux</a> in Connector <a href="mga:id-0065-00002b22">SolarInput</a>
2016-08-25T20:05:37 - [Warning] - Non-name match: Port <a href="mga:id-0065-00002ebe">y</a> in Connector <a href="mga:id-0065-00002ebd">targetAttitude</a> and Port <a href="mga:id-0065-00008f0c">i</a> in Connector <a href="mga:id-0065-00008f0b">angle_setpoint</a>
2016-08-25T20:05:37 - [Warning] - Non-name match: Port <a href="mga:id-0065-00002ebe">y</a> in Connector <a href="mga:id-0065-00002ebd">targetAttitude</a> and Port <a href="mga:id-0065-00002d63">targetAngle</a> in Connector <a href="mga:id-0065-00002d62">AttitudeSetpoint</a>
2016-08-25T20:05:37 - [Warning] - Non-name match: Port <a href="mga:id-0065-00002b42">v</a> in Connector <a href="mga:id-0065-00002b41">v</a> and Port <a href="mga:id-0065-00008f0a">i</a> in Connector <a href="mga:id-0065-00008f09">voltage_bus</a>
2016-08-25T20:05:43 - [Warning] - Non-name match: Port <a href="mga:id-0065-00003adb">v</a> in Connector <a href="mga:id-0065-00003ada">angle</a> and Port <a href="mga:id-0065-00009061">i</a> in Connector <a href="mga:id-0065-00009060">angle_actual</a>
2016-08-25T20:05:43 - [Warning] - Non-name match: Port <a href="mga:id-0065-00002ebe">y</a> in Connector <a href="mga:id-0065-00002ebd">targetAttitude</a> and Port <a href="mga:id-0065-00002d63">targetAngle</a> in Connector <a href="mga:id-0065-00002d62">AttitudeSetpoint</a>
2016-08-25T20:05:43 - [Warning] - Non-name match: Port <a href="mga:id-0065-00002d5a">i</a> in Connector <a href="mga:id-0065-00002d59">solarFlux</a> and Port <a href="mga:id-0065-00002963">SolarFlux</a> in Connector <a href="mga:id-0065-00002962">SolarInput</a>
2016-08-25T20:05:43 - [Warning] - Non-name match: Port <a href="mga:id-0065-00002d5a">i</a> in Connector <a href="mga:id-0065-00002d59">solarFlux</a> and Port <a href="mga:id-0065-00001bf9">SolarFlux</a> in Connector <a href="mga:id-0065-00001bf8">SolarInput</a>
2016-08-25T20:05:43 - [Warning] - Non-name match: Port <a href="mga:id-0065-00002d5f">v</a> in Connector <a href="mga:id-0065-00002d5e">TorqueOut</a> and Port <a href="mga:id-0065-00002ec0">torqueReq</a> in Connector <a href="mga:id-0065-00002ebf">torqueReq</a>
2016-08-25T20:05:43 - [Warning] - NO MATCH found for Port <a href="mga:id-0065-00007da2">v</a> of Connector <a href="mga:id-0065-00000017">Batteries_Mount</a> with any Port within Connector <a href="mga:id-0065-0000001d">Mount_1_On_Shelf</a>
2016-08-25T20:05:43 - [Warning] - NO MATCH found for Port <a href="mga:id-0065-00007d9f">v</a> of Connector <a href="mga:id-0065-0000001a">Computers_Mount</a> with any Port within Connector <a href="mga:id-0065-0000001d">Mount_1_On_Shelf</a>
2016-08-25T20:05:43 - [Warning] - Non-name match: Port <a href="mga:id-0065-00002b3a">v</a> in Connector <a href="mga:id-0065-00002b39">v</a> and Port <a href="mga:id-0065-00009065">i</a> in Connector <a href="mga:id-0065-00009064">voltage_bus</a>
2016-08-25T20:05:43 - [Warning] - Non-name match: Port <a href="mga:id-0065-00002ebe">y</a> in Connector <a href="mga:id-0065-00002ebd">targetAttitude</a> and Port <a href="mga:id-0065-00009067">i</a> in Connector <a href="mga:id-0065-00009066">angle_setpoint</a>
2016-08-25T20:05:49 - [Warning] - NO MATCH found for Port <a href="mga:id-0065-00007d9f">v</a> of Connector <a href="mga:id-0065-0000001a">Computers_Mount</a> with any Port within Connector <a href="mga:id-0065-0000001d">Mount_1_On_Shelf</a>
2016-08-25T20:05:49 - [Warning] - NO MATCH found for Port <a href="mga:id-0065-00007da2">v</a> of Connector <a href="mga:id-0065-00000017">Batteries_Mount</a> with any Port within Connector <a href="mga:id-0065-0000001d">Mount_1_On_Shelf</a>
2016-08-25T20:05:49 - [Warning] - Non-name match: Port <a href="mga:id-0065-00002ebe">y</a> in Connector <a href="mga:id-0065-00002ebd">targetAttitude</a> and Port <a href="mga:id-0065-000091c2">i</a> in Connector <a href="mga:id-0065-000091c1">angle_setpoint</a>
2016-08-25T20:05:49 - [Warning] - Non-name match: Port <a href="mga:id-0065-00002d5a">i</a> in Connector <a href="mga:id-0065-00002d59">solarFlux</a> and Port <a href="mga:id-0065-00002b17">SolarFlux</a> in Connector <a href="mga:id-0065-00002b16">SolarInput</a>
2016-08-25T20:05:49 - [Warning] - Non-name match: Port <a href="mga:id-0065-00003adb">v</a> in Connector <a href="mga:id-0065-00003ada">angle</a> and Port <a href="mga:id-0065-000091bc">i</a> in Connector <a href="mga:id-0065-000091bb">angle_actual</a>
2016-08-25T20:05:49 - [Warning] - Non-name match: Port <a href="mga:id-0065-00002d5a">i</a> in Connector <a href="mga:id-0065-00002d59">solarFlux</a> and Port <a href="mga:id-0065-00001f64">SolarFlux</a> in Connector <a href="mga:id-0065-00001f63">SolarInput</a>
2016-08-25T20:05:49 - [Warning] - Non-name match: Port <a href="mga:id-0065-00002ebe">y</a> in Connector <a href="mga:id-0065-00002ebd">targetAttitude</a> and Port <a href="mga:id-0065-00002d63">targetAngle</a> in Connector <a href="mga:id-0065-00002d62">AttitudeSetpoint</a>
2016-08-25T20:05:49 - [Warning] - Non-name match: Port <a href="mga:id-0065-00002d5f">v</a> in Connector <a href="mga:id-0065-00002d5e">TorqueOut</a> and Port <a href="mga:id-0065-00002ec0">torqueReq</a> in Connector <a href="mga:id-0065-00002ebf">torqueReq</a>
2016-08-25T20:05:49 - [Warning] - Non-name match: Port <a href="mga:id-0065-00002b2e">v</a> in Connector <a href="mga:id-0065-00002b2d">v</a> and Port <a href="mga:id-0065-000091c0">i</a> in Connector <a href="mga:id-0065-000091bf">voltage_bus</a>
