2016-08-24T16:16:12 - [Info] - Running CyPhy2Modelica 2.0
2016-08-24T16:16:12 - [Debug] - === HEADER ===================================================
Date/Time:       8/24/2016 4:16:12 PM
Windows Version: Microsoft Windows NT 6.2.9200.0
x64 bit OS:      True
GME version:     14.7.28.2144
META version:    14.13.2554
META install:    C:\Program Files (x86)\META\
CyPhyML version: 14.13-t1
CyPhyML GUID:    {72F42996-34FA-489B-B2DF-017E4AB67FEA}
Python Dll:      UNKNOWN
Python Exe:      "C:\Python27\python.exe" "%1" %*
Python27 VE exe: C:\Program Files (x86)\META\bin\Python27\Scripts\python.exe
PROE ISIS Ext. : C:\Program Files\META\Proe ISIS Extensions\bin\CADCreoParametricCreateAssembly.exe
PROE ISIS ver. : CADCreoParametricCreateAssembly 1.5.3.0
Username:        bapty
Currently opened paradigm information
  MetaName    : CyPhyML
  MetaVersion : 14.13-t1

2016-08-24T16:16:12 - [Debug] - Components not used in this design will not be generated in the Modelica Package. Use verbose console to enable this option.
2016-08-24T16:16:12 - [Debug] - Configuration : OK
2016-08-24T16:16:12 - [Info] - DC_Spacecraft_22 [TestBench]
2016-08-24T16:16:12 - [Debug] - Found originalDesignName DC_Spacecraft_22
2016-08-24T16:16:12 - [Debug] - Elaborating model...
2016-08-24T16:16:12 - [Debug] - Elaboration is done.
2016-08-24T16:16:12 - [Debug] - Elaborator : OK
2016-08-24T16:16:12 - [Debug] - Checking rules...
2016-08-24T16:16:12 - [Debug] - Errors: 0, Warnings: 0, Successes : 510
2016-08-24T16:16:12 - [Debug] - Model check : OK
2016-08-24T16:16:12 - [Debug] - Modelica model was not found for component: RootFolder/Testing/DynamicsSim/PowerAnalysis_DS TemporaryFolder/DC_Spacecraft_22/DC_Spacecraft_cfg1/Base_Module_Frame
2016-08-24T16:16:12 - [Debug] - Modelica model was not found for component: RootFolder/Testing/DynamicsSim/PowerAnalysis_DS TemporaryFolder/DC_Spacecraft_22/DC_Spacecraft_cfg1/Base_Module_Shelf_1
2016-08-24T16:16:12 - [Debug] - Modelica model was not found for component: RootFolder/Testing/DynamicsSim/PowerAnalysis_DS TemporaryFolder/DC_Spacecraft_22/DC_Spacecraft_cfg1/Base_Module_Shelf_3
2016-08-24T16:16:12 - [Debug] - Modelica model was not found for component: RootFolder/Testing/DynamicsSim/PowerAnalysis_DS TemporaryFolder/DC_Spacecraft_22/DC_Spacecraft_cfg1/Antenna
2016-08-24T16:16:12 - [Debug] - Modelica model was not found for component: RootFolder/Testing/DynamicsSim/PowerAnalysis_DS TemporaryFolder/DC_Spacecraft_22/DC_Spacecraft_cfg1/Cargo_Module
2016-08-24T16:16:12 - [Debug] - Modelica model was not found for component: RootFolder/Testing/DynamicsSim/PowerAnalysis_DS TemporaryFolder/DC_Spacecraft_22/DC_Spacecraft_cfg1/Base_Module_Shelf_2
2016-08-24T16:16:12 - [Debug] - <b>DC_Spacecraft_cfg1</b>
2016-08-24T16:16:12 - [Debug] - - Base_Module_Frame
2016-08-24T16:16:12 - [Debug] - - Base_Module_Shelf_1
2016-08-24T16:16:12 - [Debug] - <b>- attitudeScenario</b>
2016-08-24T16:16:12 - [Debug] - <b>- Gyroscope_Momentum_Control</b>
2016-08-24T16:16:12 - [Debug] - - Base_Module_Shelf_3
2016-08-24T16:16:12 - [Debug] - - Antenna
2016-08-24T16:16:12 - [Debug] - <b>- Computers</b>
2016-08-24T16:16:12 - [Debug] - <b>- Batteries</b>
2016-08-24T16:16:12 - [Debug] - - Cargo_Module
2016-08-24T16:16:12 - [Debug] - - Base_Module_Shelf_2
2016-08-24T16:16:12 - [Debug] - <b>- Solar_Panels_A__Solar_Panels_2A</b>
2016-08-24T16:16:12 - [Debug] - <b>- Solar_Panels_B__Solar_Panels_2B</b>
2016-08-24T16:16:12 - [Debug] - Solver settings being used:
2016-08-24T16:16:12 - [Debug] - - [Dymola] Solver: dassl
2016-08-24T16:16:12 - [Debug] - - [OpenModelica] Solver: dassl
2016-08-24T16:16:12 - [Debug] - - Tool selection for JobManager: OpenModelica__latest_
2016-08-24T16:16:12 - [Debug] - - Start time: 0
2016-08-24T16:16:12 - [Debug] - - Stop time: 10000
2016-08-24T16:16:12 - [Warning] - Component 'Base_Module_Frame' inside 'DC_Spacecraft_cfg1' does not contain any dynamic models, it will not be generated.
2016-08-24T16:16:12 - [Warning] - Component 'Base_Module_Shelf_1' inside 'DC_Spacecraft_cfg1' does not contain any dynamic models, it will not be generated.
2016-08-24T16:16:12 - [Warning] - Component 'Base_Module_Shelf_3' inside 'DC_Spacecraft_cfg1' does not contain any dynamic models, it will not be generated.
2016-08-24T16:16:12 - [Warning] - Component 'Antenna' inside 'DC_Spacecraft_cfg1' does not contain any dynamic models, it will not be generated.
2016-08-24T16:16:12 - [Warning] - Component 'Cargo_Module' inside 'DC_Spacecraft_cfg1' does not contain any dynamic models, it will not be generated.
2016-08-24T16:16:12 - [Warning] - Component 'Base_Module_Shelf_2' inside 'DC_Spacecraft_cfg1' does not contain any dynamic models, it will not be generated.
2016-08-24T16:16:12 - [Debug] - Trying to get svn info for C:\Work\SatExample\CyPhy_Model\ModelicaLib.
2016-08-24T16:16:12 - [Debug] - svn command line tools not installed
2016-08-24T16:16:13 - [Debug] - Modelica translation : OK
2016-08-24T16:16:13 - [Debug] - Copied library from C:\Work\SatExample\CyPhy_Model\ModelicaLib\TbLib.mo to C:\Work\SatExample\CyPhy_Model\results\ledbatfv\Libraries\TbLib.mo
2016-08-24T16:16:13 - [Debug] - Script generation : OK
2016-08-24T16:16:13 - [Debug] - ======================================================
2016-08-24T16:16:13 - [Debug] - Start time: 8/24/2016 4:16:10 PM
2016-08-24T16:16:13 - [Debug] - Configuration = 00:00:02.0012757
2016-08-24T16:16:13 - [Debug] - Elaborator = 00:00:02.4725781
2016-08-24T16:16:13 - [Debug] - Model check = 00:00:02.6512979
2016-08-24T16:16:13 - [Debug] - Modelica translation = 00:00:02.8514711
2016-08-24T16:16:13 - [Debug] - Script generation = 00:00:02.9207053
2016-08-24T16:16:13 - [Debug] - ======================================================
2016-08-24T16:16:13 - [Info] - CyPhy2Modelica 2.0 finished successfully.
2016-08-24T16:16:13 - [Info] - Generated files are here: <a href="file:///C:\Work\SatExample\CyPhy_Model\results\ledbatfv" target="_blank">C:\Work\SatExample\CyPhy_Model\results\ledbatfv</a>
2016-08-24T16:16:13 - [Debug] - [SUCCESS: True, Labels: OpenModelica__latest_ && py_modelica14.13]
2016-08-24T16:16:14 - [Info] - Running CyPhy2Modelica 2.0
2016-08-24T16:16:14 - [Debug] - === HEADER ===================================================
Date/Time:       8/24/2016 4:16:14 PM
Windows Version: Microsoft Windows NT 6.2.9200.0
x64 bit OS:      True
GME version:     14.7.28.2144
META version:    14.13.2554
META install:    C:\Program Files (x86)\META\
CyPhyML version: 14.13-t1
CyPhyML GUID:    {72F42996-34FA-489B-B2DF-017E4AB67FEA}
Python Dll:      UNKNOWN
Python Exe:      "C:\Python27\python.exe" "%1" %*
Python27 VE exe: C:\Program Files (x86)\META\bin\Python27\Scripts\python.exe
PROE ISIS Ext. : C:\Program Files\META\Proe ISIS Extensions\bin\CADCreoParametricCreateAssembly.exe
PROE ISIS ver. : CADCreoParametricCreateAssembly 1.5.3.0
Username:        bapty
Currently opened paradigm information
  MetaName    : CyPhyML
  MetaVersion : 14.13-t1

2016-08-24T16:16:14 - [Debug] - Components not used in this design will not be generated in the Modelica Package. Use verbose console to enable this option.
2016-08-24T16:16:14 - [Debug] - Configuration : OK
2016-08-24T16:16:14 - [Info] - DC_Spacecraft_333 [TestBench]
2016-08-24T16:16:14 - [Debug] - Found originalDesignName DC_Spacecraft_333
2016-08-24T16:16:14 - [Debug] - Elaborating model...
2016-08-24T16:16:14 - [Debug] - Elaboration is done.
2016-08-24T16:16:14 - [Debug] - Elaborator : OK
2016-08-24T16:16:14 - [Debug] - Checking rules...
2016-08-24T16:16:15 - [Debug] - Errors: 0, Warnings: 0, Successes : 510
2016-08-24T16:16:15 - [Debug] - Model check : OK
2016-08-24T16:16:15 - [Debug] - Modelica model was not found for component: RootFolder/Testing/DynamicsSim/PowerAnalysis_DS TemporaryFolder/DC_Spacecraft_333/DC_Spacecraft_cfg1/Base_Module_Frame
2016-08-24T16:16:15 - [Debug] - Modelica model was not found for component: RootFolder/Testing/DynamicsSim/PowerAnalysis_DS TemporaryFolder/DC_Spacecraft_333/DC_Spacecraft_cfg1/Base_Module_Shelf_2
2016-08-24T16:16:15 - [Debug] - Modelica model was not found for component: RootFolder/Testing/DynamicsSim/PowerAnalysis_DS TemporaryFolder/DC_Spacecraft_333/DC_Spacecraft_cfg1/Base_Module_Shelf_3
2016-08-24T16:16:15 - [Debug] - Modelica model was not found for component: RootFolder/Testing/DynamicsSim/PowerAnalysis_DS TemporaryFolder/DC_Spacecraft_333/DC_Spacecraft_cfg1/Base_Module_Shelf_1
2016-08-24T16:16:15 - [Debug] - Modelica model was not found for component: RootFolder/Testing/DynamicsSim/PowerAnalysis_DS TemporaryFolder/DC_Spacecraft_333/DC_Spacecraft_cfg1/Antenna
2016-08-24T16:16:15 - [Debug] - Modelica model was not found for component: RootFolder/Testing/DynamicsSim/PowerAnalysis_DS TemporaryFolder/DC_Spacecraft_333/DC_Spacecraft_cfg1/Cargo_Module
2016-08-24T16:16:15 - [Debug] - <b>DC_Spacecraft_cfg1</b>
2016-08-24T16:16:15 - [Debug] - - Base_Module_Frame
2016-08-24T16:16:15 - [Debug] - <b>- attitudeScenario</b>
2016-08-24T16:16:15 - [Debug] - <b>- Gyroscope_Momentum_Control</b>
2016-08-24T16:16:15 - [Debug] - - Base_Module_Shelf_2
2016-08-24T16:16:15 - [Debug] - - Base_Module_Shelf_3
2016-08-24T16:16:15 - [Debug] - - Base_Module_Shelf_1
2016-08-24T16:16:15 - [Debug] - <b>- Computers</b>
2016-08-24T16:16:15 - [Debug] - <b>- Batteries</b>
2016-08-24T16:16:15 - [Debug] - - Antenna
2016-08-24T16:16:15 - [Debug] - <b>- Solar_Panels_B__Solar_Panels_3B</b>
2016-08-24T16:16:15 - [Debug] - <b>- Solar_Panels_A__Solar_Panels_3A</b>
2016-08-24T16:16:15 - [Debug] - - Cargo_Module
2016-08-24T16:16:15 - [Debug] - Solver settings being used:
2016-08-24T16:16:15 - [Debug] - - [Dymola] Solver: dassl
2016-08-24T16:16:15 - [Debug] - - [OpenModelica] Solver: dassl
2016-08-24T16:16:15 - [Debug] - - Tool selection for JobManager: OpenModelica__latest_
2016-08-24T16:16:15 - [Debug] - - Start time: 0
2016-08-24T16:16:15 - [Debug] - - Stop time: 10000
2016-08-24T16:16:15 - [Warning] - Component 'Base_Module_Frame' inside 'DC_Spacecraft_cfg1' does not contain any dynamic models, it will not be generated.
2016-08-24T16:16:15 - [Warning] - Component 'Base_Module_Shelf_2' inside 'DC_Spacecraft_cfg1' does not contain any dynamic models, it will not be generated.
2016-08-24T16:16:15 - [Warning] - Component 'Base_Module_Shelf_3' inside 'DC_Spacecraft_cfg1' does not contain any dynamic models, it will not be generated.
2016-08-24T16:16:15 - [Warning] - Component 'Base_Module_Shelf_1' inside 'DC_Spacecraft_cfg1' does not contain any dynamic models, it will not be generated.
2016-08-24T16:16:15 - [Warning] - Component 'Antenna' inside 'DC_Spacecraft_cfg1' does not contain any dynamic models, it will not be generated.
2016-08-24T16:16:15 - [Warning] - Component 'Cargo_Module' inside 'DC_Spacecraft_cfg1' does not contain any dynamic models, it will not be generated.
2016-08-24T16:16:15 - [Debug] - Trying to get svn info for C:\Work\SatExample\CyPhy_Model\ModelicaLib.
2016-08-24T16:16:15 - [Debug] - svn command line tools not installed
2016-08-24T16:16:15 - [Debug] - Modelica translation : OK
2016-08-24T16:16:15 - [Debug] - Copied library from C:\Work\SatExample\CyPhy_Model\ModelicaLib\TbLib.mo to C:\Work\SatExample\CyPhy_Model\results\z02neksw\Libraries\TbLib.mo
2016-08-24T16:16:15 - [Debug] - Script generation : OK
2016-08-24T16:16:15 - [Debug] - ======================================================
2016-08-24T16:16:15 - [Debug] - Start time: 8/24/2016 4:16:14 PM
2016-08-24T16:16:15 - [Debug] - Configuration = 00:00:00.1840160
2016-08-24T16:16:15 - [Debug] - Elaborator = 00:00:00.5306660
2016-08-24T16:16:15 - [Debug] - Model check = 00:00:00.6632241
2016-08-24T16:16:15 - [Debug] - Modelica translation = 00:00:00.7468757
2016-08-24T16:16:15 - [Debug] - Script generation = 00:00:00.7690259
2016-08-24T16:16:15 - [Debug] - ======================================================
2016-08-24T16:16:15 - [Info] - CyPhy2Modelica 2.0 finished successfully.
2016-08-24T16:16:15 - [Info] - Generated files are here: <a href="file:///C:\Work\SatExample\CyPhy_Model\results\z02neksw" target="_blank">C:\Work\SatExample\CyPhy_Model\results\z02neksw</a>
2016-08-24T16:16:15 - [Debug] - [SUCCESS: True, Labels: OpenModelica__latest_ && py_modelica14.13]
2016-08-24T16:16:16 - [Info] - Running CyPhy2Modelica 2.0
2016-08-24T16:16:16 - [Debug] - === HEADER ===================================================
Date/Time:       8/24/2016 4:16:16 PM
Windows Version: Microsoft Windows NT 6.2.9200.0
x64 bit OS:      True
GME version:     14.7.28.2144
META version:    14.13.2554
META install:    C:\Program Files (x86)\META\
CyPhyML version: 14.13-t1
CyPhyML GUID:    {72F42996-34FA-489B-B2DF-017E4AB67FEA}
Python Dll:      UNKNOWN
Python Exe:      "C:\Python27\python.exe" "%1" %*
Python27 VE exe: C:\Program Files (x86)\META\bin\Python27\Scripts\python.exe
PROE ISIS Ext. : C:\Program Files\META\Proe ISIS Extensions\bin\CADCreoParametricCreateAssembly.exe
PROE ISIS ver. : CADCreoParametricCreateAssembly 1.5.3.0
Username:        bapty
Currently opened paradigm information
  MetaName    : CyPhyML
  MetaVersion : 14.13-t1

2016-08-24T16:16:16 - [Debug] - Components not used in this design will not be generated in the Modelica Package. Use verbose console to enable this option.
2016-08-24T16:16:16 - [Debug] - Configuration : OK
2016-08-24T16:16:16 - [Info] - DC_Spacecraft_4444 [TestBench]
2016-08-24T16:16:16 - [Debug] - Found originalDesignName DC_Spacecraft_4444
2016-08-24T16:16:16 - [Debug] - Elaborating model...
2016-08-24T16:16:16 - [Debug] - Elaboration is done.
2016-08-24T16:16:16 - [Debug] - Elaborator : OK
2016-08-24T16:16:16 - [Debug] - Checking rules...
2016-08-24T16:16:16 - [Debug] - Errors: 0, Warnings: 0, Successes : 510
2016-08-24T16:16:16 - [Debug] - Model check : OK
2016-08-24T16:16:16 - [Debug] - Modelica model was not found for component: RootFolder/Testing/DynamicsSim/PowerAnalysis_DS TemporaryFolder/DC_Spacecraft_4444/DC_Spacecraft_cfg1/Base_Module_Shelf_3
2016-08-24T16:16:16 - [Debug] - Modelica model was not found for component: RootFolder/Testing/DynamicsSim/PowerAnalysis_DS TemporaryFolder/DC_Spacecraft_4444/DC_Spacecraft_cfg1/Base_Module_Shelf_1
2016-08-24T16:16:16 - [Debug] - Modelica model was not found for component: RootFolder/Testing/DynamicsSim/PowerAnalysis_DS TemporaryFolder/DC_Spacecraft_4444/DC_Spacecraft_cfg1/Cargo_Module
2016-08-24T16:16:16 - [Debug] - Modelica model was not found for component: RootFolder/Testing/DynamicsSim/PowerAnalysis_DS TemporaryFolder/DC_Spacecraft_4444/DC_Spacecraft_cfg1/Antenna
2016-08-24T16:16:16 - [Debug] - Modelica model was not found for component: RootFolder/Testing/DynamicsSim/PowerAnalysis_DS TemporaryFolder/DC_Spacecraft_4444/DC_Spacecraft_cfg1/Base_Module_Shelf_2
2016-08-24T16:16:16 - [Debug] - Modelica model was not found for component: RootFolder/Testing/DynamicsSim/PowerAnalysis_DS TemporaryFolder/DC_Spacecraft_4444/DC_Spacecraft_cfg1/Base_Module_Frame
2016-08-24T16:16:16 - [Debug] - <b>DC_Spacecraft_cfg1</b>
2016-08-24T16:16:16 - [Debug] - - Base_Module_Shelf_3
2016-08-24T16:16:16 - [Debug] - - Base_Module_Shelf_1
2016-08-24T16:16:16 - [Debug] - <b>- Solar_Panels_B__Solar_Panels_4B</b>
2016-08-24T16:16:16 - [Debug] - - Cargo_Module
2016-08-24T16:16:16 - [Debug] - <b>- Solar_Panels_A__Solar_Panels_4A</b>
2016-08-24T16:16:16 - [Debug] - - Antenna
2016-08-24T16:16:16 - [Debug] - <b>- Batteries</b>
2016-08-24T16:16:16 - [Debug] - <b>- Gyroscope_Momentum_Control</b>
2016-08-24T16:16:16 - [Debug] - - Base_Module_Shelf_2
2016-08-24T16:16:16 - [Debug] - <b>- attitudeScenario</b>
2016-08-24T16:16:16 - [Debug] - <b>- Computers</b>
2016-08-24T16:16:16 - [Debug] - - Base_Module_Frame
2016-08-24T16:16:16 - [Debug] - Solver settings being used:
2016-08-24T16:16:16 - [Debug] - - [Dymola] Solver: dassl
2016-08-24T16:16:16 - [Debug] - - [OpenModelica] Solver: dassl
2016-08-24T16:16:16 - [Debug] - - Tool selection for JobManager: OpenModelica__latest_
2016-08-24T16:16:16 - [Debug] - - Start time: 0
2016-08-24T16:16:16 - [Debug] - - Stop time: 10000
2016-08-24T16:16:16 - [Warning] - Component 'Base_Module_Shelf_3' inside 'DC_Spacecraft_cfg1' does not contain any dynamic models, it will not be generated.
2016-08-24T16:16:17 - [Warning] - Component 'Base_Module_Shelf_1' inside 'DC_Spacecraft_cfg1' does not contain any dynamic models, it will not be generated.
2016-08-24T16:16:17 - [Warning] - Component 'Cargo_Module' inside 'DC_Spacecraft_cfg1' does not contain any dynamic models, it will not be generated.
2016-08-24T16:16:17 - [Warning] - Component 'Antenna' inside 'DC_Spacecraft_cfg1' does not contain any dynamic models, it will not be generated.
2016-08-24T16:16:17 - [Warning] - Component 'Base_Module_Shelf_2' inside 'DC_Spacecraft_cfg1' does not contain any dynamic models, it will not be generated.
2016-08-24T16:16:17 - [Warning] - Component 'Base_Module_Frame' inside 'DC_Spacecraft_cfg1' does not contain any dynamic models, it will not be generated.
2016-08-24T16:16:17 - [Debug] - Trying to get svn info for C:\Work\SatExample\CyPhy_Model\ModelicaLib.
2016-08-24T16:16:17 - [Debug] - svn command line tools not installed
2016-08-24T16:16:17 - [Debug] - Modelica translation : OK
2016-08-24T16:16:17 - [Debug] - Copied library from C:\Work\SatExample\CyPhy_Model\ModelicaLib\TbLib.mo to C:\Work\SatExample\CyPhy_Model\results\wzlna4sn\Libraries\TbLib.mo
2016-08-24T16:16:17 - [Debug] - Script generation : OK
2016-08-24T16:16:17 - [Debug] - ======================================================
2016-08-24T16:16:17 - [Debug] - Start time: 8/24/2016 4:16:16 PM
2016-08-24T16:16:17 - [Debug] - Configuration = 00:00:00.2001250
2016-08-24T16:16:17 - [Debug] - Elaborator = 00:00:00.5534731
2016-08-24T16:16:17 - [Debug] - Model check = 00:00:00.6539371
2016-08-24T16:16:17 - [Debug] - Modelica translation = 00:00:00.7536251
2016-08-24T16:16:17 - [Debug] - Script generation = 00:00:00.7696816
2016-08-24T16:16:17 - [Debug] - ======================================================
2016-08-24T16:16:17 - [Info] - CyPhy2Modelica 2.0 finished successfully.
2016-08-24T16:16:17 - [Info] - Generated files are here: <a href="file:///C:\Work\SatExample\CyPhy_Model\results\wzlna4sn" target="_blank">C:\Work\SatExample\CyPhy_Model\results\wzlna4sn</a>
2016-08-24T16:16:17 - [Debug] - [SUCCESS: True, Labels: OpenModelica__latest_ && py_modelica14.13]
