2016-08-26T08:33:30 - [Info] - Running CyPhy2Modelica 2.0
2016-08-26T08:33:30 - [Debug] - === HEADER ===================================================
Date/Time:       8/26/2016 8:33:30 AM
Windows Version: Microsoft Windows NT 6.2.9200.0
x64 bit OS:      True
GME version:     16.3.23.2581
META version:    14.13.68
META install:    C:\Program Files (x86)\META\
CyPhyML version: 14.13-t8
CyPhyML GUID:    {9088E798-8A24-4B44-B98E-D5C7C1792C2F}
Python Dll:      UNKNOWN
Python Exe:      UNKNOWN
Python27 VE exe: C:\Program Files (x86)\META\bin\Python27\Scripts\python.exe
PROE ISIS Ext. : C:\Program Files\META\Proe ISIS Extensions\bin\CADCreoParametricCreateAssembly.exe
PROE ISIS ver. : CADCreoParametricCreateAssembly 1.5.4.0
Username:        ted
Currently opened paradigm information
  MetaName    : CyPhyML
  MetaVersion : 14.13-t8

2016-08-26T08:33:30 - [Debug] - Components not used in this design will not be generated in the Modelica Package. Use verbose console to enable this option.
2016-08-26T08:33:30 - [Debug] - Configuration : OK
2016-08-26T08:33:30 - [Info] - DC__Spacecraft_cfg1 [TestBench]
2016-08-26T08:33:30 - [Debug] - Found originalDesignName DC__Spacecraft_cfg1
2016-08-26T08:33:30 - [Debug] - Elaborating model...
2016-08-26T08:33:31 - [Debug] - Elaboration is done.
2016-08-26T08:33:31 - [Debug] - Elaborator : OK
2016-08-26T08:33:31 - [Debug] - Checking rules...
2016-08-26T08:33:31 - [Warning] - ModelicaConnector should have at least 1 connection! This ModelicaConnector will not be generated. Batteries_Mount__v.
2016-08-26T08:33:31 - [Warning] - Involved Objects : 
2016-08-26T08:33:31 - [Warning] - [ <a href="mga:id-0065-0000afe4">Batteries_Mount__v</a> ]
2016-08-26T08:33:31 - [Warning] - ModelicaConnector should have at least 1 connection! This ModelicaConnector will not be generated. Computers_Mount__v.
2016-08-26T08:33:31 - [Warning] - Involved Objects : 
2016-08-26T08:33:31 - [Warning] - [ <a href="mga:id-0065-0000af9c">Computers_Mount__v</a> ]
2016-08-26T08:33:31 - [Warning] - ModelicaConnector should have at least 1 connection! This ModelicaConnector will not be generated. angle_setpoint__i.
2016-08-26T08:33:31 - [Warning] - Involved Objects : 
2016-08-26T08:33:31 - [Warning] - [ <a href="mga:id-0065-00008f0c">i</a> ]
2016-08-26T08:33:31 - [Warning] - ModelicaConnector should have at least 1 connection! This ModelicaConnector will not be generated. current_solarCell__i.
2016-08-26T08:33:31 - [Warning] - Involved Objects : 
2016-08-26T08:33:31 - [Warning] - [ <a href="mga:id-0065-00008f08">i</a> ]
2016-08-26T08:33:31 - [Warning] - ModelicaConnector should have at least 1 connection! This ModelicaConnector will not be generated. current_battery__i.
2016-08-26T08:33:31 - [Warning] - Involved Objects : 
2016-08-26T08:33:31 - [Warning] - [ <a href="mga:id-0065-00008f04">i</a> ]
2016-08-26T08:33:31 - [Warning] - ModelicaConnector should have at least 1 connection! This ModelicaConnector will not be generated. voltage_bus__i.
2016-08-26T08:33:31 - [Warning] - Involved Objects : 
2016-08-26T08:33:31 - [Warning] - [ <a href="mga:id-0065-00008f0a">i</a> ]
2016-08-26T08:33:31 - [Warning] - ModelicaConnector should have at least 1 connection! This ModelicaConnector will not be generated. angle_actual__i.
2016-08-26T08:33:31 - [Warning] - Involved Objects : 
2016-08-26T08:33:31 - [Warning] - [ <a href="mga:id-0065-00008f06">i</a> ]
2016-08-26T08:33:31 - [Warning] - ModelicaConnector should have at least 1 connection! This ModelicaConnector will not be generated. current_gyro__i.
2016-08-26T08:33:31 - [Warning] - Involved Objects : 
2016-08-26T08:33:31 - [Warning] - [ <a href="mga:id-0065-00008f02">i</a> ]
2016-08-26T08:33:31 - [Warning] - Errors: 0, Warnings: 8, Successes : 758
2016-08-26T08:33:31 - [Debug] - Model check : OK
2016-08-26T08:33:31 - [Debug] - Modelica model was not found for component: RootFolder/Testing/DynamicsSim/PowerAnalysis_DesignSpace TemporaryFolder/DC__Spacecraft_cfg1/DC_Spacecraft/Antenna
2016-08-26T08:33:31 - [Debug] - <b>DC_Spacecraft</b>
2016-08-26T08:33:31 - [Debug] - <b>- Battery</b>
2016-08-26T08:33:31 - [Debug] - <b>- Cargo_Module</b>
2016-08-26T08:33:31 - [Debug] - <b>- NewDC__Solar_Panels_3B__Solar_Panels_4B</b>
2016-08-26T08:33:31 - [Debug] - - Antenna
2016-08-26T08:33:31 - [Debug] - <b>- Shelf1</b>
2016-08-26T08:33:31 - [Debug] - <b>- Computer</b>
2016-08-26T08:33:31 - [Debug] - <b>- Shelf3</b>
2016-08-26T08:33:31 - [Debug] - <b>- Gyroscope_Momentum_Control</b>
2016-08-26T08:33:31 - [Debug] - <b>- attitudeScenario</b>
2016-08-26T08:33:31 - [Debug] - <b>- Shelf2</b>
2016-08-26T08:33:31 - [Debug] - <b>- NewDC__Solar_Panels_3A__Solar_Panels_4A</b>
2016-08-26T08:33:31 - [Debug] - <b>- Base_Module_Frame</b>
2016-08-26T08:33:31 - [Debug] - Solver settings being used:
2016-08-26T08:33:31 - [Debug] - - [Dymola] Solver: dassl
2016-08-26T08:33:31 - [Debug] - - [OpenModelica] Solver: dassl
2016-08-26T08:33:31 - [Debug] - - Tool selection for JobManager: OpenModelica__latest_
2016-08-26T08:33:31 - [Debug] - - Start time: 0
2016-08-26T08:33:31 - [Debug] - - Stop time: 10000
2016-08-26T08:33:31 - [Warning] - Component 'Antenna' inside 'DC_Spacecraft' does not contain any dynamic models, it will not be generated.
2016-08-26T08:33:31 - [Debug] - Trying to get svn info for D:\Work\SatExample\CyPhy_Model\ModelicaLib.
2016-08-26T08:33:31 - [Debug] - svn command line tools not installed
2016-08-26T08:33:31 - [Debug] - Modelica translation : OK
2016-08-26T08:33:31 - [Debug] - Copied library from D:\Work\SatExample\CyPhy_Model\ModelicaLib\TbLib.mo to D:\Work\SatExample\CyPhy_Model\results\ddzknuz5\Libraries\TbLib.mo
2016-08-26T08:33:31 - [Debug] - Script generation : OK
2016-08-26T08:33:31 - [Debug] - ======================================================
2016-08-26T08:33:31 - [Debug] - Start time: 8/26/2016 8:33:11 AM
2016-08-26T08:33:31 - [Debug] - Configuration = 00:00:18.7688230
2016-08-26T08:33:31 - [Debug] - Elaborator = 00:00:19.2385274
2016-08-26T08:33:31 - [Debug] - Model check = 00:00:19.4860067
2016-08-26T08:33:31 - [Debug] - Modelica translation = 00:00:19.6396497
2016-08-26T08:33:31 - [Debug] - Script generation = 00:00:19.7391227
2016-08-26T08:33:31 - [Debug] - ======================================================
2016-08-26T08:33:31 - [Info] - CyPhy2Modelica 2.0 finished successfully.
2016-08-26T08:33:31 - [Info] - Generated files are here: <a href="file:///D:\Work\SatExample\CyPhy_Model\results\ddzknuz5" target="_blank">D:\Work\SatExample\CyPhy_Model\results\ddzknuz5</a>
2016-08-26T08:33:31 - [Debug] - [SUCCESS: True, Labels: OpenModelica__latest_ && py_modelica14.13]
2016-08-26T08:35:29 - [Info] - Running CyPhy2Modelica 2.0
2016-08-26T08:35:29 - [Debug] - === HEADER ===================================================
Date/Time:       8/26/2016 8:35:29 AM
Windows Version: Microsoft Windows NT 6.2.9200.0
x64 bit OS:      True
GME version:     16.3.23.2581
META version:    14.13.68
META install:    C:\Program Files (x86)\META\
CyPhyML version: 14.13-t8
CyPhyML GUID:    {9088E798-8A24-4B44-B98E-D5C7C1792C2F}
Python Dll:      UNKNOWN
Python Exe:      UNKNOWN
Python27 VE exe: C:\Program Files (x86)\META\bin\Python27\Scripts\python.exe
PROE ISIS Ext. : C:\Program Files\META\Proe ISIS Extensions\bin\CADCreoParametricCreateAssembly.exe
PROE ISIS ver. : CADCreoParametricCreateAssembly 1.5.4.0
Username:        ted
Currently opened paradigm information
  MetaName    : CyPhyML
  MetaVersion : 14.13-t8

2016-08-26T08:35:29 - [Debug] - Components not used in this design will not be generated in the Modelica Package. Use verbose console to enable this option.
2016-08-26T08:35:29 - [Debug] - Configuration : OK
2016-08-26T08:35:29 - [Info] - PowerAnalysis [TestBench]
2016-08-26T08:35:29 - [Debug] - Found originalDesignName SpacecraftNominalConfig
2016-08-26T08:35:29 - [Debug] - Elaborating model...
2016-08-26T08:35:29 - [Debug] - Elaboration is done.
2016-08-26T08:35:29 - [Debug] - Elaborator : OK
2016-08-26T08:35:29 - [Debug] - Checking rules...
2016-08-26T08:35:29 - [Warning] - ModelicaConnector should have at least 1 connection! This ModelicaConnector will not be generated. Batteries_Mount__v.
2016-08-26T08:35:29 - [Warning] - Involved Objects : 
2016-08-26T08:35:29 - [Warning] - [ <a href="mga:id-0065-0000afe4">Batteries_Mount__v</a> ]
2016-08-26T08:35:29 - [Warning] - ModelicaConnector should have at least 1 connection! This ModelicaConnector will not be generated. Computers_Mount__v.
2016-08-26T08:35:29 - [Warning] - Involved Objects : 
2016-08-26T08:35:29 - [Warning] - [ <a href="mga:id-0065-0000af9c">Computers_Mount__v</a> ]
2016-08-26T08:35:29 - [Warning] - ModelicaConnector should have at least 1 connection! This ModelicaConnector will not be generated. angle_setpoint__i.
2016-08-26T08:35:29 - [Warning] - Involved Objects : 
2016-08-26T08:35:29 - [Warning] - [ <a href="mga:id-0065-00005373">i</a> ]
2016-08-26T08:35:29 - [Warning] - ModelicaConnector should have at least 1 connection! This ModelicaConnector will not be generated. current_solarCell__i.
2016-08-26T08:35:29 - [Warning] - Involved Objects : 
2016-08-26T08:35:29 - [Warning] - [ <a href="mga:id-0065-0000537d">i</a> ]
2016-08-26T08:35:29 - [Warning] - ModelicaConnector should have at least 1 connection! This ModelicaConnector will not be generated. voltage_bus__i.
2016-08-26T08:35:29 - [Warning] - Involved Objects : 
2016-08-26T08:35:29 - [Warning] - [ <a href="mga:id-0065-0000537b">i</a> ]
2016-08-26T08:35:29 - [Warning] - ModelicaConnector should have at least 1 connection! This ModelicaConnector will not be generated. current_battery__i.
2016-08-26T08:35:29 - [Warning] - Involved Objects : 
2016-08-26T08:35:29 - [Warning] - [ <a href="mga:id-0065-00005379">i</a> ]
2016-08-26T08:35:29 - [Warning] - ModelicaConnector should have at least 1 connection! This ModelicaConnector will not be generated. current_gyro__i.
2016-08-26T08:35:29 - [Warning] - Involved Objects : 
2016-08-26T08:35:29 - [Warning] - [ <a href="mga:id-0065-00005377">i</a> ]
2016-08-26T08:35:29 - [Warning] - ModelicaConnector should have at least 1 connection! This ModelicaConnector will not be generated. angle_actual__i.
2016-08-26T08:35:29 - [Warning] - Involved Objects : 
2016-08-26T08:35:29 - [Warning] - [ <a href="mga:id-0065-00005375">i</a> ]
2016-08-26T08:35:29 - [Warning] - Errors: 0, Warnings: 8, Successes : 755
2016-08-26T08:35:29 - [Debug] - Model check : OK
2016-08-26T08:35:29 - [Debug] - Modelica model was not found for component: RootFolder/Testing/DynamicsSim/PowerAnalysis/DC_Spacecraft/Antenna
2016-08-26T08:35:29 - [Debug] - <b>DC_Spacecraft</b>
2016-08-26T08:35:29 - [Debug] - - Antenna
2016-08-26T08:35:29 - [Debug] - <b>- Shelf1</b>
2016-08-26T08:35:29 - [Debug] - <b>- Base_Module_Frame</b>
2016-08-26T08:35:29 - [Debug] - <b>- Shelf2</b>
2016-08-26T08:35:29 - [Debug] - <b>- Shelf3</b>
2016-08-26T08:35:29 - [Debug] - <b>- attitudeScenario</b>
2016-08-26T08:35:29 - [Debug] - <b>- Gyroscope_Momentum_Control</b>
2016-08-26T08:35:29 - [Debug] - <b>- Battery</b>
2016-08-26T08:35:29 - [Debug] - <b>- Solar_Panels_3A</b>
2016-08-26T08:35:29 - [Debug] - <b>- Cargo_Module</b>
2016-08-26T08:35:29 - [Debug] - <b>- Solar_Panels_3B</b>
2016-08-26T08:35:29 - [Debug] - <b>- Computer</b>
2016-08-26T08:35:29 - [Debug] - Solver settings being used:
2016-08-26T08:35:29 - [Debug] - - [Dymola] Solver: dassl
2016-08-26T08:35:29 - [Debug] - - [OpenModelica] Solver: dassl
2016-08-26T08:35:29 - [Debug] - - Tool selection for JobManager: OpenModelica__latest_
2016-08-26T08:35:29 - [Debug] - - Start time: 0
2016-08-26T08:35:29 - [Debug] - - Stop time: 10000
2016-08-26T08:35:29 - [Warning] - Component 'Antenna' inside 'DC_Spacecraft' does not contain any dynamic models, it will not be generated.
2016-08-26T08:35:30 - [Debug] - Trying to get svn info for D:\Work\SatExample\CyPhy_Model\ModelicaLib.
2016-08-26T08:35:30 - [Debug] - svn command line tools not installed
2016-08-26T08:35:30 - [Debug] - Modelica translation : OK
2016-08-26T08:35:30 - [Debug] - Copied library from D:\Work\SatExample\CyPhy_Model\ModelicaLib\TbLib.mo to D:\Work\SatExample\CyPhy_Model\results\jcqcut4r\Libraries\TbLib.mo
2016-08-26T08:35:30 - [Debug] - Script generation : OK
2016-08-26T08:35:30 - [Debug] - ======================================================
2016-08-26T08:35:30 - [Debug] - Start time: 8/26/2016 8:35:10 AM
2016-08-26T08:35:30 - [Debug] - Configuration = 00:00:19.0131865
2016-08-26T08:35:30 - [Debug] - Elaborator = 00:00:19.4365773
2016-08-26T08:35:30 - [Debug] - Model check = 00:00:19.5681207
2016-08-26T08:35:30 - [Debug] - Modelica translation = 00:00:19.6527868
2016-08-26T08:35:30 - [Debug] - Script generation = 00:00:19.6840227
2016-08-26T08:35:30 - [Debug] - ======================================================
2016-08-26T08:35:30 - [Info] - CyPhy2Modelica 2.0 finished successfully.
2016-08-26T08:35:30 - [Info] - Generated files are here: <a href="file:///D:\Work\SatExample\CyPhy_Model\results\jcqcut4r" target="_blank">D:\Work\SatExample\CyPhy_Model\results\jcqcut4r</a>
2016-08-26T08:35:30 - [Debug] - [SUCCESS: True, Labels: OpenModelica__latest_ && py_modelica14.13]
2016-08-26T08:46:32 - [Info] - Running CyPhy2Modelica 2.0
2016-08-26T08:46:32 - [Debug] - === HEADER ===================================================
Date/Time:       8/26/2016 8:46:32 AM
Windows Version: Microsoft Windows NT 6.2.9200.0
x64 bit OS:      True
GME version:     16.3.23.2581
META version:    14.13.68
META install:    C:\Program Files (x86)\META\
CyPhyML version: 14.13-t8
CyPhyML GUID:    {9088E798-8A24-4B44-B98E-D5C7C1792C2F}
Python Dll:      UNKNOWN
Python Exe:      UNKNOWN
Python27 VE exe: C:\Program Files (x86)\META\bin\Python27\Scripts\python.exe
PROE ISIS Ext. : C:\Program Files\META\Proe ISIS Extensions\bin\CADCreoParametricCreateAssembly.exe
PROE ISIS ver. : CADCreoParametricCreateAssembly 1.5.4.0
Username:        ted
Currently opened paradigm information
  MetaName    : CyPhyML
  MetaVersion : 14.13-t8

2016-08-26T08:46:32 - [Debug] - Components not used in this design will not be generated in the Modelica Package. Use verbose console to enable this option.
2016-08-26T08:46:32 - [Debug] - Configuration : OK
2016-08-26T08:46:32 - [Info] - PowerAnalysis [TestBench]
2016-08-26T08:46:32 - [Debug] - Found originalDesignName SpacecraftNominalConfig
2016-08-26T08:46:32 - [Debug] - Elaborating model...
2016-08-26T08:46:33 - [Debug] - Elaboration is done.
2016-08-26T08:46:33 - [Debug] - Elaborator : OK
2016-08-26T08:46:33 - [Debug] - Checking rules...
2016-08-26T08:46:33 - [Warning] - ModelicaConnector should have at least 1 connection! This ModelicaConnector will not be generated. Batteries_Mount__v.
2016-08-26T08:46:33 - [Warning] - Involved Objects : 
2016-08-26T08:46:33 - [Warning] - [ <a href="mga:id-0065-0000afe4">Batteries_Mount__v</a> ]
2016-08-26T08:46:33 - [Warning] - ModelicaConnector should have at least 1 connection! This ModelicaConnector will not be generated. Computers_Mount__v.
2016-08-26T08:46:33 - [Warning] - Involved Objects : 
2016-08-26T08:46:33 - [Warning] - [ <a href="mga:id-0065-0000af9c">Computers_Mount__v</a> ]
2016-08-26T08:46:33 - [Warning] - ModelicaConnector should have at least 1 connection! This ModelicaConnector will not be generated. current_solarCell__i.
2016-08-26T08:46:33 - [Warning] - Involved Objects : 
2016-08-26T08:46:33 - [Warning] - [ <a href="mga:id-0065-0000537d">i</a> ]
2016-08-26T08:46:33 - [Warning] - ModelicaConnector should have at least 1 connection! This ModelicaConnector will not be generated. current_gyro__i.
2016-08-26T08:46:33 - [Warning] - Involved Objects : 
2016-08-26T08:46:33 - [Warning] - [ <a href="mga:id-0065-00005377">i</a> ]
2016-08-26T08:46:33 - [Warning] - ModelicaConnector should have at least 1 connection! This ModelicaConnector will not be generated. voltage_bus__i.
2016-08-26T08:46:33 - [Warning] - Involved Objects : 
2016-08-26T08:46:33 - [Warning] - [ <a href="mga:id-0065-0000537b">i</a> ]
2016-08-26T08:46:33 - [Warning] - ModelicaConnector should have at least 1 connection! This ModelicaConnector will not be generated. current_battery__i.
2016-08-26T08:46:33 - [Warning] - Involved Objects : 
2016-08-26T08:46:33 - [Warning] - [ <a href="mga:id-0065-00005379">i</a> ]
2016-08-26T08:46:33 - [Warning] - ModelicaConnector should have at least 1 connection! This ModelicaConnector will not be generated. angle_actual__i.
2016-08-26T08:46:33 - [Warning] - Involved Objects : 
2016-08-26T08:46:33 - [Warning] - [ <a href="mga:id-0065-00005375">i</a> ]
2016-08-26T08:46:33 - [Warning] - ModelicaConnector should have at least 1 connection! This ModelicaConnector will not be generated. angle_setpoint__i.
2016-08-26T08:46:33 - [Warning] - Involved Objects : 
2016-08-26T08:46:33 - [Warning] - [ <a href="mga:id-0065-00005373">i</a> ]
2016-08-26T08:46:33 - [Warning] - Errors: 0, Warnings: 8, Successes : 755
2016-08-26T08:46:33 - [Debug] - Model check : OK
2016-08-26T08:46:33 - [Debug] - Modelica model was not found for component: RootFolder/Testing/DynamicsSim/PowerAnalysis/DC_Spacecraft/Antenna
2016-08-26T08:46:33 - [Debug] - <b>DC_Spacecraft</b>
2016-08-26T08:46:33 - [Debug] - <b>- Battery</b>
2016-08-26T08:46:33 - [Debug] - <b>- Shelf3</b>
2016-08-26T08:46:33 - [Debug] - <b>- Shelf2</b>
2016-08-26T08:46:33 - [Debug] - <b>- Shelf1</b>
2016-08-26T08:46:33 - [Debug] - <b>- attitudeScenario</b>
2016-08-26T08:46:33 - [Debug] - <b>- Gyroscope_Momentum_Control</b>
2016-08-26T08:46:33 - [Debug] - <b>- Solar_Panels_3B</b>
2016-08-26T08:46:33 - [Debug] - <b>- Computer</b>
2016-08-26T08:46:33 - [Debug] - <b>- Solar_Panels_3A</b>
2016-08-26T08:46:33 - [Debug] - <b>- Cargo_Module</b>
2016-08-26T08:46:33 - [Debug] - <b>- Base_Module_Frame</b>
2016-08-26T08:46:33 - [Debug] - - Antenna
2016-08-26T08:46:33 - [Debug] - Solver settings being used:
2016-08-26T08:46:33 - [Debug] - - [Dymola] Solver: dassl
2016-08-26T08:46:33 - [Debug] - - [OpenModelica] Solver: dassl
2016-08-26T08:46:33 - [Debug] - - Tool selection for JobManager: OpenModelica__latest_
2016-08-26T08:46:33 - [Debug] - - Start time: 0
2016-08-26T08:46:33 - [Debug] - - Stop time: 10000
2016-08-26T08:46:33 - [Warning] - Component 'Antenna' inside 'DC_Spacecraft' does not contain any dynamic models, it will not be generated.
2016-08-26T08:46:33 - [Debug] - Trying to get svn info for D:\Work\SatExample\CyPhy_Model\ModelicaLib.
2016-08-26T08:46:33 - [Debug] - svn command line tools not installed
2016-08-26T08:46:33 - [Debug] - Trying to get svn info for D:\Work\SatExample\CyPhy_Model\ModelicaLib.
2016-08-26T08:46:33 - [Debug] - svn command line tools not installed
2016-08-26T08:46:33 - [Debug] - Modelica translation : OK
2016-08-26T08:46:33 - [Debug] - Copied library from D:\Work\SatExample\CyPhy_Model\ModelicaLib\TbLib.mo to D:\Work\SatExample\CyPhy_Model\results\zgzqptsc\Libraries\TbLib.mo
2016-08-26T08:46:33 - [Debug] - Copied library from D:\Work\SatExample\CyPhy_Model\ModelicaLib\Modelica_EnergyStorages.mo to D:\Work\SatExample\CyPhy_Model\results\zgzqptsc\Libraries\Modelica_EnergyStorages.mo
2016-08-26T08:46:33 - [Debug] - Script generation : OK
2016-08-26T08:46:33 - [Debug] - ======================================================
2016-08-26T08:46:33 - [Debug] - Start time: 8/26/2016 8:46:05 AM
2016-08-26T08:46:33 - [Debug] - Configuration = 00:00:27.3760968
2016-08-26T08:46:33 - [Debug] - Elaborator = 00:00:27.7763664
2016-08-26T08:46:33 - [Debug] - Model check = 00:00:27.9231363
2016-08-26T08:46:33 - [Debug] - Modelica translation = 00:00:27.9918838
2016-08-26T08:46:33 - [Debug] - Script generation = 00:00:28.0075233
2016-08-26T08:46:33 - [Debug] - ======================================================
2016-08-26T08:46:33 - [Info] - CyPhy2Modelica 2.0 finished successfully.
2016-08-26T08:46:33 - [Info] - Generated files are here: <a href="file:///D:\Work\SatExample\CyPhy_Model\results\zgzqptsc" target="_blank">D:\Work\SatExample\CyPhy_Model\results\zgzqptsc</a>
2016-08-26T08:46:33 - [Debug] - [SUCCESS: True, Labels: OpenModelica__latest_ && py_modelica14.13]
2016-08-26T08:47:32 - [Info] - Running CyPhy2Modelica 2.0
2016-08-26T08:47:32 - [Debug] - === HEADER ===================================================
Date/Time:       8/26/2016 8:47:32 AM
Windows Version: Microsoft Windows NT 6.2.9200.0
x64 bit OS:      True
GME version:     16.3.23.2581
META version:    14.13.68
META install:    C:\Program Files (x86)\META\
CyPhyML version: 14.13-t8
CyPhyML GUID:    {9088E798-8A24-4B44-B98E-D5C7C1792C2F}
Python Dll:      UNKNOWN
Python Exe:      UNKNOWN
Python27 VE exe: C:\Program Files (x86)\META\bin\Python27\Scripts\python.exe
PROE ISIS Ext. : C:\Program Files\META\Proe ISIS Extensions\bin\CADCreoParametricCreateAssembly.exe
PROE ISIS ver. : CADCreoParametricCreateAssembly 1.5.4.0
Username:        ted
Currently opened paradigm information
  MetaName    : CyPhyML
  MetaVersion : 14.13-t8

2016-08-26T08:47:32 - [Debug] - Components not used in this design will not be generated in the Modelica Package. Use verbose console to enable this option.
2016-08-26T08:47:32 - [Debug] - Configuration : OK
2016-08-26T08:47:32 - [Info] - PowerAnalysis [TestBench]
2016-08-26T08:47:32 - [Debug] - Found originalDesignName SpacecraftNominalConfig
2016-08-26T08:47:32 - [Debug] - Elaborating model...
2016-08-26T08:47:33 - [Debug] - Elaboration is done.
2016-08-26T08:47:33 - [Debug] - Elaborator : OK
2016-08-26T08:47:33 - [Debug] - Checking rules...
2016-08-26T08:47:33 - [Warning] - ModelicaConnector should have at least 1 connection! This ModelicaConnector will not be generated. Computers_Mount__v.
2016-08-26T08:47:33 - [Warning] - Involved Objects : 
2016-08-26T08:47:33 - [Warning] - [ <a href="mga:id-0065-0000af9c">Computers_Mount__v</a> ]
2016-08-26T08:47:33 - [Warning] - ModelicaConnector should have at least 1 connection! This ModelicaConnector will not be generated. Batteries_Mount__v.
2016-08-26T08:47:33 - [Warning] - Involved Objects : 
2016-08-26T08:47:33 - [Warning] - [ <a href="mga:id-0065-0000afe4">Batteries_Mount__v</a> ]
2016-08-26T08:47:33 - [Warning] - ModelicaConnector should have at least 1 connection! This ModelicaConnector will not be generated. current_solarCell__i.
2016-08-26T08:47:33 - [Warning] - Involved Objects : 
2016-08-26T08:47:33 - [Warning] - [ <a href="mga:id-0065-0000537d">i</a> ]
2016-08-26T08:47:33 - [Warning] - ModelicaConnector should have at least 1 connection! This ModelicaConnector will not be generated. voltage_bus__i.
2016-08-26T08:47:33 - [Warning] - Involved Objects : 
2016-08-26T08:47:33 - [Warning] - [ <a href="mga:id-0065-0000537b">i</a> ]
2016-08-26T08:47:33 - [Warning] - ModelicaConnector should have at least 1 connection! This ModelicaConnector will not be generated. angle_actual__i.
2016-08-26T08:47:33 - [Warning] - Involved Objects : 
2016-08-26T08:47:33 - [Warning] - [ <a href="mga:id-0065-00005375">i</a> ]
2016-08-26T08:47:33 - [Warning] - ModelicaConnector should have at least 1 connection! This ModelicaConnector will not be generated. current_gyro__i.
2016-08-26T08:47:33 - [Warning] - Involved Objects : 
2016-08-26T08:47:33 - [Warning] - [ <a href="mga:id-0065-00005377">i</a> ]
2016-08-26T08:47:33 - [Warning] - ModelicaConnector should have at least 1 connection! This ModelicaConnector will not be generated. current_battery__i.
2016-08-26T08:47:33 - [Warning] - Involved Objects : 
2016-08-26T08:47:33 - [Warning] - [ <a href="mga:id-0065-00005379">i</a> ]
2016-08-26T08:47:33 - [Warning] - ModelicaConnector should have at least 1 connection! This ModelicaConnector will not be generated. angle_setpoint__i.
2016-08-26T08:47:33 - [Warning] - Involved Objects : 
2016-08-26T08:47:33 - [Warning] - [ <a href="mga:id-0065-00005373">i</a> ]
2016-08-26T08:47:33 - [Warning] - Errors: 0, Warnings: 8, Successes : 755
2016-08-26T08:47:33 - [Debug] - Model check : OK
2016-08-26T08:47:33 - [Debug] - Modelica model was not found for component: RootFolder/Testing/DynamicsSim/PowerAnalysis/DC_Spacecraft/Antenna
2016-08-26T08:47:33 - [Debug] - <b>DC_Spacecraft</b>
2016-08-26T08:47:33 - [Debug] - <b>- Shelf1</b>
2016-08-26T08:47:33 - [Debug] - <b>- Shelf3</b>
2016-08-26T08:47:33 - [Debug] - <b>- Shelf2</b>
2016-08-26T08:47:33 - [Debug] - <b>- Base_Module_Frame</b>
2016-08-26T08:47:33 - [Debug] - <b>- Computer</b>
2016-08-26T08:47:33 - [Debug] - <b>- Solar_Panels_3A</b>
2016-08-26T08:47:33 - [Debug] - <b>- Cargo_Module</b>
2016-08-26T08:47:33 - [Debug] - <b>- attitudeScenario</b>
2016-08-26T08:47:33 - [Debug] - <b>- Battery</b>
2016-08-26T08:47:33 - [Debug] - <b>- Gyroscope_Momentum_Control</b>
2016-08-26T08:47:33 - [Debug] - - Antenna
2016-08-26T08:47:33 - [Debug] - <b>- Solar_Panels_3B</b>
2016-08-26T08:47:33 - [Debug] - Solver settings being used:
2016-08-26T08:47:33 - [Debug] - - [Dymola] Solver: dassl
2016-08-26T08:47:33 - [Debug] - - [OpenModelica] Solver: dassl
2016-08-26T08:47:33 - [Debug] - - Tool selection for JobManager: OpenModelica__latest_
2016-08-26T08:47:33 - [Debug] - - Start time: 0
2016-08-26T08:47:33 - [Debug] - - Stop time: 10000
2016-08-26T08:47:33 - [Warning] - Component 'Antenna' inside 'DC_Spacecraft' does not contain any dynamic models, it will not be generated.
2016-08-26T08:47:33 - [Debug] - Trying to get svn info for D:\Work\SatExample\CyPhy_Model\ModelicaLib.
2016-08-26T08:47:33 - [Debug] - svn command line tools not installed
2016-08-26T08:47:33 - [Debug] - Modelica translation : OK
2016-08-26T08:47:33 - [Debug] - Copied library from D:\Work\SatExample\CyPhy_Model\ModelicaLib\TbLib.mo to D:\Work\SatExample\CyPhy_Model\results\fa1miccu\Libraries\TbLib.mo
2016-08-26T08:47:33 - [Debug] - Script generation : OK
2016-08-26T08:47:33 - [Debug] - ======================================================
2016-08-26T08:47:33 - [Debug] - Start time: 8/26/2016 8:47:05 AM
2016-08-26T08:47:33 - [Debug] - Configuration = 00:00:27.5022292
2016-08-26T08:47:33 - [Debug] - Elaborator = 00:00:27.9564920
2016-08-26T08:47:33 - [Debug] - Model check = 00:00:28.1036792
2016-08-26T08:47:33 - [Debug] - Modelica translation = 00:00:28.1883437
2016-08-26T08:47:33 - [Debug] - Script generation = 00:00:28.2039559
2016-08-26T08:47:33 - [Debug] - ======================================================
2016-08-26T08:47:33 - [Info] - CyPhy2Modelica 2.0 finished successfully.
2016-08-26T08:47:33 - [Info] - Generated files are here: <a href="file:///D:\Work\SatExample\CyPhy_Model\results\fa1miccu" target="_blank">D:\Work\SatExample\CyPhy_Model\results\fa1miccu</a>
2016-08-26T08:47:33 - [Debug] - [SUCCESS: True, Labels: OpenModelica__latest_ && py_modelica14.13]
