2016-08-26T08:33:08 - [Info] - Master Interpreter 2.0
2016-08-26T08:33:08 - [Debug] - === HEADER ===================================================
Date/Time:       8/26/2016 8:33:08 AM
Windows Version: Microsoft Windows NT 6.2.9200.0
x64 bit OS:      True
GME version:     16.3.23.2581
META version:    14.13.68
META install:    C:\Program Files (x86)\META\
CyPhyML version: 14.13-t8
CyPhyML GUID:    {9088E798-8A24-4B44-B98E-D5C7C1792C2F}
Python Dll:      UNKNOWN
Python Exe:      UNKNOWN
Python27 VE exe: C:\Program Files (x86)\META\bin\Python27\Scripts\python.exe
PROE ISIS Ext. : C:\Program Files\META\Proe ISIS Extensions\bin\CADCreoParametricCreateAssembly.exe
PROE ISIS ver. : CADCreoParametricCreateAssembly 1.5.4.0
Username:        ted
Currently opened paradigm information
  MetaName    : CyPhyML
  MetaVersion : 14.13-t8

2016-08-26T08:33:08 - [Info] - Processing PowerAnalysis_DesignSpace [TestBench] model
2016-08-26T08:33:08 - [Debug] - Interactive mode: True
2016-08-26T08:33:08 - [Debug] - Entering TryCheckContext checker
2016-08-26T08:33:08 - [Debug] - Getting context checker for TestBench
2016-08-26T08:33:08 - [Debug] - Got context checker TestBenchChecker for context TestBench
2016-08-26T08:33:08 - [Debug] - Checking context
2016-08-26T08:33:08 - [Debug] - Context is checked
2016-08-26T08:33:08 - [Success] -  <i><a href="mga:id-0065-0000537e">DC__Spacecraft</a></i> 'DC_Spacecraft' [TopLevelSystemUnderTest] refers to a valid object [DesignContainer] and the DesignContainer is in a folder.
2016-08-26T08:33:08 - [Success] -  <i><a href="mga:id-0065-000082d1">PowerAnalysis_DesignSpace</a></i> No component in TestBench.
2016-08-26T08:33:08 - [Success] -  <i><a href="mga:id-0065-000082d1">PowerAnalysis_DesignSpace</a></i> No component references in TestBench.
2016-08-26T08:33:08 - [Success] -  <i><a href="mga:id-0065-000082d1">PowerAnalysis_DesignSpace</a></i> TestBench is not a library object.
2016-08-26T08:33:08 - [Success] -  <i><a href="mga:id-0065-000082d1">PowerAnalysis_DesignSpace</a></i> TestBench is not a subtype or instance.
2016-08-26T08:33:08 - [Success] -  <i><a href="mga:id-0065-000082d1">PowerAnalysis_DesignSpace</a></i> TestBench is not an instance.
2016-08-26T08:33:08 - [Success] -  <i><a href="mga:id-0065-000082d1">PowerAnalysis_DesignSpace</a></i> TestBench is writable.
2016-08-26T08:33:08 - [Success] -  <i><a href="mga:id-0067-000082eb">DC_Spacecraft</a></i> TopLevelSystemUnderTest object is not a null reference.
2016-08-26T08:33:08 - [Success] -  <i><a href="mga:id-0067-000082eb">DC_Spacecraft</a></i> TopLevelSystemUnderTest refers to Compound DesignContainer.
2016-08-26T08:33:10 - [Debug] - MasterExe command: CyPhyMasterExe.exe "MGA=D:\Work\SatExample\CyPhy_Model\ExampleSatV2.mga" "/@Testing/@DynamicsSim/@PowerAnalysis_DesignSpace" "/@Generated configurations/@DC__Spacecraft/@Configurations (08-25-2016  15:56:12)/@DC__Spacecraft_cfg1"
2016-08-26T08:33:10 - [Debug] - Start main method for master interpreter.
2016-08-26T08:33:10 - [Debug] - Start copying dashboard sync.
2016-08-26T08:33:10 - [Debug] - Generate project manifest.
2016-08-26T08:33:10 - [Debug] - Project manifest was generated D:\Work\SatExample\CyPhy_Model\manifest.project.json
2016-08-26T08:33:10 - [Debug] - Project directory: D:\Work\SatExample\CyPhy_Model
2016-08-26T08:33:10 - [Debug] - Configuration DC__Spacecraft_cfg1 [ComponentAssembly] was resolved to:  DC__Spacecraft_cfg1 [ComponentAssembly]
2016-08-26T08:33:10 - [Info] - Number of configurations to execute: 1
2016-08-26T08:33:10 - [Debug] - Wait for dashboard copy to finish
2016-08-26T08:33:10 - [Debug] - Dashboard copy finished
2016-08-26T08:33:10 - [Debug] - Processing 1 out of 1 [0 success(es) and 0 failure(s)]
2016-08-26T08:33:10 - [Debug] - Configuration /@Generated configurations|kind=ComponentAssemblies|relpos=0/@DC__Spacecraft|kind=ComponentAssemblies|relpos=0/@Configurations (08-25-2016  15:56:12)|kind=ComponentAssemblies|relpos=0/@DC__Spacecraft_cfg1|kind=ComponentAssembly|relpos=0
2016-08-26T08:33:10 - [Debug] - Starting analysis model processor
2016-08-26T08:33:10 - [Debug] - Preparing analysis model processor
2016-08-26T08:33:10 - [Debug] - Turning off addons for perfomance reasons: ConstraintManager, CyPhyAddOn, CyPhyDecoratorAddon, CyPhyMdaoAddOn, CyPhySignalBlocksAddOn
2016-08-26T08:33:10 - [Debug] - Getting analysis model processor instance for TestBench type
2016-08-26T08:33:10 - [Debug] - Got TestBenchTypeProcessor for TestBench /@Testing|kind=Testing|relpos=0/@DynamicsSim|kind=Testing|relpos=0/@PowerAnalysis_DesignSpace|kind=TestBench|relpos=0
2016-08-26T08:33:10 - [Debug] - ComponentAssembly was specified as configuration. Start expanding it. /@Generated configurations|kind=ComponentAssemblies|relpos=0/@DC__Spacecraft|kind=ComponentAssemblies|relpos=0/@Configurations (08-25-2016  15:56:12)|kind=ComponentAssemblies|relpos=0/@DC__Spacecraft_cfg1|kind=ComponentAssembly|relpos=0
2016-08-26T08:33:10 - [Debug] - Expand finished for /@Generated configurations|kind=ComponentAssemblies|relpos=0/@DC__Spacecraft|kind=ComponentAssemblies|relpos=0/@Configurations (08-25-2016  15:56:12)|kind=ComponentAssemblies|relpos=0/@DC__Spacecraft_cfg1|kind=ComponentAssembly|relpos=0
2016-08-26T08:33:10 - [Debug] - Calling design space exporter
2016-08-26T08:33:11 - [Debug] - Design space exporter succeeded.
2016-08-26T08:33:11 - [Debug] - Calling design exporter
2016-08-26T08:33:11 - [Debug] - Design exporter succeeded.
2016-08-26T08:33:11 - [Debug] - Saving test bench definition
2016-08-26T08:33:11 - [Debug] - Saving test bench definition succeeded.
2016-08-26T08:33:11 - [Debug] - Saving test bench manifest
2016-08-26T08:33:11 - [Debug] - Saving test bench manifest succeeded.
2016-08-26T08:33:11 - [Debug] - Serializing Project manifest file with updates.
2016-08-26T08:33:11 - [Debug] - Project manifest was successfully saved.
2016-08-26T08:33:11 - [Debug] - Execution is interactive, showing interpreter configuration forms.
2016-08-26T08:33:30 - [Debug] - Running interpreters. Keeping temp models: False
2016-08-26T08:33:32 - [Debug] - Interpreters finished.
2016-08-26T08:33:32 - [Debug] - Job manager instance is null. Initializing one.
2016-08-26T08:33:32 - [Debug] - Job manager dispatch is ready to receive jobs
2016-08-26T08:33:32 - [Debug] - Posting to the job manager
2016-08-26T08:33:32 - [Info] - Job posted to the job manager: PowerAnalysis_DesignSpace
2016-08-26T08:33:32 - [Debug] - Removing temporary models.
2016-08-26T08:33:32 - [Debug] - Temporary models are removed.
2016-08-26T08:33:32 - [Debug] - Turning addons back on: ConstraintManager, CyPhyAddOn, CyPhyDecoratorAddon, CyPhyMdaoAddOn, CyPhySignalBlocksAddOn
2016-08-26T08:33:32 - [Debug] - Analysis model processor is done
2016-08-26T08:33:32 - [Debug] - Generate dashboard script files
2016-08-26T08:33:32 - [Debug] - Dashboard script files generated
2016-08-26T08:33:32 - [Info] -  Summary 
2016-08-26T08:33:32 - [Success] -  <a href="mga:id-0065-000082d1">PowerAnalysis_DesignSpace</a> <a href="mga:id-0065-00008f00">DC__Spacecraft_cfg1</a>  
2016-08-26T08:33:32 - [Info] - Log file was generated here: <a href="file:///D:\Work\SatExample\CyPhy_Model\log" target="_blank">D:\Work\SatExample\CyPhy_Model\log\CyPhyMasterInterpreter.11804.log</a>
2016-08-26T08:33:32 - [Info] - Master Interpreter 2.0 finished
2016-08-26T08:35:06 - [Info] - Master Interpreter 2.0
2016-08-26T08:35:07 - [Debug] - === HEADER ===================================================
Date/Time:       8/26/2016 8:35:06 AM
Windows Version: Microsoft Windows NT 6.2.9200.0
x64 bit OS:      True
GME version:     16.3.23.2581
META version:    14.13.68
META install:    C:\Program Files (x86)\META\
CyPhyML version: 14.13-t8
CyPhyML GUID:    {9088E798-8A24-4B44-B98E-D5C7C1792C2F}
Python Dll:      UNKNOWN
Python Exe:      UNKNOWN
Python27 VE exe: C:\Program Files (x86)\META\bin\Python27\Scripts\python.exe
PROE ISIS Ext. : C:\Program Files\META\Proe ISIS Extensions\bin\CADCreoParametricCreateAssembly.exe
PROE ISIS ver. : CADCreoParametricCreateAssembly 1.5.4.0
Username:        ted
Currently opened paradigm information
  MetaName    : CyPhyML
  MetaVersion : 14.13-t8

2016-08-26T08:35:07 - [Info] - Processing PowerAnalysis [TestBench] model
2016-08-26T08:35:07 - [Debug] - Interactive mode: True
2016-08-26T08:35:07 - [Debug] - Entering TryCheckContext checker
2016-08-26T08:35:07 - [Debug] - Getting context checker for TestBench
2016-08-26T08:35:07 - [Debug] - Got context checker TestBenchChecker for context TestBench
2016-08-26T08:35:07 - [Debug] - Checking context
2016-08-26T08:35:07 - [Debug] - Context is checked
2016-08-26T08:35:07 - [Success] -  <i><a href="mga:id-0065-0000493c">SpacecraftNominalConfig</a></i> 'DC_Spacecraft' [TopLevelSystemUnderTest] refers to a valid object [ComponentAssembly] and the ComponentAssembly is in a folder.
2016-08-26T08:35:07 - [Success] -  <i><a href="mga:id-0065-00007da6">PowerAnalysis</a></i> No component in TestBench.
2016-08-26T08:35:07 - [Success] -  <i><a href="mga:id-0065-00007da6">PowerAnalysis</a></i> No component references in TestBench.
2016-08-26T08:35:07 - [Success] -  <i><a href="mga:id-0065-00007da6">PowerAnalysis</a></i> TestBench is not a library object.
2016-08-26T08:35:07 - [Success] -  <i><a href="mga:id-0065-00007da6">PowerAnalysis</a></i> TestBench is not a subtype or instance.
2016-08-26T08:35:07 - [Success] -  <i><a href="mga:id-0065-00007da6">PowerAnalysis</a></i> TestBench is not an instance.
2016-08-26T08:35:07 - [Success] -  <i><a href="mga:id-0065-00007da6">PowerAnalysis</a></i> TestBench is writable.
2016-08-26T08:35:07 - [Success] -  <i><a href="mga:id-0067-00008118">DC_Spacecraft</a></i> TopLevelSystemUnderTest object is not a null reference.
2016-08-26T08:35:07 - [Success] -  <i><a href="mga:id-0067-00008118">DC_Spacecraft</a></i> TopLevelSystemUnderTest refers to ComponentAssembly.
2016-08-26T08:35:08 - [Debug] - MasterExe command: CyPhyMasterExe.exe "MGA=D:\Work\SatExample\CyPhy_Model\ExampleSatV2.mga" "/@Testing/@DynamicsSim/@PowerAnalysis" "/@A_DemoSystems/@SpacecraftNominalConfig"
2016-08-26T08:35:08 - [Debug] - Start main method for master interpreter.
2016-08-26T08:35:08 - [Debug] - Start copying dashboard sync.
2016-08-26T08:35:08 - [Debug] - Generate project manifest.
2016-08-26T08:35:08 - [Debug] - Project manifest was generated D:\Work\SatExample\CyPhy_Model\manifest.project.json
2016-08-26T08:35:08 - [Debug] - Project directory: D:\Work\SatExample\CyPhy_Model
2016-08-26T08:35:08 - [Debug] - Configuration SpacecraftNominalConfig [ComponentAssembly] was resolved to:  SpacecraftNominalConfig [ComponentAssembly]
2016-08-26T08:35:08 - [Info] - Number of configurations to execute: 1
2016-08-26T08:35:08 - [Debug] - Wait for dashboard copy to finish
2016-08-26T08:35:08 - [Debug] - Dashboard copy finished
2016-08-26T08:35:08 - [Debug] - Processing 1 out of 1 [0 success(es) and 0 failure(s)]
2016-08-26T08:35:08 - [Debug] - Configuration /@A_DemoSystems|kind=ComponentAssemblies|relpos=0/@SpacecraftNominalConfig|kind=ComponentAssembly|relpos=0
2016-08-26T08:35:08 - [Debug] - Starting analysis model processor
2016-08-26T08:35:08 - [Debug] - Preparing analysis model processor
2016-08-26T08:35:08 - [Debug] - Turning off addons for perfomance reasons: ConstraintManager, CyPhyAddOn, CyPhyDecoratorAddon, CyPhyMdaoAddOn, CyPhySignalBlocksAddOn
2016-08-26T08:35:08 - [Debug] - Getting analysis model processor instance for TestBench type
2016-08-26T08:35:08 - [Debug] - Got TestBenchTypeProcessor for TestBench /@Testing|kind=Testing|relpos=0/@DynamicsSim|kind=Testing|relpos=0/@PowerAnalysis|kind=TestBench|relpos=0
2016-08-26T08:35:08 - [Debug] - ComponentAssembly was specified as configuration. Start expanding it. /@A_DemoSystems|kind=ComponentAssemblies|relpos=0/@SpacecraftNominalConfig|kind=ComponentAssembly|relpos=0
2016-08-26T08:35:08 - [Debug] - Expand finished for /@A_DemoSystems|kind=ComponentAssemblies|relpos=0/@SpacecraftNominalConfig|kind=ComponentAssembly|relpos=0
2016-08-26T08:35:08 - [Debug] - [SKIP] Calling design space exporter, since the test bench is defined over a design and not a design space.
2016-08-26T08:35:08 - [Debug] - Calling design exporter
2016-08-26T08:35:10 - [Debug] - Design exporter succeeded.
2016-08-26T08:35:10 - [Debug] - Saving test bench definition
2016-08-26T08:35:10 - [Debug] - Saving test bench definition succeeded.
2016-08-26T08:35:10 - [Debug] - Saving test bench manifest
2016-08-26T08:35:10 - [Debug] - Saving test bench manifest succeeded.
2016-08-26T08:35:10 - [Debug] - Serializing Project manifest file with updates.
2016-08-26T08:35:10 - [Debug] - Project manifest was successfully saved.
2016-08-26T08:35:10 - [Debug] - Execution is interactive, showing interpreter configuration forms.
2016-08-26T08:35:29 - [Debug] - Running interpreters. Keeping temp models: False
2016-08-26T08:35:30 - [Debug] - Interpreters finished.
2016-08-26T08:35:30 - [Debug] - Job manager instance is null. Initializing one.
2016-08-26T08:35:30 - [Debug] - Job manager dispatch is ready to receive jobs
2016-08-26T08:35:30 - [Debug] - Posting to the job manager
2016-08-26T08:35:30 - [Info] - Job posted to the job manager: PowerAnalysis
2016-08-26T08:35:30 - [Debug] - Removing temporary models.
2016-08-26T08:35:30 - [Debug] - Temporary models are removed.
2016-08-26T08:35:30 - [Debug] - Turning addons back on: ConstraintManager, CyPhyAddOn, CyPhyDecoratorAddon, CyPhyMdaoAddOn, CyPhySignalBlocksAddOn
2016-08-26T08:35:30 - [Debug] - Analysis model processor is done
2016-08-26T08:35:30 - [Debug] - Generate dashboard script files
2016-08-26T08:35:30 - [Debug] - Dashboard script files generated
2016-08-26T08:35:30 - [Info] -  Summary 
2016-08-26T08:35:30 - [Success] -  <a href="mga:id-0065-00007da6">PowerAnalysis</a> <a href="mga:id-0065-0000493c">SpacecraftNominalConfig</a>  
2016-08-26T08:35:30 - [Info] - Log file was generated here: <a href="file:///D:\Work\SatExample\CyPhy_Model\log" target="_blank">D:\Work\SatExample\CyPhy_Model\log\CyPhyMasterInterpreter.11804.log</a>
2016-08-26T08:35:30 - [Info] - Master Interpreter 2.0 finished
2016-08-26T08:46:02 - [Info] - Master Interpreter 2.0
2016-08-26T08:46:02 - [Debug] - === HEADER ===================================================
Date/Time:       8/26/2016 8:46:02 AM
Windows Version: Microsoft Windows NT 6.2.9200.0
x64 bit OS:      True
GME version:     16.3.23.2581
META version:    14.13.68
META install:    C:\Program Files (x86)\META\
CyPhyML version: 14.13-t8
CyPhyML GUID:    {9088E798-8A24-4B44-B98E-D5C7C1792C2F}
Python Dll:      UNKNOWN
Python Exe:      UNKNOWN
Python27 VE exe: C:\Program Files (x86)\META\bin\Python27\Scripts\python.exe
PROE ISIS Ext. : C:\Program Files\META\Proe ISIS Extensions\bin\CADCreoParametricCreateAssembly.exe
PROE ISIS ver. : CADCreoParametricCreateAssembly 1.5.4.0
Username:        ted
Currently opened paradigm information
  MetaName    : CyPhyML
  MetaVersion : 14.13-t8

2016-08-26T08:46:02 - [Info] - Processing PowerAnalysis [TestBench] model
2016-08-26T08:46:02 - [Debug] - Interactive mode: True
2016-08-26T08:46:02 - [Debug] - Entering TryCheckContext checker
2016-08-26T08:46:02 - [Debug] - Getting context checker for TestBench
2016-08-26T08:46:02 - [Debug] - Got context checker TestBenchChecker for context TestBench
2016-08-26T08:46:02 - [Debug] - Checking context
2016-08-26T08:46:02 - [Debug] - Context is checked
2016-08-26T08:46:02 - [Success] -  <i><a href="mga:id-0065-0000493c">SpacecraftNominalConfig</a></i> 'DC_Spacecraft' [TopLevelSystemUnderTest] refers to a valid object [ComponentAssembly] and the ComponentAssembly is in a folder.
2016-08-26T08:46:02 - [Success] -  <i><a href="mga:id-0065-00007da6">PowerAnalysis</a></i> No component in TestBench.
2016-08-26T08:46:02 - [Success] -  <i><a href="mga:id-0065-00007da6">PowerAnalysis</a></i> No component references in TestBench.
2016-08-26T08:46:02 - [Success] -  <i><a href="mga:id-0065-00007da6">PowerAnalysis</a></i> TestBench is not a library object.
2016-08-26T08:46:02 - [Success] -  <i><a href="mga:id-0065-00007da6">PowerAnalysis</a></i> TestBench is not a subtype or instance.
2016-08-26T08:46:02 - [Success] -  <i><a href="mga:id-0065-00007da6">PowerAnalysis</a></i> TestBench is not an instance.
2016-08-26T08:46:02 - [Success] -  <i><a href="mga:id-0065-00007da6">PowerAnalysis</a></i> TestBench is writable.
2016-08-26T08:46:02 - [Success] -  <i><a href="mga:id-0067-00008118">DC_Spacecraft</a></i> TopLevelSystemUnderTest object is not a null reference.
2016-08-26T08:46:02 - [Success] -  <i><a href="mga:id-0067-00008118">DC_Spacecraft</a></i> TopLevelSystemUnderTest refers to ComponentAssembly.
2016-08-26T08:46:05 - [Debug] - MasterExe command: CyPhyMasterExe.exe "MGA=D:\Work\SatExample\CyPhy_Model\ExampleSatV2.mga" "/@Testing/@DynamicsSim/@PowerAnalysis" "/@A_DemoSystems/@SpacecraftNominalConfig"
2016-08-26T08:46:05 - [Debug] - Start main method for master interpreter.
2016-08-26T08:46:05 - [Debug] - Start copying dashboard sync.
2016-08-26T08:46:05 - [Debug] - Generate project manifest.
2016-08-26T08:46:05 - [Debug] - Project manifest was generated D:\Work\SatExample\CyPhy_Model\manifest.project.json
2016-08-26T08:46:05 - [Debug] - Project directory: D:\Work\SatExample\CyPhy_Model
2016-08-26T08:46:05 - [Debug] - Configuration SpacecraftNominalConfig [ComponentAssembly] was resolved to:  SpacecraftNominalConfig [ComponentAssembly]
2016-08-26T08:46:05 - [Info] - Number of configurations to execute: 1
2016-08-26T08:46:05 - [Debug] - Wait for dashboard copy to finish
2016-08-26T08:46:05 - [Debug] - Dashboard copy finished
2016-08-26T08:46:05 - [Debug] - Processing 1 out of 1 [0 success(es) and 0 failure(s)]
2016-08-26T08:46:05 - [Debug] - Configuration /@A_DemoSystems|kind=ComponentAssemblies|relpos=0/@SpacecraftNominalConfig|kind=ComponentAssembly|relpos=0
2016-08-26T08:46:05 - [Debug] - Starting analysis model processor
2016-08-26T08:46:05 - [Debug] - Preparing analysis model processor
2016-08-26T08:46:05 - [Debug] - Turning off addons for perfomance reasons: ConstraintManager, CyPhyAddOn, CyPhyDecoratorAddon, CyPhyMdaoAddOn, CyPhySignalBlocksAddOn
2016-08-26T08:46:05 - [Debug] - Getting analysis model processor instance for TestBench type
2016-08-26T08:46:05 - [Debug] - Got TestBenchTypeProcessor for TestBench /@Testing|kind=Testing|relpos=0/@DynamicsSim|kind=Testing|relpos=0/@PowerAnalysis|kind=TestBench|relpos=0
2016-08-26T08:46:05 - [Debug] - ComponentAssembly was specified as configuration. Start expanding it. /@A_DemoSystems|kind=ComponentAssemblies|relpos=0/@SpacecraftNominalConfig|kind=ComponentAssembly|relpos=0
2016-08-26T08:46:05 - [Debug] - Expand finished for /@A_DemoSystems|kind=ComponentAssemblies|relpos=0/@SpacecraftNominalConfig|kind=ComponentAssembly|relpos=0
2016-08-26T08:46:05 - [Debug] - [SKIP] Calling design space exporter, since the test bench is defined over a design and not a design space.
2016-08-26T08:46:05 - [Debug] - Calling design exporter
2016-08-26T08:46:05 - [Debug] - Design exporter succeeded.
2016-08-26T08:46:05 - [Debug] - Saving test bench definition
2016-08-26T08:46:05 - [Debug] - Saving test bench definition succeeded.
2016-08-26T08:46:05 - [Debug] - Saving test bench manifest
2016-08-26T08:46:05 - [Debug] - Saving test bench manifest succeeded.
2016-08-26T08:46:05 - [Debug] - Serializing Project manifest file with updates.
2016-08-26T08:46:05 - [Debug] - Project manifest was successfully saved.
2016-08-26T08:46:05 - [Debug] - Execution is interactive, showing interpreter configuration forms.
2016-08-26T08:46:32 - [Debug] - Running interpreters. Keeping temp models: False
2016-08-26T08:46:33 - [Debug] - Interpreters finished.
2016-08-26T08:46:33 - [Debug] - Job manager instance is null. Initializing one.
2016-08-26T08:46:33 - [Debug] - Job manager dispatch is ready to receive jobs
2016-08-26T08:46:33 - [Debug] - Posting to the job manager
2016-08-26T08:46:33 - [Info] - Job posted to the job manager: PowerAnalysis
2016-08-26T08:46:33 - [Debug] - Removing temporary models.
2016-08-26T08:46:33 - [Debug] - Temporary models are removed.
2016-08-26T08:46:33 - [Debug] - Turning addons back on: ConstraintManager, CyPhyAddOn, CyPhyDecoratorAddon, CyPhyMdaoAddOn, CyPhySignalBlocksAddOn
2016-08-26T08:46:33 - [Debug] - Analysis model processor is done
2016-08-26T08:46:33 - [Debug] - Generate dashboard script files
2016-08-26T08:46:33 - [Debug] - Dashboard script files generated
2016-08-26T08:46:33 - [Info] -  Summary 
2016-08-26T08:46:33 - [Success] -  <a href="mga:id-0065-00007da6">PowerAnalysis</a> <a href="mga:id-0065-0000493c">SpacecraftNominalConfig</a>  
2016-08-26T08:46:33 - [Info] - Log file was generated here: <a href="file:///D:\Work\SatExample\CyPhy_Model\log" target="_blank">D:\Work\SatExample\CyPhy_Model\log\CyPhyMasterInterpreter.11804.log</a>
2016-08-26T08:46:33 - [Info] - Master Interpreter 2.0 finished
2016-08-26T08:47:02 - [Info] - Master Interpreter 2.0
2016-08-26T08:47:02 - [Debug] - === HEADER ===================================================
Date/Time:       8/26/2016 8:47:02 AM
Windows Version: Microsoft Windows NT 6.2.9200.0
x64 bit OS:      True
GME version:     16.3.23.2581
META version:    14.13.68
META install:    C:\Program Files (x86)\META\
CyPhyML version: 14.13-t8
CyPhyML GUID:    {9088E798-8A24-4B44-B98E-D5C7C1792C2F}
Python Dll:      UNKNOWN
Python Exe:      UNKNOWN
Python27 VE exe: C:\Program Files (x86)\META\bin\Python27\Scripts\python.exe
PROE ISIS Ext. : C:\Program Files\META\Proe ISIS Extensions\bin\CADCreoParametricCreateAssembly.exe
PROE ISIS ver. : CADCreoParametricCreateAssembly 1.5.4.0
Username:        ted
Currently opened paradigm information
  MetaName    : CyPhyML
  MetaVersion : 14.13-t8

2016-08-26T08:47:02 - [Info] - Processing PowerAnalysis [TestBench] model
2016-08-26T08:47:02 - [Debug] - Interactive mode: True
2016-08-26T08:47:02 - [Debug] - Entering TryCheckContext checker
2016-08-26T08:47:02 - [Debug] - Getting context checker for TestBench
2016-08-26T08:47:02 - [Debug] - Got context checker TestBenchChecker for context TestBench
2016-08-26T08:47:02 - [Debug] - Checking context
2016-08-26T08:47:02 - [Debug] - Context is checked
2016-08-26T08:47:02 - [Success] -  <i><a href="mga:id-0065-0000493c">SpacecraftNominalConfig</a></i> 'DC_Spacecraft' [TopLevelSystemUnderTest] refers to a valid object [ComponentAssembly] and the ComponentAssembly is in a folder.
2016-08-26T08:47:02 - [Success] -  <i><a href="mga:id-0065-00007da6">PowerAnalysis</a></i> No component in TestBench.
2016-08-26T08:47:02 - [Success] -  <i><a href="mga:id-0065-00007da6">PowerAnalysis</a></i> No component references in TestBench.
2016-08-26T08:47:02 - [Success] -  <i><a href="mga:id-0065-00007da6">PowerAnalysis</a></i> TestBench is not a library object.
2016-08-26T08:47:02 - [Success] -  <i><a href="mga:id-0065-00007da6">PowerAnalysis</a></i> TestBench is not a subtype or instance.
2016-08-26T08:47:02 - [Success] -  <i><a href="mga:id-0065-00007da6">PowerAnalysis</a></i> TestBench is not an instance.
2016-08-26T08:47:02 - [Success] -  <i><a href="mga:id-0065-00007da6">PowerAnalysis</a></i> TestBench is writable.
2016-08-26T08:47:02 - [Success] -  <i><a href="mga:id-0067-00008118">DC_Spacecraft</a></i> TopLevelSystemUnderTest object is not a null reference.
2016-08-26T08:47:02 - [Success] -  <i><a href="mga:id-0067-00008118">DC_Spacecraft</a></i> TopLevelSystemUnderTest refers to ComponentAssembly.
2016-08-26T08:47:04 - [Debug] - MasterExe command: CyPhyMasterExe.exe "MGA=D:\Work\SatExample\CyPhy_Model\ExampleSatV2.mga" "/@Testing/@DynamicsSim/@PowerAnalysis" "/@A_DemoSystems/@SpacecraftNominalConfig"
2016-08-26T08:47:04 - [Debug] - Start main method for master interpreter.
2016-08-26T08:47:04 - [Debug] - Start copying dashboard sync.
2016-08-26T08:47:04 - [Debug] - Generate project manifest.
2016-08-26T08:47:04 - [Debug] - Project manifest was generated D:\Work\SatExample\CyPhy_Model\manifest.project.json
2016-08-26T08:47:04 - [Debug] - Project directory: D:\Work\SatExample\CyPhy_Model
2016-08-26T08:47:04 - [Debug] - Configuration SpacecraftNominalConfig [ComponentAssembly] was resolved to:  SpacecraftNominalConfig [ComponentAssembly]
2016-08-26T08:47:04 - [Info] - Number of configurations to execute: 1
2016-08-26T08:47:04 - [Debug] - Wait for dashboard copy to finish
2016-08-26T08:47:04 - [Debug] - Dashboard copy finished
2016-08-26T08:47:04 - [Debug] - Processing 1 out of 1 [0 success(es) and 0 failure(s)]
2016-08-26T08:47:04 - [Debug] - Configuration /@A_DemoSystems|kind=ComponentAssemblies|relpos=0/@SpacecraftNominalConfig|kind=ComponentAssembly|relpos=0
2016-08-26T08:47:04 - [Debug] - Starting analysis model processor
2016-08-26T08:47:04 - [Debug] - Preparing analysis model processor
2016-08-26T08:47:04 - [Debug] - Turning off addons for perfomance reasons: ConstraintManager, CyPhyAddOn, CyPhyDecoratorAddon, CyPhyMdaoAddOn, CyPhySignalBlocksAddOn
2016-08-26T08:47:04 - [Debug] - Getting analysis model processor instance for TestBench type
2016-08-26T08:47:04 - [Debug] - Got TestBenchTypeProcessor for TestBench /@Testing|kind=Testing|relpos=0/@DynamicsSim|kind=Testing|relpos=0/@PowerAnalysis|kind=TestBench|relpos=0
2016-08-26T08:47:04 - [Debug] - ComponentAssembly was specified as configuration. Start expanding it. /@A_DemoSystems|kind=ComponentAssemblies|relpos=0/@SpacecraftNominalConfig|kind=ComponentAssembly|relpos=0
2016-08-26T08:47:04 - [Debug] - Expand finished for /@A_DemoSystems|kind=ComponentAssemblies|relpos=0/@SpacecraftNominalConfig|kind=ComponentAssembly|relpos=0
2016-08-26T08:47:04 - [Debug] - [SKIP] Calling design space exporter, since the test bench is defined over a design and not a design space.
2016-08-26T08:47:04 - [Debug] - Calling design exporter
2016-08-26T08:47:05 - [Debug] - Design exporter succeeded.
2016-08-26T08:47:05 - [Debug] - Saving test bench definition
2016-08-26T08:47:05 - [Debug] - Saving test bench definition succeeded.
2016-08-26T08:47:05 - [Debug] - Saving test bench manifest
2016-08-26T08:47:05 - [Debug] - Saving test bench manifest succeeded.
2016-08-26T08:47:05 - [Debug] - Serializing Project manifest file with updates.
2016-08-26T08:47:05 - [Debug] - Project manifest was successfully saved.
2016-08-26T08:47:05 - [Debug] - Execution is interactive, showing interpreter configuration forms.
2016-08-26T08:47:32 - [Debug] - Running interpreters. Keeping temp models: False
2016-08-26T08:47:33 - [Debug] - Interpreters finished.
2016-08-26T08:47:33 - [Debug] - Job manager instance is null. Initializing one.
2016-08-26T08:47:33 - [Debug] - Job manager dispatch is ready to receive jobs
2016-08-26T08:47:33 - [Debug] - Posting to the job manager
2016-08-26T08:47:37 - [Info] - Job posted to the job manager: PowerAnalysis
2016-08-26T08:47:37 - [Debug] - Removing temporary models.
2016-08-26T08:47:37 - [Debug] - Temporary models are removed.
2016-08-26T08:47:37 - [Debug] - Turning addons back on: ConstraintManager, CyPhyAddOn, CyPhyDecoratorAddon, CyPhyMdaoAddOn, CyPhySignalBlocksAddOn
2016-08-26T08:47:37 - [Debug] - Analysis model processor is done
2016-08-26T08:47:37 - [Debug] - Generate dashboard script files
2016-08-26T08:47:37 - [Debug] - Dashboard script files generated
2016-08-26T08:47:37 - [Info] -  Summary 
2016-08-26T08:47:37 - [Success] -  <a href="mga:id-0065-00007da6">PowerAnalysis</a> <a href="mga:id-0065-0000493c">SpacecraftNominalConfig</a>  
2016-08-26T08:47:37 - [Info] - Log file was generated here: <a href="file:///D:\Work\SatExample\CyPhy_Model\log" target="_blank">D:\Work\SatExample\CyPhy_Model\log\CyPhyMasterInterpreter.11804.log</a>
2016-08-26T08:47:37 - [Info] - Master Interpreter 2.0 finished
