
=====Run Desert at 08-26-2016  09:23:41======
Todo:<CDynDomain::IsAlive>: who me??
Todo:<CDynDomain::IsAlive>: who me??
Todo:<CDynDomain::IsAlive>: who me??
Todo:<CDynDomain::IsAlive>: who me??
Todo:<CDynDomain::IsAlive>: who me??
Todo:<CDynDomain::IsAlive>: who me??
Todo:<CDynDomain::IsAlive>: who me??
Todo:<CDynDomain::IsAlive>: who me??
Todo:<CDynDomain::IsAlive>: who me??
Todo:<CDynDomain::IsAlive>: who me??
Todo:<CDynDomain::IsAlive>: who me??
Todo:<CDynDomain::IsAlive>: who me??
Todo:<CDynDomain::IsAlive>: who me??
Todo:<CDynDomain::IsAlive>: who me??
Todo:<CDynDomain::IsAlive>: who me??
Todo:<CDynDomain::IsAlive>: who me??
Todo:<CDynDomain::IsAlive>: who me??
Todo:<CDynDomain::IsAlive>: who me??
Todo:<CDynDomain::IsAlive>: who me??
Todo:<CDynDomain::IsAlive>: who me??
Todo:<CDynDomain::IsAlive>: who me??
Todo:<CDynDomain::IsAlive>: who me??
Todo:<CDynDomain::IsAlive>: who me??
Todo:<CDynDomain::IsAlive>: who me??
Todo:<CDynDomain::IsAlive>: who me??
Todo:<CDynDomain::IsAlive>: who me??
Todo:<CDynDomain::IsAlive>: who me??
Todo:<CDynDomain::IsAlive>: who me??
Todo:<CDynDomain::IsAlive>: who me??
Todo:<CDynDomain::IsAlive>: who me??
Todo:<CDynDomain::IsAlive>: who me??
Todo:<CDynDomain::IsAlive>: who me??
Todo:<CDynDomain::IsAlive>: who me??
Todo:<CDynDomain::IsAlive>: who me??
Todo:<CDynDomain::IsAlive>: who me??
Todo:<CDynDomain::IsAlive>: who me??
Todo:<CDynDomain::IsAlive>: who me??
Todo:<CDynDomain::IsAlive>: who me??
Todo:<CDynDomain::IsAlive>: who me??
Todo:<CDynDomain::IsAlive>: who me??
Todo:<CDynDomain::IsAlive>: who me??
Todo:<CDynDomain::IsAlive>: who me??
Todo:<CDynDomain::IsAlive>: who me??
Todo:<CDynDomain::IsAlive>: who me??
Todo:<CDynDomain::IsAlive>: who me??
Todo:<CDynDomain::IsAlive>: who me??
Todo:<CDynDomain::IsAlive>: who me??
Todo:<CDynDomain::IsAlive>: who me??
Todo:<CDynDomain::IsAlive>: who me??
Todo:<CDynDomain::IsAlive>: who me??
Todo:<CDynDomain::IsAlive>: who me??
Todo:<CDynDomain::IsAlive>: who me??
Todo:<CDynDomain::IsAlive>: who me??
Info:<DesertFinit>: Applying Constraint: VisualConstraint
Warning:<::Insert>: Object <VisualConstraint> already in list
Info:<CDynElement::Restrict>: is possible that parent is alive while none of the children is alive?
Info:<CDynElement::Restrict>: is possible that parent is alive while none of the children is alive?
Todo:<CDynDomain::IsAlive>: who me??
Todo:<CDynDomain::IsAlive>: who me??
Todo:<CDynDomain::IsAlive>: who me??
Todo:<CDynDomain::IsAlive>: who me??
Todo:<CDynDomain::IsAlive>: who me??
Todo:<CDynDomain::IsAlive>: who me??
Todo:<CDynDomain::IsAlive>: who me??
Todo:<CDynDomain::IsAlive>: who me??
Todo:<CDynDomain::IsAlive>: who me??
Todo:<CDynDomain::IsAlive>: who me??
Todo:<CDynDomain::IsAlive>: who me??
Todo:<CDynDomain::IsAlive>: who me??
Todo:<CDynDomain::IsAlive>: who me??
Todo:<CDynDomain::IsAlive>: who me??
Todo:<CDynDomain::IsAlive>: who me??
Todo:<CDynDomain::IsAlive>: who me??
Todo:<CDynDomain::IsAlive>: who me??
Todo:<CDynDomain::IsAlive>: who me??
Todo:<CDynDomain::IsAlive>: who me??
Todo:<CDynDomain::IsAlive>: who me??
Todo:<CDynDomain::IsAlive>: who me??
Todo:<CDynDomain::IsAlive>: who me??
Todo:<CDynDomain::IsAlive>: who me??
Todo:<CDynDomain::IsAlive>: who me??
Todo:<CDynDomain::IsAlive>: who me??
Todo:<CDynDomain::IsAlive>: who me??
Todo:<CDynDomain::IsAlive>: who me??
Todo:<CDynDomain::IsAlive>: who me??
Todo:<CDynDomain::IsAlive>: who me??
Todo:<CDynDomain::IsAlive>: who me??
Todo:<CDynDomain::IsAlive>: who me??
Todo:<CDynDomain::IsAlive>: who me??
Todo:<CDynDomain::IsAlive>: who me??
Todo:<CDynDomain::IsAlive>: who me??
Todo:<CDynDomain::IsAlive>: who me??
Todo:<CDynDomain::IsAlive>: who me??
Todo:<CDynDomain::IsAlive>: who me??
Todo:<CDynDomain::IsAlive>: who me??
Todo:<CDynDomain::IsAlive>: who me??
Todo:<CDynDomain::IsAlive>: who me??
Todo:<CDynDomain::IsAlive>: who me??
Todo:<CDynDomain::IsAlive>: who me??
Todo:<CDynDomain::IsAlive>: who me??
Todo:<CDynDomain::IsAlive>: who me??
Todo:<CDynDomain::IsAlive>: who me??
Todo:<CDynDomain::IsAlive>: who me??
Todo:<CDynDomain::IsAlive>: who me??
Todo:<CDynDomain::IsAlive>: who me??
Todo:<CDynDomain::IsAlive>: who me??
Todo:<CDynDomain::IsAlive>: who me??
Todo:<CDynDomain::IsAlive>: who me??
Todo:<CDynDomain::IsAlive>: who me??
Todo:<CDynDomain::IsAlive>: who me??
Info:<CDynElement::Restrict>: is possible that parent is alive while none of the children is alive?
Info:<CDynElement::Restrict>: is possible that parent is alive while none of the children is alive?
